ASxxxx Assembler V02.00 + NoICE + SDCC mods  (Zilog Z80 / Hitachi HD64180), page 1.
Hexadecimal [16-Bits]



                              1 
                              2 .globl man_entity_init
                              3 .globl man_entity_create
                              4 .globl man_entity_set4destruction
                              5 .globl man_entity_destroy
                              6 .globl man_entity_forall
                              7 .globl man_entity_update
                              8 
                              9 .globl enemies_array
                             10 .globl player
                             11 
                     0001    12 type_enemy_o = 1
                     0002    13 type_enemy_p = 2
                     0003    14 type_enemy_void = 3
                     0004    15 type_player = 4
                     0005    16 type_trigger = 5
                     0000    17 type_invalid = 0
                             18 
                     0001    19 e_cmp_ia = 0x01
                     0002    20 e_cmp_movable = 0x02
                     0004    21 e_cmp_render = 0x04
                     0008    22 e_cmp_collider = 0x08
                     0010    23 e_cmp_animated = 0x10
                     0020    24 e_cmp_input =  0x20
                     0000    25 e_cmp_default = 0x00
                             26 
                     004B    27 LANE1_Y = 75
                     007D    28 LANE2_Y = 125
                             29 
                     000A    30 max_enemies = 10
                             31 
                     0000    32 e_type = 0
                     0001    33 e_comp = 1
                     0002    34 e_x = 2
                     0003    35 e_y = 3
                     0004    36 e_sprite = 4
                     0006    37 e_ia = 6
                     0008    38 e_anim = 8
                     000A    39 e_anim_counter = 10
                     000B    40 e_collides = 11
                             41 
                     000C    42 e_h = 12
                     000D    43 e_w = 13
                             44 
