                              1 ;--------------------------------------------------------
                              2 ; File Created by SDCC : free open source ANSI-C Compiler
                              3 ; Version 3.6.8 #9946 (Linux)
                              4 ;--------------------------------------------------------
                              5 	.module Alien3v2_completo
                              6 	.optsdcc -mz80
                              7 	
                              8 ;--------------------------------------------------------
                              9 ; Public variables in this module
                             10 ;--------------------------------------------------------
                             11 	.globl _spr_alien_p_5
                             12 	.globl _spr_alien_p_4
                             13 	.globl _spr_alien_p_3
                             14 	.globl _spr_alien_p_2
                             15 	.globl _spr_alien_p_1
                             16 	.globl _spr_alien_p_0
                             17 ;--------------------------------------------------------
                             18 ; special function registers
                             19 ;--------------------------------------------------------
                             20 ;--------------------------------------------------------
                             21 ; ram data
                             22 ;--------------------------------------------------------
                             23 	.area _DATA
                             24 ;--------------------------------------------------------
                             25 ; ram data
                             26 ;--------------------------------------------------------
                             27 	.area _INITIALIZED
                             28 ;--------------------------------------------------------
                             29 ; absolute external ram data
                             30 ;--------------------------------------------------------
                             31 	.area _DABS (ABS)
                             32 ;--------------------------------------------------------
                             33 ; global & static initialisations
                             34 ;--------------------------------------------------------
                             35 	.area _HOME
                             36 	.area _GSINIT
                             37 	.area _GSFINAL
                             38 	.area _GSINIT
                             39 ;--------------------------------------------------------
                             40 ; Home
                             41 ;--------------------------------------------------------
                             42 	.area _HOME
                             43 	.area _HOME
                             44 ;--------------------------------------------------------
                             45 ; code
                             46 ;--------------------------------------------------------
                             47 	.area _CODE
                             48 	.area _CODE
   0000                      49 _spr_alien_p_0:
   0000 00                   50 	.db #0x00	; 0
   0001 00                   51 	.db #0x00	; 0
   0002 00                   52 	.db #0x00	; 0
   0003 00                   53 	.db #0x00	; 0
   0004 00                   54 	.db #0x00	; 0
   0005 00                   55 	.db #0x00	; 0
   0006 00                   56 	.db #0x00	; 0
   0007 00                   57 	.db #0x00	; 0
   0008 00                   58 	.db #0x00	; 0
   0009 00                   59 	.db #0x00	; 0
   000A 00                   60 	.db #0x00	; 0
   000B 00                   61 	.db #0x00	; 0
   000C 08                   62 	.db #0x08	; 8
   000D 00                   63 	.db #0x00	; 0
   000E 00                   64 	.db #0x00	; 0
   000F 00                   65 	.db #0x00	; 0
   0010 04                   66 	.db #0x04	; 4
   0011 00                   67 	.db #0x00	; 0
   0012 00                   68 	.db #0x00	; 0
   0013 00                   69 	.db #0x00	; 0
   0014 00                   70 	.db #0x00	; 0
   0015 04                   71 	.db #0x04	; 4
   0016 03                   72 	.db #0x03	; 3
   0017 02                   73 	.db #0x02	; 2
   0018 00                   74 	.db #0x00	; 0
   0019 01                   75 	.db #0x01	; 1
   001A 16                   76 	.db #0x16	; 22
   001B 08                   77 	.db #0x08	; 8
   001C 00                   78 	.db #0x00	; 0
   001D 00                   79 	.db #0x00	; 0
   001E 00                   80 	.db #0x00	; 0
   001F 14                   81 	.db #0x14	; 20
   0020 08                   82 	.db #0x08	; 8
   0021 02                   83 	.db #0x02	; 2
   0022 00                   84 	.db #0x00	; 0
   0023 01                   85 	.db #0x01	; 1
   0024 04                   86 	.db #0x04	; 4
   0025 02                   87 	.db #0x02	; 2
   0026 00                   88 	.db #0x00	; 0
   0027 00                   89 	.db #0x00	; 0
   0028 00                   90 	.db #0x00	; 0
   0029 00                   91 	.db #0x00	; 0
   002A 00                   92 	.db #0x00	; 0
   002B 02                   93 	.db #0x02	; 2
   002C 00                   94 	.db #0x00	; 0
   002D 01                   95 	.db #0x01	; 1
   002E 00                   96 	.db #0x00	; 0
   002F 00                   97 	.db #0x00	; 0
   0030 00                   98 	.db #0x00	; 0
   0031 00                   99 	.db #0x00	; 0
   0032 00                  100 	.db #0x00	; 0
   0033 00                  101 	.db #0x00	; 0
   0034 00                  102 	.db #0x00	; 0
   0035 A0                  103 	.db #0xa0	; 160
   0036 00                  104 	.db #0x00	; 0
   0037 54                  105 	.db #0x54	; 84	'T'
   0038 00                  106 	.db #0x00	; 0
   0039 00                  107 	.db #0x00	; 0
   003A 00                  108 	.db #0x00	; 0
   003B 00                  109 	.db #0x00	; 0
   003C 00                  110 	.db #0x00	; 0
   003D 00                  111 	.db #0x00	; 0
   003E F0                  112 	.db #0xf0	; 240
   003F F4                  113 	.db #0xf4	; 244
   0040 56                  114 	.db #0x56	; 86	'V'
   0041 A9                  115 	.db #0xa9	; 169
   0042 00                  116 	.db #0x00	; 0
   0043 00                  117 	.db #0x00	; 0
   0044 00                  118 	.db #0x00	; 0
   0045 00                  119 	.db #0x00	; 0
   0046 00                  120 	.db #0x00	; 0
   0047 00                  121 	.db #0x00	; 0
   0048 E5                  122 	.db #0xe5	; 229
   0049 8B                  123 	.db #0x8b	; 139
   004A FC                  124 	.db #0xfc	; 252
   004B FC                  125 	.db #0xfc	; 252
   004C A0                  126 	.db #0xa0	; 160
   004D 00                  127 	.db #0x00	; 0
   004E 00                  128 	.db #0x00	; 0
   004F 00                  129 	.db #0x00	; 0
   0050 00                  130 	.db #0x00	; 0
   0051 50                  131 	.db #0x50	; 80	'P'
   0052 E5                  132 	.db #0xe5	; 229
   0053 ED                  133 	.db #0xed	; 237
   0054 A9                  134 	.db #0xa9	; 169
   0055 DE                  135 	.db #0xde	; 222
   0056 A0                  136 	.db #0xa0	; 160
   0057 00                  137 	.db #0x00	; 0
   0058 00                  138 	.db #0x00	; 0
   0059 00                  139 	.db #0x00	; 0
   005A 00                  140 	.db #0x00	; 0
   005B 50                  141 	.db #0x50	; 80	'P'
   005C DA                  142 	.db #0xda	; 218
   005D FC                  143 	.db #0xfc	; 252
   005E A9                  144 	.db #0xa9	; 169
   005F 56                  145 	.db #0x56	; 86	'V'
   0060 52                  146 	.db #0x52	; 82	'R'
   0061 00                  147 	.db #0x00	; 0
   0062 00                  148 	.db #0x00	; 0
   0063 00                  149 	.db #0x00	; 0
   0064 00                  150 	.db #0x00	; 0
   0065 F0                  151 	.db #0xf0	; 240
   0066 E5                  152 	.db #0xe5	; 229
   0067 DE                  153 	.db #0xde	; 222
   0068 CF                  154 	.db #0xcf	; 207
   0069 56                  155 	.db #0x56	; 86	'V'
   006A A9                  156 	.db #0xa9	; 169
   006B 00                  157 	.db #0x00	; 0
   006C 00                  158 	.db #0x00	; 0
   006D 00                  159 	.db #0x00	; 0
   006E 00                  160 	.db #0x00	; 0
   006F F0                  161 	.db #0xf0	; 240
   0070 CF                  162 	.db #0xcf	; 207
   0071 A9                  163 	.db #0xa9	; 169
   0072 A9                  164 	.db #0xa9	; 169
   0073 56                  165 	.db #0x56	; 86	'V'
   0074 F8                  166 	.db #0xf8	; 248
   0075 00                  167 	.db #0x00	; 0
   0076 00                  168 	.db #0x00	; 0
   0077 00                  169 	.db #0x00	; 0
   0078 00                  170 	.db #0x00	; 0
   0079 F0                  171 	.db #0xf0	; 240
   007A 8B                  172 	.db #0x8b	; 139
   007B DE                  173 	.db #0xde	; 222
   007C FC                  174 	.db #0xfc	; 252
   007D A9                  175 	.db #0xa9	; 169
   007E CF                  176 	.db #0xcf	; 207
   007F 00                  177 	.db #0x00	; 0
   0080 00                  178 	.db #0x00	; 0
   0081 00                  179 	.db #0x00	; 0
   0082 00                  180 	.db #0x00	; 0
   0083 F0                  181 	.db #0xf0	; 240
   0084 E5                  182 	.db #0xe5	; 229
   0085 03                  183 	.db #0x03	; 3
   0086 03                  184 	.db #0x03	; 3
   0087 56                  185 	.db #0x56	; 86	'V'
   0088 52                  186 	.db #0x52	; 82	'R'
   0089 00                  187 	.db #0x00	; 0
   008A 00                  188 	.db #0x00	; 0
   008B 00                  189 	.db #0x00	; 0
   008C 00                  190 	.db #0x00	; 0
   008D 50                  191 	.db #0x50	; 80	'P'
   008E E5                  192 	.db #0xe5	; 229
   008F DE                  193 	.db #0xde	; 222
   0090 FC                  194 	.db #0xfc	; 252
   0091 A9                  195 	.db #0xa9	; 169
   0092 9E                  196 	.db #0x9e	; 158
   0093 00                  197 	.db #0x00	; 0
   0094 00                  198 	.db #0x00	; 0
   0095 00                  199 	.db #0x00	; 0
   0096 00                  200 	.db #0x00	; 0
   0097 3C                  201 	.db #0x3c	; 60
   0098 F0                  202 	.db #0xf0	; 240
   0099 DE                  203 	.db #0xde	; 222
   009A DE                  204 	.db #0xde	; 222
   009B 56                  205 	.db #0x56	; 86	'V'
   009C B4                  206 	.db #0xb4	; 180
   009D 00                  207 	.db #0x00	; 0
   009E 00                  208 	.db #0x00	; 0
   009F 00                  209 	.db #0x00	; 0
   00A0 00                  210 	.db #0x00	; 0
   00A1 28                  211 	.db #0x28	; 40
   00A2 50                  212 	.db #0x50	; 80	'P'
   00A3 E5                  213 	.db #0xe5	; 229
   00A4 ED                  214 	.db #0xed	; 237
   00A5 F0                  215 	.db #0xf0	; 240
   00A6 28                  216 	.db #0x28	; 40
   00A7 28                  217 	.db #0x28	; 40
   00A8 00                  218 	.db #0x00	; 0
   00A9 00                  219 	.db #0x00	; 0
   00AA 00                  220 	.db #0x00	; 0
   00AB 28                  221 	.db #0x28	; 40
   00AC 14                  222 	.db #0x14	; 20
   00AD 14                  223 	.db #0x14	; 20
   00AE 14                  224 	.db #0x14	; 20
   00AF 00                  225 	.db #0x00	; 0
   00B0 28                  226 	.db #0x28	; 40
   00B1 28                  227 	.db #0x28	; 40
   00B2 00                  228 	.db #0x00	; 0
   00B3 00                  229 	.db #0x00	; 0
   00B4 00                  230 	.db #0x00	; 0
   00B5 28                  231 	.db #0x28	; 40
   00B6 14                  232 	.db #0x14	; 20
   00B7 14                  233 	.db #0x14	; 20
   00B8 14                  234 	.db #0x14	; 20
   00B9 28                  235 	.db #0x28	; 40
   00BA 28                  236 	.db #0x28	; 40
   00BB 28                  237 	.db #0x28	; 40
   00BC 00                  238 	.db #0x00	; 0
   00BD 00                  239 	.db #0x00	; 0
   00BE 00                  240 	.db #0x00	; 0
   00BF 28                  241 	.db #0x28	; 40
   00C0 14                  242 	.db #0x14	; 20
   00C1 14                  243 	.db #0x14	; 20
   00C2 00                  244 	.db #0x00	; 0
   00C3 28                  245 	.db #0x28	; 40
   00C4 28                  246 	.db #0x28	; 40
   00C5 28                  247 	.db #0x28	; 40
   00C6 00                  248 	.db #0x00	; 0
   00C7 00                  249 	.db #0x00	; 0
   00C8 00                  250 	.db #0x00	; 0
   00C9 08                  251 	.db #0x08	; 8
   00CA 14                  252 	.db #0x14	; 20
   00CB 14                  253 	.db #0x14	; 20
   00CC 00                  254 	.db #0x00	; 0
   00CD 28                  255 	.db #0x28	; 40
   00CE 28                  256 	.db #0x28	; 40
   00CF 08                  257 	.db #0x08	; 8
   00D0 00                  258 	.db #0x00	; 0
   00D1 00                  259 	.db #0x00	; 0
   00D2 04                  260 	.db #0x04	; 4
   00D3 00                  261 	.db #0x00	; 0
   00D4 3C                  262 	.db #0x3c	; 60
   00D5 14                  263 	.db #0x14	; 20
   00D6 00                  264 	.db #0x00	; 0
   00D7 28                  265 	.db #0x28	; 40
   00D8 28                  266 	.db #0x28	; 40
   00D9 00                  267 	.db #0x00	; 0
   00DA 00                  268 	.db #0x00	; 0
   00DB 00                  269 	.db #0x00	; 0
   00DC 00                  270 	.db #0x00	; 0
   00DD 00                  271 	.db #0x00	; 0
   00DE 28                  272 	.db #0x28	; 40
   00DF 14                  273 	.db #0x14	; 20
   00E0 00                  274 	.db #0x00	; 0
   00E1 28                  275 	.db #0x28	; 40
   00E2 14                  276 	.db #0x14	; 20
   00E3 00                  277 	.db #0x00	; 0
   00E4 00                  278 	.db #0x00	; 0
   00E5 00                  279 	.db #0x00	; 0
   00E6 00                  280 	.db #0x00	; 0
   00E7 00                  281 	.db #0x00	; 0
   00E8 28                  282 	.db #0x28	; 40
   00E9 14                  283 	.db #0x14	; 20
   00EA 00                  284 	.db #0x00	; 0
   00EB 14                  285 	.db #0x14	; 20
   00EC 14                  286 	.db #0x14	; 20
   00ED 00                  287 	.db #0x00	; 0
   00EE 00                  288 	.db #0x00	; 0
   00EF 00                  289 	.db #0x00	; 0
   00F0 00                  290 	.db #0x00	; 0
   00F1 14                  291 	.db #0x14	; 20
   00F2 00                  292 	.db #0x00	; 0
   00F3 14                  293 	.db #0x14	; 20
   00F4 00                  294 	.db #0x00	; 0
   00F5 14                  295 	.db #0x14	; 20
   00F6 14                  296 	.db #0x14	; 20
   00F7 00                  297 	.db #0x00	; 0
   00F8 00                  298 	.db #0x00	; 0
   00F9 00                  299 	.db #0x00	; 0
   00FA 00                  300 	.db #0x00	; 0
   00FB 14                  301 	.db #0x14	; 20
   00FC 00                  302 	.db #0x00	; 0
   00FD 14                  303 	.db #0x14	; 20
   00FE 28                  304 	.db #0x28	; 40
   00FF 14                  305 	.db #0x14	; 20
   0100 14                  306 	.db #0x14	; 20
   0101 00                  307 	.db #0x00	; 0
   0102 00                  308 	.db #0x00	; 0
   0103 00                  309 	.db #0x00	; 0
   0104 00                  310 	.db #0x00	; 0
   0105 0C                  311 	.db #0x0c	; 12
   0106 00                  312 	.db #0x00	; 0
   0107 00                  313 	.db #0x00	; 0
   0108 28                  314 	.db #0x28	; 40
   0109 14                  315 	.db #0x14	; 20
   010A 04                  316 	.db #0x04	; 4
   010B 00                  317 	.db #0x00	; 0
   010C 00                  318 	.db #0x00	; 0
   010D 00                  319 	.db #0x00	; 0
   010E 00                  320 	.db #0x00	; 0
   010F 08                  321 	.db #0x08	; 8
   0110 00                  322 	.db #0x00	; 0
   0111 00                  323 	.db #0x00	; 0
   0112 08                  324 	.db #0x08	; 8
   0113 04                  325 	.db #0x04	; 4
   0114 00                  326 	.db #0x00	; 0
   0115 08                  327 	.db #0x08	; 8
   0116 00                  328 	.db #0x00	; 0
   0117 00                  329 	.db #0x00	; 0
   0118 00                  330 	.db #0x00	; 0
   0119 00                  331 	.db #0x00	; 0
   011A 00                  332 	.db #0x00	; 0
   011B 00                  333 	.db #0x00	; 0
   011C 08                  334 	.db #0x08	; 8
   011D 08                  335 	.db #0x08	; 8
   011E 00                  336 	.db #0x00	; 0
   011F 08                  337 	.db #0x08	; 8
   0120 00                  338 	.db #0x00	; 0
   0121 00                  339 	.db #0x00	; 0
   0122 00                  340 	.db #0x00	; 0
   0123 00                  341 	.db #0x00	; 0
   0124 00                  342 	.db #0x00	; 0
   0125 00                  343 	.db #0x00	; 0
   0126 00                  344 	.db #0x00	; 0
   0127 00                  345 	.db #0x00	; 0
   0128 00                  346 	.db #0x00	; 0
   0129 00                  347 	.db #0x00	; 0
   012A 00                  348 	.db #0x00	; 0
   012B 00                  349 	.db #0x00	; 0
   012C 00                  350 	.db #0x00	; 0
   012D 00                  351 	.db #0x00	; 0
   012E 00                  352 	.db #0x00	; 0
   012F 00                  353 	.db #0x00	; 0
   0130 00                  354 	.db #0x00	; 0
   0131 00                  355 	.db #0x00	; 0
   0132 00                  356 	.db #0x00	; 0
   0133 00                  357 	.db #0x00	; 0
   0134 00                  358 	.db #0x00	; 0
   0135 00                  359 	.db #0x00	; 0
   0136 00                  360 	.db #0x00	; 0
   0137 00                  361 	.db #0x00	; 0
   0138 00                  362 	.db #0x00	; 0
   0139 00                  363 	.db #0x00	; 0
   013A 00                  364 	.db #0x00	; 0
   013B 00                  365 	.db #0x00	; 0
   013C 00                  366 	.db #0x00	; 0
   013D 00                  367 	.db #0x00	; 0
   013E 00                  368 	.db #0x00	; 0
   013F 00                  369 	.db #0x00	; 0
   0140                     370 _spr_alien_p_1:
   0140 00                  371 	.db #0x00	; 0
   0141 00                  372 	.db #0x00	; 0
   0142 00                  373 	.db #0x00	; 0
   0143 00                  374 	.db #0x00	; 0
   0144 00                  375 	.db #0x00	; 0
   0145 00                  376 	.db #0x00	; 0
   0146 00                  377 	.db #0x00	; 0
   0147 00                  378 	.db #0x00	; 0
   0148 00                  379 	.db #0x00	; 0
   0149 00                  380 	.db #0x00	; 0
   014A 00                  381 	.db #0x00	; 0
   014B 00                  382 	.db #0x00	; 0
   014C 00                  383 	.db #0x00	; 0
   014D 00                  384 	.db #0x00	; 0
   014E 00                  385 	.db #0x00	; 0
   014F 00                  386 	.db #0x00	; 0
   0150 00                  387 	.db #0x00	; 0
   0151 00                  388 	.db #0x00	; 0
   0152 00                  389 	.db #0x00	; 0
   0153 00                  390 	.db #0x00	; 0
   0154 00                  391 	.db #0x00	; 0
   0155 00                  392 	.db #0x00	; 0
   0156 00                  393 	.db #0x00	; 0
   0157 00                  394 	.db #0x00	; 0
   0158 00                  395 	.db #0x00	; 0
   0159 00                  396 	.db #0x00	; 0
   015A 00                  397 	.db #0x00	; 0
   015B 00                  398 	.db #0x00	; 0
   015C 00                  399 	.db #0x00	; 0
   015D 00                  400 	.db #0x00	; 0
   015E 00                  401 	.db #0x00	; 0
   015F 00                  402 	.db #0x00	; 0
   0160 03                  403 	.db #0x03	; 3
   0161 02                  404 	.db #0x02	; 2
   0162 00                  405 	.db #0x00	; 0
   0163 00                  406 	.db #0x00	; 0
   0164 02                  407 	.db #0x02	; 2
   0165 00                  408 	.db #0x00	; 0
   0166 00                  409 	.db #0x00	; 0
   0167 00                  410 	.db #0x00	; 0
   0168 00                  411 	.db #0x00	; 0
   0169 09                  412 	.db #0x09	; 9
   016A 00                  413 	.db #0x00	; 0
   016B 02                  414 	.db #0x02	; 2
   016C 00                  415 	.db #0x00	; 0
   016D 01                  416 	.db #0x01	; 1
   016E 01                  417 	.db #0x01	; 1
   016F 00                  418 	.db #0x00	; 0
   0170 00                  419 	.db #0x00	; 0
   0171 00                  420 	.db #0x00	; 0
   0172 14                  421 	.db #0x14	; 20
   0173 06                  422 	.db #0x06	; 6
   0174 00                  423 	.db #0x00	; 0
   0175 A0                  424 	.db #0xa0	; 160
   0176 00                  425 	.db #0x00	; 0
   0177 54                  426 	.db #0x54	; 84	'T'
   0178 09                  427 	.db #0x09	; 9
   0179 08                  428 	.db #0x08	; 8
   017A 00                  429 	.db #0x00	; 0
   017B 00                  430 	.db #0x00	; 0
   017C 00                  431 	.db #0x00	; 0
   017D 08                  432 	.db #0x08	; 8
   017E 50                  433 	.db #0x50	; 80	'P'
   017F F4                  434 	.db #0xf4	; 244
   0180 47                  435 	.db #0x47	; 71	'G'
   0181 ED                  436 	.db #0xed	; 237
   0182 14                  437 	.db #0x14	; 20
   0183 00                  438 	.db #0x00	; 0
   0184 00                  439 	.db #0x00	; 0
   0185 00                  440 	.db #0x00	; 0
   0186 00                  441 	.db #0x00	; 0
   0187 00                  442 	.db #0x00	; 0
   0188 F0                  443 	.db #0xf0	; 240
   0189 03                  444 	.db #0x03	; 3
   018A DE                  445 	.db #0xde	; 222
   018B CF                  446 	.db #0xcf	; 207
   018C A0                  447 	.db #0xa0	; 160
   018D 00                  448 	.db #0x00	; 0
   018E 00                  449 	.db #0x00	; 0
   018F 00                  450 	.db #0x00	; 0
   0190 00                  451 	.db #0x00	; 0
   0191 50                  452 	.db #0x50	; 80	'P'
   0192 F0                  453 	.db #0xf0	; 240
   0193 47                  454 	.db #0x47	; 71	'G'
   0194 8B                  455 	.db #0x8b	; 139
   0195 DE                  456 	.db #0xde	; 222
   0196 A0                  457 	.db #0xa0	; 160
   0197 00                  458 	.db #0x00	; 0
   0198 00                  459 	.db #0x00	; 0
   0199 00                  460 	.db #0x00	; 0
   019A 00                  461 	.db #0x00	; 0
   019B 50                  462 	.db #0x50	; 80	'P'
   019C A1                  463 	.db #0xa1	; 161
   019D A9                  464 	.db #0xa9	; 169
   019E 03                  465 	.db #0x03	; 3
   019F 47                  466 	.db #0x47	; 71	'G'
   01A0 52                  467 	.db #0x52	; 82	'R'
   01A1 00                  468 	.db #0x00	; 0
   01A2 00                  469 	.db #0x00	; 0
   01A3 00                  470 	.db #0x00	; 0
   01A4 00                  471 	.db #0x00	; 0
   01A5 F0                  472 	.db #0xf0	; 240
   01A6 47                  473 	.db #0x47	; 71	'G'
   01A7 CF                  474 	.db #0xcf	; 207
   01A8 CF                  475 	.db #0xcf	; 207
   01A9 47                  476 	.db #0x47	; 71	'G'
   01AA 03                  477 	.db #0x03	; 3
   01AB 00                  478 	.db #0x00	; 0
   01AC 00                  479 	.db #0x00	; 0
   01AD 00                  480 	.db #0x00	; 0
   01AE 00                  481 	.db #0x00	; 0
   01AF A1                  482 	.db #0xa1	; 161
   01B0 CF                  483 	.db #0xcf	; 207
   01B1 A9                  484 	.db #0xa9	; 169
   01B2 56                  485 	.db #0x56	; 86	'V'
   01B3 CF                  486 	.db #0xcf	; 207
   01B4 F8                  487 	.db #0xf8	; 248
   01B5 00                  488 	.db #0x00	; 0
   01B6 00                  489 	.db #0x00	; 0
   01B7 00                  490 	.db #0x00	; 0
   01B8 00                  491 	.db #0x00	; 0
   01B9 F0                  492 	.db #0xf0	; 240
   01BA 03                  493 	.db #0x03	; 3
   01BB DE                  494 	.db #0xde	; 222
   01BC ED                  495 	.db #0xed	; 237
   01BD 03                  496 	.db #0x03	; 3
   01BE CF                  497 	.db #0xcf	; 207
   01BF 00                  498 	.db #0x00	; 0
   01C0 00                  499 	.db #0x00	; 0
   01C1 00                  500 	.db #0x00	; 0
   01C2 00                  501 	.db #0x00	; 0
   01C3 F0                  502 	.db #0xf0	; 240
   01C4 A1                  503 	.db #0xa1	; 161
   01C5 03                  504 	.db #0x03	; 3
   01C6 8B                  505 	.db #0x8b	; 139
   01C7 47                  506 	.db #0x47	; 71	'G'
   01C8 52                  507 	.db #0x52	; 82	'R'
   01C9 00                  508 	.db #0x00	; 0
   01CA 00                  509 	.db #0x00	; 0
   01CB 00                  510 	.db #0x00	; 0
   01CC 00                  511 	.db #0x00	; 0
   01CD 78                  512 	.db #0x78	; 120	'x'
   01CE A1                  513 	.db #0xa1	; 161
   01CF DE                  514 	.db #0xde	; 222
   01D0 FC                  515 	.db #0xfc	; 252
   01D1 A9                  516 	.db #0xa9	; 169
   01D2 9E                  517 	.db #0x9e	; 158
   01D3 00                  518 	.db #0x00	; 0
   01D4 00                  519 	.db #0x00	; 0
   01D5 00                  520 	.db #0x00	; 0
   01D6 00                  521 	.db #0x00	; 0
   01D7 28                  522 	.db #0x28	; 40
   01D8 A1                  523 	.db #0xa1	; 161
   01D9 03                  524 	.db #0x03	; 3
   01DA 03                  525 	.db #0x03	; 3
   01DB 56                  526 	.db #0x56	; 86	'V'
   01DC B4                  527 	.db #0xb4	; 180
   01DD 28                  528 	.db #0x28	; 40
   01DE 00                  529 	.db #0x00	; 0
   01DF 00                  530 	.db #0x00	; 0
   01E0 00                  531 	.db #0x00	; 0
   01E1 3C                  532 	.db #0x3c	; 60
   01E2 50                  533 	.db #0x50	; 80	'P'
   01E3 E5                  534 	.db #0xe5	; 229
   01E4 ED                  535 	.db #0xed	; 237
   01E5 F0                  536 	.db #0xf0	; 240
   01E6 28                  537 	.db #0x28	; 40
   01E7 28                  538 	.db #0x28	; 40
   01E8 00                  539 	.db #0x00	; 0
   01E9 00                  540 	.db #0x00	; 0
   01EA 00                  541 	.db #0x00	; 0
   01EB 14                  542 	.db #0x14	; 20
   01EC 14                  543 	.db #0x14	; 20
   01ED 14                  544 	.db #0x14	; 20
   01EE 14                  545 	.db #0x14	; 20
   01EF 00                  546 	.db #0x00	; 0
   01F0 28                  547 	.db #0x28	; 40
   01F1 28                  548 	.db #0x28	; 40
   01F2 00                  549 	.db #0x00	; 0
   01F3 00                  550 	.db #0x00	; 0
   01F4 00                  551 	.db #0x00	; 0
   01F5 3C                  552 	.db #0x3c	; 60
   01F6 14                  553 	.db #0x14	; 20
   01F7 14                  554 	.db #0x14	; 20
   01F8 14                  555 	.db #0x14	; 20
   01F9 00                  556 	.db #0x00	; 0
   01FA 28                  557 	.db #0x28	; 40
   01FB 28                  558 	.db #0x28	; 40
   01FC 00                  559 	.db #0x00	; 0
   01FD 00                  560 	.db #0x00	; 0
   01FE 00                  561 	.db #0x00	; 0
   01FF 28                  562 	.db #0x28	; 40
   0200 28                  563 	.db #0x28	; 40
   0201 14                  564 	.db #0x14	; 20
   0202 14                  565 	.db #0x14	; 20
   0203 00                  566 	.db #0x00	; 0
   0204 28                  567 	.db #0x28	; 40
   0205 28                  568 	.db #0x28	; 40
   0206 00                  569 	.db #0x00	; 0
   0207 00                  570 	.db #0x00	; 0
   0208 00                  571 	.db #0x00	; 0
   0209 28                  572 	.db #0x28	; 40
   020A 28                  573 	.db #0x28	; 40
   020B 14                  574 	.db #0x14	; 20
   020C 00                  575 	.db #0x00	; 0
   020D 28                  576 	.db #0x28	; 40
   020E 2C                  577 	.db #0x2c	; 44
   020F 28                  578 	.db #0x28	; 40
   0210 00                  579 	.db #0x00	; 0
   0211 00                  580 	.db #0x00	; 0
   0212 00                  581 	.db #0x00	; 0
   0213 08                  582 	.db #0x08	; 8
   0214 28                  583 	.db #0x28	; 40
   0215 14                  584 	.db #0x14	; 20
   0216 00                  585 	.db #0x00	; 0
   0217 28                  586 	.db #0x28	; 40
   0218 28                  587 	.db #0x28	; 40
   0219 00                  588 	.db #0x00	; 0
   021A 00                  589 	.db #0x00	; 0
   021B 00                  590 	.db #0x00	; 0
   021C 00                  591 	.db #0x00	; 0
   021D 14                  592 	.db #0x14	; 20
   021E 28                  593 	.db #0x28	; 40
   021F 14                  594 	.db #0x14	; 20
   0220 00                  595 	.db #0x00	; 0
   0221 28                  596 	.db #0x28	; 40
   0222 14                  597 	.db #0x14	; 20
   0223 00                  598 	.db #0x00	; 0
   0224 00                  599 	.db #0x00	; 0
   0225 00                  600 	.db #0x00	; 0
   0226 00                  601 	.db #0x00	; 0
   0227 14                  602 	.db #0x14	; 20
   0228 00                  603 	.db #0x00	; 0
   0229 28                  604 	.db #0x28	; 40
   022A 00                  605 	.db #0x00	; 0
   022B 28                  606 	.db #0x28	; 40
   022C 14                  607 	.db #0x14	; 20
   022D 00                  608 	.db #0x00	; 0
   022E 00                  609 	.db #0x00	; 0
   022F 00                  610 	.db #0x00	; 0
   0230 00                  611 	.db #0x00	; 0
   0231 14                  612 	.db #0x14	; 20
   0232 00                  613 	.db #0x00	; 0
   0233 28                  614 	.db #0x28	; 40
   0234 14                  615 	.db #0x14	; 20
   0235 00                  616 	.db #0x00	; 0
   0236 28                  617 	.db #0x28	; 40
   0237 00                  618 	.db #0x00	; 0
   0238 00                  619 	.db #0x00	; 0
   0239 00                  620 	.db #0x00	; 0
   023A 00                  621 	.db #0x00	; 0
   023B 28                  622 	.db #0x28	; 40
   023C 14                  623 	.db #0x14	; 20
   023D 28                  624 	.db #0x28	; 40
   023E 14                  625 	.db #0x14	; 20
   023F 14                  626 	.db #0x14	; 20
   0240 28                  627 	.db #0x28	; 40
   0241 00                  628 	.db #0x00	; 0
   0242 00                  629 	.db #0x00	; 0
   0243 00                  630 	.db #0x00	; 0
   0244 00                  631 	.db #0x00	; 0
   0245 08                  632 	.db #0x08	; 8
   0246 14                  633 	.db #0x14	; 20
   0247 00                  634 	.db #0x00	; 0
   0248 14                  635 	.db #0x14	; 20
   0249 14                  636 	.db #0x14	; 20
   024A 00                  637 	.db #0x00	; 0
   024B 00                  638 	.db #0x00	; 0
   024C 00                  639 	.db #0x00	; 0
   024D 00                  640 	.db #0x00	; 0
   024E 04                  641 	.db #0x04	; 4
   024F 00                  642 	.db #0x00	; 0
   0250 04                  643 	.db #0x04	; 4
   0251 00                  644 	.db #0x00	; 0
   0252 28                  645 	.db #0x28	; 40
   0253 04                  646 	.db #0x04	; 4
   0254 00                  647 	.db #0x00	; 0
   0255 00                  648 	.db #0x00	; 0
   0256 00                  649 	.db #0x00	; 0
   0257 00                  650 	.db #0x00	; 0
   0258 00                  651 	.db #0x00	; 0
   0259 00                  652 	.db #0x00	; 0
   025A 0C                  653 	.db #0x0c	; 12
   025B 00                  654 	.db #0x00	; 0
   025C 08                  655 	.db #0x08	; 8
   025D 04                  656 	.db #0x04	; 4
   025E 00                  657 	.db #0x00	; 0
   025F 00                  658 	.db #0x00	; 0
   0260 00                  659 	.db #0x00	; 0
   0261 00                  660 	.db #0x00	; 0
   0262 00                  661 	.db #0x00	; 0
   0263 00                  662 	.db #0x00	; 0
   0264 00                  663 	.db #0x00	; 0
   0265 00                  664 	.db #0x00	; 0
   0266 04                  665 	.db #0x04	; 4
   0267 00                  666 	.db #0x00	; 0
   0268 00                  667 	.db #0x00	; 0
   0269 00                  668 	.db #0x00	; 0
   026A 00                  669 	.db #0x00	; 0
   026B 00                  670 	.db #0x00	; 0
   026C 00                  671 	.db #0x00	; 0
   026D 00                  672 	.db #0x00	; 0
   026E 00                  673 	.db #0x00	; 0
   026F 00                  674 	.db #0x00	; 0
   0270 00                  675 	.db #0x00	; 0
   0271 00                  676 	.db #0x00	; 0
   0272 00                  677 	.db #0x00	; 0
   0273 00                  678 	.db #0x00	; 0
   0274 00                  679 	.db #0x00	; 0
   0275 00                  680 	.db #0x00	; 0
   0276 00                  681 	.db #0x00	; 0
   0277 00                  682 	.db #0x00	; 0
   0278 00                  683 	.db #0x00	; 0
   0279 00                  684 	.db #0x00	; 0
   027A 00                  685 	.db #0x00	; 0
   027B 00                  686 	.db #0x00	; 0
   027C 00                  687 	.db #0x00	; 0
   027D 00                  688 	.db #0x00	; 0
   027E 00                  689 	.db #0x00	; 0
   027F 00                  690 	.db #0x00	; 0
   0280                     691 _spr_alien_p_2:
   0280 00                  692 	.db #0x00	; 0
   0281 14                  693 	.db #0x14	; 20
   0282 00                  694 	.db #0x00	; 0
   0283 00                  695 	.db #0x00	; 0
   0284 00                  696 	.db #0x00	; 0
   0285 00                  697 	.db #0x00	; 0
   0286 00                  698 	.db #0x00	; 0
   0287 08                  699 	.db #0x08	; 8
   0288 00                  700 	.db #0x00	; 0
   0289 00                  701 	.db #0x00	; 0
   028A 00                  702 	.db #0x00	; 0
   028B 09                  703 	.db #0x09	; 9
   028C 28                  704 	.db #0x28	; 40
   028D 00                  705 	.db #0x00	; 0
   028E 00                  706 	.db #0x00	; 0
   028F 00                  707 	.db #0x00	; 0
   0290 04                  708 	.db #0x04	; 4
   0291 16                  709 	.db #0x16	; 22
   0292 00                  710 	.db #0x00	; 0
   0293 00                  711 	.db #0x00	; 0
   0294 00                  712 	.db #0x00	; 0
   0295 04                  713 	.db #0x04	; 4
   0296 47                  714 	.db #0x47	; 71	'G'
   0297 00                  715 	.db #0x00	; 0
   0298 00                  716 	.db #0x00	; 0
   0299 00                  717 	.db #0x00	; 0
   029A 8B                  718 	.db #0x8b	; 139
   029B 28                  719 	.db #0x28	; 40
   029C 00                  720 	.db #0x00	; 0
   029D 00                  721 	.db #0x00	; 0
   029E 00                  722 	.db #0x00	; 0
   029F 00                  723 	.db #0x00	; 0
   02A0 01                  724 	.db #0x01	; 1
   02A1 8A                  725 	.db #0x8a	; 138
   02A2 00                  726 	.db #0x00	; 0
   02A3 00                  727 	.db #0x00	; 0
   02A4 02                  728 	.db #0x02	; 2
   02A5 00                  729 	.db #0x00	; 0
   02A6 00                  730 	.db #0x00	; 0
   02A7 00                  731 	.db #0x00	; 0
   02A8 00                  732 	.db #0x00	; 0
   02A9 00                  733 	.db #0x00	; 0
   02AA 00                  734 	.db #0x00	; 0
   02AB 02                  735 	.db #0x02	; 2
   02AC 00                  736 	.db #0x00	; 0
   02AD 01                  737 	.db #0x01	; 1
   02AE 02                  738 	.db #0x02	; 2
   02AF 00                  739 	.db #0x00	; 0
   02B0 00                  740 	.db #0x00	; 0
   02B1 00                  741 	.db #0x00	; 0
   02B2 00                  742 	.db #0x00	; 0
   02B3 00                  743 	.db #0x00	; 0
   02B4 00                  744 	.db #0x00	; 0
   02B5 8A                  745 	.db #0x8a	; 138
   02B6 00                  746 	.db #0x00	; 0
   02B7 54                  747 	.db #0x54	; 84	'T'
   02B8 00                  748 	.db #0x00	; 0
   02B9 00                  749 	.db #0x00	; 0
   02BA 00                  750 	.db #0x00	; 0
   02BB 00                  751 	.db #0x00	; 0
   02BC 00                  752 	.db #0x00	; 0
   02BD 00                  753 	.db #0x00	; 0
   02BE E5                  754 	.db #0xe5	; 229
   02BF FC                  755 	.db #0xfc	; 252
   02C0 47                  756 	.db #0x47	; 71	'G'
   02C1 ED                  757 	.db #0xed	; 237
   02C2 00                  758 	.db #0x00	; 0
   02C3 00                  759 	.db #0x00	; 0
   02C4 00                  760 	.db #0x00	; 0
   02C5 00                  761 	.db #0x00	; 0
   02C6 00                  762 	.db #0x00	; 0
   02C7 00                  763 	.db #0x00	; 0
   02C8 FC                  764 	.db #0xfc	; 252
   02C9 8B                  765 	.db #0x8b	; 139
   02CA DE                  766 	.db #0xde	; 222
   02CB CF                  767 	.db #0xcf	; 207
   02CC A0                  768 	.db #0xa0	; 160
   02CD 00                  769 	.db #0x00	; 0
   02CE 00                  770 	.db #0x00	; 0
   02CF 00                  771 	.db #0x00	; 0
   02D0 00                  772 	.db #0x00	; 0
   02D1 54                  773 	.db #0x54	; 84	'T'
   02D2 DE                  774 	.db #0xde	; 222
   02D3 A9                  775 	.db #0xa9	; 169
   02D4 8B                  776 	.db #0x8b	; 139
   02D5 DE                  777 	.db #0xde	; 222
   02D6 8A                  778 	.db #0x8a	; 138
   02D7 00                  779 	.db #0x00	; 0
   02D8 00                  780 	.db #0x00	; 0
   02D9 00                  781 	.db #0x00	; 0
   02DA 00                  782 	.db #0x00	; 0
   02DB 54                  783 	.db #0x54	; 84	'T'
   02DC A9                  784 	.db #0xa9	; 169
   02DD A9                  785 	.db #0xa9	; 169
   02DE 03                  786 	.db #0x03	; 3
   02DF 03                  787 	.db #0x03	; 3
   02E0 52                  788 	.db #0x52	; 82	'R'
   02E1 00                  789 	.db #0x00	; 0
   02E2 00                  790 	.db #0x00	; 0
   02E3 00                  791 	.db #0x00	; 0
   02E4 00                  792 	.db #0x00	; 0
   02E5 F4                  793 	.db #0xf4	; 244
   02E6 CF                  794 	.db #0xcf	; 207
   02E7 03                  795 	.db #0x03	; 3
   02E8 03                  796 	.db #0x03	; 3
   02E9 47                  797 	.db #0x47	; 71	'G'
   02EA 03                  798 	.db #0x03	; 3
   02EB 00                  799 	.db #0x00	; 0
   02EC 00                  800 	.db #0x00	; 0
   02ED 00                  801 	.db #0x00	; 0
   02EE 00                  802 	.db #0x00	; 0
   02EF A1                  803 	.db #0xa1	; 161
   02F0 CF                  804 	.db #0xcf	; 207
   02F1 A9                  805 	.db #0xa9	; 169
   02F2 56                  806 	.db #0x56	; 86	'V'
   02F3 CF                  807 	.db #0xcf	; 207
   02F4 ED                  808 	.db #0xed	; 237
   02F5 00                  809 	.db #0x00	; 0
   02F6 00                  810 	.db #0x00	; 0
   02F7 00                  811 	.db #0x00	; 0
   02F8 00                  812 	.db #0x00	; 0
   02F9 F4                  813 	.db #0xf4	; 244
   02FA 03                  814 	.db #0x03	; 3
   02FB DE                  815 	.db #0xde	; 222
   02FC ED                  816 	.db #0xed	; 237
   02FD 03                  817 	.db #0x03	; 3
   02FE CF                  818 	.db #0xcf	; 207
   02FF 00                  819 	.db #0x00	; 0
   0300 00                  820 	.db #0x00	; 0
   0301 00                  821 	.db #0x00	; 0
   0302 00                  822 	.db #0x00	; 0
   0303 F0                  823 	.db #0xf0	; 240
   0304 ED                  824 	.db #0xed	; 237
   0305 47                  825 	.db #0x47	; 71	'G'
   0306 CF                  826 	.db #0xcf	; 207
   0307 CF                  827 	.db #0xcf	; 207
   0308 52                  828 	.db #0x52	; 82	'R'
   0309 00                  829 	.db #0x00	; 0
   030A 00                  830 	.db #0x00	; 0
   030B 00                  831 	.db #0x00	; 0
   030C 00                  832 	.db #0x00	; 0
   030D 78                  833 	.db #0x78	; 120	'x'
   030E F0                  834 	.db #0xf0	; 240
   030F FC                  835 	.db #0xfc	; 252
   0310 03                  836 	.db #0x03	; 3
   0311 DE                  837 	.db #0xde	; 222
   0312 16                  838 	.db #0x16	; 22
   0313 00                  839 	.db #0x00	; 0
   0314 00                  840 	.db #0x00	; 0
   0315 00                  841 	.db #0x00	; 0
   0316 00                  842 	.db #0x00	; 0
   0317 28                  843 	.db #0x28	; 40
   0318 F0                  844 	.db #0xf0	; 240
   0319 F0                  845 	.db #0xf0	; 240
   031A F4                  846 	.db #0xf4	; 244
   031B DA                  847 	.db #0xda	; 218
   031C B4                  848 	.db #0xb4	; 180
   031D 00                  849 	.db #0x00	; 0
   031E 00                  850 	.db #0x00	; 0
   031F 00                  851 	.db #0x00	; 0
   0320 00                  852 	.db #0x00	; 0
   0321 28                  853 	.db #0x28	; 40
   0322 50                  854 	.db #0x50	; 80	'P'
   0323 F0                  855 	.db #0xf0	; 240
   0324 F0                  856 	.db #0xf0	; 240
   0325 F0                  857 	.db #0xf0	; 240
   0326 14                  858 	.db #0x14	; 20
   0327 00                  859 	.db #0x00	; 0
   0328 00                  860 	.db #0x00	; 0
   0329 00                  861 	.db #0x00	; 0
   032A 00                  862 	.db #0x00	; 0
   032B 28                  863 	.db #0x28	; 40
   032C 14                  864 	.db #0x14	; 20
   032D 14                  865 	.db #0x14	; 20
   032E 14                  866 	.db #0x14	; 20
   032F 14                  867 	.db #0x14	; 20
   0330 14                  868 	.db #0x14	; 20
   0331 28                  869 	.db #0x28	; 40
   0332 00                  870 	.db #0x00	; 0
   0333 00                  871 	.db #0x00	; 0
   0334 00                  872 	.db #0x00	; 0
   0335 28                  873 	.db #0x28	; 40
   0336 14                  874 	.db #0x14	; 20
   0337 14                  875 	.db #0x14	; 20
   0338 14                  876 	.db #0x14	; 20
   0339 14                  877 	.db #0x14	; 20
   033A 00                  878 	.db #0x00	; 0
   033B 28                  879 	.db #0x28	; 40
   033C 00                  880 	.db #0x00	; 0
   033D 00                  881 	.db #0x00	; 0
   033E 00                  882 	.db #0x00	; 0
   033F 28                  883 	.db #0x28	; 40
   0340 14                  884 	.db #0x14	; 20
   0341 14                  885 	.db #0x14	; 20
   0342 14                  886 	.db #0x14	; 20
   0343 14                  887 	.db #0x14	; 20
   0344 00                  888 	.db #0x00	; 0
   0345 28                  889 	.db #0x28	; 40
   0346 00                  890 	.db #0x00	; 0
   0347 00                  891 	.db #0x00	; 0
   0348 14                  892 	.db #0x14	; 20
   0349 28                  893 	.db #0x28	; 40
   034A 14                  894 	.db #0x14	; 20
   034B 14                  895 	.db #0x14	; 20
   034C 14                  896 	.db #0x14	; 20
   034D 14                  897 	.db #0x14	; 20
   034E 28                  898 	.db #0x28	; 40
   034F 28                  899 	.db #0x28	; 40
   0350 00                  900 	.db #0x00	; 0
   0351 00                  901 	.db #0x00	; 0
   0352 14                  902 	.db #0x14	; 20
   0353 00                  903 	.db #0x00	; 0
   0354 14                  904 	.db #0x14	; 20
   0355 14                  905 	.db #0x14	; 20
   0356 14                  906 	.db #0x14	; 20
   0357 00                  907 	.db #0x00	; 0
   0358 28                  908 	.db #0x28	; 40
   0359 28                  909 	.db #0x28	; 40
   035A 00                  910 	.db #0x00	; 0
   035B 00                  911 	.db #0x00	; 0
   035C 04                  912 	.db #0x04	; 4
   035D 00                  913 	.db #0x00	; 0
   035E 3C                  914 	.db #0x3c	; 60
   035F 14                  915 	.db #0x14	; 20
   0360 00                  916 	.db #0x00	; 0
   0361 28                  917 	.db #0x28	; 40
   0362 28                  918 	.db #0x28	; 40
   0363 08                  919 	.db #0x08	; 8
   0364 00                  920 	.db #0x00	; 0
   0365 00                  921 	.db #0x00	; 0
   0366 00                  922 	.db #0x00	; 0
   0367 08                  923 	.db #0x08	; 8
   0368 28                  924 	.db #0x28	; 40
   0369 00                  925 	.db #0x00	; 0
   036A 28                  926 	.db #0x28	; 40
   036B 28                  927 	.db #0x28	; 40
   036C 28                  928 	.db #0x28	; 40
   036D 08                  929 	.db #0x08	; 8
   036E 00                  930 	.db #0x00	; 0
   036F 00                  931 	.db #0x00	; 0
   0370 00                  932 	.db #0x00	; 0
   0371 00                  933 	.db #0x00	; 0
   0372 28                  934 	.db #0x28	; 40
   0373 00                  935 	.db #0x00	; 0
   0374 28                  936 	.db #0x28	; 40
   0375 28                  937 	.db #0x28	; 40
   0376 28                  938 	.db #0x28	; 40
   0377 00                  939 	.db #0x00	; 0
   0378 00                  940 	.db #0x00	; 0
   0379 00                  941 	.db #0x00	; 0
   037A 00                  942 	.db #0x00	; 0
   037B 00                  943 	.db #0x00	; 0
   037C 28                  944 	.db #0x28	; 40
   037D 14                  945 	.db #0x14	; 20
   037E 00                  946 	.db #0x00	; 0
   037F 28                  947 	.db #0x28	; 40
   0380 14                  948 	.db #0x14	; 20
   0381 00                  949 	.db #0x00	; 0
   0382 00                  950 	.db #0x00	; 0
   0383 00                  951 	.db #0x00	; 0
   0384 00                  952 	.db #0x00	; 0
   0385 00                  953 	.db #0x00	; 0
   0386 08                  954 	.db #0x08	; 8
   0387 14                  955 	.db #0x14	; 20
   0388 00                  956 	.db #0x00	; 0
   0389 14                  957 	.db #0x14	; 20
   038A 04                  958 	.db #0x04	; 4
   038B 00                  959 	.db #0x00	; 0
   038C 00                  960 	.db #0x00	; 0
   038D 00                  961 	.db #0x00	; 0
   038E 00                  962 	.db #0x00	; 0
   038F 04                  963 	.db #0x04	; 4
   0390 08                  964 	.db #0x08	; 8
   0391 04                  965 	.db #0x04	; 4
   0392 08                  966 	.db #0x08	; 8
   0393 04                  967 	.db #0x04	; 4
   0394 04                  968 	.db #0x04	; 4
   0395 08                  969 	.db #0x08	; 8
   0396 00                  970 	.db #0x00	; 0
   0397 00                  971 	.db #0x00	; 0
   0398 00                  972 	.db #0x00	; 0
   0399 00                  973 	.db #0x00	; 0
   039A 00                  974 	.db #0x00	; 0
   039B 00                  975 	.db #0x00	; 0
   039C 04                  976 	.db #0x04	; 4
   039D 04                  977 	.db #0x04	; 4
   039E 00                  978 	.db #0x00	; 0
   039F 00                  979 	.db #0x00	; 0
   03A0 00                  980 	.db #0x00	; 0
   03A1 00                  981 	.db #0x00	; 0
   03A2 00                  982 	.db #0x00	; 0
   03A3 00                  983 	.db #0x00	; 0
   03A4 00                  984 	.db #0x00	; 0
   03A5 00                  985 	.db #0x00	; 0
   03A6 00                  986 	.db #0x00	; 0
   03A7 00                  987 	.db #0x00	; 0
   03A8 00                  988 	.db #0x00	; 0
   03A9 00                  989 	.db #0x00	; 0
   03AA 00                  990 	.db #0x00	; 0
   03AB 00                  991 	.db #0x00	; 0
   03AC 00                  992 	.db #0x00	; 0
   03AD 00                  993 	.db #0x00	; 0
   03AE 00                  994 	.db #0x00	; 0
   03AF 00                  995 	.db #0x00	; 0
   03B0 00                  996 	.db #0x00	; 0
   03B1 00                  997 	.db #0x00	; 0
   03B2 00                  998 	.db #0x00	; 0
   03B3 00                  999 	.db #0x00	; 0
   03B4 00                 1000 	.db #0x00	; 0
   03B5 00                 1001 	.db #0x00	; 0
   03B6 00                 1002 	.db #0x00	; 0
   03B7 00                 1003 	.db #0x00	; 0
   03B8 00                 1004 	.db #0x00	; 0
   03B9 00                 1005 	.db #0x00	; 0
   03BA 00                 1006 	.db #0x00	; 0
   03BB 00                 1007 	.db #0x00	; 0
   03BC 00                 1008 	.db #0x00	; 0
   03BD 00                 1009 	.db #0x00	; 0
   03BE 00                 1010 	.db #0x00	; 0
   03BF 00                 1011 	.db #0x00	; 0
   03C0                    1012 _spr_alien_p_3:
   03C0 00                 1013 	.db #0x00	; 0
   03C1 00                 1014 	.db #0x00	; 0
   03C2 00                 1015 	.db #0x00	; 0
   03C3 00                 1016 	.db #0x00	; 0
   03C4 00                 1017 	.db #0x00	; 0
   03C5 00                 1018 	.db #0x00	; 0
   03C6 00                 1019 	.db #0x00	; 0
   03C7 00                 1020 	.db #0x00	; 0
   03C8 00                 1021 	.db #0x00	; 0
   03C9 00                 1022 	.db #0x00	; 0
   03CA 00                 1023 	.db #0x00	; 0
   03CB 00                 1024 	.db #0x00	; 0
   03CC 00                 1025 	.db #0x00	; 0
   03CD 00                 1026 	.db #0x00	; 0
   03CE 00                 1027 	.db #0x00	; 0
   03CF 00                 1028 	.db #0x00	; 0
   03D0 00                 1029 	.db #0x00	; 0
   03D1 00                 1030 	.db #0x00	; 0
   03D2 00                 1031 	.db #0x00	; 0
   03D3 00                 1032 	.db #0x00	; 0
   03D4 00                 1033 	.db #0x00	; 0
   03D5 00                 1034 	.db #0x00	; 0
   03D6 00                 1035 	.db #0x00	; 0
   03D7 00                 1036 	.db #0x00	; 0
   03D8 00                 1037 	.db #0x00	; 0
   03D9 00                 1038 	.db #0x00	; 0
   03DA 00                 1039 	.db #0x00	; 0
   03DB 00                 1040 	.db #0x00	; 0
   03DC 00                 1041 	.db #0x00	; 0
   03DD 00                 1042 	.db #0x00	; 0
   03DE 00                 1043 	.db #0x00	; 0
   03DF 44                 1044 	.db #0x44	; 68	'D'
   03E0 20                 1045 	.db #0x20	; 32
   03E1 00                 1046 	.db #0x00	; 0
   03E2 00                 1047 	.db #0x00	; 0
   03E3 00                 1048 	.db #0x00	; 0
   03E4 00                 1049 	.db #0x00	; 0
   03E5 00                 1050 	.db #0x00	; 0
   03E6 00                 1051 	.db #0x00	; 0
   03E7 00                 1052 	.db #0x00	; 0
   03E8 01                 1053 	.db #0x01	; 1
   03E9 12                 1054 	.db #0x12	; 18
   03EA 10                 1055 	.db #0x10	; 16
   03EB 00                 1056 	.db #0x00	; 0
   03EC 00                 1057 	.db #0x00	; 0
   03ED 00                 1058 	.db #0x00	; 0
   03EE 00                 1059 	.db #0x00	; 0
   03EF 00                 1060 	.db #0x00	; 0
   03F0 00                 1061 	.db #0x00	; 0
   03F1 00                 1062 	.db #0x00	; 0
   03F2 01                 1063 	.db #0x01	; 1
   03F3 00                 1064 	.db #0x00	; 0
   03F4 CC                 1065 	.db #0xcc	; 204
   03F5 00                 1066 	.db #0x00	; 0
   03F6 00                 1067 	.db #0x00	; 0
   03F7 30                 1068 	.db #0x30	; 48	'0'
   03F8 03                 1069 	.db #0x03	; 3
   03F9 00                 1070 	.db #0x00	; 0
   03FA 00                 1071 	.db #0x00	; 0
   03FB 00                 1072 	.db #0x00	; 0
   03FC 09                 1073 	.db #0x09	; 9
   03FD 08                 1074 	.db #0x08	; 8
   03FE F0                 1075 	.db #0xf0	; 240
   03FF E4                 1076 	.db #0xe4	; 228
   0400 00                 1077 	.db #0x00	; 0
   0401 44                 1078 	.db #0x44	; 68	'D'
   0402 01                 1079 	.db #0x01	; 1
   0403 00                 1080 	.db #0x00	; 0
   0404 00                 1081 	.db #0x00	; 0
   0405 00                 1082 	.db #0x00	; 0
   0406 04                 1083 	.db #0x04	; 4
   0407 28                 1084 	.db #0x28	; 40
   0408 E5                 1085 	.db #0xe5	; 229
   0409 8B                 1086 	.db #0x8b	; 139
   040A 64                 1087 	.db #0x64	; 100	'd'
   040B 44                 1088 	.db #0x44	; 68	'D'
   040C 01                 1089 	.db #0x01	; 1
   040D 00                 1090 	.db #0x00	; 0
   040E 00                 1091 	.db #0x00	; 0
   040F 00                 1092 	.db #0x00	; 0
   0410 00                 1093 	.db #0x00	; 0
   0411 50                 1094 	.db #0x50	; 80	'P'
   0412 E5                 1095 	.db #0xe5	; 229
   0413 ED                 1096 	.db #0xed	; 237
   0414 A8                 1097 	.db #0xa8	; 168
   0415 88                 1098 	.db #0x88	; 136
   0416 1C                 1099 	.db #0x1c	; 28
   0417 08                 1100 	.db #0x08	; 8
   0418 00                 1101 	.db #0x00	; 0
   0419 00                 1102 	.db #0x00	; 0
   041A 00                 1103 	.db #0x00	; 0
   041B 50                 1104 	.db #0x50	; 80	'P'
   041C DA                 1105 	.db #0xda	; 218
   041D FC                 1106 	.db #0xfc	; 252
   041E B8                 1107 	.db #0xb8	; 184
   041F 88                 1108 	.db #0x88	; 136
   0420 06                 1109 	.db #0x06	; 6
   0421 00                 1110 	.db #0x00	; 0
   0422 00                 1111 	.db #0x00	; 0
   0423 00                 1112 	.db #0x00	; 0
   0424 00                 1113 	.db #0x00	; 0
   0425 F0                 1114 	.db #0xf0	; 240
   0426 E5                 1115 	.db #0xe5	; 229
   0427 DE                 1116 	.db #0xde	; 222
   0428 CF                 1117 	.db #0xcf	; 207
   0429 46                 1118 	.db #0x46	; 70	'F'
   042A 00                 1119 	.db #0x00	; 0
   042B 00                 1120 	.db #0x00	; 0
   042C 00                 1121 	.db #0x00	; 0
   042D 00                 1122 	.db #0x00	; 0
   042E 00                 1123 	.db #0x00	; 0
   042F F0                 1124 	.db #0xf0	; 240
   0430 CF                 1125 	.db #0xcf	; 207
   0431 A9                 1126 	.db #0xa9	; 169
   0432 A9                 1127 	.db #0xa9	; 169
   0433 02                 1128 	.db #0x02	; 2
   0434 00                 1129 	.db #0x00	; 0
   0435 00                 1130 	.db #0x00	; 0
   0436 00                 1131 	.db #0x00	; 0
   0437 00                 1132 	.db #0x00	; 0
   0438 00                 1133 	.db #0x00	; 0
   0439 F0                 1134 	.db #0xf0	; 240
   043A DA                 1135 	.db #0xda	; 218
   043B DE                 1136 	.db #0xde	; 222
   043C FC                 1137 	.db #0xfc	; 252
   043D A9                 1138 	.db #0xa9	; 169
   043E 30                 1139 	.db #0x30	; 48	'0'
   043F 00                 1140 	.db #0x00	; 0
   0440 00                 1141 	.db #0x00	; 0
   0441 00                 1142 	.db #0x00	; 0
   0442 00                 1143 	.db #0x00	; 0
   0443 F0                 1144 	.db #0xf0	; 240
   0444 E5                 1145 	.db #0xe5	; 229
   0445 03                 1146 	.db #0x03	; 3
   0446 03                 1147 	.db #0x03	; 3
   0447 56                 1148 	.db #0x56	; 86	'V'
   0448 46                 1149 	.db #0x46	; 70	'F'
   0449 20                 1150 	.db #0x20	; 32
   044A 00                 1151 	.db #0x00	; 0
   044B 00                 1152 	.db #0x00	; 0
   044C 00                 1153 	.db #0x00	; 0
   044D 50                 1154 	.db #0x50	; 80	'P'
   044E A1                 1155 	.db #0xa1	; 161
   044F DE                 1156 	.db #0xde	; 222
   0450 FC                 1157 	.db #0xfc	; 252
   0451 A9                 1158 	.db #0xa9	; 169
   0452 9A                 1159 	.db #0x9a	; 154
   0453 00                 1160 	.db #0x00	; 0
   0454 00                 1161 	.db #0x00	; 0
   0455 00                 1162 	.db #0x00	; 0
   0456 00                 1163 	.db #0x00	; 0
   0457 3C                 1164 	.db #0x3c	; 60
   0458 F0                 1165 	.db #0xf0	; 240
   0459 DE                 1166 	.db #0xde	; 222
   045A DE                 1167 	.db #0xde	; 222
   045B 56                 1168 	.db #0x56	; 86	'V'
   045C A0                 1169 	.db #0xa0	; 160
   045D 88                 1170 	.db #0x88	; 136
   045E 00                 1171 	.db #0x00	; 0
   045F 00                 1172 	.db #0x00	; 0
   0460 00                 1173 	.db #0x00	; 0
   0461 28                 1174 	.db #0x28	; 40
   0462 50                 1175 	.db #0x50	; 80	'P'
   0463 E5                 1176 	.db #0xe5	; 229
   0464 ED                 1177 	.db #0xed	; 237
   0465 F0                 1178 	.db #0xf0	; 240
   0466 20                 1179 	.db #0x20	; 32
   0467 28                 1180 	.db #0x28	; 40
   0468 00                 1181 	.db #0x00	; 0
   0469 00                 1182 	.db #0x00	; 0
   046A 00                 1183 	.db #0x00	; 0
   046B 28                 1184 	.db #0x28	; 40
   046C 14                 1185 	.db #0x14	; 20
   046D 14                 1186 	.db #0x14	; 20
   046E 14                 1187 	.db #0x14	; 20
   046F 10                 1188 	.db #0x10	; 16
   0470 88                 1189 	.db #0x88	; 136
   0471 28                 1190 	.db #0x28	; 40
   0472 00                 1191 	.db #0x00	; 0
   0473 00                 1192 	.db #0x00	; 0
   0474 00                 1193 	.db #0x00	; 0
   0475 28                 1194 	.db #0x28	; 40
   0476 14                 1195 	.db #0x14	; 20
   0477 14                 1196 	.db #0x14	; 20
   0478 14                 1197 	.db #0x14	; 20
   0479 28                 1198 	.db #0x28	; 40
   047A 20                 1199 	.db #0x20	; 32
   047B 28                 1200 	.db #0x28	; 40
   047C 00                 1201 	.db #0x00	; 0
   047D 00                 1202 	.db #0x00	; 0
   047E 00                 1203 	.db #0x00	; 0
   047F 28                 1204 	.db #0x28	; 40
   0480 14                 1205 	.db #0x14	; 20
   0481 14                 1206 	.db #0x14	; 20
   0482 00                 1207 	.db #0x00	; 0
   0483 28                 1208 	.db #0x28	; 40
   0484 44                 1209 	.db #0x44	; 68	'D'
   0485 28                 1210 	.db #0x28	; 40
   0486 00                 1211 	.db #0x00	; 0
   0487 00                 1212 	.db #0x00	; 0
   0488 00                 1213 	.db #0x00	; 0
   0489 08                 1214 	.db #0x08	; 8
   048A 14                 1215 	.db #0x14	; 20
   048B 14                 1216 	.db #0x14	; 20
   048C 00                 1217 	.db #0x00	; 0
   048D 28                 1218 	.db #0x28	; 40
   048E 44                 1219 	.db #0x44	; 68	'D'
   048F 08                 1220 	.db #0x08	; 8
   0490 00                 1221 	.db #0x00	; 0
   0491 00                 1222 	.db #0x00	; 0
   0492 04                 1223 	.db #0x04	; 4
   0493 00                 1224 	.db #0x00	; 0
   0494 3C                 1225 	.db #0x3c	; 60
   0495 14                 1226 	.db #0x14	; 20
   0496 00                 1227 	.db #0x00	; 0
   0497 28                 1228 	.db #0x28	; 40
   0498 6C                 1229 	.db #0x6c	; 108	'l'
   0499 00                 1230 	.db #0x00	; 0
   049A 00                 1231 	.db #0x00	; 0
   049B 00                 1232 	.db #0x00	; 0
   049C 00                 1233 	.db #0x00	; 0
   049D 00                 1234 	.db #0x00	; 0
   049E 28                 1235 	.db #0x28	; 40
   049F 14                 1236 	.db #0x14	; 20
   04A0 00                 1237 	.db #0x00	; 0
   04A1 28                 1238 	.db #0x28	; 40
   04A2 14                 1239 	.db #0x14	; 20
   04A3 00                 1240 	.db #0x00	; 0
   04A4 00                 1241 	.db #0x00	; 0
   04A5 00                 1242 	.db #0x00	; 0
   04A6 00                 1243 	.db #0x00	; 0
   04A7 00                 1244 	.db #0x00	; 0
   04A8 28                 1245 	.db #0x28	; 40
   04A9 14                 1246 	.db #0x14	; 20
   04AA 00                 1247 	.db #0x00	; 0
   04AB 14                 1248 	.db #0x14	; 20
   04AC 14                 1249 	.db #0x14	; 20
   04AD 00                 1250 	.db #0x00	; 0
   04AE 00                 1251 	.db #0x00	; 0
   04AF 00                 1252 	.db #0x00	; 0
   04B0 00                 1253 	.db #0x00	; 0
   04B1 14                 1254 	.db #0x14	; 20
   04B2 00                 1255 	.db #0x00	; 0
   04B3 14                 1256 	.db #0x14	; 20
   04B4 00                 1257 	.db #0x00	; 0
   04B5 14                 1258 	.db #0x14	; 20
   04B6 14                 1259 	.db #0x14	; 20
   04B7 00                 1260 	.db #0x00	; 0
   04B8 00                 1261 	.db #0x00	; 0
   04B9 00                 1262 	.db #0x00	; 0
   04BA 00                 1263 	.db #0x00	; 0
   04BB 14                 1264 	.db #0x14	; 20
   04BC 00                 1265 	.db #0x00	; 0
   04BD 14                 1266 	.db #0x14	; 20
   04BE 28                 1267 	.db #0x28	; 40
   04BF 14                 1268 	.db #0x14	; 20
   04C0 14                 1269 	.db #0x14	; 20
   04C1 00                 1270 	.db #0x00	; 0
   04C2 00                 1271 	.db #0x00	; 0
   04C3 00                 1272 	.db #0x00	; 0
   04C4 00                 1273 	.db #0x00	; 0
   04C5 0C                 1274 	.db #0x0c	; 12
   04C6 00                 1275 	.db #0x00	; 0
   04C7 00                 1276 	.db #0x00	; 0
   04C8 28                 1277 	.db #0x28	; 40
   04C9 14                 1278 	.db #0x14	; 20
   04CA 04                 1279 	.db #0x04	; 4
   04CB 00                 1280 	.db #0x00	; 0
   04CC 00                 1281 	.db #0x00	; 0
   04CD 00                 1282 	.db #0x00	; 0
   04CE 00                 1283 	.db #0x00	; 0
   04CF 08                 1284 	.db #0x08	; 8
   04D0 00                 1285 	.db #0x00	; 0
   04D1 00                 1286 	.db #0x00	; 0
   04D2 08                 1287 	.db #0x08	; 8
   04D3 04                 1288 	.db #0x04	; 4
   04D4 00                 1289 	.db #0x00	; 0
   04D5 08                 1290 	.db #0x08	; 8
   04D6 00                 1291 	.db #0x00	; 0
   04D7 00                 1292 	.db #0x00	; 0
   04D8 00                 1293 	.db #0x00	; 0
   04D9 00                 1294 	.db #0x00	; 0
   04DA 00                 1295 	.db #0x00	; 0
   04DB 00                 1296 	.db #0x00	; 0
   04DC 08                 1297 	.db #0x08	; 8
   04DD 08                 1298 	.db #0x08	; 8
   04DE 00                 1299 	.db #0x00	; 0
   04DF 08                 1300 	.db #0x08	; 8
   04E0 00                 1301 	.db #0x00	; 0
   04E1 00                 1302 	.db #0x00	; 0
   04E2 00                 1303 	.db #0x00	; 0
   04E3 00                 1304 	.db #0x00	; 0
   04E4 00                 1305 	.db #0x00	; 0
   04E5 00                 1306 	.db #0x00	; 0
   04E6 00                 1307 	.db #0x00	; 0
   04E7 00                 1308 	.db #0x00	; 0
   04E8 00                 1309 	.db #0x00	; 0
   04E9 00                 1310 	.db #0x00	; 0
   04EA 00                 1311 	.db #0x00	; 0
   04EB 00                 1312 	.db #0x00	; 0
   04EC 00                 1313 	.db #0x00	; 0
   04ED 00                 1314 	.db #0x00	; 0
   04EE 00                 1315 	.db #0x00	; 0
   04EF 00                 1316 	.db #0x00	; 0
   04F0 00                 1317 	.db #0x00	; 0
   04F1 00                 1318 	.db #0x00	; 0
   04F2 00                 1319 	.db #0x00	; 0
   04F3 00                 1320 	.db #0x00	; 0
   04F4 00                 1321 	.db #0x00	; 0
   04F5 00                 1322 	.db #0x00	; 0
   04F6 00                 1323 	.db #0x00	; 0
   04F7 00                 1324 	.db #0x00	; 0
   04F8 00                 1325 	.db #0x00	; 0
   04F9 00                 1326 	.db #0x00	; 0
   04FA 00                 1327 	.db #0x00	; 0
   04FB 00                 1328 	.db #0x00	; 0
   04FC 00                 1329 	.db #0x00	; 0
   04FD 00                 1330 	.db #0x00	; 0
   04FE 00                 1331 	.db #0x00	; 0
   04FF 00                 1332 	.db #0x00	; 0
   0500                    1333 _spr_alien_p_4:
   0500 00                 1334 	.db #0x00	; 0
   0501 00                 1335 	.db #0x00	; 0
   0502 00                 1336 	.db #0x00	; 0
   0503 00                 1337 	.db #0x00	; 0
   0504 00                 1338 	.db #0x00	; 0
   0505 00                 1339 	.db #0x00	; 0
   0506 00                 1340 	.db #0x00	; 0
   0507 00                 1341 	.db #0x00	; 0
   0508 00                 1342 	.db #0x00	; 0
   0509 00                 1343 	.db #0x00	; 0
   050A 00                 1344 	.db #0x00	; 0
   050B 00                 1345 	.db #0x00	; 0
   050C 00                 1346 	.db #0x00	; 0
   050D 00                 1347 	.db #0x00	; 0
   050E 00                 1348 	.db #0x00	; 0
   050F 00                 1349 	.db #0x00	; 0
   0510 00                 1350 	.db #0x00	; 0
   0511 00                 1351 	.db #0x00	; 0
   0512 00                 1352 	.db #0x00	; 0
   0513 00                 1353 	.db #0x00	; 0
   0514 00                 1354 	.db #0x00	; 0
   0515 00                 1355 	.db #0x00	; 0
   0516 00                 1356 	.db #0x00	; 0
   0517 00                 1357 	.db #0x00	; 0
   0518 00                 1358 	.db #0x00	; 0
   0519 00                 1359 	.db #0x00	; 0
   051A 00                 1360 	.db #0x00	; 0
   051B 00                 1361 	.db #0x00	; 0
   051C 00                 1362 	.db #0x00	; 0
   051D 00                 1363 	.db #0x00	; 0
   051E 00                 1364 	.db #0x00	; 0
   051F 00                 1365 	.db #0x00	; 0
   0520 00                 1366 	.db #0x00	; 0
   0521 00                 1367 	.db #0x00	; 0
   0522 00                 1368 	.db #0x00	; 0
   0523 00                 1369 	.db #0x00	; 0
   0524 00                 1370 	.db #0x00	; 0
   0525 00                 1371 	.db #0x00	; 0
   0526 00                 1372 	.db #0x00	; 0
   0527 00                 1373 	.db #0x00	; 0
   0528 00                 1374 	.db #0x00	; 0
   0529 00                 1375 	.db #0x00	; 0
   052A 00                 1376 	.db #0x00	; 0
   052B 00                 1377 	.db #0x00	; 0
   052C 00                 1378 	.db #0x00	; 0
   052D 00                 1379 	.db #0x00	; 0
   052E 00                 1380 	.db #0x00	; 0
   052F 00                 1381 	.db #0x00	; 0
   0530 00                 1382 	.db #0x00	; 0
   0531 00                 1383 	.db #0x00	; 0
   0532 00                 1384 	.db #0x00	; 0
   0533 00                 1385 	.db #0x00	; 0
   0534 00                 1386 	.db #0x00	; 0
   0535 00                 1387 	.db #0x00	; 0
   0536 00                 1388 	.db #0x00	; 0
   0537 00                 1389 	.db #0x00	; 0
   0538 00                 1390 	.db #0x00	; 0
   0539 00                 1391 	.db #0x00	; 0
   053A 00                 1392 	.db #0x00	; 0
   053B 00                 1393 	.db #0x00	; 0
   053C 00                 1394 	.db #0x00	; 0
   053D 00                 1395 	.db #0x00	; 0
   053E 00                 1396 	.db #0x00	; 0
   053F 00                 1397 	.db #0x00	; 0
   0540 00                 1398 	.db #0x00	; 0
   0541 00                 1399 	.db #0x00	; 0
   0542 00                 1400 	.db #0x00	; 0
   0543 00                 1401 	.db #0x00	; 0
   0544 00                 1402 	.db #0x00	; 0
   0545 00                 1403 	.db #0x00	; 0
   0546 00                 1404 	.db #0x00	; 0
   0547 00                 1405 	.db #0x00	; 0
   0548 00                 1406 	.db #0x00	; 0
   0549 00                 1407 	.db #0x00	; 0
   054A 00                 1408 	.db #0x00	; 0
   054B 00                 1409 	.db #0x00	; 0
   054C 00                 1410 	.db #0x00	; 0
   054D 00                 1411 	.db #0x00	; 0
   054E 00                 1412 	.db #0x00	; 0
   054F 00                 1413 	.db #0x00	; 0
   0550 00                 1414 	.db #0x00	; 0
   0551 00                 1415 	.db #0x00	; 0
   0552 00                 1416 	.db #0x00	; 0
   0553 00                 1417 	.db #0x00	; 0
   0554 00                 1418 	.db #0x00	; 0
   0555 00                 1419 	.db #0x00	; 0
   0556 00                 1420 	.db #0x00	; 0
   0557 00                 1421 	.db #0x00	; 0
   0558 00                 1422 	.db #0x00	; 0
   0559 00                 1423 	.db #0x00	; 0
   055A 00                 1424 	.db #0x00	; 0
   055B 00                 1425 	.db #0x00	; 0
   055C 00                 1426 	.db #0x00	; 0
   055D 00                 1427 	.db #0x00	; 0
   055E 00                 1428 	.db #0x00	; 0
   055F 00                 1429 	.db #0x00	; 0
   0560 00                 1430 	.db #0x00	; 0
   0561 00                 1431 	.db #0x00	; 0
   0562 00                 1432 	.db #0x00	; 0
   0563 00                 1433 	.db #0x00	; 0
   0564 00                 1434 	.db #0x00	; 0
   0565 00                 1435 	.db #0x00	; 0
   0566 00                 1436 	.db #0x00	; 0
   0567 00                 1437 	.db #0x00	; 0
   0568 00                 1438 	.db #0x00	; 0
   0569 00                 1439 	.db #0x00	; 0
   056A 00                 1440 	.db #0x00	; 0
   056B 00                 1441 	.db #0x00	; 0
   056C 00                 1442 	.db #0x00	; 0
   056D 00                 1443 	.db #0x00	; 0
   056E 00                 1444 	.db #0x00	; 0
   056F 00                 1445 	.db #0x00	; 0
   0570 00                 1446 	.db #0x00	; 0
   0571 00                 1447 	.db #0x00	; 0
   0572 00                 1448 	.db #0x00	; 0
   0573 00                 1449 	.db #0x00	; 0
   0574 00                 1450 	.db #0x00	; 0
   0575 00                 1451 	.db #0x00	; 0
   0576 00                 1452 	.db #0x00	; 0
   0577 00                 1453 	.db #0x00	; 0
   0578 00                 1454 	.db #0x00	; 0
   0579 44                 1455 	.db #0x44	; 68	'D'
   057A 20                 1456 	.db #0x20	; 32
   057B 00                 1457 	.db #0x00	; 0
   057C 00                 1458 	.db #0x00	; 0
   057D 00                 1459 	.db #0x00	; 0
   057E 00                 1460 	.db #0x00	; 0
   057F 00                 1461 	.db #0x00	; 0
   0580 00                 1462 	.db #0x00	; 0
   0581 00                 1463 	.db #0x00	; 0
   0582 01                 1464 	.db #0x01	; 1
   0583 12                 1465 	.db #0x12	; 18
   0584 10                 1466 	.db #0x10	; 16
   0585 00                 1467 	.db #0x00	; 0
   0586 00                 1468 	.db #0x00	; 0
   0587 00                 1469 	.db #0x00	; 0
   0588 00                 1470 	.db #0x00	; 0
   0589 00                 1471 	.db #0x00	; 0
   058A 00                 1472 	.db #0x00	; 0
   058B 00                 1473 	.db #0x00	; 0
   058C 01                 1474 	.db #0x01	; 1
   058D 00                 1475 	.db #0x00	; 0
   058E CC                 1476 	.db #0xcc	; 204
   058F 00                 1477 	.db #0x00	; 0
   0590 00                 1478 	.db #0x00	; 0
   0591 30                 1479 	.db #0x30	; 48	'0'
   0592 03                 1480 	.db #0x03	; 3
   0593 00                 1481 	.db #0x00	; 0
   0594 00                 1482 	.db #0x00	; 0
   0595 00                 1483 	.db #0x00	; 0
   0596 09                 1484 	.db #0x09	; 9
   0597 08                 1485 	.db #0x08	; 8
   0598 F0                 1486 	.db #0xf0	; 240
   0599 E4                 1487 	.db #0xe4	; 228
   059A 00                 1488 	.db #0x00	; 0
   059B 44                 1489 	.db #0x44	; 68	'D'
   059C 01                 1490 	.db #0x01	; 1
   059D 00                 1491 	.db #0x00	; 0
   059E 00                 1492 	.db #0x00	; 0
   059F 00                 1493 	.db #0x00	; 0
   05A0 04                 1494 	.db #0x04	; 4
   05A1 28                 1495 	.db #0x28	; 40
   05A2 E5                 1496 	.db #0xe5	; 229
   05A3 8B                 1497 	.db #0x8b	; 139
   05A4 64                 1498 	.db #0x64	; 100	'd'
   05A5 44                 1499 	.db #0x44	; 68	'D'
   05A6 01                 1500 	.db #0x01	; 1
   05A7 00                 1501 	.db #0x00	; 0
   05A8 00                 1502 	.db #0x00	; 0
   05A9 00                 1503 	.db #0x00	; 0
   05AA 00                 1504 	.db #0x00	; 0
   05AB 50                 1505 	.db #0x50	; 80	'P'
   05AC E5                 1506 	.db #0xe5	; 229
   05AD ED                 1507 	.db #0xed	; 237
   05AE A8                 1508 	.db #0xa8	; 168
   05AF 88                 1509 	.db #0x88	; 136
   05B0 1C                 1510 	.db #0x1c	; 28
   05B1 08                 1511 	.db #0x08	; 8
   05B2 00                 1512 	.db #0x00	; 0
   05B3 00                 1513 	.db #0x00	; 0
   05B4 00                 1514 	.db #0x00	; 0
   05B5 50                 1515 	.db #0x50	; 80	'P'
   05B6 DA                 1516 	.db #0xda	; 218
   05B7 FC                 1517 	.db #0xfc	; 252
   05B8 B8                 1518 	.db #0xb8	; 184
   05B9 88                 1519 	.db #0x88	; 136
   05BA 06                 1520 	.db #0x06	; 6
   05BB 00                 1521 	.db #0x00	; 0
   05BC 00                 1522 	.db #0x00	; 0
   05BD 00                 1523 	.db #0x00	; 0
   05BE 00                 1524 	.db #0x00	; 0
   05BF 50                 1525 	.db #0x50	; 80	'P'
   05C0 E5                 1526 	.db #0xe5	; 229
   05C1 DE                 1527 	.db #0xde	; 222
   05C2 CF                 1528 	.db #0xcf	; 207
   05C3 46                 1529 	.db #0x46	; 70	'F'
   05C4 00                 1530 	.db #0x00	; 0
   05C5 00                 1531 	.db #0x00	; 0
   05C6 00                 1532 	.db #0x00	; 0
   05C7 00                 1533 	.db #0x00	; 0
   05C8 00                 1534 	.db #0x00	; 0
   05C9 10                 1535 	.db #0x10	; 16
   05CA CF                 1536 	.db #0xcf	; 207
   05CB A9                 1537 	.db #0xa9	; 169
   05CC A9                 1538 	.db #0xa9	; 169
   05CD 02                 1539 	.db #0x02	; 2
   05CE 00                 1540 	.db #0x00	; 0
   05CF 00                 1541 	.db #0x00	; 0
   05D0 00                 1542 	.db #0x00	; 0
   05D1 00                 1543 	.db #0x00	; 0
   05D2 00                 1544 	.db #0x00	; 0
   05D3 A0                 1545 	.db #0xa0	; 160
   05D4 30                 1546 	.db #0x30	; 48	'0'
   05D5 DE                 1547 	.db #0xde	; 222
   05D6 FC                 1548 	.db #0xfc	; 252
   05D7 A9                 1549 	.db #0xa9	; 169
   05D8 30                 1550 	.db #0x30	; 48	'0'
   05D9 00                 1551 	.db #0x00	; 0
   05DA 00                 1552 	.db #0x00	; 0
   05DB 00                 1553 	.db #0x00	; 0
   05DC 00                 1554 	.db #0x00	; 0
   05DD 44                 1555 	.db #0x44	; 68	'D'
   05DE 98                 1556 	.db #0x98	; 152
   05DF 21                 1557 	.db #0x21	; 33
   05E0 03                 1558 	.db #0x03	; 3
   05E1 56                 1559 	.db #0x56	; 86	'V'
   05E2 46                 1560 	.db #0x46	; 70	'F'
   05E3 20                 1561 	.db #0x20	; 32
   05E4 00                 1562 	.db #0x00	; 0
   05E5 00                 1563 	.db #0x00	; 0
   05E6 00                 1564 	.db #0x00	; 0
   05E7 00                 1565 	.db #0x00	; 0
   05E8 00                 1566 	.db #0x00	; 0
   05E9 DC                 1567 	.db #0xdc	; 220
   05EA FC                 1568 	.db #0xfc	; 252
   05EB A9                 1569 	.db #0xa9	; 169
   05EC 9A                 1570 	.db #0x9a	; 154
   05ED 00                 1571 	.db #0x00	; 0
   05EE 00                 1572 	.db #0x00	; 0
   05EF 00                 1573 	.db #0x00	; 0
   05F0 00                 1574 	.db #0x00	; 0
   05F1 44                 1575 	.db #0x44	; 68	'D'
   05F2 10                 1576 	.db #0x10	; 16
   05F3 98                 1577 	.db #0x98	; 152
   05F4 DE                 1578 	.db #0xde	; 222
   05F5 56                 1579 	.db #0x56	; 86	'V'
   05F6 A0                 1580 	.db #0xa0	; 160
   05F7 88                 1581 	.db #0x88	; 136
   05F8 00                 1582 	.db #0x00	; 0
   05F9 00                 1583 	.db #0x00	; 0
   05FA 00                 1584 	.db #0x00	; 0
   05FB 00                 1585 	.db #0x00	; 0
   05FC 88                 1586 	.db #0x88	; 136
   05FD 88                 1587 	.db #0x88	; 136
   05FE ED                 1588 	.db #0xed	; 237
   05FF F0                 1589 	.db #0xf0	; 240
   0600 20                 1590 	.db #0x20	; 32
   0601 00                 1591 	.db #0x00	; 0
   0602 00                 1592 	.db #0x00	; 0
   0603 00                 1593 	.db #0x00	; 0
   0604 00                 1594 	.db #0x00	; 0
   0605 00                 1595 	.db #0x00	; 0
   0606 44                 1596 	.db #0x44	; 68	'D'
   0607 98                 1597 	.db #0x98	; 152
   0608 00                 1598 	.db #0x00	; 0
   0609 10                 1599 	.db #0x10	; 16
   060A 88                 1600 	.db #0x88	; 136
   060B 00                 1601 	.db #0x00	; 0
   060C 00                 1602 	.db #0x00	; 0
   060D 00                 1603 	.db #0x00	; 0
   060E 00                 1604 	.db #0x00	; 0
   060F 14                 1605 	.db #0x14	; 20
   0610 00                 1606 	.db #0x00	; 0
   0611 00                 1607 	.db #0x00	; 0
   0612 00                 1608 	.db #0x00	; 0
   0613 00                 1609 	.db #0x00	; 0
   0614 20                 1610 	.db #0x20	; 32
   0615 00                 1611 	.db #0x00	; 0
   0616 00                 1612 	.db #0x00	; 0
   0617 00                 1613 	.db #0x00	; 0
   0618 00                 1614 	.db #0x00	; 0
   0619 3C                 1615 	.db #0x3c	; 60
   061A 14                 1616 	.db #0x14	; 20
   061B 44                 1617 	.db #0x44	; 68	'D'
   061C 00                 1618 	.db #0x00	; 0
   061D 28                 1619 	.db #0x28	; 40
   061E 44                 1620 	.db #0x44	; 68	'D'
   061F 00                 1621 	.db #0x00	; 0
   0620 00                 1622 	.db #0x00	; 0
   0621 00                 1623 	.db #0x00	; 0
   0622 04                 1624 	.db #0x04	; 4
   0623 00                 1625 	.db #0x00	; 0
   0624 14                 1626 	.db #0x14	; 20
   0625 00                 1627 	.db #0x00	; 0
   0626 28                 1628 	.db #0x28	; 40
   0627 28                 1629 	.db #0x28	; 40
   0628 44                 1630 	.db #0x44	; 68	'D'
   0629 00                 1631 	.db #0x00	; 0
   062A 00                 1632 	.db #0x00	; 0
   062B 00                 1633 	.db #0x00	; 0
   062C 00                 1634 	.db #0x00	; 0
   062D 00                 1635 	.db #0x00	; 0
   062E 00                 1636 	.db #0x00	; 0
   062F 28                 1637 	.db #0x28	; 40
   0630 14                 1638 	.db #0x14	; 20
   0631 14                 1639 	.db #0x14	; 20
   0632 44                 1640 	.db #0x44	; 68	'D'
   0633 00                 1641 	.db #0x00	; 0
   0634 00                 1642 	.db #0x00	; 0
   0635 00                 1643 	.db #0x00	; 0
   0636 00                 1644 	.db #0x00	; 0
   0637 00                 1645 	.db #0x00	; 0
   0638 00                 1646 	.db #0x00	; 0
   0639 08                 1647 	.db #0x08	; 8
   063A 04                 1648 	.db #0x04	; 4
   063B 00                 1649 	.db #0x00	; 0
   063C 08                 1650 	.db #0x08	; 8
   063D 00                 1651 	.db #0x00	; 0
   063E 00                 1652 	.db #0x00	; 0
   063F 00                 1653 	.db #0x00	; 0
   0640                    1654 _spr_alien_p_5:
   0640 00                 1655 	.db #0x00	; 0
   0641 00                 1656 	.db #0x00	; 0
   0642 00                 1657 	.db #0x00	; 0
   0643 00                 1658 	.db #0x00	; 0
   0644 00                 1659 	.db #0x00	; 0
   0645 00                 1660 	.db #0x00	; 0
   0646 00                 1661 	.db #0x00	; 0
   0647 00                 1662 	.db #0x00	; 0
   0648 00                 1663 	.db #0x00	; 0
   0649 00                 1664 	.db #0x00	; 0
   064A 00                 1665 	.db #0x00	; 0
   064B 00                 1666 	.db #0x00	; 0
   064C 00                 1667 	.db #0x00	; 0
   064D 00                 1668 	.db #0x00	; 0
   064E 00                 1669 	.db #0x00	; 0
   064F 00                 1670 	.db #0x00	; 0
   0650 00                 1671 	.db #0x00	; 0
   0651 00                 1672 	.db #0x00	; 0
   0652 00                 1673 	.db #0x00	; 0
   0653 00                 1674 	.db #0x00	; 0
   0654 00                 1675 	.db #0x00	; 0
   0655 00                 1676 	.db #0x00	; 0
   0656 00                 1677 	.db #0x00	; 0
   0657 00                 1678 	.db #0x00	; 0
   0658 00                 1679 	.db #0x00	; 0
   0659 00                 1680 	.db #0x00	; 0
   065A 00                 1681 	.db #0x00	; 0
   065B 00                 1682 	.db #0x00	; 0
   065C 00                 1683 	.db #0x00	; 0
   065D 00                 1684 	.db #0x00	; 0
   065E 00                 1685 	.db #0x00	; 0
   065F 00                 1686 	.db #0x00	; 0
   0660 00                 1687 	.db #0x00	; 0
   0661 00                 1688 	.db #0x00	; 0
   0662 00                 1689 	.db #0x00	; 0
   0663 00                 1690 	.db #0x00	; 0
   0664 00                 1691 	.db #0x00	; 0
   0665 00                 1692 	.db #0x00	; 0
   0666 00                 1693 	.db #0x00	; 0
   0667 00                 1694 	.db #0x00	; 0
   0668 00                 1695 	.db #0x00	; 0
   0669 00                 1696 	.db #0x00	; 0
   066A 00                 1697 	.db #0x00	; 0
   066B 00                 1698 	.db #0x00	; 0
   066C 00                 1699 	.db #0x00	; 0
   066D 00                 1700 	.db #0x00	; 0
   066E 00                 1701 	.db #0x00	; 0
   066F 00                 1702 	.db #0x00	; 0
   0670 00                 1703 	.db #0x00	; 0
   0671 00                 1704 	.db #0x00	; 0
   0672 00                 1705 	.db #0x00	; 0
   0673 00                 1706 	.db #0x00	; 0
   0674 00                 1707 	.db #0x00	; 0
   0675 00                 1708 	.db #0x00	; 0
   0676 00                 1709 	.db #0x00	; 0
   0677 00                 1710 	.db #0x00	; 0
   0678 00                 1711 	.db #0x00	; 0
   0679 00                 1712 	.db #0x00	; 0
   067A 00                 1713 	.db #0x00	; 0
   067B 00                 1714 	.db #0x00	; 0
   067C 00                 1715 	.db #0x00	; 0
   067D 00                 1716 	.db #0x00	; 0
   067E 00                 1717 	.db #0x00	; 0
   067F 00                 1718 	.db #0x00	; 0
   0680 00                 1719 	.db #0x00	; 0
   0681 00                 1720 	.db #0x00	; 0
   0682 00                 1721 	.db #0x00	; 0
   0683 00                 1722 	.db #0x00	; 0
   0684 00                 1723 	.db #0x00	; 0
   0685 00                 1724 	.db #0x00	; 0
   0686 00                 1725 	.db #0x00	; 0
   0687 00                 1726 	.db #0x00	; 0
   0688 00                 1727 	.db #0x00	; 0
   0689 00                 1728 	.db #0x00	; 0
   068A 00                 1729 	.db #0x00	; 0
   068B 00                 1730 	.db #0x00	; 0
   068C 00                 1731 	.db #0x00	; 0
   068D 00                 1732 	.db #0x00	; 0
   068E 00                 1733 	.db #0x00	; 0
   068F 00                 1734 	.db #0x00	; 0
   0690 00                 1735 	.db #0x00	; 0
   0691 00                 1736 	.db #0x00	; 0
   0692 00                 1737 	.db #0x00	; 0
   0693 00                 1738 	.db #0x00	; 0
   0694 00                 1739 	.db #0x00	; 0
   0695 00                 1740 	.db #0x00	; 0
   0696 00                 1741 	.db #0x00	; 0
   0697 00                 1742 	.db #0x00	; 0
   0698 00                 1743 	.db #0x00	; 0
   0699 00                 1744 	.db #0x00	; 0
   069A 00                 1745 	.db #0x00	; 0
   069B 00                 1746 	.db #0x00	; 0
   069C 00                 1747 	.db #0x00	; 0
   069D 00                 1748 	.db #0x00	; 0
   069E 00                 1749 	.db #0x00	; 0
   069F 00                 1750 	.db #0x00	; 0
   06A0 00                 1751 	.db #0x00	; 0
   06A1 00                 1752 	.db #0x00	; 0
   06A2 00                 1753 	.db #0x00	; 0
   06A3 00                 1754 	.db #0x00	; 0
   06A4 00                 1755 	.db #0x00	; 0
   06A5 00                 1756 	.db #0x00	; 0
   06A6 00                 1757 	.db #0x00	; 0
   06A7 00                 1758 	.db #0x00	; 0
   06A8 00                 1759 	.db #0x00	; 0
   06A9 00                 1760 	.db #0x00	; 0
   06AA 00                 1761 	.db #0x00	; 0
   06AB 00                 1762 	.db #0x00	; 0
   06AC 00                 1763 	.db #0x00	; 0
   06AD 00                 1764 	.db #0x00	; 0
   06AE 00                 1765 	.db #0x00	; 0
   06AF 00                 1766 	.db #0x00	; 0
   06B0 00                 1767 	.db #0x00	; 0
   06B1 00                 1768 	.db #0x00	; 0
   06B2 00                 1769 	.db #0x00	; 0
   06B3 00                 1770 	.db #0x00	; 0
   06B4 00                 1771 	.db #0x00	; 0
   06B5 00                 1772 	.db #0x00	; 0
   06B6 00                 1773 	.db #0x00	; 0
   06B7 00                 1774 	.db #0x00	; 0
   06B8 00                 1775 	.db #0x00	; 0
   06B9 00                 1776 	.db #0x00	; 0
   06BA 00                 1777 	.db #0x00	; 0
   06BB 00                 1778 	.db #0x00	; 0
   06BC 00                 1779 	.db #0x00	; 0
   06BD 00                 1780 	.db #0x00	; 0
   06BE 00                 1781 	.db #0x00	; 0
   06BF 00                 1782 	.db #0x00	; 0
   06C0 00                 1783 	.db #0x00	; 0
   06C1 00                 1784 	.db #0x00	; 0
   06C2 00                 1785 	.db #0x00	; 0
   06C3 00                 1786 	.db #0x00	; 0
   06C4 00                 1787 	.db #0x00	; 0
   06C5 00                 1788 	.db #0x00	; 0
   06C6 00                 1789 	.db #0x00	; 0
   06C7 00                 1790 	.db #0x00	; 0
   06C8 00                 1791 	.db #0x00	; 0
   06C9 00                 1792 	.db #0x00	; 0
   06CA 00                 1793 	.db #0x00	; 0
   06CB 00                 1794 	.db #0x00	; 0
   06CC 00                 1795 	.db #0x00	; 0
   06CD 00                 1796 	.db #0x00	; 0
   06CE 00                 1797 	.db #0x00	; 0
   06CF 00                 1798 	.db #0x00	; 0
   06D0 00                 1799 	.db #0x00	; 0
   06D1 00                 1800 	.db #0x00	; 0
   06D2 00                 1801 	.db #0x00	; 0
   06D3 00                 1802 	.db #0x00	; 0
   06D4 00                 1803 	.db #0x00	; 0
   06D5 00                 1804 	.db #0x00	; 0
   06D6 00                 1805 	.db #0x00	; 0
   06D7 00                 1806 	.db #0x00	; 0
   06D8 00                 1807 	.db #0x00	; 0
   06D9 00                 1808 	.db #0x00	; 0
   06DA 00                 1809 	.db #0x00	; 0
   06DB 00                 1810 	.db #0x00	; 0
   06DC 00                 1811 	.db #0x00	; 0
   06DD 00                 1812 	.db #0x00	; 0
   06DE 00                 1813 	.db #0x00	; 0
   06DF 00                 1814 	.db #0x00	; 0
   06E0 00                 1815 	.db #0x00	; 0
   06E1 00                 1816 	.db #0x00	; 0
   06E2 00                 1817 	.db #0x00	; 0
   06E3 00                 1818 	.db #0x00	; 0
   06E4 00                 1819 	.db #0x00	; 0
   06E5 00                 1820 	.db #0x00	; 0
   06E6 00                 1821 	.db #0x00	; 0
   06E7 00                 1822 	.db #0x00	; 0
   06E8 00                 1823 	.db #0x00	; 0
   06E9 00                 1824 	.db #0x00	; 0
   06EA 00                 1825 	.db #0x00	; 0
   06EB 00                 1826 	.db #0x00	; 0
   06EC 00                 1827 	.db #0x00	; 0
   06ED 00                 1828 	.db #0x00	; 0
   06EE 00                 1829 	.db #0x00	; 0
   06EF 00                 1830 	.db #0x00	; 0
   06F0 00                 1831 	.db #0x00	; 0
   06F1 00                 1832 	.db #0x00	; 0
   06F2 00                 1833 	.db #0x00	; 0
   06F3 00                 1834 	.db #0x00	; 0
   06F4 00                 1835 	.db #0x00	; 0
   06F5 00                 1836 	.db #0x00	; 0
   06F6 00                 1837 	.db #0x00	; 0
   06F7 00                 1838 	.db #0x00	; 0
   06F8 00                 1839 	.db #0x00	; 0
   06F9 00                 1840 	.db #0x00	; 0
   06FA 00                 1841 	.db #0x00	; 0
   06FB 00                 1842 	.db #0x00	; 0
   06FC 00                 1843 	.db #0x00	; 0
   06FD 00                 1844 	.db #0x00	; 0
   06FE 00                 1845 	.db #0x00	; 0
   06FF 00                 1846 	.db #0x00	; 0
   0700 00                 1847 	.db #0x00	; 0
   0701 00                 1848 	.db #0x00	; 0
   0702 00                 1849 	.db #0x00	; 0
   0703 00                 1850 	.db #0x00	; 0
   0704 00                 1851 	.db #0x00	; 0
   0705 00                 1852 	.db #0x00	; 0
   0706 00                 1853 	.db #0x00	; 0
   0707 00                 1854 	.db #0x00	; 0
   0708 00                 1855 	.db #0x00	; 0
   0709 00                 1856 	.db #0x00	; 0
   070A 00                 1857 	.db #0x00	; 0
   070B 00                 1858 	.db #0x00	; 0
   070C 00                 1859 	.db #0x00	; 0
   070D 00                 1860 	.db #0x00	; 0
   070E 00                 1861 	.db #0x00	; 0
   070F 00                 1862 	.db #0x00	; 0
   0710 00                 1863 	.db #0x00	; 0
   0711 00                 1864 	.db #0x00	; 0
   0712 00                 1865 	.db #0x00	; 0
   0713 00                 1866 	.db #0x00	; 0
   0714 00                 1867 	.db #0x00	; 0
   0715 00                 1868 	.db #0x00	; 0
   0716 00                 1869 	.db #0x00	; 0
   0717 00                 1870 	.db #0x00	; 0
   0718 00                 1871 	.db #0x00	; 0
   0719 00                 1872 	.db #0x00	; 0
   071A 00                 1873 	.db #0x00	; 0
   071B 00                 1874 	.db #0x00	; 0
   071C 00                 1875 	.db #0x00	; 0
   071D 00                 1876 	.db #0x00	; 0
   071E 00                 1877 	.db #0x00	; 0
   071F 00                 1878 	.db #0x00	; 0
   0720 00                 1879 	.db #0x00	; 0
   0721 00                 1880 	.db #0x00	; 0
   0722 00                 1881 	.db #0x00	; 0
   0723 00                 1882 	.db #0x00	; 0
   0724 00                 1883 	.db #0x00	; 0
   0725 00                 1884 	.db #0x00	; 0
   0726 00                 1885 	.db #0x00	; 0
   0727 00                 1886 	.db #0x00	; 0
   0728 00                 1887 	.db #0x00	; 0
   0729 00                 1888 	.db #0x00	; 0
   072A 00                 1889 	.db #0x00	; 0
   072B 00                 1890 	.db #0x00	; 0
   072C 00                 1891 	.db #0x00	; 0
   072D 00                 1892 	.db #0x00	; 0
   072E 00                 1893 	.db #0x00	; 0
   072F 00                 1894 	.db #0x00	; 0
   0730 00                 1895 	.db #0x00	; 0
   0731 00                 1896 	.db #0x00	; 0
   0732 00                 1897 	.db #0x00	; 0
   0733 00                 1898 	.db #0x00	; 0
   0734 00                 1899 	.db #0x00	; 0
   0735 00                 1900 	.db #0x00	; 0
   0736 00                 1901 	.db #0x00	; 0
   0737 00                 1902 	.db #0x00	; 0
   0738 00                 1903 	.db #0x00	; 0
   0739 00                 1904 	.db #0x00	; 0
   073A 00                 1905 	.db #0x00	; 0
   073B 00                 1906 	.db #0x00	; 0
   073C 00                 1907 	.db #0x00	; 0
   073D 00                 1908 	.db #0x00	; 0
   073E 00                 1909 	.db #0x00	; 0
   073F 00                 1910 	.db #0x00	; 0
   0740 00                 1911 	.db #0x00	; 0
   0741 00                 1912 	.db #0x00	; 0
   0742 00                 1913 	.db #0x00	; 0
   0743 00                 1914 	.db #0x00	; 0
   0744 00                 1915 	.db #0x00	; 0
   0745 00                 1916 	.db #0x00	; 0
   0746 00                 1917 	.db #0x00	; 0
   0747 00                 1918 	.db #0x00	; 0
   0748 00                 1919 	.db #0x00	; 0
   0749 00                 1920 	.db #0x00	; 0
   074A 00                 1921 	.db #0x00	; 0
   074B 00                 1922 	.db #0x00	; 0
   074C 00                 1923 	.db #0x00	; 0
   074D 00                 1924 	.db #0x00	; 0
   074E 00                 1925 	.db #0x00	; 0
   074F 00                 1926 	.db #0x00	; 0
   0750 00                 1927 	.db #0x00	; 0
   0751 00                 1928 	.db #0x00	; 0
   0752 00                 1929 	.db #0x00	; 0
   0753 00                 1930 	.db #0x00	; 0
   0754 00                 1931 	.db #0x00	; 0
   0755 00                 1932 	.db #0x00	; 0
   0756 00                 1933 	.db #0x00	; 0
   0757 00                 1934 	.db #0x00	; 0
   0758 00                 1935 	.db #0x00	; 0
   0759 00                 1936 	.db #0x00	; 0
   075A 00                 1937 	.db #0x00	; 0
   075B 00                 1938 	.db #0x00	; 0
   075C 00                 1939 	.db #0x00	; 0
   075D 00                 1940 	.db #0x00	; 0
   075E 00                 1941 	.db #0x00	; 0
   075F 00                 1942 	.db #0x00	; 0
   0760 00                 1943 	.db #0x00	; 0
   0761 00                 1944 	.db #0x00	; 0
   0762 00                 1945 	.db #0x00	; 0
   0763 00                 1946 	.db #0x00	; 0
   0764 00                 1947 	.db #0x00	; 0
   0765 00                 1948 	.db #0x00	; 0
   0766 00                 1949 	.db #0x00	; 0
   0767 00                 1950 	.db #0x00	; 0
   0768 00                 1951 	.db #0x00	; 0
   0769 00                 1952 	.db #0x00	; 0
   076A 00                 1953 	.db #0x00	; 0
   076B 00                 1954 	.db #0x00	; 0
   076C 00                 1955 	.db #0x00	; 0
   076D 00                 1956 	.db #0x00	; 0
   076E 00                 1957 	.db #0x00	; 0
   076F 00                 1958 	.db #0x00	; 0
   0770 00                 1959 	.db #0x00	; 0
   0771 00                 1960 	.db #0x00	; 0
   0772 00                 1961 	.db #0x00	; 0
   0773 00                 1962 	.db #0x00	; 0
   0774 00                 1963 	.db #0x00	; 0
   0775 00                 1964 	.db #0x00	; 0
   0776 00                 1965 	.db #0x00	; 0
   0777 00                 1966 	.db #0x00	; 0
   0778 00                 1967 	.db #0x00	; 0
   0779 00                 1968 	.db #0x00	; 0
   077A 00                 1969 	.db #0x00	; 0
   077B 00                 1970 	.db #0x00	; 0
   077C 00                 1971 	.db #0x00	; 0
   077D 00                 1972 	.db #0x00	; 0
   077E 00                 1973 	.db #0x00	; 0
   077F 00                 1974 	.db #0x00	; 0
                           1975 	.area _INITIALIZER
                           1976 	.area _CABS (ABS)
