                              1 ;--------------------------------------------------------
                              2 ; File Created by SDCC : free open source ANSI-C Compiler
                              3 ; Version 3.6.8 #9946 (Linux)
                              4 ;--------------------------------------------------------
                              5 	.module Alien2v2_completo
                              6 	.optsdcc -mz80
                              7 	
                              8 ;--------------------------------------------------------
                              9 ; Public variables in this module
                             10 ;--------------------------------------------------------
                             11 	.globl _spr_alien_o_5
                             12 	.globl _spr_alien_o_4
                             13 	.globl _spr_alien_o_3
                             14 	.globl _spr_alien_o_2
                             15 	.globl _spr_alien_o_1
                             16 	.globl _spr_alien_o_0
                             17 ;--------------------------------------------------------
                             18 ; special function registers
                             19 ;--------------------------------------------------------
                             20 ;--------------------------------------------------------
                             21 ; ram data
                             22 ;--------------------------------------------------------
                             23 	.area _DATA
                             24 ;--------------------------------------------------------
                             25 ; ram data
                             26 ;--------------------------------------------------------
                             27 	.area _INITIALIZED
                             28 ;--------------------------------------------------------
                             29 ; absolute external ram data
                             30 ;--------------------------------------------------------
                             31 	.area _DABS (ABS)
                             32 ;--------------------------------------------------------
                             33 ; global & static initialisations
                             34 ;--------------------------------------------------------
                             35 	.area _HOME
                             36 	.area _GSINIT
                             37 	.area _GSFINAL
                             38 	.area _GSINIT
                             39 ;--------------------------------------------------------
                             40 ; Home
                             41 ;--------------------------------------------------------
                             42 	.area _HOME
                             43 	.area _HOME
                             44 ;--------------------------------------------------------
                             45 ; code
                             46 ;--------------------------------------------------------
                             47 	.area _CODE
                             48 	.area _CODE
   0000                      49 _spr_alien_o_0:
   0000 00                   50 	.db #0x00	; 0
   0001 00                   51 	.db #0x00	; 0
   0002 00                   52 	.db #0x00	; 0
   0003 00                   53 	.db #0x00	; 0
   0004 00                   54 	.db #0x00	; 0
   0005 00                   55 	.db #0x00	; 0
   0006 00                   56 	.db #0x00	; 0
   0007 00                   57 	.db #0x00	; 0
   0008 00                   58 	.db #0x00	; 0
   0009 00                   59 	.db #0x00	; 0
   000A 00                   60 	.db #0x00	; 0
   000B 00                   61 	.db #0x00	; 0
   000C 00                   62 	.db #0x00	; 0
   000D 00                   63 	.db #0x00	; 0
   000E 00                   64 	.db #0x00	; 0
   000F 00                   65 	.db #0x00	; 0
   0010 00                   66 	.db #0x00	; 0
   0011 00                   67 	.db #0x00	; 0
   0012 00                   68 	.db #0x00	; 0
   0013 00                   69 	.db #0x00	; 0
   0014 00                   70 	.db #0x00	; 0
   0015 00                   71 	.db #0x00	; 0
   0016 00                   72 	.db #0x00	; 0
   0017 00                   73 	.db #0x00	; 0
   0018 00                   74 	.db #0x00	; 0
   0019 00                   75 	.db #0x00	; 0
   001A 00                   76 	.db #0x00	; 0
   001B 00                   77 	.db #0x00	; 0
   001C 00                   78 	.db #0x00	; 0
   001D 00                   79 	.db #0x00	; 0
   001E 00                   80 	.db #0x00	; 0
   001F 00                   81 	.db #0x00	; 0
   0020 00                   82 	.db #0x00	; 0
   0021 00                   83 	.db #0x00	; 0
   0022 00                   84 	.db #0x00	; 0
   0023 00                   85 	.db #0x00	; 0
   0024 00                   86 	.db #0x00	; 0
   0025 00                   87 	.db #0x00	; 0
   0026 00                   88 	.db #0x00	; 0
   0027 00                   89 	.db #0x00	; 0
   0028 00                   90 	.db #0x00	; 0
   0029 00                   91 	.db #0x00	; 0
   002A 00                   92 	.db #0x00	; 0
   002B 00                   93 	.db #0x00	; 0
   002C 00                   94 	.db #0x00	; 0
   002D 00                   95 	.db #0x00	; 0
   002E 00                   96 	.db #0x00	; 0
   002F 00                   97 	.db #0x00	; 0
   0030 00                   98 	.db #0x00	; 0
   0031 00                   99 	.db #0x00	; 0
   0032 00                  100 	.db #0x00	; 0
   0033 00                  101 	.db #0x00	; 0
   0034 00                  102 	.db #0x00	; 0
   0035 F0                  103 	.db #0xf0	; 240
   0036 F0                  104 	.db #0xf0	; 240
   0037 00                  105 	.db #0x00	; 0
   0038 00                  106 	.db #0x00	; 0
   0039 00                  107 	.db #0x00	; 0
   003A 00                  108 	.db #0x00	; 0
   003B 00                  109 	.db #0x00	; 0
   003C 00                  110 	.db #0x00	; 0
   003D 00                  111 	.db #0x00	; 0
   003E 50                  112 	.db #0x50	; 80	'P'
   003F AA                  113 	.db #0xaa	; 170
   0040 00                  114 	.db #0x00	; 0
   0041 A0                  115 	.db #0xa0	; 160
   0042 00                  116 	.db #0x00	; 0
   0043 00                  117 	.db #0x00	; 0
   0044 00                  118 	.db #0x00	; 0
   0045 00                  119 	.db #0x00	; 0
   0046 00                  120 	.db #0x00	; 0
   0047 00                  121 	.db #0x00	; 0
   0048 F5                  122 	.db #0xf5	; 245
   0049 00                  123 	.db #0x00	; 0
   004A 20                  124 	.db #0x20	; 32
   004B F8                  125 	.db #0xf8	; 248
   004C 00                  126 	.db #0x00	; 0
   004D 00                  127 	.db #0x00	; 0
   004E 00                  128 	.db #0x00	; 0
   004F 00                  129 	.db #0x00	; 0
   0050 00                  130 	.db #0x00	; 0
   0051 00                  131 	.db #0x00	; 0
   0052 F5                  132 	.db #0xf5	; 245
   0053 10                  133 	.db #0x10	; 16
   0054 BA                  134 	.db #0xba	; 186
   0055 50                  135 	.db #0x50	; 80	'P'
   0056 00                  136 	.db #0x00	; 0
   0057 00                  137 	.db #0x00	; 0
   0058 00                  138 	.db #0x00	; 0
   0059 00                  139 	.db #0x00	; 0
   005A 00                  140 	.db #0x00	; 0
   005B 50                  141 	.db #0x50	; 80	'P'
   005C AA                  142 	.db #0xaa	; 170
   005D 55                  143 	.db #0x55	; 85	'U'
   005E 30                  144 	.db #0x30	; 48	'0'
   005F 54                  145 	.db #0x54	; 84	'T'
   0060 A0                  146 	.db #0xa0	; 160
   0061 00                  147 	.db #0x00	; 0
   0062 00                  148 	.db #0x00	; 0
   0063 00                  149 	.db #0x00	; 0
   0064 00                  150 	.db #0x00	; 0
   0065 50                  151 	.db #0x50	; 80	'P'
   0066 00                  152 	.db #0x00	; 0
   0067 10                  153 	.db #0x10	; 16
   0068 30                  154 	.db #0x30	; 48	'0'
   0069 AA                  155 	.db #0xaa	; 170
   006A A0                  156 	.db #0xa0	; 160
   006B 00                  157 	.db #0x00	; 0
   006C 00                  158 	.db #0x00	; 0
   006D 00                  159 	.db #0x00	; 0
   006E 00                  160 	.db #0x00	; 0
   006F 50                  161 	.db #0x50	; 80	'P'
   0070 00                  162 	.db #0x00	; 0
   0071 10                  163 	.db #0x10	; 16
   0072 30                  164 	.db #0x30	; 48	'0'
   0073 00                  165 	.db #0x00	; 0
   0074 A0                  166 	.db #0xa0	; 160
   0075 00                  167 	.db #0x00	; 0
   0076 00                  168 	.db #0x00	; 0
   0077 00                  169 	.db #0x00	; 0
   0078 00                  170 	.db #0x00	; 0
   0079 F0                  171 	.db #0xf0	; 240
   007A 55                  172 	.db #0x55	; 85	'U'
   007B 00                  173 	.db #0x00	; 0
   007C 64                  174 	.db #0x64	; 100	'd'
   007D 00                  175 	.db #0x00	; 0
   007E F0                  176 	.db #0xf0	; 240
   007F 00                  177 	.db #0x00	; 0
   0080 00                  178 	.db #0x00	; 0
   0081 00                  179 	.db #0x00	; 0
   0082 00                  180 	.db #0x00	; 0
   0083 F4                  181 	.db #0xf4	; 244
   0084 30                  182 	.db #0x30	; 48	'0'
   0085 64                  183 	.db #0x64	; 100	'd'
   0086 88                  184 	.db #0x88	; 136
   0087 AA                  185 	.db #0xaa	; 170
   0088 F8                  186 	.db #0xf8	; 248
   0089 00                  187 	.db #0x00	; 0
   008A 00                  188 	.db #0x00	; 0
   008B 00                  189 	.db #0x00	; 0
   008C 00                  190 	.db #0x00	; 0
   008D F4                  191 	.db #0xf4	; 244
   008E BA                  192 	.db #0xba	; 186
   008F 64                  193 	.db #0x64	; 100	'd'
   0090 00                  194 	.db #0x00	; 0
   0091 30                  195 	.db #0x30	; 48	'0'
   0092 F8                  196 	.db #0xf8	; 248
   0093 00                  197 	.db #0x00	; 0
   0094 00                  198 	.db #0x00	; 0
   0095 00                  199 	.db #0x00	; 0
   0096 00                  200 	.db #0x00	; 0
   0097 A0                  201 	.db #0xa0	; 160
   0098 30                  202 	.db #0x30	; 48	'0'
   0099 64                  203 	.db #0x64	; 100	'd'
   009A 10                  204 	.db #0x10	; 16
   009B 75                  205 	.db #0x75	; 117	'u'
   009C F8                  206 	.db #0xf8	; 248
   009D 00                  207 	.db #0x00	; 0
   009E 00                  208 	.db #0x00	; 0
   009F 00                  209 	.db #0x00	; 0
   00A0 00                  210 	.db #0x00	; 0
   00A1 A0                  211 	.db #0xa0	; 160
   00A2 30                  212 	.db #0x30	; 48	'0'
   00A3 64                  213 	.db #0x64	; 100	'd'
   00A4 10                  214 	.db #0x10	; 16
   00A5 30                  215 	.db #0x30	; 48	'0'
   00A6 F8                  216 	.db #0xf8	; 248
   00A7 00                  217 	.db #0x00	; 0
   00A8 00                  218 	.db #0x00	; 0
   00A9 00                  219 	.db #0x00	; 0
   00AA 00                  220 	.db #0x00	; 0
   00AB A0                  221 	.db #0xa0	; 160
   00AC 98                  222 	.db #0x98	; 152
   00AD 44                  223 	.db #0x44	; 68	'D'
   00AE 10                  224 	.db #0x10	; 16
   00AF BA                  225 	.db #0xba	; 186
   00B0 50                  226 	.db #0x50	; 80	'P'
   00B1 00                  227 	.db #0x00	; 0
   00B2 00                  228 	.db #0x00	; 0
   00B3 00                  229 	.db #0x00	; 0
   00B4 00                  230 	.db #0x00	; 0
   00B5 A0                  231 	.db #0xa0	; 160
   00B6 CC                  232 	.db #0xcc	; 204
   00B7 CC                  233 	.db #0xcc	; 204
   00B8 10                  234 	.db #0x10	; 16
   00B9 20                  235 	.db #0x20	; 32
   00BA 50                  236 	.db #0x50	; 80	'P'
   00BB 00                  237 	.db #0x00	; 0
   00BC 00                  238 	.db #0x00	; 0
   00BD 00                  239 	.db #0x00	; 0
   00BE 00                  240 	.db #0x00	; 0
   00BF F4                  241 	.db #0xf4	; 244
   00C0 00                  242 	.db #0x00	; 0
   00C1 88                  243 	.db #0x88	; 136
   00C2 44                  244 	.db #0x44	; 68	'D'
   00C3 00                  245 	.db #0x00	; 0
   00C4 50                  246 	.db #0x50	; 80	'P'
   00C5 00                  247 	.db #0x00	; 0
   00C6 00                  248 	.db #0x00	; 0
   00C7 00                  249 	.db #0x00	; 0
   00C8 00                  250 	.db #0x00	; 0
   00C9 F4                  251 	.db #0xf4	; 244
   00CA F8                  252 	.db #0xf8	; 248
   00CB 88                  253 	.db #0x88	; 136
   00CC 44                  254 	.db #0x44	; 68	'D'
   00CD F4                  255 	.db #0xf4	; 244
   00CE F8                  256 	.db #0xf8	; 248
   00CF 00                  257 	.db #0x00	; 0
   00D0 00                  258 	.db #0x00	; 0
   00D1 00                  259 	.db #0x00	; 0
   00D2 50                  260 	.db #0x50	; 80	'P'
   00D3 F4                  261 	.db #0xf4	; 244
   00D4 F0                  262 	.db #0xf0	; 240
   00D5 CC                  263 	.db #0xcc	; 204
   00D6 CC                  264 	.db #0xcc	; 204
   00D7 F0                  265 	.db #0xf0	; 240
   00D8 F8                  266 	.db #0xf8	; 248
   00D9 A0                  267 	.db #0xa0	; 160
   00DA 00                  268 	.db #0x00	; 0
   00DB 00                  269 	.db #0x00	; 0
   00DC 00                  270 	.db #0x00	; 0
   00DD D8                  271 	.db #0xd8	; 216
   00DE A1                  272 	.db #0xa1	; 161
   00DF E4                  273 	.db #0xe4	; 228
   00E0 D8                  274 	.db #0xd8	; 216
   00E1 52                  275 	.db #0x52	; 82	'R'
   00E2 E4                  276 	.db #0xe4	; 228
   00E3 00                  277 	.db #0x00	; 0
   00E4 00                  278 	.db #0x00	; 0
   00E5 00                  279 	.db #0x00	; 0
   00E6 00                  280 	.db #0x00	; 0
   00E7 CC                  281 	.db #0xcc	; 204
   00E8 F0                  282 	.db #0xf0	; 240
   00E9 52                  283 	.db #0x52	; 82	'R'
   00EA A1                  284 	.db #0xa1	; 161
   00EB F0                  285 	.db #0xf0	; 240
   00EC CC                  286 	.db #0xcc	; 204
   00ED 00                  287 	.db #0x00	; 0
   00EE 00                  288 	.db #0x00	; 0
   00EF 00                  289 	.db #0x00	; 0
   00F0 00                  290 	.db #0x00	; 0
   00F1 EE                  291 	.db #0xee	; 238
   00F2 88                  292 	.db #0x88	; 136
   00F3 F0                  293 	.db #0xf0	; 240
   00F4 F0                  294 	.db #0xf0	; 240
   00F5 44                  295 	.db #0x44	; 68	'D'
   00F6 DD                  296 	.db #0xdd	; 221
   00F7 00                  297 	.db #0x00	; 0
   00F8 00                  298 	.db #0x00	; 0
   00F9 00                  299 	.db #0x00	; 0
   00FA 00                  300 	.db #0x00	; 0
   00FB FF                  301 	.db #0xff	; 255
   00FC 02                  302 	.db #0x02	; 2
   00FD 00                  303 	.db #0x00	; 0
   00FE 00                  304 	.db #0x00	; 0
   00FF 01                  305 	.db #0x01	; 1
   0100 57                  306 	.db #0x57	; 87	'W'
   0101 00                  307 	.db #0x00	; 0
   0102 00                  308 	.db #0x00	; 0
   0103 00                  309 	.db #0x00	; 0
   0104 00                  310 	.db #0x00	; 0
   0105 FF                  311 	.db #0xff	; 255
   0106 02                  312 	.db #0x02	; 2
   0107 00                  313 	.db #0x00	; 0
   0108 00                  314 	.db #0x00	; 0
   0109 01                  315 	.db #0x01	; 1
   010A FF                  316 	.db #0xff	; 255
   010B 00                  317 	.db #0x00	; 0
   010C 00                  318 	.db #0x00	; 0
   010D 00                  319 	.db #0x00	; 0
   010E 00                  320 	.db #0x00	; 0
   010F 55                  321 	.db #0x55	; 85	'U'
   0110 02                  322 	.db #0x02	; 2
   0111 00                  323 	.db #0x00	; 0
   0112 00                  324 	.db #0x00	; 0
   0113 01                  325 	.db #0x01	; 1
   0114 AA                  326 	.db #0xaa	; 170
   0115 00                  327 	.db #0x00	; 0
   0116 00                  328 	.db #0x00	; 0
   0117 00                  329 	.db #0x00	; 0
   0118 00                  330 	.db #0x00	; 0
   0119 55                  331 	.db #0x55	; 85	'U'
   011A AA                  332 	.db #0xaa	; 170
   011B 00                  333 	.db #0x00	; 0
   011C 00                  334 	.db #0x00	; 0
   011D 55                  335 	.db #0x55	; 85	'U'
   011E AA                  336 	.db #0xaa	; 170
   011F 00                  337 	.db #0x00	; 0
   0120 00                  338 	.db #0x00	; 0
   0121 00                  339 	.db #0x00	; 0
   0122 00                  340 	.db #0x00	; 0
   0123 00                  341 	.db #0x00	; 0
   0124 FF                  342 	.db #0xff	; 255
   0125 00                  343 	.db #0x00	; 0
   0126 00                  344 	.db #0x00	; 0
   0127 FF                  345 	.db #0xff	; 255
   0128 00                  346 	.db #0x00	; 0
   0129 00                  347 	.db #0x00	; 0
   012A 00                  348 	.db #0x00	; 0
   012B 00                  349 	.db #0x00	; 0
   012C 00                  350 	.db #0x00	; 0
   012D 00                  351 	.db #0x00	; 0
   012E 55                  352 	.db #0x55	; 85	'U'
   012F AA                  353 	.db #0xaa	; 170
   0130 55                  354 	.db #0x55	; 85	'U'
   0131 AA                  355 	.db #0xaa	; 170
   0132 00                  356 	.db #0x00	; 0
   0133 00                  357 	.db #0x00	; 0
   0134 00                  358 	.db #0x00	; 0
   0135 00                  359 	.db #0x00	; 0
   0136 00                  360 	.db #0x00	; 0
   0137 00                  361 	.db #0x00	; 0
   0138 00                  362 	.db #0x00	; 0
   0139 00                  363 	.db #0x00	; 0
   013A 00                  364 	.db #0x00	; 0
   013B 00                  365 	.db #0x00	; 0
   013C 00                  366 	.db #0x00	; 0
   013D 00                  367 	.db #0x00	; 0
   013E 00                  368 	.db #0x00	; 0
   013F 00                  369 	.db #0x00	; 0
   0140                     370 _spr_alien_o_1:
   0140 00                  371 	.db #0x00	; 0
   0141 00                  372 	.db #0x00	; 0
   0142 00                  373 	.db #0x00	; 0
   0143 00                  374 	.db #0x00	; 0
   0144 00                  375 	.db #0x00	; 0
   0145 00                  376 	.db #0x00	; 0
   0146 00                  377 	.db #0x00	; 0
   0147 00                  378 	.db #0x00	; 0
   0148 00                  379 	.db #0x00	; 0
   0149 00                  380 	.db #0x00	; 0
   014A 00                  381 	.db #0x00	; 0
   014B 00                  382 	.db #0x00	; 0
   014C 00                  383 	.db #0x00	; 0
   014D 00                  384 	.db #0x00	; 0
   014E 00                  385 	.db #0x00	; 0
   014F 00                  386 	.db #0x00	; 0
   0150 00                  387 	.db #0x00	; 0
   0151 00                  388 	.db #0x00	; 0
   0152 00                  389 	.db #0x00	; 0
   0153 00                  390 	.db #0x00	; 0
   0154 00                  391 	.db #0x00	; 0
   0155 00                  392 	.db #0x00	; 0
   0156 00                  393 	.db #0x00	; 0
   0157 00                  394 	.db #0x00	; 0
   0158 00                  395 	.db #0x00	; 0
   0159 00                  396 	.db #0x00	; 0
   015A 00                  397 	.db #0x00	; 0
   015B 00                  398 	.db #0x00	; 0
   015C 00                  399 	.db #0x00	; 0
   015D 00                  400 	.db #0x00	; 0
   015E 00                  401 	.db #0x00	; 0
   015F 00                  402 	.db #0x00	; 0
   0160 00                  403 	.db #0x00	; 0
   0161 00                  404 	.db #0x00	; 0
   0162 00                  405 	.db #0x00	; 0
   0163 00                  406 	.db #0x00	; 0
   0164 00                  407 	.db #0x00	; 0
   0165 00                  408 	.db #0x00	; 0
   0166 00                  409 	.db #0x00	; 0
   0167 00                  410 	.db #0x00	; 0
   0168 00                  411 	.db #0x00	; 0
   0169 00                  412 	.db #0x00	; 0
   016A 00                  413 	.db #0x00	; 0
   016B 00                  414 	.db #0x00	; 0
   016C 00                  415 	.db #0x00	; 0
   016D 00                  416 	.db #0x00	; 0
   016E 00                  417 	.db #0x00	; 0
   016F 00                  418 	.db #0x00	; 0
   0170 00                  419 	.db #0x00	; 0
   0171 00                  420 	.db #0x00	; 0
   0172 00                  421 	.db #0x00	; 0
   0173 00                  422 	.db #0x00	; 0
   0174 00                  423 	.db #0x00	; 0
   0175 F0                  424 	.db #0xf0	; 240
   0176 F0                  425 	.db #0xf0	; 240
   0177 00                  426 	.db #0x00	; 0
   0178 00                  427 	.db #0x00	; 0
   0179 00                  428 	.db #0x00	; 0
   017A 00                  429 	.db #0x00	; 0
   017B 00                  430 	.db #0x00	; 0
   017C 00                  431 	.db #0x00	; 0
   017D 00                  432 	.db #0x00	; 0
   017E 50                  433 	.db #0x50	; 80	'P'
   017F AA                  434 	.db #0xaa	; 170
   0180 FC                  435 	.db #0xfc	; 252
   0181 A0                  436 	.db #0xa0	; 160
   0182 00                  437 	.db #0x00	; 0
   0183 00                  438 	.db #0x00	; 0
   0184 00                  439 	.db #0x00	; 0
   0185 00                  440 	.db #0x00	; 0
   0186 00                  441 	.db #0x00	; 0
   0187 00                  442 	.db #0x00	; 0
   0188 F5                  443 	.db #0xf5	; 245
   0189 00                  444 	.db #0x00	; 0
   018A AA                  445 	.db #0xaa	; 170
   018B F8                  446 	.db #0xf8	; 248
   018C 00                  447 	.db #0x00	; 0
   018D 00                  448 	.db #0x00	; 0
   018E 00                  449 	.db #0x00	; 0
   018F 00                  450 	.db #0x00	; 0
   0190 00                  451 	.db #0x00	; 0
   0191 00                  452 	.db #0x00	; 0
   0192 F5                  453 	.db #0xf5	; 245
   0193 10                  454 	.db #0x10	; 16
   0194 20                  455 	.db #0x20	; 32
   0195 50                  456 	.db #0x50	; 80	'P'
   0196 00                  457 	.db #0x00	; 0
   0197 00                  458 	.db #0x00	; 0
   0198 00                  459 	.db #0x00	; 0
   0199 00                  460 	.db #0x00	; 0
   019A 00                  461 	.db #0x00	; 0
   019B 50                  462 	.db #0x50	; 80	'P'
   019C AA                  463 	.db #0xaa	; 170
   019D 30                  464 	.db #0x30	; 48	'0'
   019E 30                  465 	.db #0x30	; 48	'0'
   019F 00                  466 	.db #0x00	; 0
   01A0 A0                  467 	.db #0xa0	; 160
   01A1 00                  468 	.db #0x00	; 0
   01A2 00                  469 	.db #0x00	; 0
   01A3 00                  470 	.db #0x00	; 0
   01A4 00                  471 	.db #0x00	; 0
   01A5 50                  472 	.db #0x50	; 80	'P'
   01A6 00                  473 	.db #0x00	; 0
   01A7 BA                  474 	.db #0xba	; 186
   01A8 20                  475 	.db #0x20	; 32
   01A9 00                  476 	.db #0x00	; 0
   01AA A0                  477 	.db #0xa0	; 160
   01AB 00                  478 	.db #0x00	; 0
   01AC 00                  479 	.db #0x00	; 0
   01AD 00                  480 	.db #0x00	; 0
   01AE 00                  481 	.db #0x00	; 0
   01AF 50                  482 	.db #0x50	; 80	'P'
   01B0 A8                  483 	.db #0xa8	; 168
   01B1 10                  484 	.db #0x10	; 16
   01B2 20                  485 	.db #0x20	; 32
   01B3 00                  486 	.db #0x00	; 0
   01B4 A0                  487 	.db #0xa0	; 160
   01B5 00                  488 	.db #0x00	; 0
   01B6 00                  489 	.db #0x00	; 0
   01B7 00                  490 	.db #0x00	; 0
   01B8 00                  491 	.db #0x00	; 0
   01B9 F0                  492 	.db #0xf0	; 240
   01BA A8                  493 	.db #0xa8	; 168
   01BB 00                  494 	.db #0x00	; 0
   01BC 20                  495 	.db #0x20	; 32
   01BD 00                  496 	.db #0x00	; 0
   01BE F0                  497 	.db #0xf0	; 240
   01BF 00                  498 	.db #0x00	; 0
   01C0 00                  499 	.db #0x00	; 0
   01C1 00                  500 	.db #0x00	; 0
   01C2 00                  501 	.db #0x00	; 0
   01C3 A0                  502 	.db #0xa0	; 160
   01C4 75                  503 	.db #0x75	; 117	'u'
   01C5 44                  504 	.db #0x44	; 68	'D'
   01C6 88                  505 	.db #0x88	; 136
   01C7 00                  506 	.db #0x00	; 0
   01C8 F8                  507 	.db #0xf8	; 248
   01C9 00                  508 	.db #0x00	; 0
   01CA 00                  509 	.db #0x00	; 0
   01CB 00                  510 	.db #0x00	; 0
   01CC 00                  511 	.db #0x00	; 0
   01CD A0                  512 	.db #0xa0	; 160
   01CE 30                  513 	.db #0x30	; 48	'0'
   01CF 44                  514 	.db #0x44	; 68	'D'
   01D0 10                  515 	.db #0x10	; 16
   01D1 00                  516 	.db #0x00	; 0
   01D2 F8                  517 	.db #0xf8	; 248
   01D3 00                  518 	.db #0x00	; 0
   01D4 00                  519 	.db #0x00	; 0
   01D5 00                  520 	.db #0x00	; 0
   01D6 00                  521 	.db #0x00	; 0
   01D7 B0                  522 	.db #0xb0	; 176
   01D8 30                  523 	.db #0x30	; 48	'0'
   01D9 64                  524 	.db #0x64	; 100	'd'
   01DA 30                  525 	.db #0x30	; 48	'0'
   01DB AA                  526 	.db #0xaa	; 170
   01DC F8                  527 	.db #0xf8	; 248
   01DD 00                  528 	.db #0x00	; 0
   01DE 00                  529 	.db #0x00	; 0
   01DF 00                  530 	.db #0x00	; 0
   01E0 00                  531 	.db #0x00	; 0
   01E1 F4                  532 	.db #0xf4	; 244
   01E2 BA                  533 	.db #0xba	; 186
   01E3 64                  534 	.db #0x64	; 100	'd'
   01E4 30                  535 	.db #0x30	; 48	'0'
   01E5 20                  536 	.db #0x20	; 32
   01E6 50                  537 	.db #0x50	; 80	'P'
   01E7 00                  538 	.db #0x00	; 0
   01E8 00                  539 	.db #0x00	; 0
   01E9 00                  540 	.db #0x00	; 0
   01EA 00                  541 	.db #0x00	; 0
   01EB A0                  542 	.db #0xa0	; 160
   01EC 98                  543 	.db #0x98	; 152
   01ED 44                  544 	.db #0x44	; 68	'D'
   01EE 30                  545 	.db #0x30	; 48	'0'
   01EF 20                  546 	.db #0x20	; 32
   01F0 50                  547 	.db #0x50	; 80	'P'
   01F1 00                  548 	.db #0x00	; 0
   01F2 00                  549 	.db #0x00	; 0
   01F3 00                  550 	.db #0x00	; 0
   01F4 00                  551 	.db #0x00	; 0
   01F5 A0                  552 	.db #0xa0	; 160
   01F6 CC                  553 	.db #0xcc	; 204
   01F7 CC                  554 	.db #0xcc	; 204
   01F8 BA                  555 	.db #0xba	; 186
   01F9 88                  556 	.db #0x88	; 136
   01FA 50                  557 	.db #0x50	; 80	'P'
   01FB 00                  558 	.db #0x00	; 0
   01FC 00                  559 	.db #0x00	; 0
   01FD 00                  560 	.db #0x00	; 0
   01FE 00                  561 	.db #0x00	; 0
   01FF F4                  562 	.db #0xf4	; 244
   0200 44                  563 	.db #0x44	; 68	'D'
   0201 CC                  564 	.db #0xcc	; 204
   0202 10                  565 	.db #0x10	; 16
   0203 88                  566 	.db #0x88	; 136
   0204 F8                  567 	.db #0xf8	; 248
   0205 00                  568 	.db #0x00	; 0
   0206 00                  569 	.db #0x00	; 0
   0207 00                  570 	.db #0x00	; 0
   0208 00                  571 	.db #0x00	; 0
   0209 F4                  572 	.db #0xf4	; 244
   020A F8                  573 	.db #0xf8	; 248
   020B CC                  574 	.db #0xcc	; 204
   020C 44                  575 	.db #0x44	; 68	'D'
   020D F4                  576 	.db #0xf4	; 244
   020E F8                  577 	.db #0xf8	; 248
   020F 00                  578 	.db #0x00	; 0
   0210 00                  579 	.db #0x00	; 0
   0211 00                  580 	.db #0x00	; 0
   0212 50                  581 	.db #0x50	; 80	'P'
   0213 F4                  582 	.db #0xf4	; 244
   0214 F0                  583 	.db #0xf0	; 240
   0215 44                  584 	.db #0x44	; 68	'D'
   0216 CC                  585 	.db #0xcc	; 204
   0217 F0                  586 	.db #0xf0	; 240
   0218 F8                  587 	.db #0xf8	; 248
   0219 A0                  588 	.db #0xa0	; 160
   021A 00                  589 	.db #0x00	; 0
   021B 00                  590 	.db #0x00	; 0
   021C 00                  591 	.db #0x00	; 0
   021D D8                  592 	.db #0xd8	; 216
   021E A1                  593 	.db #0xa1	; 161
   021F E4                  594 	.db #0xe4	; 228
   0220 D8                  595 	.db #0xd8	; 216
   0221 52                  596 	.db #0x52	; 82	'R'
   0222 E4                  597 	.db #0xe4	; 228
   0223 00                  598 	.db #0x00	; 0
   0224 00                  599 	.db #0x00	; 0
   0225 00                  600 	.db #0x00	; 0
   0226 00                  601 	.db #0x00	; 0
   0227 CC                  602 	.db #0xcc	; 204
   0228 F0                  603 	.db #0xf0	; 240
   0229 52                  604 	.db #0x52	; 82	'R'
   022A A1                  605 	.db #0xa1	; 161
   022B F0                  606 	.db #0xf0	; 240
   022C CC                  607 	.db #0xcc	; 204
   022D 00                  608 	.db #0x00	; 0
   022E 00                  609 	.db #0x00	; 0
   022F 00                  610 	.db #0x00	; 0
   0230 00                  611 	.db #0x00	; 0
   0231 EE                  612 	.db #0xee	; 238
   0232 88                  613 	.db #0x88	; 136
   0233 F0                  614 	.db #0xf0	; 240
   0234 F0                  615 	.db #0xf0	; 240
   0235 44                  616 	.db #0x44	; 68	'D'
   0236 DD                  617 	.db #0xdd	; 221
   0237 00                  618 	.db #0x00	; 0
   0238 00                  619 	.db #0x00	; 0
   0239 00                  620 	.db #0x00	; 0
   023A 00                  621 	.db #0x00	; 0
   023B 55                  622 	.db #0x55	; 85	'U'
   023C 02                  623 	.db #0x02	; 2
   023D 00                  624 	.db #0x00	; 0
   023E 00                  625 	.db #0x00	; 0
   023F 01                  626 	.db #0x01	; 1
   0240 02                  627 	.db #0x02	; 2
   0241 00                  628 	.db #0x00	; 0
   0242 00                  629 	.db #0x00	; 0
   0243 00                  630 	.db #0x00	; 0
   0244 00                  631 	.db #0x00	; 0
   0245 55                  632 	.db #0x55	; 85	'U'
   0246 02                  633 	.db #0x02	; 2
   0247 00                  634 	.db #0x00	; 0
   0248 00                  635 	.db #0x00	; 0
   0249 01                  636 	.db #0x01	; 1
   024A AA                  637 	.db #0xaa	; 170
   024B 00                  638 	.db #0x00	; 0
   024C 00                  639 	.db #0x00	; 0
   024D 00                  640 	.db #0x00	; 0
   024E 00                  641 	.db #0x00	; 0
   024F 55                  642 	.db #0x55	; 85	'U'
   0250 03                  643 	.db #0x03	; 3
   0251 00                  644 	.db #0x00	; 0
   0252 00                  645 	.db #0x00	; 0
   0253 03                  646 	.db #0x03	; 3
   0254 AA                  647 	.db #0xaa	; 170
   0255 00                  648 	.db #0x00	; 0
   0256 00                  649 	.db #0x00	; 0
   0257 00                  650 	.db #0x00	; 0
   0258 00                  651 	.db #0x00	; 0
   0259 00                  652 	.db #0x00	; 0
   025A AB                  653 	.db #0xab	; 171
   025B 00                  654 	.db #0x00	; 0
   025C 00                  655 	.db #0x00	; 0
   025D 57                  656 	.db #0x57	; 87	'W'
   025E 00                  657 	.db #0x00	; 0
   025F 00                  658 	.db #0x00	; 0
   0260 00                  659 	.db #0x00	; 0
   0261 00                  660 	.db #0x00	; 0
   0262 00                  661 	.db #0x00	; 0
   0263 00                  662 	.db #0x00	; 0
   0264 FF                  663 	.db #0xff	; 255
   0265 02                  664 	.db #0x02	; 2
   0266 01                  665 	.db #0x01	; 1
   0267 FF                  666 	.db #0xff	; 255
   0268 00                  667 	.db #0x00	; 0
   0269 00                  668 	.db #0x00	; 0
   026A 00                  669 	.db #0x00	; 0
   026B 00                  670 	.db #0x00	; 0
   026C 00                  671 	.db #0x00	; 0
   026D 00                  672 	.db #0x00	; 0
   026E 55                  673 	.db #0x55	; 85	'U'
   026F FF                  674 	.db #0xff	; 255
   0270 FF                  675 	.db #0xff	; 255
   0271 AA                  676 	.db #0xaa	; 170
   0272 00                  677 	.db #0x00	; 0
   0273 00                  678 	.db #0x00	; 0
   0274 00                  679 	.db #0x00	; 0
   0275 00                  680 	.db #0x00	; 0
   0276 00                  681 	.db #0x00	; 0
   0277 00                  682 	.db #0x00	; 0
   0278 00                  683 	.db #0x00	; 0
   0279 00                  684 	.db #0x00	; 0
   027A 00                  685 	.db #0x00	; 0
   027B 00                  686 	.db #0x00	; 0
   027C 00                  687 	.db #0x00	; 0
   027D 00                  688 	.db #0x00	; 0
   027E 00                  689 	.db #0x00	; 0
   027F 00                  690 	.db #0x00	; 0
   0280                     691 _spr_alien_o_2:
   0280 00                  692 	.db #0x00	; 0
   0281 00                  693 	.db #0x00	; 0
   0282 00                  694 	.db #0x00	; 0
   0283 00                  695 	.db #0x00	; 0
   0284 00                  696 	.db #0x00	; 0
   0285 00                  697 	.db #0x00	; 0
   0286 00                  698 	.db #0x00	; 0
   0287 00                  699 	.db #0x00	; 0
   0288 00                  700 	.db #0x00	; 0
   0289 00                  701 	.db #0x00	; 0
   028A 00                  702 	.db #0x00	; 0
   028B 00                  703 	.db #0x00	; 0
   028C 00                  704 	.db #0x00	; 0
   028D 00                  705 	.db #0x00	; 0
   028E 00                  706 	.db #0x00	; 0
   028F 00                  707 	.db #0x00	; 0
   0290 00                  708 	.db #0x00	; 0
   0291 00                  709 	.db #0x00	; 0
   0292 00                  710 	.db #0x00	; 0
   0293 00                  711 	.db #0x00	; 0
   0294 00                  712 	.db #0x00	; 0
   0295 00                  713 	.db #0x00	; 0
   0296 00                  714 	.db #0x00	; 0
   0297 00                  715 	.db #0x00	; 0
   0298 00                  716 	.db #0x00	; 0
   0299 00                  717 	.db #0x00	; 0
   029A 00                  718 	.db #0x00	; 0
   029B 00                  719 	.db #0x00	; 0
   029C 00                  720 	.db #0x00	; 0
   029D 00                  721 	.db #0x00	; 0
   029E 00                  722 	.db #0x00	; 0
   029F 00                  723 	.db #0x00	; 0
   02A0 00                  724 	.db #0x00	; 0
   02A1 00                  725 	.db #0x00	; 0
   02A2 00                  726 	.db #0x00	; 0
   02A3 00                  727 	.db #0x00	; 0
   02A4 00                  728 	.db #0x00	; 0
   02A5 00                  729 	.db #0x00	; 0
   02A6 00                  730 	.db #0x00	; 0
   02A7 00                  731 	.db #0x00	; 0
   02A8 00                  732 	.db #0x00	; 0
   02A9 00                  733 	.db #0x00	; 0
   02AA 00                  734 	.db #0x00	; 0
   02AB F0                  735 	.db #0xf0	; 240
   02AC F0                  736 	.db #0xf0	; 240
   02AD 00                  737 	.db #0x00	; 0
   02AE 00                  738 	.db #0x00	; 0
   02AF 00                  739 	.db #0x00	; 0
   02B0 00                  740 	.db #0x00	; 0
   02B1 00                  741 	.db #0x00	; 0
   02B2 00                  742 	.db #0x00	; 0
   02B3 00                  743 	.db #0x00	; 0
   02B4 50                  744 	.db #0x50	; 80	'P'
   02B5 AA                  745 	.db #0xaa	; 170
   02B6 FE                  746 	.db #0xfe	; 254
   02B7 A0                  747 	.db #0xa0	; 160
   02B8 00                  748 	.db #0x00	; 0
   02B9 00                  749 	.db #0x00	; 0
   02BA 00                  750 	.db #0x00	; 0
   02BB 00                  751 	.db #0x00	; 0
   02BC 00                  752 	.db #0x00	; 0
   02BD 00                  753 	.db #0x00	; 0
   02BE F5                  754 	.db #0xf5	; 245
   02BF 00                  755 	.db #0x00	; 0
   02C0 00                  756 	.db #0x00	; 0
   02C1 F8                  757 	.db #0xf8	; 248
   02C2 00                  758 	.db #0x00	; 0
   02C3 00                  759 	.db #0x00	; 0
   02C4 00                  760 	.db #0x00	; 0
   02C5 00                  761 	.db #0x00	; 0
   02C6 00                  762 	.db #0x00	; 0
   02C7 00                  763 	.db #0x00	; 0
   02C8 F5                  764 	.db #0xf5	; 245
   02C9 00                  765 	.db #0x00	; 0
   02CA 00                  766 	.db #0x00	; 0
   02CB 50                  767 	.db #0x50	; 80	'P'
   02CC 00                  768 	.db #0x00	; 0
   02CD 00                  769 	.db #0x00	; 0
   02CE 00                  770 	.db #0x00	; 0
   02CF 00                  771 	.db #0x00	; 0
   02D0 00                  772 	.db #0x00	; 0
   02D1 50                  773 	.db #0x50	; 80	'P'
   02D2 AA                  774 	.db #0xaa	; 170
   02D3 30                  775 	.db #0x30	; 48	'0'
   02D4 00                  776 	.db #0x00	; 0
   02D5 54                  777 	.db #0x54	; 84	'T'
   02D6 A0                  778 	.db #0xa0	; 160
   02D7 00                  779 	.db #0x00	; 0
   02D8 00                  780 	.db #0x00	; 0
   02D9 00                  781 	.db #0x00	; 0
   02DA 00                  782 	.db #0x00	; 0
   02DB 50                  783 	.db #0x50	; 80	'P'
   02DC B8                  784 	.db #0xb8	; 184
   02DD BA                  785 	.db #0xba	; 186
   02DE 00                  786 	.db #0x00	; 0
   02DF 20                  787 	.db #0x20	; 32
   02E0 A0                  788 	.db #0xa0	; 160
   02E1 00                  789 	.db #0x00	; 0
   02E2 00                  790 	.db #0x00	; 0
   02E3 00                  791 	.db #0x00	; 0
   02E4 00                  792 	.db #0x00	; 0
   02E5 50                  793 	.db #0x50	; 80	'P'
   02E6 B8                  794 	.db #0xb8	; 184
   02E7 30                  795 	.db #0x30	; 48	'0'
   02E8 10                  796 	.db #0x10	; 16
   02E9 AA                  797 	.db #0xaa	; 170
   02EA A0                  798 	.db #0xa0	; 160
   02EB 00                  799 	.db #0x00	; 0
   02EC 00                  800 	.db #0x00	; 0
   02ED 00                  801 	.db #0x00	; 0
   02EE 00                  802 	.db #0x00	; 0
   02EF F0                  803 	.db #0xf0	; 240
   02F0 55                  804 	.db #0x55	; 85	'U'
   02F1 64                  805 	.db #0x64	; 100	'd'
   02F2 10                  806 	.db #0x10	; 16
   02F3 75                  807 	.db #0x75	; 117	'u'
   02F4 F0                  808 	.db #0xf0	; 240
   02F5 00                  809 	.db #0x00	; 0
   02F6 00                  810 	.db #0x00	; 0
   02F7 00                  811 	.db #0x00	; 0
   02F8 00                  812 	.db #0x00	; 0
   02F9 F4                  813 	.db #0xf4	; 244
   02FA 00                  814 	.db #0x00	; 0
   02FB 64                  815 	.db #0x64	; 100	'd'
   02FC 10                  816 	.db #0x10	; 16
   02FD 30                  817 	.db #0x30	; 48	'0'
   02FE 50                  818 	.db #0x50	; 80	'P'
   02FF 00                  819 	.db #0x00	; 0
   0300 00                  820 	.db #0x00	; 0
   0301 00                  821 	.db #0x00	; 0
   0302 00                  822 	.db #0x00	; 0
   0303 F4                  823 	.db #0xf4	; 244
   0304 00                  824 	.db #0x00	; 0
   0305 00                  825 	.db #0x00	; 0
   0306 88                  826 	.db #0x88	; 136
   0307 30                  827 	.db #0x30	; 48	'0'
   0308 50                  828 	.db #0x50	; 80	'P'
   0309 00                  829 	.db #0x00	; 0
   030A 00                  830 	.db #0x00	; 0
   030B 00                  831 	.db #0x00	; 0
   030C 00                  832 	.db #0x00	; 0
   030D F5                  833 	.db #0xf5	; 245
   030E 00                  834 	.db #0x00	; 0
   030F 55                  835 	.db #0x55	; 85	'U'
   0310 CC                  836 	.db #0xcc	; 204
   0311 88                  837 	.db #0x88	; 136
   0312 50                  838 	.db #0x50	; 80	'P'
   0313 00                  839 	.db #0x00	; 0
   0314 00                  840 	.db #0x00	; 0
   0315 00                  841 	.db #0x00	; 0
   0316 00                  842 	.db #0x00	; 0
   0317 F5                  843 	.db #0xf5	; 245
   0318 00                  844 	.db #0x00	; 0
   0319 BA                  845 	.db #0xba	; 186
   031A 44                  846 	.db #0x44	; 68	'D'
   031B 88                  847 	.db #0x88	; 136
   031C 50                  848 	.db #0x50	; 80	'P'
   031D 00                  849 	.db #0x00	; 0
   031E 00                  850 	.db #0x00	; 0
   031F 00                  851 	.db #0x00	; 0
   0320 00                  852 	.db #0x00	; 0
   0321 A0                  853 	.db #0xa0	; 160
   0322 00                  854 	.db #0x00	; 0
   0323 30                  855 	.db #0x30	; 48	'0'
   0324 20                  856 	.db #0x20	; 32
   0325 88                  857 	.db #0x88	; 136
   0326 F8                  858 	.db #0xf8	; 248
   0327 00                  859 	.db #0x00	; 0
   0328 00                  860 	.db #0x00	; 0
   0329 00                  861 	.db #0x00	; 0
   032A 00                  862 	.db #0x00	; 0
   032B A0                  863 	.db #0xa0	; 160
   032C 98                  864 	.db #0x98	; 152
   032D 30                  865 	.db #0x30	; 48	'0'
   032E 20                  866 	.db #0x20	; 32
   032F 88                  867 	.db #0x88	; 136
   0330 F8                  868 	.db #0xf8	; 248
   0331 00                  869 	.db #0x00	; 0
   0332 00                  870 	.db #0x00	; 0
   0333 00                  871 	.db #0x00	; 0
   0334 00                  872 	.db #0x00	; 0
   0335 A0                  873 	.db #0xa0	; 160
   0336 44                  874 	.db #0x44	; 68	'D'
   0337 98                  875 	.db #0x98	; 152
   0338 EE                  876 	.db #0xee	; 238
   0339 88                  877 	.db #0x88	; 136
   033A F8                  878 	.db #0xf8	; 248
   033B 00                  879 	.db #0x00	; 0
   033C 00                  880 	.db #0x00	; 0
   033D 00                  881 	.db #0x00	; 0
   033E 00                  882 	.db #0x00	; 0
   033F A0                  883 	.db #0xa0	; 160
   0340 F8                  884 	.db #0xf8	; 248
   0341 CC                  885 	.db #0xcc	; 204
   0342 44                  886 	.db #0x44	; 68	'D'
   0343 F4                  887 	.db #0xf4	; 244
   0344 F8                  888 	.db #0xf8	; 248
   0345 00                  889 	.db #0x00	; 0
   0346 00                  890 	.db #0x00	; 0
   0347 00                  891 	.db #0x00	; 0
   0348 50                  892 	.db #0x50	; 80	'P'
   0349 F4                  893 	.db #0xf4	; 244
   034A F0                  894 	.db #0xf0	; 240
   034B 44                  895 	.db #0x44	; 68	'D'
   034C CC                  896 	.db #0xcc	; 204
   034D F0                  897 	.db #0xf0	; 240
   034E F8                  898 	.db #0xf8	; 248
   034F A0                  899 	.db #0xa0	; 160
   0350 00                  900 	.db #0x00	; 0
   0351 00                  901 	.db #0x00	; 0
   0352 00                  902 	.db #0x00	; 0
   0353 D8                  903 	.db #0xd8	; 216
   0354 A1                  904 	.db #0xa1	; 161
   0355 E4                  905 	.db #0xe4	; 228
   0356 D8                  906 	.db #0xd8	; 216
   0357 52                  907 	.db #0x52	; 82	'R'
   0358 E4                  908 	.db #0xe4	; 228
   0359 00                  909 	.db #0x00	; 0
   035A 00                  910 	.db #0x00	; 0
   035B 00                  911 	.db #0x00	; 0
   035C 00                  912 	.db #0x00	; 0
   035D CC                  913 	.db #0xcc	; 204
   035E F0                  914 	.db #0xf0	; 240
   035F 52                  915 	.db #0x52	; 82	'R'
   0360 A1                  916 	.db #0xa1	; 161
   0361 F0                  917 	.db #0xf0	; 240
   0362 CC                  918 	.db #0xcc	; 204
   0363 00                  919 	.db #0x00	; 0
   0364 00                  920 	.db #0x00	; 0
   0365 00                  921 	.db #0x00	; 0
   0366 00                  922 	.db #0x00	; 0
   0367 EE                  923 	.db #0xee	; 238
   0368 88                  924 	.db #0x88	; 136
   0369 F0                  925 	.db #0xf0	; 240
   036A F0                  926 	.db #0xf0	; 240
   036B 44                  927 	.db #0x44	; 68	'D'
   036C DD                  928 	.db #0xdd	; 221
   036D 00                  929 	.db #0x00	; 0
   036E 00                  930 	.db #0x00	; 0
   036F 00                  931 	.db #0x00	; 0
   0370 00                  932 	.db #0x00	; 0
   0371 FF                  933 	.db #0xff	; 255
   0372 02                  934 	.db #0x02	; 2
   0373 00                  935 	.db #0x00	; 0
   0374 00                  936 	.db #0x00	; 0
   0375 01                  937 	.db #0x01	; 1
   0376 57                  938 	.db #0x57	; 87	'W'
   0377 00                  939 	.db #0x00	; 0
   0378 00                  940 	.db #0x00	; 0
   0379 00                  941 	.db #0x00	; 0
   037A 00                  942 	.db #0x00	; 0
   037B FF                  943 	.db #0xff	; 255
   037C 02                  944 	.db #0x02	; 2
   037D 00                  945 	.db #0x00	; 0
   037E 00                  946 	.db #0x00	; 0
   037F 01                  947 	.db #0x01	; 1
   0380 FF                  948 	.db #0xff	; 255
   0381 00                  949 	.db #0x00	; 0
   0382 00                  950 	.db #0x00	; 0
   0383 00                  951 	.db #0x00	; 0
   0384 00                  952 	.db #0x00	; 0
   0385 55                  953 	.db #0x55	; 85	'U'
   0386 02                  954 	.db #0x02	; 2
   0387 00                  955 	.db #0x00	; 0
   0388 00                  956 	.db #0x00	; 0
   0389 01                  957 	.db #0x01	; 1
   038A AA                  958 	.db #0xaa	; 170
   038B 00                  959 	.db #0x00	; 0
   038C 00                  960 	.db #0x00	; 0
   038D 00                  961 	.db #0x00	; 0
   038E 00                  962 	.db #0x00	; 0
   038F 55                  963 	.db #0x55	; 85	'U'
   0390 02                  964 	.db #0x02	; 2
   0391 00                  965 	.db #0x00	; 0
   0392 00                  966 	.db #0x00	; 0
   0393 01                  967 	.db #0x01	; 1
   0394 AA                  968 	.db #0xaa	; 170
   0395 00                  969 	.db #0x00	; 0
   0396 00                  970 	.db #0x00	; 0
   0397 00                  971 	.db #0x00	; 0
   0398 00                  972 	.db #0x00	; 0
   0399 55                  973 	.db #0x55	; 85	'U'
   039A AB                  974 	.db #0xab	; 171
   039B 00                  975 	.db #0x00	; 0
   039C 00                  976 	.db #0x00	; 0
   039D 57                  977 	.db #0x57	; 87	'W'
   039E AA                  978 	.db #0xaa	; 170
   039F 00                  979 	.db #0x00	; 0
   03A0 00                  980 	.db #0x00	; 0
   03A1 00                  981 	.db #0x00	; 0
   03A2 00                  982 	.db #0x00	; 0
   03A3 00                  983 	.db #0x00	; 0
   03A4 AB                  984 	.db #0xab	; 171
   03A5 00                  985 	.db #0x00	; 0
   03A6 00                  986 	.db #0x00	; 0
   03A7 57                  987 	.db #0x57	; 87	'W'
   03A8 00                  988 	.db #0x00	; 0
   03A9 00                  989 	.db #0x00	; 0
   03AA 00                  990 	.db #0x00	; 0
   03AB 00                  991 	.db #0x00	; 0
   03AC 00                  992 	.db #0x00	; 0
   03AD 00                  993 	.db #0x00	; 0
   03AE FF                  994 	.db #0xff	; 255
   03AF 00                  995 	.db #0x00	; 0
   03B0 00                  996 	.db #0x00	; 0
   03B1 57                  997 	.db #0x57	; 87	'W'
   03B2 00                  998 	.db #0x00	; 0
   03B3 00                  999 	.db #0x00	; 0
   03B4 00                 1000 	.db #0x00	; 0
   03B5 00                 1001 	.db #0x00	; 0
   03B6 00                 1002 	.db #0x00	; 0
   03B7 00                 1003 	.db #0x00	; 0
   03B8 55                 1004 	.db #0x55	; 85	'U'
   03B9 AA                 1005 	.db #0xaa	; 170
   03BA 55                 1006 	.db #0x55	; 85	'U'
   03BB AA                 1007 	.db #0xaa	; 170
   03BC 00                 1008 	.db #0x00	; 0
   03BD 00                 1009 	.db #0x00	; 0
   03BE 00                 1010 	.db #0x00	; 0
   03BF 00                 1011 	.db #0x00	; 0
   03C0                    1012 _spr_alien_o_3:
   03C0 00                 1013 	.db #0x00	; 0
   03C1 00                 1014 	.db #0x00	; 0
   03C2 00                 1015 	.db #0x00	; 0
   03C3 00                 1016 	.db #0x00	; 0
   03C4 00                 1017 	.db #0x00	; 0
   03C5 00                 1018 	.db #0x00	; 0
   03C6 00                 1019 	.db #0x00	; 0
   03C7 00                 1020 	.db #0x00	; 0
   03C8 00                 1021 	.db #0x00	; 0
   03C9 00                 1022 	.db #0x00	; 0
   03CA 00                 1023 	.db #0x00	; 0
   03CB 00                 1024 	.db #0x00	; 0
   03CC 00                 1025 	.db #0x00	; 0
   03CD 00                 1026 	.db #0x00	; 0
   03CE 00                 1027 	.db #0x00	; 0
   03CF 00                 1028 	.db #0x00	; 0
   03D0 00                 1029 	.db #0x00	; 0
   03D1 00                 1030 	.db #0x00	; 0
   03D2 00                 1031 	.db #0x00	; 0
   03D3 00                 1032 	.db #0x00	; 0
   03D4 00                 1033 	.db #0x00	; 0
   03D5 00                 1034 	.db #0x00	; 0
   03D6 00                 1035 	.db #0x00	; 0
   03D7 00                 1036 	.db #0x00	; 0
   03D8 00                 1037 	.db #0x00	; 0
   03D9 00                 1038 	.db #0x00	; 0
   03DA 00                 1039 	.db #0x00	; 0
   03DB 00                 1040 	.db #0x00	; 0
   03DC 00                 1041 	.db #0x00	; 0
   03DD 00                 1042 	.db #0x00	; 0
   03DE 00                 1043 	.db #0x00	; 0
   03DF 00                 1044 	.db #0x00	; 0
   03E0 00                 1045 	.db #0x00	; 0
   03E1 00                 1046 	.db #0x00	; 0
   03E2 F0                 1047 	.db #0xf0	; 240
   03E3 00                 1048 	.db #0x00	; 0
   03E4 00                 1049 	.db #0x00	; 0
   03E5 00                 1050 	.db #0x00	; 0
   03E6 00                 1051 	.db #0x00	; 0
   03E7 00                 1052 	.db #0x00	; 0
   03E8 00                 1053 	.db #0x00	; 0
   03E9 00                 1054 	.db #0x00	; 0
   03EA 00                 1055 	.db #0x00	; 0
   03EB 50                 1056 	.db #0x50	; 80	'P'
   03EC 00                 1057 	.db #0x00	; 0
   03ED 00                 1058 	.db #0x00	; 0
   03EE 00                 1059 	.db #0x00	; 0
   03EF 00                 1060 	.db #0x00	; 0
   03F0 00                 1061 	.db #0x00	; 0
   03F1 00                 1062 	.db #0x00	; 0
   03F2 00                 1063 	.db #0x00	; 0
   03F3 00                 1064 	.db #0x00	; 0
   03F4 00                 1065 	.db #0x00	; 0
   03F5 00                 1066 	.db #0x00	; 0
   03F6 00                 1067 	.db #0x00	; 0
   03F7 00                 1068 	.db #0x00	; 0
   03F8 A0                 1069 	.db #0xa0	; 160
   03F9 00                 1070 	.db #0x00	; 0
   03FA 00                 1071 	.db #0x00	; 0
   03FB 00                 1072 	.db #0x00	; 0
   03FC 00                 1073 	.db #0x00	; 0
   03FD 00                 1074 	.db #0x00	; 0
   03FE 50                 1075 	.db #0x50	; 80	'P'
   03FF 00                 1076 	.db #0x00	; 0
   0400 00                 1077 	.db #0x00	; 0
   0401 00                 1078 	.db #0x00	; 0
   0402 A0                 1079 	.db #0xa0	; 160
   0403 00                 1080 	.db #0x00	; 0
   0404 00                 1081 	.db #0x00	; 0
   0405 00                 1082 	.db #0x00	; 0
   0406 00                 1083 	.db #0x00	; 0
   0407 00                 1084 	.db #0x00	; 0
   0408 F5                 1085 	.db #0xf5	; 245
   0409 00                 1086 	.db #0x00	; 0
   040A 20                 1087 	.db #0x20	; 32
   040B 00                 1088 	.db #0x00	; 0
   040C A0                 1089 	.db #0xa0	; 160
   040D 00                 1090 	.db #0x00	; 0
   040E 00                 1091 	.db #0x00	; 0
   040F 00                 1092 	.db #0x00	; 0
   0410 00                 1093 	.db #0x00	; 0
   0411 00                 1094 	.db #0x00	; 0
   0412 F5                 1095 	.db #0xf5	; 245
   0413 10                 1096 	.db #0x10	; 16
   0414 BA                 1097 	.db #0xba	; 186
   0415 00                 1098 	.db #0x00	; 0
   0416 50                 1099 	.db #0x50	; 80	'P'
   0417 00                 1100 	.db #0x00	; 0
   0418 00                 1101 	.db #0x00	; 0
   0419 00                 1102 	.db #0x00	; 0
   041A 00                 1103 	.db #0x00	; 0
   041B 50                 1104 	.db #0x50	; 80	'P'
   041C AA                 1105 	.db #0xaa	; 170
   041D 55                 1106 	.db #0x55	; 85	'U'
   041E 30                 1107 	.db #0x30	; 48	'0'
   041F 00                 1108 	.db #0x00	; 0
   0420 00                 1109 	.db #0x00	; 0
   0421 00                 1110 	.db #0x00	; 0
   0422 00                 1111 	.db #0x00	; 0
   0423 00                 1112 	.db #0x00	; 0
   0424 00                 1113 	.db #0x00	; 0
   0425 50                 1114 	.db #0x50	; 80	'P'
   0426 00                 1115 	.db #0x00	; 0
   0427 10                 1116 	.db #0x10	; 16
   0428 30                 1117 	.db #0x30	; 48	'0'
   0429 AA                 1118 	.db #0xaa	; 170
   042A 00                 1119 	.db #0x00	; 0
   042B 00                 1120 	.db #0x00	; 0
   042C 00                 1121 	.db #0x00	; 0
   042D 00                 1122 	.db #0x00	; 0
   042E 00                 1123 	.db #0x00	; 0
   042F 50                 1124 	.db #0x50	; 80	'P'
   0430 00                 1125 	.db #0x00	; 0
   0431 10                 1126 	.db #0x10	; 16
   0432 30                 1127 	.db #0x30	; 48	'0'
   0433 00                 1128 	.db #0x00	; 0
   0434 00                 1129 	.db #0x00	; 0
   0435 00                 1130 	.db #0x00	; 0
   0436 00                 1131 	.db #0x00	; 0
   0437 00                 1132 	.db #0x00	; 0
   0438 00                 1133 	.db #0x00	; 0
   0439 F0                 1134 	.db #0xf0	; 240
   043A 55                 1135 	.db #0x55	; 85	'U'
   043B 00                 1136 	.db #0x00	; 0
   043C 64                 1137 	.db #0x64	; 100	'd'
   043D 00                 1138 	.db #0x00	; 0
   043E F0                 1139 	.db #0xf0	; 240
   043F 00                 1140 	.db #0x00	; 0
   0440 00                 1141 	.db #0x00	; 0
   0441 00                 1142 	.db #0x00	; 0
   0442 00                 1143 	.db #0x00	; 0
   0443 F4                 1144 	.db #0xf4	; 244
   0444 30                 1145 	.db #0x30	; 48	'0'
   0445 20                 1146 	.db #0x20	; 32
   0446 88                 1147 	.db #0x88	; 136
   0447 AA                 1148 	.db #0xaa	; 170
   0448 F8                 1149 	.db #0xf8	; 248
   0449 00                 1150 	.db #0x00	; 0
   044A 00                 1151 	.db #0x00	; 0
   044B 00                 1152 	.db #0x00	; 0
   044C 00                 1153 	.db #0x00	; 0
   044D F4                 1154 	.db #0xf4	; 244
   044E BA                 1155 	.db #0xba	; 186
   044F 20                 1156 	.db #0x20	; 32
   0450 00                 1157 	.db #0x00	; 0
   0451 30                 1158 	.db #0x30	; 48	'0'
   0452 F8                 1159 	.db #0xf8	; 248
   0453 00                 1160 	.db #0x00	; 0
   0454 00                 1161 	.db #0x00	; 0
   0455 00                 1162 	.db #0x00	; 0
   0456 00                 1163 	.db #0x00	; 0
   0457 A0                 1164 	.db #0xa0	; 160
   0458 30                 1165 	.db #0x30	; 48	'0'
   0459 20                 1166 	.db #0x20	; 32
   045A 10                 1167 	.db #0x10	; 16
   045B 75                 1168 	.db #0x75	; 117	'u'
   045C F8                 1169 	.db #0xf8	; 248
   045D 00                 1170 	.db #0x00	; 0
   045E 00                 1171 	.db #0x00	; 0
   045F 00                 1172 	.db #0x00	; 0
   0460 00                 1173 	.db #0x00	; 0
   0461 A0                 1174 	.db #0xa0	; 160
   0462 30                 1175 	.db #0x30	; 48	'0'
   0463 20                 1176 	.db #0x20	; 32
   0464 10                 1177 	.db #0x10	; 16
   0465 30                 1178 	.db #0x30	; 48	'0'
   0466 F8                 1179 	.db #0xf8	; 248
   0467 00                 1180 	.db #0x00	; 0
   0468 00                 1181 	.db #0x00	; 0
   0469 00                 1182 	.db #0x00	; 0
   046A 00                 1183 	.db #0x00	; 0
   046B A0                 1184 	.db #0xa0	; 160
   046C 10                 1185 	.db #0x10	; 16
   046D 00                 1186 	.db #0x00	; 0
   046E 10                 1187 	.db #0x10	; 16
   046F BA                 1188 	.db #0xba	; 186
   0470 50                 1189 	.db #0x50	; 80	'P'
   0471 00                 1190 	.db #0x00	; 0
   0472 00                 1191 	.db #0x00	; 0
   0473 00                 1192 	.db #0x00	; 0
   0474 00                 1193 	.db #0x00	; 0
   0475 A0                 1194 	.db #0xa0	; 160
   0476 44                 1195 	.db #0x44	; 68	'D'
   0477 00                 1196 	.db #0x00	; 0
   0478 10                 1197 	.db #0x10	; 16
   0479 20                 1198 	.db #0x20	; 32
   047A 50                 1199 	.db #0x50	; 80	'P'
   047B 00                 1200 	.db #0x00	; 0
   047C 00                 1201 	.db #0x00	; 0
   047D 00                 1202 	.db #0x00	; 0
   047E 00                 1203 	.db #0x00	; 0
   047F F4                 1204 	.db #0xf4	; 244
   0480 00                 1205 	.db #0x00	; 0
   0481 00                 1206 	.db #0x00	; 0
   0482 00                 1207 	.db #0x00	; 0
   0483 00                 1208 	.db #0x00	; 0
   0484 50                 1209 	.db #0x50	; 80	'P'
   0485 00                 1210 	.db #0x00	; 0
   0486 00                 1211 	.db #0x00	; 0
   0487 00                 1212 	.db #0x00	; 0
   0488 00                 1213 	.db #0x00	; 0
   0489 F4                 1214 	.db #0xf4	; 244
   048A F8                 1215 	.db #0xf8	; 248
   048B 00                 1216 	.db #0x00	; 0
   048C 00                 1217 	.db #0x00	; 0
   048D F4                 1218 	.db #0xf4	; 244
   048E F8                 1219 	.db #0xf8	; 248
   048F 00                 1220 	.db #0x00	; 0
   0490 00                 1221 	.db #0x00	; 0
   0491 00                 1222 	.db #0x00	; 0
   0492 50                 1223 	.db #0x50	; 80	'P'
   0493 F4                 1224 	.db #0xf4	; 244
   0494 F0                 1225 	.db #0xf0	; 240
   0495 88                 1226 	.db #0x88	; 136
   0496 00                 1227 	.db #0x00	; 0
   0497 F0                 1228 	.db #0xf0	; 240
   0498 F8                 1229 	.db #0xf8	; 248
   0499 A0                 1230 	.db #0xa0	; 160
   049A 00                 1231 	.db #0x00	; 0
   049B 00                 1232 	.db #0x00	; 0
   049C 00                 1233 	.db #0x00	; 0
   049D D8                 1234 	.db #0xd8	; 216
   049E A1                 1235 	.db #0xa1	; 161
   049F A0                 1236 	.db #0xa0	; 160
   04A0 50                 1237 	.db #0x50	; 80	'P'
   04A1 52                 1238 	.db #0x52	; 82	'R'
   04A2 E4                 1239 	.db #0xe4	; 228
   04A3 00                 1240 	.db #0x00	; 0
   04A4 00                 1241 	.db #0x00	; 0
   04A5 00                 1242 	.db #0x00	; 0
   04A6 00                 1243 	.db #0x00	; 0
   04A7 CC                 1244 	.db #0xcc	; 204
   04A8 F0                 1245 	.db #0xf0	; 240
   04A9 52                 1246 	.db #0x52	; 82	'R'
   04AA A1                 1247 	.db #0xa1	; 161
   04AB F0                 1248 	.db #0xf0	; 240
   04AC CC                 1249 	.db #0xcc	; 204
   04AD 00                 1250 	.db #0x00	; 0
   04AE 00                 1251 	.db #0x00	; 0
   04AF 00                 1252 	.db #0x00	; 0
   04B0 00                 1253 	.db #0x00	; 0
   04B1 EE                 1254 	.db #0xee	; 238
   04B2 88                 1255 	.db #0x88	; 136
   04B3 F0                 1256 	.db #0xf0	; 240
   04B4 F0                 1257 	.db #0xf0	; 240
   04B5 44                 1258 	.db #0x44	; 68	'D'
   04B6 DD                 1259 	.db #0xdd	; 221
   04B7 00                 1260 	.db #0x00	; 0
   04B8 00                 1261 	.db #0x00	; 0
   04B9 00                 1262 	.db #0x00	; 0
   04BA 00                 1263 	.db #0x00	; 0
   04BB FF                 1264 	.db #0xff	; 255
   04BC 02                 1265 	.db #0x02	; 2
   04BD 00                 1266 	.db #0x00	; 0
   04BE 00                 1267 	.db #0x00	; 0
   04BF 01                 1268 	.db #0x01	; 1
   04C0 75                 1269 	.db #0x75	; 117	'u'
   04C1 00                 1270 	.db #0x00	; 0
   04C2 00                 1271 	.db #0x00	; 0
   04C3 00                 1272 	.db #0x00	; 0
   04C4 00                 1273 	.db #0x00	; 0
   04C5 FF                 1274 	.db #0xff	; 255
   04C6 20                 1275 	.db #0x20	; 32
   04C7 00                 1276 	.db #0x00	; 0
   04C8 00                 1277 	.db #0x00	; 0
   04C9 01                 1278 	.db #0x01	; 1
   04CA 75                 1279 	.db #0x75	; 117	'u'
   04CB 00                 1280 	.db #0x00	; 0
   04CC 00                 1281 	.db #0x00	; 0
   04CD 00                 1282 	.db #0x00	; 0
   04CE 00                 1283 	.db #0x00	; 0
   04CF 55                 1284 	.db #0x55	; 85	'U'
   04D0 20                 1285 	.db #0x20	; 32
   04D1 00                 1286 	.db #0x00	; 0
   04D2 00                 1287 	.db #0x00	; 0
   04D3 10                 1288 	.db #0x10	; 16
   04D4 AA                 1289 	.db #0xaa	; 170
   04D5 00                 1290 	.db #0x00	; 0
   04D6 00                 1291 	.db #0x00	; 0
   04D7 00                 1292 	.db #0x00	; 0
   04D8 00                 1293 	.db #0x00	; 0
   04D9 55                 1294 	.db #0x55	; 85	'U'
   04DA BA                 1295 	.db #0xba	; 186
   04DB 00                 1296 	.db #0x00	; 0
   04DC 00                 1297 	.db #0x00	; 0
   04DD 10                 1298 	.db #0x10	; 16
   04DE AA                 1299 	.db #0xaa	; 170
   04DF 00                 1300 	.db #0x00	; 0
   04E0 00                 1301 	.db #0x00	; 0
   04E1 00                 1302 	.db #0x00	; 0
   04E2 00                 1303 	.db #0x00	; 0
   04E3 00                 1304 	.db #0x00	; 0
   04E4 FF                 1305 	.db #0xff	; 255
   04E5 20                 1306 	.db #0x20	; 32
   04E6 00                 1307 	.db #0x00	; 0
   04E7 75                 1308 	.db #0x75	; 117	'u'
   04E8 00                 1309 	.db #0x00	; 0
   04E9 00                 1310 	.db #0x00	; 0
   04EA 00                 1311 	.db #0x00	; 0
   04EB 00                 1312 	.db #0x00	; 0
   04EC 00                 1313 	.db #0x00	; 0
   04ED 00                 1314 	.db #0x00	; 0
   04EE 55                 1315 	.db #0x55	; 85	'U'
   04EF 20                 1316 	.db #0x20	; 32
   04F0 10                 1317 	.db #0x10	; 16
   04F1 AA                 1318 	.db #0xaa	; 170
   04F2 00                 1319 	.db #0x00	; 0
   04F3 00                 1320 	.db #0x00	; 0
   04F4 00                 1321 	.db #0x00	; 0
   04F5 00                 1322 	.db #0x00	; 0
   04F6 00                 1323 	.db #0x00	; 0
   04F7 00                 1324 	.db #0x00	; 0
   04F8 00                 1325 	.db #0x00	; 0
   04F9 00                 1326 	.db #0x00	; 0
   04FA 00                 1327 	.db #0x00	; 0
   04FB 00                 1328 	.db #0x00	; 0
   04FC 00                 1329 	.db #0x00	; 0
   04FD 00                 1330 	.db #0x00	; 0
   04FE 00                 1331 	.db #0x00	; 0
   04FF 00                 1332 	.db #0x00	; 0
   0500                    1333 _spr_alien_o_4:
   0500 00                 1334 	.db #0x00	; 0
   0501 00                 1335 	.db #0x00	; 0
   0502 00                 1336 	.db #0x00	; 0
   0503 00                 1337 	.db #0x00	; 0
   0504 00                 1338 	.db #0x00	; 0
   0505 00                 1339 	.db #0x00	; 0
   0506 00                 1340 	.db #0x00	; 0
   0507 00                 1341 	.db #0x00	; 0
   0508 00                 1342 	.db #0x00	; 0
   0509 00                 1343 	.db #0x00	; 0
   050A 00                 1344 	.db #0x00	; 0
   050B 00                 1345 	.db #0x00	; 0
   050C 00                 1346 	.db #0x00	; 0
   050D 00                 1347 	.db #0x00	; 0
   050E 00                 1348 	.db #0x00	; 0
   050F 00                 1349 	.db #0x00	; 0
   0510 00                 1350 	.db #0x00	; 0
   0511 00                 1351 	.db #0x00	; 0
   0512 00                 1352 	.db #0x00	; 0
   0513 00                 1353 	.db #0x00	; 0
   0514 00                 1354 	.db #0x00	; 0
   0515 00                 1355 	.db #0x00	; 0
   0516 00                 1356 	.db #0x00	; 0
   0517 00                 1357 	.db #0x00	; 0
   0518 00                 1358 	.db #0x00	; 0
   0519 00                 1359 	.db #0x00	; 0
   051A 00                 1360 	.db #0x00	; 0
   051B 00                 1361 	.db #0x00	; 0
   051C 00                 1362 	.db #0x00	; 0
   051D 00                 1363 	.db #0x00	; 0
   051E 00                 1364 	.db #0x00	; 0
   051F 00                 1365 	.db #0x00	; 0
   0520 00                 1366 	.db #0x00	; 0
   0521 00                 1367 	.db #0x00	; 0
   0522 00                 1368 	.db #0x00	; 0
   0523 00                 1369 	.db #0x00	; 0
   0524 20                 1370 	.db #0x20	; 32
   0525 00                 1371 	.db #0x00	; 0
   0526 00                 1372 	.db #0x00	; 0
   0527 00                 1373 	.db #0x00	; 0
   0528 00                 1374 	.db #0x00	; 0
   0529 00                 1375 	.db #0x00	; 0
   052A 00                 1376 	.db #0x00	; 0
   052B 00                 1377 	.db #0x00	; 0
   052C 00                 1378 	.db #0x00	; 0
   052D 10                 1379 	.db #0x10	; 16
   052E BA                 1380 	.db #0xba	; 186
   052F 00                 1381 	.db #0x00	; 0
   0530 00                 1382 	.db #0x00	; 0
   0531 00                 1383 	.db #0x00	; 0
   0532 00                 1384 	.db #0x00	; 0
   0533 00                 1385 	.db #0x00	; 0
   0534 00                 1386 	.db #0x00	; 0
   0535 00                 1387 	.db #0x00	; 0
   0536 00                 1388 	.db #0x00	; 0
   0537 98                 1389 	.db #0x98	; 152
   0538 75                 1390 	.db #0x75	; 117	'u'
   0539 00                 1391 	.db #0x00	; 0
   053A 00                 1392 	.db #0x00	; 0
   053B 00                 1393 	.db #0x00	; 0
   053C 00                 1394 	.db #0x00	; 0
   053D 00                 1395 	.db #0x00	; 0
   053E 00                 1396 	.db #0x00	; 0
   053F 00                 1397 	.db #0x00	; 0
   0540 00                 1398 	.db #0x00	; 0
   0541 98                 1399 	.db #0x98	; 152
   0542 30                 1400 	.db #0x30	; 48	'0'
   0543 00                 1401 	.db #0x00	; 0
   0544 00                 1402 	.db #0x00	; 0
   0545 00                 1403 	.db #0x00	; 0
   0546 00                 1404 	.db #0x00	; 0
   0547 00                 1405 	.db #0x00	; 0
   0548 00                 1406 	.db #0x00	; 0
   0549 00                 1407 	.db #0x00	; 0
   054A 00                 1408 	.db #0x00	; 0
   054B CC                 1409 	.db #0xcc	; 204
   054C 30                 1410 	.db #0x30	; 48	'0'
   054D 00                 1411 	.db #0x00	; 0
   054E 00                 1412 	.db #0x00	; 0
   054F 00                 1413 	.db #0x00	; 0
   0550 00                 1414 	.db #0x00	; 0
   0551 00                 1415 	.db #0x00	; 0
   0552 00                 1416 	.db #0x00	; 0
   0553 00                 1417 	.db #0x00	; 0
   0554 44                 1418 	.db #0x44	; 68	'D'
   0555 00                 1419 	.db #0x00	; 0
   0556 00                 1420 	.db #0x00	; 0
   0557 00                 1421 	.db #0x00	; 0
   0558 00                 1422 	.db #0x00	; 0
   0559 00                 1423 	.db #0x00	; 0
   055A 00                 1424 	.db #0x00	; 0
   055B 00                 1425 	.db #0x00	; 0
   055C 00                 1426 	.db #0x00	; 0
   055D 00                 1427 	.db #0x00	; 0
   055E 00                 1428 	.db #0x00	; 0
   055F 00                 1429 	.db #0x00	; 0
   0560 00                 1430 	.db #0x00	; 0
   0561 00                 1431 	.db #0x00	; 0
   0562 00                 1432 	.db #0x00	; 0
   0563 00                 1433 	.db #0x00	; 0
   0564 00                 1434 	.db #0x00	; 0
   0565 20                 1435 	.db #0x20	; 32
   0566 00                 1436 	.db #0x00	; 0
   0567 00                 1437 	.db #0x00	; 0
   0568 00                 1438 	.db #0x00	; 0
   0569 00                 1439 	.db #0x00	; 0
   056A 00                 1440 	.db #0x00	; 0
   056B 00                 1441 	.db #0x00	; 0
   056C 00                 1442 	.db #0x00	; 0
   056D 00                 1443 	.db #0x00	; 0
   056E 10                 1444 	.db #0x10	; 16
   056F BA                 1445 	.db #0xba	; 186
   0570 00                 1446 	.db #0x00	; 0
   0571 00                 1447 	.db #0x00	; 0
   0572 00                 1448 	.db #0x00	; 0
   0573 00                 1449 	.db #0x00	; 0
   0574 00                 1450 	.db #0x00	; 0
   0575 00                 1451 	.db #0x00	; 0
   0576 00                 1452 	.db #0x00	; 0
   0577 00                 1453 	.db #0x00	; 0
   0578 55                 1454 	.db #0x55	; 85	'U'
   0579 30                 1455 	.db #0x30	; 48	'0'
   057A 00                 1456 	.db #0x00	; 0
   057B 00                 1457 	.db #0x00	; 0
   057C 00                 1458 	.db #0x00	; 0
   057D 00                 1459 	.db #0x00	; 0
   057E 10                 1460 	.db #0x10	; 16
   057F 20                 1461 	.db #0x20	; 32
   0580 00                 1462 	.db #0x00	; 0
   0581 00                 1463 	.db #0x00	; 0
   0582 10                 1464 	.db #0x10	; 16
   0583 30                 1465 	.db #0x30	; 48	'0'
   0584 00                 1466 	.db #0x00	; 0
   0585 00                 1467 	.db #0x00	; 0
   0586 00                 1468 	.db #0x00	; 0
   0587 00                 1469 	.db #0x00	; 0
   0588 30                 1470 	.db #0x30	; 48	'0'
   0589 AA                 1471 	.db #0xaa	; 170
   058A 00                 1472 	.db #0x00	; 0
   058B 00                 1473 	.db #0x00	; 0
   058C 00                 1474 	.db #0x00	; 0
   058D 64                 1475 	.db #0x64	; 100	'd'
   058E 88                 1476 	.db #0x88	; 136
   058F 00                 1477 	.db #0x00	; 0
   0590 00                 1478 	.db #0x00	; 0
   0591 44                 1479 	.db #0x44	; 68	'D'
   0592 30                 1480 	.db #0x30	; 48	'0'
   0593 20                 1481 	.db #0x20	; 32
   0594 00                 1482 	.db #0x00	; 0
   0595 00                 1483 	.db #0x00	; 0
   0596 00                 1484 	.db #0x00	; 0
   0597 00                 1485 	.db #0x00	; 0
   0598 88                 1486 	.db #0x88	; 136
   0599 00                 1487 	.db #0x00	; 0
   059A 00                 1488 	.db #0x00	; 0
   059B 98                 1489 	.db #0x98	; 152
   059C 75                 1490 	.db #0x75	; 117	'u'
   059D 20                 1491 	.db #0x20	; 32
   059E 00                 1492 	.db #0x00	; 0
   059F 00                 1493 	.db #0x00	; 0
   05A0 00                 1494 	.db #0x00	; 0
   05A1 00                 1495 	.db #0x00	; 0
   05A2 00                 1496 	.db #0x00	; 0
   05A3 00                 1497 	.db #0x00	; 0
   05A4 00                 1498 	.db #0x00	; 0
   05A5 88                 1499 	.db #0x88	; 136
   05A6 30                 1500 	.db #0x30	; 48	'0'
   05A7 00                 1501 	.db #0x00	; 0
   05A8 00                 1502 	.db #0x00	; 0
   05A9 00                 1503 	.db #0x00	; 0
   05AA 00                 1504 	.db #0x00	; 0
   05AB 00                 1505 	.db #0x00	; 0
   05AC 00                 1506 	.db #0x00	; 0
   05AD 00                 1507 	.db #0x00	; 0
   05AE 00                 1508 	.db #0x00	; 0
   05AF 00                 1509 	.db #0x00	; 0
   05B0 00                 1510 	.db #0x00	; 0
   05B1 00                 1511 	.db #0x00	; 0
   05B2 00                 1512 	.db #0x00	; 0
   05B3 00                 1513 	.db #0x00	; 0
   05B4 00                 1514 	.db #0x00	; 0
   05B5 A0                 1515 	.db #0xa0	; 160
   05B6 00                 1516 	.db #0x00	; 0
   05B7 00                 1517 	.db #0x00	; 0
   05B8 00                 1518 	.db #0x00	; 0
   05B9 00                 1519 	.db #0x00	; 0
   05BA 50                 1520 	.db #0x50	; 80	'P'
   05BB 00                 1521 	.db #0x00	; 0
   05BC 00                 1522 	.db #0x00	; 0
   05BD 00                 1523 	.db #0x00	; 0
   05BE 00                 1524 	.db #0x00	; 0
   05BF F4                 1525 	.db #0xf4	; 244
   05C0 44                 1526 	.db #0x44	; 68	'D'
   05C1 00                 1527 	.db #0x00	; 0
   05C2 00                 1528 	.db #0x00	; 0
   05C3 00                 1529 	.db #0x00	; 0
   05C4 F8                 1530 	.db #0xf8	; 248
   05C5 00                 1531 	.db #0x00	; 0
   05C6 00                 1532 	.db #0x00	; 0
   05C7 00                 1533 	.db #0x00	; 0
   05C8 00                 1534 	.db #0x00	; 0
   05C9 F4                 1535 	.db #0xf4	; 244
   05CA F8                 1536 	.db #0xf8	; 248
   05CB 00                 1537 	.db #0x00	; 0
   05CC 00                 1538 	.db #0x00	; 0
   05CD F4                 1539 	.db #0xf4	; 244
   05CE F8                 1540 	.db #0xf8	; 248
   05CF 00                 1541 	.db #0x00	; 0
   05D0 00                 1542 	.db #0x00	; 0
   05D1 00                 1543 	.db #0x00	; 0
   05D2 50                 1544 	.db #0x50	; 80	'P'
   05D3 F4                 1545 	.db #0xf4	; 244
   05D4 F0                 1546 	.db #0xf0	; 240
   05D5 00                 1547 	.db #0x00	; 0
   05D6 00                 1548 	.db #0x00	; 0
   05D7 F0                 1549 	.db #0xf0	; 240
   05D8 F8                 1550 	.db #0xf8	; 248
   05D9 A0                 1551 	.db #0xa0	; 160
   05DA 00                 1552 	.db #0x00	; 0
   05DB 00                 1553 	.db #0x00	; 0
   05DC 00                 1554 	.db #0x00	; 0
   05DD D8                 1555 	.db #0xd8	; 216
   05DE A1                 1556 	.db #0xa1	; 161
   05DF E4                 1557 	.db #0xe4	; 228
   05E0 D8                 1558 	.db #0xd8	; 216
   05E1 52                 1559 	.db #0x52	; 82	'R'
   05E2 E4                 1560 	.db #0xe4	; 228
   05E3 00                 1561 	.db #0x00	; 0
   05E4 00                 1562 	.db #0x00	; 0
   05E5 00                 1563 	.db #0x00	; 0
   05E6 00                 1564 	.db #0x00	; 0
   05E7 CC                 1565 	.db #0xcc	; 204
   05E8 F0                 1566 	.db #0xf0	; 240
   05E9 52                 1567 	.db #0x52	; 82	'R'
   05EA A1                 1568 	.db #0xa1	; 161
   05EB F0                 1569 	.db #0xf0	; 240
   05EC CC                 1570 	.db #0xcc	; 204
   05ED 00                 1571 	.db #0x00	; 0
   05EE 00                 1572 	.db #0x00	; 0
   05EF 00                 1573 	.db #0x00	; 0
   05F0 00                 1574 	.db #0x00	; 0
   05F1 EE                 1575 	.db #0xee	; 238
   05F2 88                 1576 	.db #0x88	; 136
   05F3 F0                 1577 	.db #0xf0	; 240
   05F4 F0                 1578 	.db #0xf0	; 240
   05F5 44                 1579 	.db #0x44	; 68	'D'
   05F6 DD                 1580 	.db #0xdd	; 221
   05F7 00                 1581 	.db #0x00	; 0
   05F8 00                 1582 	.db #0x00	; 0
   05F9 00                 1583 	.db #0x00	; 0
   05FA 00                 1584 	.db #0x00	; 0
   05FB 55                 1585 	.db #0x55	; 85	'U'
   05FC 02                 1586 	.db #0x02	; 2
   05FD 00                 1587 	.db #0x00	; 0
   05FE 00                 1588 	.db #0x00	; 0
   05FF 01                 1589 	.db #0x01	; 1
   0600 02                 1590 	.db #0x02	; 2
   0601 00                 1591 	.db #0x00	; 0
   0602 00                 1592 	.db #0x00	; 0
   0603 00                 1593 	.db #0x00	; 0
   0604 00                 1594 	.db #0x00	; 0
   0605 55                 1595 	.db #0x55	; 85	'U'
   0606 00                 1596 	.db #0x00	; 0
   0607 00                 1597 	.db #0x00	; 0
   0608 00                 1598 	.db #0x00	; 0
   0609 00                 1599 	.db #0x00	; 0
   060A AA                 1600 	.db #0xaa	; 170
   060B 00                 1601 	.db #0x00	; 0
   060C 00                 1602 	.db #0x00	; 0
   060D 00                 1603 	.db #0x00	; 0
   060E 00                 1604 	.db #0x00	; 0
   060F 55                 1605 	.db #0x55	; 85	'U'
   0610 00                 1606 	.db #0x00	; 0
   0611 00                 1607 	.db #0x00	; 0
   0612 00                 1608 	.db #0x00	; 0
   0613 00                 1609 	.db #0x00	; 0
   0614 AA                 1610 	.db #0xaa	; 170
   0615 00                 1611 	.db #0x00	; 0
   0616 00                 1612 	.db #0x00	; 0
   0617 00                 1613 	.db #0x00	; 0
   0618 00                 1614 	.db #0x00	; 0
   0619 00                 1615 	.db #0x00	; 0
   061A AA                 1616 	.db #0xaa	; 170
   061B 00                 1617 	.db #0x00	; 0
   061C 00                 1618 	.db #0x00	; 0
   061D 00                 1619 	.db #0x00	; 0
   061E 00                 1620 	.db #0x00	; 0
   061F 00                 1621 	.db #0x00	; 0
   0620 00                 1622 	.db #0x00	; 0
   0621 00                 1623 	.db #0x00	; 0
   0622 00                 1624 	.db #0x00	; 0
   0623 00                 1625 	.db #0x00	; 0
   0624 00                 1626 	.db #0x00	; 0
   0625 00                 1627 	.db #0x00	; 0
   0626 00                 1628 	.db #0x00	; 0
   0627 00                 1629 	.db #0x00	; 0
   0628 00                 1630 	.db #0x00	; 0
   0629 00                 1631 	.db #0x00	; 0
   062A 00                 1632 	.db #0x00	; 0
   062B 00                 1633 	.db #0x00	; 0
   062C 00                 1634 	.db #0x00	; 0
   062D 00                 1635 	.db #0x00	; 0
   062E 00                 1636 	.db #0x00	; 0
   062F 00                 1637 	.db #0x00	; 0
   0630 00                 1638 	.db #0x00	; 0
   0631 00                 1639 	.db #0x00	; 0
   0632 00                 1640 	.db #0x00	; 0
   0633 00                 1641 	.db #0x00	; 0
   0634 00                 1642 	.db #0x00	; 0
   0635 00                 1643 	.db #0x00	; 0
   0636 00                 1644 	.db #0x00	; 0
   0637 00                 1645 	.db #0x00	; 0
   0638 00                 1646 	.db #0x00	; 0
   0639 00                 1647 	.db #0x00	; 0
   063A 00                 1648 	.db #0x00	; 0
   063B 00                 1649 	.db #0x00	; 0
   063C 00                 1650 	.db #0x00	; 0
   063D 00                 1651 	.db #0x00	; 0
   063E 00                 1652 	.db #0x00	; 0
   063F 00                 1653 	.db #0x00	; 0
   0640                    1654 _spr_alien_o_5:
   0640 00                 1655 	.db #0x00	; 0
   0641 00                 1656 	.db #0x00	; 0
   0642 00                 1657 	.db #0x00	; 0
   0643 00                 1658 	.db #0x00	; 0
   0644 00                 1659 	.db #0x00	; 0
   0645 00                 1660 	.db #0x00	; 0
   0646 00                 1661 	.db #0x00	; 0
   0647 00                 1662 	.db #0x00	; 0
   0648 00                 1663 	.db #0x00	; 0
   0649 00                 1664 	.db #0x00	; 0
   064A 00                 1665 	.db #0x00	; 0
   064B 00                 1666 	.db #0x00	; 0
   064C 00                 1667 	.db #0x00	; 0
   064D 00                 1668 	.db #0x00	; 0
   064E 00                 1669 	.db #0x00	; 0
   064F 00                 1670 	.db #0x00	; 0
   0650 00                 1671 	.db #0x00	; 0
   0651 00                 1672 	.db #0x00	; 0
   0652 00                 1673 	.db #0x00	; 0
   0653 00                 1674 	.db #0x00	; 0
   0654 00                 1675 	.db #0x00	; 0
   0655 00                 1676 	.db #0x00	; 0
   0656 00                 1677 	.db #0x00	; 0
   0657 00                 1678 	.db #0x00	; 0
   0658 00                 1679 	.db #0x00	; 0
   0659 00                 1680 	.db #0x00	; 0
   065A 00                 1681 	.db #0x00	; 0
   065B 00                 1682 	.db #0x00	; 0
   065C 00                 1683 	.db #0x00	; 0
   065D 00                 1684 	.db #0x00	; 0
   065E 00                 1685 	.db #0x00	; 0
   065F 00                 1686 	.db #0x00	; 0
   0660 00                 1687 	.db #0x00	; 0
   0661 00                 1688 	.db #0x00	; 0
   0662 00                 1689 	.db #0x00	; 0
   0663 00                 1690 	.db #0x00	; 0
   0664 00                 1691 	.db #0x00	; 0
   0665 00                 1692 	.db #0x00	; 0
   0666 00                 1693 	.db #0x00	; 0
   0667 00                 1694 	.db #0x00	; 0
   0668 00                 1695 	.db #0x00	; 0
   0669 00                 1696 	.db #0x00	; 0
   066A 00                 1697 	.db #0x00	; 0
   066B 00                 1698 	.db #0x00	; 0
   066C 00                 1699 	.db #0x00	; 0
   066D 00                 1700 	.db #0x00	; 0
   066E 00                 1701 	.db #0x00	; 0
   066F 00                 1702 	.db #0x00	; 0
   0670 00                 1703 	.db #0x00	; 0
   0671 00                 1704 	.db #0x00	; 0
   0672 00                 1705 	.db #0x00	; 0
   0673 00                 1706 	.db #0x00	; 0
   0674 00                 1707 	.db #0x00	; 0
   0675 00                 1708 	.db #0x00	; 0
   0676 00                 1709 	.db #0x00	; 0
   0677 00                 1710 	.db #0x00	; 0
   0678 00                 1711 	.db #0x00	; 0
   0679 00                 1712 	.db #0x00	; 0
   067A 00                 1713 	.db #0x00	; 0
   067B 00                 1714 	.db #0x00	; 0
   067C 00                 1715 	.db #0x00	; 0
   067D 00                 1716 	.db #0x00	; 0
   067E 00                 1717 	.db #0x00	; 0
   067F 00                 1718 	.db #0x00	; 0
   0680 00                 1719 	.db #0x00	; 0
   0681 00                 1720 	.db #0x00	; 0
   0682 00                 1721 	.db #0x00	; 0
   0683 00                 1722 	.db #0x00	; 0
   0684 00                 1723 	.db #0x00	; 0
   0685 00                 1724 	.db #0x00	; 0
   0686 00                 1725 	.db #0x00	; 0
   0687 00                 1726 	.db #0x00	; 0
   0688 00                 1727 	.db #0x00	; 0
   0689 00                 1728 	.db #0x00	; 0
   068A 00                 1729 	.db #0x00	; 0
   068B 00                 1730 	.db #0x00	; 0
   068C 00                 1731 	.db #0x00	; 0
   068D 00                 1732 	.db #0x00	; 0
   068E 00                 1733 	.db #0x00	; 0
   068F 00                 1734 	.db #0x00	; 0
   0690 00                 1735 	.db #0x00	; 0
   0691 00                 1736 	.db #0x00	; 0
   0692 00                 1737 	.db #0x00	; 0
   0693 00                 1738 	.db #0x00	; 0
   0694 00                 1739 	.db #0x00	; 0
   0695 00                 1740 	.db #0x00	; 0
   0696 00                 1741 	.db #0x00	; 0
   0697 00                 1742 	.db #0x00	; 0
   0698 00                 1743 	.db #0x00	; 0
   0699 00                 1744 	.db #0x00	; 0
   069A 00                 1745 	.db #0x00	; 0
   069B 00                 1746 	.db #0x00	; 0
   069C 00                 1747 	.db #0x00	; 0
   069D 00                 1748 	.db #0x00	; 0
   069E 00                 1749 	.db #0x00	; 0
   069F 00                 1750 	.db #0x00	; 0
   06A0 00                 1751 	.db #0x00	; 0
   06A1 00                 1752 	.db #0x00	; 0
   06A2 00                 1753 	.db #0x00	; 0
   06A3 00                 1754 	.db #0x00	; 0
   06A4 00                 1755 	.db #0x00	; 0
   06A5 00                 1756 	.db #0x00	; 0
   06A6 00                 1757 	.db #0x00	; 0
   06A7 00                 1758 	.db #0x00	; 0
   06A8 00                 1759 	.db #0x00	; 0
   06A9 00                 1760 	.db #0x00	; 0
   06AA 00                 1761 	.db #0x00	; 0
   06AB 00                 1762 	.db #0x00	; 0
   06AC 00                 1763 	.db #0x00	; 0
   06AD 00                 1764 	.db #0x00	; 0
   06AE 00                 1765 	.db #0x00	; 0
   06AF 00                 1766 	.db #0x00	; 0
   06B0 00                 1767 	.db #0x00	; 0
   06B1 00                 1768 	.db #0x00	; 0
   06B2 00                 1769 	.db #0x00	; 0
   06B3 00                 1770 	.db #0x00	; 0
   06B4 00                 1771 	.db #0x00	; 0
   06B5 00                 1772 	.db #0x00	; 0
   06B6 00                 1773 	.db #0x00	; 0
   06B7 00                 1774 	.db #0x00	; 0
   06B8 00                 1775 	.db #0x00	; 0
   06B9 00                 1776 	.db #0x00	; 0
   06BA 00                 1777 	.db #0x00	; 0
   06BB 00                 1778 	.db #0x00	; 0
   06BC 00                 1779 	.db #0x00	; 0
   06BD 00                 1780 	.db #0x00	; 0
   06BE 00                 1781 	.db #0x00	; 0
   06BF 00                 1782 	.db #0x00	; 0
   06C0 00                 1783 	.db #0x00	; 0
   06C1 00                 1784 	.db #0x00	; 0
   06C2 00                 1785 	.db #0x00	; 0
   06C3 00                 1786 	.db #0x00	; 0
   06C4 00                 1787 	.db #0x00	; 0
   06C5 00                 1788 	.db #0x00	; 0
   06C6 00                 1789 	.db #0x00	; 0
   06C7 00                 1790 	.db #0x00	; 0
   06C8 00                 1791 	.db #0x00	; 0
   06C9 00                 1792 	.db #0x00	; 0
   06CA 00                 1793 	.db #0x00	; 0
   06CB 00                 1794 	.db #0x00	; 0
   06CC 00                 1795 	.db #0x00	; 0
   06CD 00                 1796 	.db #0x00	; 0
   06CE 00                 1797 	.db #0x00	; 0
   06CF 00                 1798 	.db #0x00	; 0
   06D0 00                 1799 	.db #0x00	; 0
   06D1 00                 1800 	.db #0x00	; 0
   06D2 00                 1801 	.db #0x00	; 0
   06D3 00                 1802 	.db #0x00	; 0
   06D4 00                 1803 	.db #0x00	; 0
   06D5 00                 1804 	.db #0x00	; 0
   06D6 00                 1805 	.db #0x00	; 0
   06D7 00                 1806 	.db #0x00	; 0
   06D8 00                 1807 	.db #0x00	; 0
   06D9 00                 1808 	.db #0x00	; 0
   06DA 00                 1809 	.db #0x00	; 0
   06DB 00                 1810 	.db #0x00	; 0
   06DC 00                 1811 	.db #0x00	; 0
   06DD 00                 1812 	.db #0x00	; 0
   06DE 00                 1813 	.db #0x00	; 0
   06DF 00                 1814 	.db #0x00	; 0
   06E0 00                 1815 	.db #0x00	; 0
   06E1 00                 1816 	.db #0x00	; 0
   06E2 00                 1817 	.db #0x00	; 0
   06E3 00                 1818 	.db #0x00	; 0
   06E4 00                 1819 	.db #0x00	; 0
   06E5 00                 1820 	.db #0x00	; 0
   06E6 00                 1821 	.db #0x00	; 0
   06E7 00                 1822 	.db #0x00	; 0
   06E8 00                 1823 	.db #0x00	; 0
   06E9 00                 1824 	.db #0x00	; 0
   06EA 00                 1825 	.db #0x00	; 0
   06EB 00                 1826 	.db #0x00	; 0
   06EC 00                 1827 	.db #0x00	; 0
   06ED 00                 1828 	.db #0x00	; 0
   06EE 00                 1829 	.db #0x00	; 0
   06EF 00                 1830 	.db #0x00	; 0
   06F0 00                 1831 	.db #0x00	; 0
   06F1 00                 1832 	.db #0x00	; 0
   06F2 00                 1833 	.db #0x00	; 0
   06F3 00                 1834 	.db #0x00	; 0
   06F4 00                 1835 	.db #0x00	; 0
   06F5 00                 1836 	.db #0x00	; 0
   06F6 00                 1837 	.db #0x00	; 0
   06F7 00                 1838 	.db #0x00	; 0
   06F8 00                 1839 	.db #0x00	; 0
   06F9 00                 1840 	.db #0x00	; 0
   06FA 00                 1841 	.db #0x00	; 0
   06FB 00                 1842 	.db #0x00	; 0
   06FC 00                 1843 	.db #0x00	; 0
   06FD 00                 1844 	.db #0x00	; 0
   06FE 00                 1845 	.db #0x00	; 0
   06FF 00                 1846 	.db #0x00	; 0
   0700 00                 1847 	.db #0x00	; 0
   0701 00                 1848 	.db #0x00	; 0
   0702 00                 1849 	.db #0x00	; 0
   0703 00                 1850 	.db #0x00	; 0
   0704 00                 1851 	.db #0x00	; 0
   0705 00                 1852 	.db #0x00	; 0
   0706 00                 1853 	.db #0x00	; 0
   0707 00                 1854 	.db #0x00	; 0
   0708 00                 1855 	.db #0x00	; 0
   0709 00                 1856 	.db #0x00	; 0
   070A 00                 1857 	.db #0x00	; 0
   070B 00                 1858 	.db #0x00	; 0
   070C 00                 1859 	.db #0x00	; 0
   070D 00                 1860 	.db #0x00	; 0
   070E 00                 1861 	.db #0x00	; 0
   070F 00                 1862 	.db #0x00	; 0
   0710 00                 1863 	.db #0x00	; 0
   0711 00                 1864 	.db #0x00	; 0
   0712 00                 1865 	.db #0x00	; 0
   0713 00                 1866 	.db #0x00	; 0
   0714 00                 1867 	.db #0x00	; 0
   0715 00                 1868 	.db #0x00	; 0
   0716 00                 1869 	.db #0x00	; 0
   0717 00                 1870 	.db #0x00	; 0
   0718 00                 1871 	.db #0x00	; 0
   0719 00                 1872 	.db #0x00	; 0
   071A 00                 1873 	.db #0x00	; 0
   071B 00                 1874 	.db #0x00	; 0
   071C 00                 1875 	.db #0x00	; 0
   071D 00                 1876 	.db #0x00	; 0
   071E 00                 1877 	.db #0x00	; 0
   071F 00                 1878 	.db #0x00	; 0
   0720 00                 1879 	.db #0x00	; 0
   0721 00                 1880 	.db #0x00	; 0
   0722 00                 1881 	.db #0x00	; 0
   0723 00                 1882 	.db #0x00	; 0
   0724 00                 1883 	.db #0x00	; 0
   0725 00                 1884 	.db #0x00	; 0
   0726 00                 1885 	.db #0x00	; 0
   0727 00                 1886 	.db #0x00	; 0
   0728 00                 1887 	.db #0x00	; 0
   0729 00                 1888 	.db #0x00	; 0
   072A 00                 1889 	.db #0x00	; 0
   072B 00                 1890 	.db #0x00	; 0
   072C 00                 1891 	.db #0x00	; 0
   072D 00                 1892 	.db #0x00	; 0
   072E 00                 1893 	.db #0x00	; 0
   072F 00                 1894 	.db #0x00	; 0
   0730 00                 1895 	.db #0x00	; 0
   0731 00                 1896 	.db #0x00	; 0
   0732 00                 1897 	.db #0x00	; 0
   0733 00                 1898 	.db #0x00	; 0
   0734 00                 1899 	.db #0x00	; 0
   0735 00                 1900 	.db #0x00	; 0
   0736 00                 1901 	.db #0x00	; 0
   0737 00                 1902 	.db #0x00	; 0
   0738 00                 1903 	.db #0x00	; 0
   0739 00                 1904 	.db #0x00	; 0
   073A 00                 1905 	.db #0x00	; 0
   073B 00                 1906 	.db #0x00	; 0
   073C 00                 1907 	.db #0x00	; 0
   073D 00                 1908 	.db #0x00	; 0
   073E 00                 1909 	.db #0x00	; 0
   073F 00                 1910 	.db #0x00	; 0
   0740 00                 1911 	.db #0x00	; 0
   0741 00                 1912 	.db #0x00	; 0
   0742 00                 1913 	.db #0x00	; 0
   0743 00                 1914 	.db #0x00	; 0
   0744 00                 1915 	.db #0x00	; 0
   0745 00                 1916 	.db #0x00	; 0
   0746 00                 1917 	.db #0x00	; 0
   0747 00                 1918 	.db #0x00	; 0
   0748 00                 1919 	.db #0x00	; 0
   0749 00                 1920 	.db #0x00	; 0
   074A 00                 1921 	.db #0x00	; 0
   074B 00                 1922 	.db #0x00	; 0
   074C 00                 1923 	.db #0x00	; 0
   074D 00                 1924 	.db #0x00	; 0
   074E 00                 1925 	.db #0x00	; 0
   074F 00                 1926 	.db #0x00	; 0
   0750 00                 1927 	.db #0x00	; 0
   0751 00                 1928 	.db #0x00	; 0
   0752 00                 1929 	.db #0x00	; 0
   0753 00                 1930 	.db #0x00	; 0
   0754 00                 1931 	.db #0x00	; 0
   0755 00                 1932 	.db #0x00	; 0
   0756 00                 1933 	.db #0x00	; 0
   0757 00                 1934 	.db #0x00	; 0
   0758 00                 1935 	.db #0x00	; 0
   0759 00                 1936 	.db #0x00	; 0
   075A 00                 1937 	.db #0x00	; 0
   075B 00                 1938 	.db #0x00	; 0
   075C 00                 1939 	.db #0x00	; 0
   075D 00                 1940 	.db #0x00	; 0
   075E 00                 1941 	.db #0x00	; 0
   075F 00                 1942 	.db #0x00	; 0
   0760 00                 1943 	.db #0x00	; 0
   0761 00                 1944 	.db #0x00	; 0
   0762 00                 1945 	.db #0x00	; 0
   0763 00                 1946 	.db #0x00	; 0
   0764 00                 1947 	.db #0x00	; 0
   0765 00                 1948 	.db #0x00	; 0
   0766 00                 1949 	.db #0x00	; 0
   0767 00                 1950 	.db #0x00	; 0
   0768 00                 1951 	.db #0x00	; 0
   0769 00                 1952 	.db #0x00	; 0
   076A 00                 1953 	.db #0x00	; 0
   076B 00                 1954 	.db #0x00	; 0
   076C 00                 1955 	.db #0x00	; 0
   076D 00                 1956 	.db #0x00	; 0
   076E 00                 1957 	.db #0x00	; 0
   076F 00                 1958 	.db #0x00	; 0
   0770 00                 1959 	.db #0x00	; 0
   0771 00                 1960 	.db #0x00	; 0
   0772 00                 1961 	.db #0x00	; 0
   0773 00                 1962 	.db #0x00	; 0
   0774 00                 1963 	.db #0x00	; 0
   0775 00                 1964 	.db #0x00	; 0
   0776 00                 1965 	.db #0x00	; 0
   0777 00                 1966 	.db #0x00	; 0
   0778 00                 1967 	.db #0x00	; 0
   0779 00                 1968 	.db #0x00	; 0
   077A 00                 1969 	.db #0x00	; 0
   077B 00                 1970 	.db #0x00	; 0
   077C 00                 1971 	.db #0x00	; 0
   077D 00                 1972 	.db #0x00	; 0
   077E 00                 1973 	.db #0x00	; 0
   077F 00                 1974 	.db #0x00	; 0
                           1975 	.area _INITIALIZER
                           1976 	.area _CABS (ABS)
