                              1 ;--------------------------------------------------------
                              2 ; File Created by SDCC : free open source ANSI-C Compiler
                              3 ; Version 3.6.8 #9946 (Linux)
                              4 ;--------------------------------------------------------
                              5 	.module AlienVoid
                              6 	.optsdcc -mz80
                              7 	
                              8 ;--------------------------------------------------------
                              9 ; Public variables in this module
                             10 ;--------------------------------------------------------
                             11 	.globl _spr_alien_void
                             12 ;--------------------------------------------------------
                             13 ; special function registers
                             14 ;--------------------------------------------------------
                             15 ;--------------------------------------------------------
                             16 ; ram data
                             17 ;--------------------------------------------------------
                             18 	.area _DATA
                             19 ;--------------------------------------------------------
                             20 ; ram data
                             21 ;--------------------------------------------------------
                             22 	.area _INITIALIZED
                             23 ;--------------------------------------------------------
                             24 ; absolute external ram data
                             25 ;--------------------------------------------------------
                             26 	.area _DABS (ABS)
                             27 ;--------------------------------------------------------
                             28 ; global & static initialisations
                             29 ;--------------------------------------------------------
                             30 	.area _HOME
                             31 	.area _GSINIT
                             32 	.area _GSFINAL
                             33 	.area _GSINIT
                             34 ;--------------------------------------------------------
                             35 ; Home
                             36 ;--------------------------------------------------------
                             37 	.area _HOME
                             38 	.area _HOME
                             39 ;--------------------------------------------------------
                             40 ; code
                             41 ;--------------------------------------------------------
                             42 	.area _CODE
                             43 	.area _CODE
   0000                      44 _spr_alien_void:
   0000 00                   45 	.db #0x00	; 0
   0001 00                   46 	.db #0x00	; 0
   0002 00                   47 	.db #0x00	; 0
   0003 00                   48 	.db #0x00	; 0
   0004 00                   49 	.db #0x00	; 0
   0005 00                   50 	.db #0x00	; 0
   0006 00                   51 	.db #0x00	; 0
   0007 00                   52 	.db #0x00	; 0
   0008 00                   53 	.db #0x00	; 0
   0009 00                   54 	.db #0x00	; 0
   000A 00                   55 	.db #0x00	; 0
   000B 00                   56 	.db #0x00	; 0
   000C 00                   57 	.db #0x00	; 0
   000D 00                   58 	.db #0x00	; 0
   000E 00                   59 	.db #0x00	; 0
   000F 00                   60 	.db #0x00	; 0
   0010 00                   61 	.db #0x00	; 0
   0011 00                   62 	.db #0x00	; 0
   0012 44                   63 	.db #0x44	; 68	'D'
   0013 CC                   64 	.db #0xcc	; 204
   0014 CC                   65 	.db #0xcc	; 204
   0015 88                   66 	.db #0x88	; 136
   0016 00                   67 	.db #0x00	; 0
   0017 00                   68 	.db #0x00	; 0
   0018 00                   69 	.db #0x00	; 0
   0019 00                   70 	.db #0x00	; 0
   001A 98                   71 	.db #0x98	; 152
   001B CC                   72 	.db #0xcc	; 204
   001C CC                   73 	.db #0xcc	; 204
   001D 64                   74 	.db #0x64	; 100	'd'
   001E 00                   75 	.db #0x00	; 0
   001F 00                   76 	.db #0x00	; 0
   0020 00                   77 	.db #0x00	; 0
   0021 00                   78 	.db #0x00	; 0
   0022 CC                   79 	.db #0xcc	; 204
   0023 CC                   80 	.db #0xcc	; 204
   0024 CC                   81 	.db #0xcc	; 204
   0025 CC                   82 	.db #0xcc	; 204
   0026 00                   83 	.db #0x00	; 0
   0027 00                   84 	.db #0x00	; 0
   0028 00                   85 	.db #0x00	; 0
   0029 00                   86 	.db #0x00	; 0
   002A 98                   87 	.db #0x98	; 152
   002B CC                   88 	.db #0xcc	; 204
   002C CC                   89 	.db #0xcc	; 204
   002D 64                   90 	.db #0x64	; 100	'd'
   002E 00                   91 	.db #0x00	; 0
   002F 00                   92 	.db #0x00	; 0
   0030 00                   93 	.db #0x00	; 0
   0031 00                   94 	.db #0x00	; 0
   0032 CC                   95 	.db #0xcc	; 204
   0033 CC                   96 	.db #0xcc	; 204
   0034 CC                   97 	.db #0xcc	; 204
   0035 CC                   98 	.db #0xcc	; 204
   0036 00                   99 	.db #0x00	; 0
   0037 00                  100 	.db #0x00	; 0
   0038 00                  101 	.db #0x00	; 0
   0039 00                  102 	.db #0x00	; 0
   003A 98                  103 	.db #0x98	; 152
   003B CC                  104 	.db #0xcc	; 204
   003C CC                  105 	.db #0xcc	; 204
   003D 64                  106 	.db #0x64	; 100	'd'
   003E 00                  107 	.db #0x00	; 0
   003F 00                  108 	.db #0x00	; 0
   0040 00                  109 	.db #0x00	; 0
   0041 00                  110 	.db #0x00	; 0
   0042 CC                  111 	.db #0xcc	; 204
   0043 CC                  112 	.db #0xcc	; 204
   0044 CC                  113 	.db #0xcc	; 204
   0045 CC                  114 	.db #0xcc	; 204
   0046 00                  115 	.db #0x00	; 0
   0047 00                  116 	.db #0x00	; 0
   0048 00                  117 	.db #0x00	; 0
   0049 44                  118 	.db #0x44	; 68	'D'
   004A CC                  119 	.db #0xcc	; 204
   004B CC                  120 	.db #0xcc	; 204
   004C CC                  121 	.db #0xcc	; 204
   004D CC                  122 	.db #0xcc	; 204
   004E 88                  123 	.db #0x88	; 136
   004F 00                  124 	.db #0x00	; 0
   0050 00                  125 	.db #0x00	; 0
   0051 44                  126 	.db #0x44	; 68	'D'
   0052 44                  127 	.db #0x44	; 68	'D'
   0053 44                  128 	.db #0x44	; 68	'D'
   0054 44                  129 	.db #0x44	; 68	'D'
   0055 00                  130 	.db #0x00	; 0
   0056 88                  131 	.db #0x88	; 136
   0057 00                  132 	.db #0x00	; 0
   0058 00                  133 	.db #0x00	; 0
   0059 CC                  134 	.db #0xcc	; 204
   005A 44                  135 	.db #0x44	; 68	'D'
   005B 44                  136 	.db #0x44	; 68	'D'
   005C 44                  137 	.db #0x44	; 68	'D'
   005D 00                  138 	.db #0x00	; 0
   005E CC                  139 	.db #0xcc	; 204
   005F 00                  140 	.db #0x00	; 0
   0060 00                  141 	.db #0x00	; 0
   0061 88                  142 	.db #0x88	; 136
   0062 44                  143 	.db #0x44	; 68	'D'
   0063 44                  144 	.db #0x44	; 68	'D'
   0064 44                  145 	.db #0x44	; 68	'D'
   0065 00                  146 	.db #0x00	; 0
   0066 44                  147 	.db #0x44	; 68	'D'
   0067 00                  148 	.db #0x00	; 0
   0068 00                  149 	.db #0x00	; 0
   0069 88                  150 	.db #0x88	; 136
   006A CC                  151 	.db #0xcc	; 204
   006B 44                  152 	.db #0x44	; 68	'D'
   006C 44                  153 	.db #0x44	; 68	'D'
   006D 88                  154 	.db #0x88	; 136
   006E 44                  155 	.db #0x44	; 68	'D'
   006F 00                  156 	.db #0x00	; 0
   0070 00                  157 	.db #0x00	; 0
   0071 88                  158 	.db #0x88	; 136
   0072 88                  159 	.db #0x88	; 136
   0073 44                  160 	.db #0x44	; 68	'D'
   0074 00                  161 	.db #0x00	; 0
   0075 88                  162 	.db #0x88	; 136
   0076 44                  163 	.db #0x44	; 68	'D'
   0077 00                  164 	.db #0x00	; 0
   0078 00                  165 	.db #0x00	; 0
   0079 88                  166 	.db #0x88	; 136
   007A 88                  167 	.db #0x88	; 136
   007B CC                  168 	.db #0xcc	; 204
   007C 88                  169 	.db #0x88	; 136
   007D CC                  170 	.db #0xcc	; 204
   007E 44                  171 	.db #0x44	; 68	'D'
   007F 00                  172 	.db #0x00	; 0
                            173 	.area _INITIALIZER
                            174 	.area _CABS (ABS)
