                              1 ;--------------------------------------------------------
                              2 ; File Created by SDCC : free open source ANSI-C Compiler
                              3 ; Version 3.6.8 #9946 (Linux)
                              4 ;--------------------------------------------------------
                              5 	.module Alien1v2_completo
                              6 	.optsdcc -mz80
                              7 	
                              8 ;--------------------------------------------------------
                              9 ; Public variables in this module
                             10 ;--------------------------------------------------------
                             11 	.globl _spr_alien_void_5
                             12 	.globl _spr_alien_void_4
                             13 	.globl _spr_alien_void_3
                             14 	.globl _spr_alien_void_2
                             15 	.globl _spr_alien_void_1
                             16 	.globl _spr_alien_void_0
                             17 ;--------------------------------------------------------
                             18 ; special function registers
                             19 ;--------------------------------------------------------
                             20 ;--------------------------------------------------------
                             21 ; ram data
                             22 ;--------------------------------------------------------
                             23 	.area _DATA
                             24 ;--------------------------------------------------------
                             25 ; ram data
                             26 ;--------------------------------------------------------
                             27 	.area _INITIALIZED
                             28 ;--------------------------------------------------------
                             29 ; absolute external ram data
                             30 ;--------------------------------------------------------
                             31 	.area _DABS (ABS)
                             32 ;--------------------------------------------------------
                             33 ; global & static initialisations
                             34 ;--------------------------------------------------------
                             35 	.area _HOME
                             36 	.area _GSINIT
                             37 	.area _GSFINAL
                             38 	.area _GSINIT
                             39 ;--------------------------------------------------------
                             40 ; Home
                             41 ;--------------------------------------------------------
                             42 	.area _HOME
                             43 	.area _HOME
                             44 ;--------------------------------------------------------
                             45 ; code
                             46 ;--------------------------------------------------------
                             47 	.area _CODE
                             48 	.area _CODE
   0000                      49 _spr_alien_void_0:
   0000 00                   50 	.db #0x00	; 0
   0001 00                   51 	.db #0x00	; 0
   0002 00                   52 	.db #0x00	; 0
   0003 00                   53 	.db #0x00	; 0
   0004 00                   54 	.db #0x00	; 0
   0005 00                   55 	.db #0x00	; 0
   0006 00                   56 	.db #0x00	; 0
   0007 00                   57 	.db #0x00	; 0
   0008 00                   58 	.db #0x00	; 0
   0009 00                   59 	.db #0x00	; 0
   000A 00                   60 	.db #0x00	; 0
   000B 00                   61 	.db #0x00	; 0
   000C 00                   62 	.db #0x00	; 0
   000D 00                   63 	.db #0x00	; 0
   000E 00                   64 	.db #0x00	; 0
   000F 00                   65 	.db #0x00	; 0
   0010 00                   66 	.db #0x00	; 0
   0011 00                   67 	.db #0x00	; 0
   0012 00                   68 	.db #0x00	; 0
   0013 00                   69 	.db #0x00	; 0
   0014 00                   70 	.db #0x00	; 0
   0015 00                   71 	.db #0x00	; 0
   0016 00                   72 	.db #0x00	; 0
   0017 00                   73 	.db #0x00	; 0
   0018 00                   74 	.db #0x00	; 0
   0019 00                   75 	.db #0x00	; 0
   001A 00                   76 	.db #0x00	; 0
   001B 00                   77 	.db #0x00	; 0
   001C 00                   78 	.db #0x00	; 0
   001D 00                   79 	.db #0x00	; 0
   001E 00                   80 	.db #0x00	; 0
   001F 00                   81 	.db #0x00	; 0
   0020 00                   82 	.db #0x00	; 0
   0021 00                   83 	.db #0x00	; 0
   0022 00                   84 	.db #0x00	; 0
   0023 00                   85 	.db #0x00	; 0
   0024 00                   86 	.db #0x00	; 0
   0025 00                   87 	.db #0x00	; 0
   0026 00                   88 	.db #0x00	; 0
   0027 00                   89 	.db #0x00	; 0
   0028 00                   90 	.db #0x00	; 0
   0029 00                   91 	.db #0x00	; 0
   002A 00                   92 	.db #0x00	; 0
   002B 00                   93 	.db #0x00	; 0
   002C 00                   94 	.db #0x00	; 0
   002D 00                   95 	.db #0x00	; 0
   002E 00                   96 	.db #0x00	; 0
   002F 00                   97 	.db #0x00	; 0
   0030 00                   98 	.db #0x00	; 0
   0031 00                   99 	.db #0x00	; 0
   0032 00                  100 	.db #0x00	; 0
   0033 00                  101 	.db #0x00	; 0
   0034 00                  102 	.db #0x00	; 0
   0035 03                  103 	.db #0x03	; 3
   0036 03                  104 	.db #0x03	; 3
   0037 00                  105 	.db #0x00	; 0
   0038 00                  106 	.db #0x00	; 0
   0039 00                  107 	.db #0x00	; 0
   003A 00                  108 	.db #0x00	; 0
   003B 00                  109 	.db #0x00	; 0
   003C 00                  110 	.db #0x00	; 0
   003D 00                  111 	.db #0x00	; 0
   003E 01                  112 	.db #0x01	; 1
   003F 13                  113 	.db #0x13	; 19
   0040 23                  114 	.db #0x23	; 35
   0041 02                  115 	.db #0x02	; 2
   0042 00                  116 	.db #0x00	; 0
   0043 00                  117 	.db #0x00	; 0
   0044 00                  118 	.db #0x00	; 0
   0045 00                  119 	.db #0x00	; 0
   0046 00                  120 	.db #0x00	; 0
   0047 00                  121 	.db #0x00	; 0
   0048 16                  122 	.db #0x16	; 22
   0049 36                  123 	.db #0x36	; 54	'6'
   004A 3C                  124 	.db #0x3c	; 60
   004B 29                  125 	.db #0x29	; 41
   004C 00                  126 	.db #0x00	; 0
   004D 00                  127 	.db #0x00	; 0
   004E 00                  128 	.db #0x00	; 0
   004F 00                  129 	.db #0x00	; 0
   0050 00                  130 	.db #0x00	; 0
   0051 00                  131 	.db #0x00	; 0
   0052 13                  132 	.db #0x13	; 19
   0053 DE                  133 	.db #0xde	; 222
   0054 F0                  134 	.db #0xf0	; 240
   0055 29                  135 	.db #0x29	; 41
   0056 00                  136 	.db #0x00	; 0
   0057 00                  137 	.db #0x00	; 0
   0058 00                  138 	.db #0x00	; 0
   0059 00                  139 	.db #0x00	; 0
   005A 00                  140 	.db #0x00	; 0
   005B 01                  141 	.db #0x01	; 1
   005C 6D                  142 	.db #0x6d	; 109	'm'
   005D CF                  143 	.db #0xcf	; 207
   005E F8                  144 	.db #0xf8	; 248
   005F B4                  145 	.db #0xb4	; 180
   0060 02                  146 	.db #0x02	; 2
   0061 00                  147 	.db #0x00	; 0
   0062 00                  148 	.db #0x00	; 0
   0063 00                  149 	.db #0x00	; 0
   0064 00                  150 	.db #0x00	; 0
   0065 01                  151 	.db #0x01	; 1
   0066 28                  152 	.db #0x28	; 40
   0067 45                  153 	.db #0x45	; 69	'E'
   0068 02                  154 	.db #0x02	; 2
   0069 14                  155 	.db #0x14	; 20
   006A 02                  156 	.db #0x02	; 2
   006B 00                  157 	.db #0x00	; 0
   006C 00                  158 	.db #0x00	; 0
   006D 00                  159 	.db #0x00	; 0
   006E 00                  160 	.db #0x00	; 0
   006F 13                  161 	.db #0x13	; 19
   0070 CF                  162 	.db #0xcf	; 207
   0071 54                  163 	.db #0x54	; 84	'T'
   0072 02                  164 	.db #0x02	; 2
   0073 F0                  165 	.db #0xf0	; 240
   0074 29                  166 	.db #0x29	; 41
   0075 00                  167 	.db #0x00	; 0
   0076 00                  168 	.db #0x00	; 0
   0077 00                  169 	.db #0x00	; 0
   0078 00                  170 	.db #0x00	; 0
   0079 13                  171 	.db #0x13	; 19
   007A CF                  172 	.db #0xcf	; 207
   007B CF                  173 	.db #0xcf	; 207
   007C DE                  174 	.db #0xde	; 222
   007D F0                  175 	.db #0xf0	; 240
   007E 29                  176 	.db #0x29	; 41
   007F 00                  177 	.db #0x00	; 0
   0080 00                  178 	.db #0x00	; 0
   0081 00                  179 	.db #0x00	; 0
   0082 00                  180 	.db #0x00	; 0
   0083 16                  181 	.db #0x16	; 22
   0084 8A                  182 	.db #0x8a	; 138
   0085 54                  183 	.db #0x54	; 84	'T'
   0086 A8                  184 	.db #0xa8	; 168
   0087 50                  185 	.db #0x50	; 80	'P'
   0088 29                  186 	.db #0x29	; 41
   0089 00                  187 	.db #0x00	; 0
   008A 00                  188 	.db #0x00	; 0
   008B 00                  189 	.db #0x00	; 0
   008C 00                  190 	.db #0x00	; 0
   008D 16                  191 	.db #0x16	; 22
   008E 8A                  192 	.db #0x8a	; 138
   008F 65                  193 	.db #0x65	; 101	'e'
   0090 9A                  194 	.db #0x9a	; 154
   0091 50                  195 	.db #0x50	; 80	'P'
   0092 29                  196 	.db #0x29	; 41
   0093 00                  197 	.db #0x00	; 0
   0094 00                  198 	.db #0x00	; 0
   0095 00                  199 	.db #0x00	; 0
   0096 00                  200 	.db #0x00	; 0
   0097 16                  201 	.db #0x16	; 22
   0098 CF                  202 	.db #0xcf	; 207
   0099 CF                  203 	.db #0xcf	; 207
   009A 8B                  204 	.db #0x8b	; 139
   009B F0                  205 	.db #0xf0	; 240
   009C 29                  206 	.db #0x29	; 41
   009D 00                  207 	.db #0x00	; 0
   009E 00                  208 	.db #0x00	; 0
   009F 00                  209 	.db #0x00	; 0
   00A0 00                  210 	.db #0x00	; 0
   00A1 13                  211 	.db #0x13	; 19
   00A2 6D                  212 	.db #0x6d	; 109	'm'
   00A3 CF                  213 	.db #0xcf	; 207
   00A4 DE                  214 	.db #0xde	; 222
   00A5 B4                  215 	.db #0xb4	; 180
   00A6 29                  216 	.db #0x29	; 41
   00A7 00                  217 	.db #0x00	; 0
   00A8 00                  218 	.db #0x00	; 0
   00A9 00                  219 	.db #0x00	; 0
   00AA 00                  220 	.db #0x00	; 0
   00AB 13                  221 	.db #0x13	; 19
   00AC 6D                  222 	.db #0x6d	; 109	'm'
   00AD 8A                  223 	.db #0x8a	; 138
   00AE 50                  224 	.db #0x50	; 80	'P'
   00AF B4                  225 	.db #0xb4	; 180
   00B0 29                  226 	.db #0x29	; 41
   00B1 00                  227 	.db #0x00	; 0
   00B2 00                  228 	.db #0x00	; 0
   00B3 00                  229 	.db #0x00	; 0
   00B4 00                  230 	.db #0x00	; 0
   00B5 13                  231 	.db #0x13	; 19
   00B6 6D                  232 	.db #0x6d	; 109	'm'
   00B7 45                  233 	.db #0x45	; 69	'E'
   00B8 A8                  234 	.db #0xa8	; 168
   00B9 B4                  235 	.db #0xb4	; 180
   00BA 29                  236 	.db #0x29	; 41
   00BB 00                  237 	.db #0x00	; 0
   00BC 00                  238 	.db #0x00	; 0
   00BD 00                  239 	.db #0x00	; 0
   00BE 01                  240 	.db #0x01	; 1
   00BF 36                  241 	.db #0x36	; 54	'6'
   00C0 6D                  242 	.db #0x6d	; 109	'm'
   00C1 8B                  243 	.db #0x8b	; 139
   00C2 F0                  244 	.db #0xf0	; 240
   00C3 B4                  245 	.db #0xb4	; 180
   00C4 3C                  246 	.db #0x3c	; 60
   00C5 02                  247 	.db #0x02	; 2
   00C6 00                  248 	.db #0x00	; 0
   00C7 00                  249 	.db #0x00	; 0
   00C8 44                  250 	.db #0x44	; 68	'D'
   00C9 03                  251 	.db #0x03	; 3
   00CA 3C                  252 	.db #0x3c	; 60
   00CB DE                  253 	.db #0xde	; 222
   00CC F0                  254 	.db #0xf0	; 240
   00CD 3C                  255 	.db #0x3c	; 60
   00CE 03                  256 	.db #0x03	; 3
   00CF 88                  257 	.db #0x88	; 136
   00D0 00                  258 	.db #0x00	; 0
   00D1 00                  259 	.db #0x00	; 0
   00D2 10                  260 	.db #0x10	; 16
   00D3 89                  261 	.db #0x89	; 137
   00D4 03                  262 	.db #0x03	; 3
   00D5 03                  263 	.db #0x03	; 3
   00D6 03                  264 	.db #0x03	; 3
   00D7 03                  265 	.db #0x03	; 3
   00D8 46                  266 	.db #0x46	; 70	'F'
   00D9 20                  267 	.db #0x20	; 32
   00DA 00                  268 	.db #0x00	; 0
   00DB 00                  269 	.db #0x00	; 0
   00DC 10                  270 	.db #0x10	; 16
   00DD 21                  271 	.db #0x21	; 33
   00DE 06                  272 	.db #0x06	; 6
   00DF 09                  273 	.db #0x09	; 9
   00E0 06                  274 	.db #0x06	; 6
   00E1 09                  275 	.db #0x09	; 9
   00E2 12                  276 	.db #0x12	; 18
   00E3 20                  277 	.db #0x20	; 32
   00E4 00                  278 	.db #0x00	; 0
   00E5 00                  279 	.db #0x00	; 0
   00E6 10                  280 	.db #0x10	; 16
   00E7 83                  281 	.db #0x83	; 131
   00E8 03                  282 	.db #0x03	; 3
   00E9 09                  283 	.db #0x09	; 9
   00EA 06                  284 	.db #0x06	; 6
   00EB 03                  285 	.db #0x03	; 3
   00EC 43                  286 	.db #0x43	; 67	'C'
   00ED 20                  287 	.db #0x20	; 32
   00EE 00                  288 	.db #0x00	; 0
   00EF 00                  289 	.db #0x00	; 0
   00F0 41                  290 	.db #0x41	; 65	'A'
   00F1 A2                  291 	.db #0xa2	; 162
   00F2 CC                  292 	.db #0xcc	; 204
   00F3 03                  293 	.db #0x03	; 3
   00F4 03                  294 	.db #0x03	; 3
   00F5 CC                  295 	.db #0xcc	; 204
   00F6 51                  296 	.db #0x51	; 81	'Q'
   00F7 82                  297 	.db #0x82	; 130
   00F8 00                  298 	.db #0x00	; 0
   00F9 00                  299 	.db #0x00	; 0
   00FA 51                  300 	.db #0x51	; 81	'Q'
   00FB 00                  301 	.db #0x00	; 0
   00FC 30                  302 	.db #0x30	; 48	'0'
   00FD 03                  303 	.db #0x03	; 3
   00FE 03                  304 	.db #0x03	; 3
   00FF 30                  305 	.db #0x30	; 48	'0'
   0100 51                  306 	.db #0x51	; 81	'Q'
   0101 82                  307 	.db #0x82	; 130
   0102 00                  308 	.db #0x00	; 0
   0103 00                  309 	.db #0x00	; 0
   0104 51                  310 	.db #0x51	; 81	'Q'
   0105 00                  311 	.db #0x00	; 0
   0106 30                  312 	.db #0x30	; 48	'0'
   0107 00                  313 	.db #0x00	; 0
   0108 00                  314 	.db #0x00	; 0
   0109 92                  315 	.db #0x92	; 146
   010A 00                  316 	.db #0x00	; 0
   010B A2                  317 	.db #0xa2	; 162
   010C 00                  318 	.db #0x00	; 0
   010D 00                  319 	.db #0x00	; 0
   010E 00                  320 	.db #0x00	; 0
   010F 00                  321 	.db #0x00	; 0
   0110 61                  322 	.db #0x61	; 97	'a'
   0111 00                  323 	.db #0x00	; 0
   0112 00                  324 	.db #0x00	; 0
   0113 61                  325 	.db #0x61	; 97	'a'
   0114 00                  326 	.db #0x00	; 0
   0115 A2                  327 	.db #0xa2	; 162
   0116 00                  328 	.db #0x00	; 0
   0117 00                  329 	.db #0x00	; 0
   0118 00                  330 	.db #0x00	; 0
   0119 00                  331 	.db #0x00	; 0
   011A D3                  332 	.db #0xd3	; 211
   011B 00                  333 	.db #0x00	; 0
   011C 00                  334 	.db #0x00	; 0
   011D D3                  335 	.db #0xd3	; 211
   011E 00                  336 	.db #0x00	; 0
   011F 00                  337 	.db #0x00	; 0
   0120 00                  338 	.db #0x00	; 0
   0121 00                  339 	.db #0x00	; 0
   0122 00                  340 	.db #0x00	; 0
   0123 00                  341 	.db #0x00	; 0
   0124 A2                  342 	.db #0xa2	; 162
   0125 00                  343 	.db #0x00	; 0
   0126 00                  344 	.db #0x00	; 0
   0127 A2                  345 	.db #0xa2	; 162
   0128 00                  346 	.db #0x00	; 0
   0129 00                  347 	.db #0x00	; 0
   012A 00                  348 	.db #0x00	; 0
   012B 00                  349 	.db #0x00	; 0
   012C 00                  350 	.db #0x00	; 0
   012D 00                  351 	.db #0x00	; 0
   012E 51                  352 	.db #0x51	; 81	'Q'
   012F 00                  353 	.db #0x00	; 0
   0130 00                  354 	.db #0x00	; 0
   0131 51                  355 	.db #0x51	; 81	'Q'
   0132 00                  356 	.db #0x00	; 0
   0133 00                  357 	.db #0x00	; 0
   0134 00                  358 	.db #0x00	; 0
   0135 00                  359 	.db #0x00	; 0
   0136 00                  360 	.db #0x00	; 0
   0137 00                  361 	.db #0x00	; 0
   0138 00                  362 	.db #0x00	; 0
   0139 00                  363 	.db #0x00	; 0
   013A 00                  364 	.db #0x00	; 0
   013B 51                  365 	.db #0x51	; 81	'Q'
   013C 00                  366 	.db #0x00	; 0
   013D 00                  367 	.db #0x00	; 0
   013E 00                  368 	.db #0x00	; 0
   013F 00                  369 	.db #0x00	; 0
   0140                     370 _spr_alien_void_1:
   0140 00                  371 	.db #0x00	; 0
   0141 00                  372 	.db #0x00	; 0
   0142 00                  373 	.db #0x00	; 0
   0143 00                  374 	.db #0x00	; 0
   0144 00                  375 	.db #0x00	; 0
   0145 00                  376 	.db #0x00	; 0
   0146 00                  377 	.db #0x00	; 0
   0147 00                  378 	.db #0x00	; 0
   0148 00                  379 	.db #0x00	; 0
   0149 00                  380 	.db #0x00	; 0
   014A 00                  381 	.db #0x00	; 0
   014B 00                  382 	.db #0x00	; 0
   014C 00                  383 	.db #0x00	; 0
   014D 00                  384 	.db #0x00	; 0
   014E 00                  385 	.db #0x00	; 0
   014F 00                  386 	.db #0x00	; 0
   0150 00                  387 	.db #0x00	; 0
   0151 00                  388 	.db #0x00	; 0
   0152 00                  389 	.db #0x00	; 0
   0153 00                  390 	.db #0x00	; 0
   0154 00                  391 	.db #0x00	; 0
   0155 00                  392 	.db #0x00	; 0
   0156 00                  393 	.db #0x00	; 0
   0157 03                  394 	.db #0x03	; 3
   0158 03                  395 	.db #0x03	; 3
   0159 00                  396 	.db #0x00	; 0
   015A 00                  397 	.db #0x00	; 0
   015B 00                  398 	.db #0x00	; 0
   015C 00                  399 	.db #0x00	; 0
   015D 00                  400 	.db #0x00	; 0
   015E 00                  401 	.db #0x00	; 0
   015F 00                  402 	.db #0x00	; 0
   0160 01                  403 	.db #0x01	; 1
   0161 13                  404 	.db #0x13	; 19
   0162 23                  405 	.db #0x23	; 35
   0163 02                  406 	.db #0x02	; 2
   0164 00                  407 	.db #0x00	; 0
   0165 00                  408 	.db #0x00	; 0
   0166 00                  409 	.db #0x00	; 0
   0167 00                  410 	.db #0x00	; 0
   0168 00                  411 	.db #0x00	; 0
   0169 00                  412 	.db #0x00	; 0
   016A 16                  413 	.db #0x16	; 22
   016B 33                  414 	.db #0x33	; 51	'3'
   016C 3C                  415 	.db #0x3c	; 60
   016D 29                  416 	.db #0x29	; 41
   016E 00                  417 	.db #0x00	; 0
   016F 00                  418 	.db #0x00	; 0
   0170 00                  419 	.db #0x00	; 0
   0171 00                  420 	.db #0x00	; 0
   0172 00                  421 	.db #0x00	; 0
   0173 00                  422 	.db #0x00	; 0
   0174 13                  423 	.db #0x13	; 19
   0175 DE                  424 	.db #0xde	; 222
   0176 F0                  425 	.db #0xf0	; 240
   0177 29                  426 	.db #0x29	; 41
   0178 00                  427 	.db #0x00	; 0
   0179 00                  428 	.db #0x00	; 0
   017A 00                  429 	.db #0x00	; 0
   017B 00                  430 	.db #0x00	; 0
   017C 00                  431 	.db #0x00	; 0
   017D 01                  432 	.db #0x01	; 1
   017E 67                  433 	.db #0x67	; 103	'g'
   017F CF                  434 	.db #0xcf	; 207
   0180 F8                  435 	.db #0xf8	; 248
   0181 B4                  436 	.db #0xb4	; 180
   0182 02                  437 	.db #0x02	; 2
   0183 00                  438 	.db #0x00	; 0
   0184 00                  439 	.db #0x00	; 0
   0185 00                  440 	.db #0x00	; 0
   0186 00                  441 	.db #0x00	; 0
   0187 01                  442 	.db #0x01	; 1
   0188 22                  443 	.db #0x22	; 34
   0189 CF                  444 	.db #0xcf	; 207
   018A 52                  445 	.db #0x52	; 82	'R'
   018B 14                  446 	.db #0x14	; 20
   018C 02                  447 	.db #0x02	; 2
   018D 00                  448 	.db #0x00	; 0
   018E 00                  449 	.db #0x00	; 0
   018F 00                  450 	.db #0x00	; 0
   0190 00                  451 	.db #0x00	; 0
   0191 16                  452 	.db #0x16	; 22
   0192 CF                  453 	.db #0xcf	; 207
   0193 54                  454 	.db #0x54	; 84	'T'
   0194 02                  455 	.db #0x02	; 2
   0195 F0                  456 	.db #0xf0	; 240
   0196 29                  457 	.db #0x29	; 41
   0197 00                  458 	.db #0x00	; 0
   0198 00                  459 	.db #0x00	; 0
   0199 00                  460 	.db #0x00	; 0
   019A 00                  461 	.db #0x00	; 0
   019B 13                  462 	.db #0x13	; 19
   019C CF                  463 	.db #0xcf	; 207
   019D CF                  464 	.db #0xcf	; 207
   019E DE                  465 	.db #0xde	; 222
   019F F0                  466 	.db #0xf0	; 240
   01A0 29                  467 	.db #0x29	; 41
   01A1 00                  468 	.db #0x00	; 0
   01A2 00                  469 	.db #0x00	; 0
   01A3 00                  470 	.db #0x00	; 0
   01A4 00                  471 	.db #0x00	; 0
   01A5 13                  472 	.db #0x13	; 19
   01A6 8A                  473 	.db #0x8a	; 138
   01A7 54                  474 	.db #0x54	; 84	'T'
   01A8 A8                  475 	.db #0xa8	; 168
   01A9 50                  476 	.db #0x50	; 80	'P'
   01AA 29                  477 	.db #0x29	; 41
   01AB 00                  478 	.db #0x00	; 0
   01AC 00                  479 	.db #0x00	; 0
   01AD 00                  480 	.db #0x00	; 0
   01AE 00                  481 	.db #0x00	; 0
   01AF 16                  482 	.db #0x16	; 22
   01B0 9A                  483 	.db #0x9a	; 154
   01B1 45                  484 	.db #0x45	; 69	'E'
   01B2 9A                  485 	.db #0x9a	; 154
   01B3 50                  486 	.db #0x50	; 80	'P'
   01B4 29                  487 	.db #0x29	; 41
   01B5 00                  488 	.db #0x00	; 0
   01B6 00                  489 	.db #0x00	; 0
   01B7 00                  490 	.db #0x00	; 0
   01B8 00                  491 	.db #0x00	; 0
   01B9 16                  492 	.db #0x16	; 22
   01BA CF                  493 	.db #0xcf	; 207
   01BB CF                  494 	.db #0xcf	; 207
   01BC 8B                  495 	.db #0x8b	; 139
   01BD F0                  496 	.db #0xf0	; 240
   01BE 29                  497 	.db #0x29	; 41
   01BF 00                  498 	.db #0x00	; 0
   01C0 00                  499 	.db #0x00	; 0
   01C1 00                  500 	.db #0x00	; 0
   01C2 00                  501 	.db #0x00	; 0
   01C3 16                  502 	.db #0x16	; 22
   01C4 6D                  503 	.db #0x6d	; 109	'm'
   01C5 CF                  504 	.db #0xcf	; 207
   01C6 DE                  505 	.db #0xde	; 222
   01C7 B4                  506 	.db #0xb4	; 180
   01C8 29                  507 	.db #0x29	; 41
   01C9 00                  508 	.db #0x00	; 0
   01CA 00                  509 	.db #0x00	; 0
   01CB 00                  510 	.db #0x00	; 0
   01CC 00                  511 	.db #0x00	; 0
   01CD 13                  512 	.db #0x13	; 19
   01CE 6D                  513 	.db #0x6d	; 109	'm'
   01CF 8A                  514 	.db #0x8a	; 138
   01D0 50                  515 	.db #0x50	; 80	'P'
   01D1 B4                  516 	.db #0xb4	; 180
   01D2 29                  517 	.db #0x29	; 41
   01D3 00                  518 	.db #0x00	; 0
   01D4 00                  519 	.db #0x00	; 0
   01D5 00                  520 	.db #0x00	; 0
   01D6 00                  521 	.db #0x00	; 0
   01D7 13                  522 	.db #0x13	; 19
   01D8 6D                  523 	.db #0x6d	; 109	'm'
   01D9 45                  524 	.db #0x45	; 69	'E'
   01DA A8                  525 	.db #0xa8	; 168
   01DB B4                  526 	.db #0xb4	; 180
   01DC 29                  527 	.db #0x29	; 41
   01DD 00                  528 	.db #0x00	; 0
   01DE 00                  529 	.db #0x00	; 0
   01DF 00                  530 	.db #0x00	; 0
   01E0 01                  531 	.db #0x01	; 1
   01E1 36                  532 	.db #0x36	; 54	'6'
   01E2 67                  533 	.db #0x67	; 103	'g'
   01E3 8B                  534 	.db #0x8b	; 139
   01E4 F0                  535 	.db #0xf0	; 240
   01E5 B4                  536 	.db #0xb4	; 180
   01E6 3C                  537 	.db #0x3c	; 60
   01E7 02                  538 	.db #0x02	; 2
   01E8 00                  539 	.db #0x00	; 0
   01E9 00                  540 	.db #0x00	; 0
   01EA 44                  541 	.db #0x44	; 68	'D'
   01EB 03                  542 	.db #0x03	; 3
   01EC 36                  543 	.db #0x36	; 54	'6'
   01ED DE                  544 	.db #0xde	; 222
   01EE F0                  545 	.db #0xf0	; 240
   01EF 3C                  546 	.db #0x3c	; 60
   01F0 03                  547 	.db #0x03	; 3
   01F1 88                  548 	.db #0x88	; 136
   01F2 00                  549 	.db #0x00	; 0
   01F3 00                  550 	.db #0x00	; 0
   01F4 10                  551 	.db #0x10	; 16
   01F5 89                  552 	.db #0x89	; 137
   01F6 03                  553 	.db #0x03	; 3
   01F7 03                  554 	.db #0x03	; 3
   01F8 03                  555 	.db #0x03	; 3
   01F9 03                  556 	.db #0x03	; 3
   01FA 46                  557 	.db #0x46	; 70	'F'
   01FB 20                  558 	.db #0x20	; 32
   01FC 00                  559 	.db #0x00	; 0
   01FD 00                  560 	.db #0x00	; 0
   01FE 10                  561 	.db #0x10	; 16
   01FF 21                  562 	.db #0x21	; 33
   0200 06                  563 	.db #0x06	; 6
   0201 09                  564 	.db #0x09	; 9
   0202 06                  565 	.db #0x06	; 6
   0203 09                  566 	.db #0x09	; 9
   0204 12                  567 	.db #0x12	; 18
   0205 20                  568 	.db #0x20	; 32
   0206 00                  569 	.db #0x00	; 0
   0207 00                  570 	.db #0x00	; 0
   0208 10                  571 	.db #0x10	; 16
   0209 21                  572 	.db #0x21	; 33
   020A 03                  573 	.db #0x03	; 3
   020B 09                  574 	.db #0x09	; 9
   020C 06                  575 	.db #0x06	; 6
   020D 03                  576 	.db #0x03	; 3
   020E 12                  577 	.db #0x12	; 18
   020F 82                  578 	.db #0x82	; 130
   0210 00                  579 	.db #0x00	; 0
   0211 00                  580 	.db #0x00	; 0
   0212 10                  581 	.db #0x10	; 16
   0213 82                  582 	.db #0x82	; 130
   0214 CC                  583 	.db #0xcc	; 204
   0215 03                  584 	.db #0x03	; 3
   0216 03                  585 	.db #0x03	; 3
   0217 CC                  586 	.db #0xcc	; 204
   0218 10                  587 	.db #0x10	; 16
   0219 20                  588 	.db #0x20	; 32
   021A 00                  589 	.db #0x00	; 0
   021B 00                  590 	.db #0x00	; 0
   021C 41                  591 	.db #0x41	; 65	'A'
   021D 20                  592 	.db #0x20	; 32
   021E 30                  593 	.db #0x30	; 48	'0'
   021F 03                  594 	.db #0x03	; 3
   0220 03                  595 	.db #0x03	; 3
   0221 30                  596 	.db #0x30	; 48	'0'
   0222 41                  597 	.db #0x41	; 65	'A'
   0223 20                  598 	.db #0x20	; 32
   0224 00                  599 	.db #0x00	; 0
   0225 00                  600 	.db #0x00	; 0
   0226 10                  601 	.db #0x10	; 16
   0227 82                  602 	.db #0x82	; 130
   0228 30                  603 	.db #0x30	; 48	'0'
   0229 00                  604 	.db #0x00	; 0
   022A 00                  605 	.db #0x00	; 0
   022B 61                  606 	.db #0x61	; 97	'a'
   022C 41                  607 	.db #0x41	; 65	'A'
   022D A2                  608 	.db #0xa2	; 162
   022E 00                  609 	.db #0x00	; 0
   022F 00                  610 	.db #0x00	; 0
   0230 41                  611 	.db #0x41	; 65	'A'
   0231 82                  612 	.db #0x82	; 130
   0232 92                  613 	.db #0x92	; 146
   0233 00                  614 	.db #0x00	; 0
   0234 00                  615 	.db #0x00	; 0
   0235 92                  616 	.db #0x92	; 146
   0236 51                  617 	.db #0x51	; 81	'Q'
   0237 82                  618 	.db #0x82	; 130
   0238 00                  619 	.db #0x00	; 0
   0239 00                  620 	.db #0x00	; 0
   023A 51                  621 	.db #0x51	; 81	'Q'
   023B 82                  622 	.db #0x82	; 130
   023C 61                  623 	.db #0x61	; 97	'a'
   023D 00                  624 	.db #0x00	; 0
   023E 00                  625 	.db #0x00	; 0
   023F 30                  626 	.db #0x30	; 48	'0'
   0240 51                  627 	.db #0x51	; 81	'Q'
   0241 82                  628 	.db #0x82	; 130
   0242 00                  629 	.db #0x00	; 0
   0243 00                  630 	.db #0x00	; 0
   0244 00                  631 	.db #0x00	; 0
   0245 A2                  632 	.db #0xa2	; 162
   0246 61                  633 	.db #0x61	; 97	'a'
   0247 00                  634 	.db #0x00	; 0
   0248 00                  635 	.db #0x00	; 0
   0249 92                  636 	.db #0x92	; 146
   024A 51                  637 	.db #0x51	; 81	'Q'
   024B A2                  638 	.db #0xa2	; 162
   024C 00                  639 	.db #0x00	; 0
   024D 00                  640 	.db #0x00	; 0
   024E 51                  641 	.db #0x51	; 81	'Q'
   024F 00                  642 	.db #0x00	; 0
   0250 D3                  643 	.db #0xd3	; 211
   0251 00                  644 	.db #0x00	; 0
   0252 00                  645 	.db #0x00	; 0
   0253 E3                  646 	.db #0xe3	; 227
   0254 00                  647 	.db #0x00	; 0
   0255 A2                  648 	.db #0xa2	; 162
   0256 00                  649 	.db #0x00	; 0
   0257 00                  650 	.db #0x00	; 0
   0258 00                  651 	.db #0x00	; 0
   0259 00                  652 	.db #0x00	; 0
   025A D3                  653 	.db #0xd3	; 211
   025B 00                  654 	.db #0x00	; 0
   025C 00                  655 	.db #0x00	; 0
   025D F3                  656 	.db #0xf3	; 243
   025E 51                  657 	.db #0x51	; 81	'Q'
   025F 00                  658 	.db #0x00	; 0
   0260 00                  659 	.db #0x00	; 0
   0261 00                  660 	.db #0x00	; 0
   0262 00                  661 	.db #0x00	; 0
   0263 00                  662 	.db #0x00	; 0
   0264 E3                  663 	.db #0xe3	; 227
   0265 00                  664 	.db #0x00	; 0
   0266 00                  665 	.db #0x00	; 0
   0267 A2                  666 	.db #0xa2	; 162
   0268 00                  667 	.db #0x00	; 0
   0269 A2                  668 	.db #0xa2	; 162
   026A 00                  669 	.db #0x00	; 0
   026B 00                  670 	.db #0x00	; 0
   026C 00                  671 	.db #0x00	; 0
   026D 00                  672 	.db #0x00	; 0
   026E 51                  673 	.db #0x51	; 81	'Q'
   026F 00                  674 	.db #0x00	; 0
   0270 00                  675 	.db #0x00	; 0
   0271 51                  676 	.db #0x51	; 81	'Q'
   0272 00                  677 	.db #0x00	; 0
   0273 00                  678 	.db #0x00	; 0
   0274 00                  679 	.db #0x00	; 0
   0275 00                  680 	.db #0x00	; 0
   0276 00                  681 	.db #0x00	; 0
   0277 00                  682 	.db #0x00	; 0
   0278 51                  683 	.db #0x51	; 81	'Q'
   0279 00                  684 	.db #0x00	; 0
   027A 00                  685 	.db #0x00	; 0
   027B 00                  686 	.db #0x00	; 0
   027C 00                  687 	.db #0x00	; 0
   027D 00                  688 	.db #0x00	; 0
   027E 00                  689 	.db #0x00	; 0
   027F 00                  690 	.db #0x00	; 0
   0280                     691 _spr_alien_void_2:
   0280 00                  692 	.db #0x00	; 0
   0281 00                  693 	.db #0x00	; 0
   0282 00                  694 	.db #0x00	; 0
   0283 00                  695 	.db #0x00	; 0
   0284 00                  696 	.db #0x00	; 0
   0285 00                  697 	.db #0x00	; 0
   0286 00                  698 	.db #0x00	; 0
   0287 00                  699 	.db #0x00	; 0
   0288 00                  700 	.db #0x00	; 0
   0289 00                  701 	.db #0x00	; 0
   028A 00                  702 	.db #0x00	; 0
   028B 00                  703 	.db #0x00	; 0
   028C 00                  704 	.db #0x00	; 0
   028D 00                  705 	.db #0x00	; 0
   028E 00                  706 	.db #0x00	; 0
   028F 00                  707 	.db #0x00	; 0
   0290 00                  708 	.db #0x00	; 0
   0291 00                  709 	.db #0x00	; 0
   0292 00                  710 	.db #0x00	; 0
   0293 00                  711 	.db #0x00	; 0
   0294 00                  712 	.db #0x00	; 0
   0295 00                  713 	.db #0x00	; 0
   0296 00                  714 	.db #0x00	; 0
   0297 00                  715 	.db #0x00	; 0
   0298 00                  716 	.db #0x00	; 0
   0299 00                  717 	.db #0x00	; 0
   029A 00                  718 	.db #0x00	; 0
   029B 00                  719 	.db #0x00	; 0
   029C 00                  720 	.db #0x00	; 0
   029D 00                  721 	.db #0x00	; 0
   029E 00                  722 	.db #0x00	; 0
   029F 00                  723 	.db #0x00	; 0
   02A0 00                  724 	.db #0x00	; 0
   02A1 03                  725 	.db #0x03	; 3
   02A2 03                  726 	.db #0x03	; 3
   02A3 00                  727 	.db #0x00	; 0
   02A4 00                  728 	.db #0x00	; 0
   02A5 00                  729 	.db #0x00	; 0
   02A6 00                  730 	.db #0x00	; 0
   02A7 00                  731 	.db #0x00	; 0
   02A8 00                  732 	.db #0x00	; 0
   02A9 00                  733 	.db #0x00	; 0
   02AA 01                  734 	.db #0x01	; 1
   02AB 13                  735 	.db #0x13	; 19
   02AC 29                  736 	.db #0x29	; 41
   02AD 02                  737 	.db #0x02	; 2
   02AE 00                  738 	.db #0x00	; 0
   02AF 00                  739 	.db #0x00	; 0
   02B0 00                  740 	.db #0x00	; 0
   02B1 00                  741 	.db #0x00	; 0
   02B2 00                  742 	.db #0x00	; 0
   02B3 00                  743 	.db #0x00	; 0
   02B4 16                  744 	.db #0x16	; 22
   02B5 3C                  745 	.db #0x3c	; 60
   02B6 3C                  746 	.db #0x3c	; 60
   02B7 29                  747 	.db #0x29	; 41
   02B8 00                  748 	.db #0x00	; 0
   02B9 00                  749 	.db #0x00	; 0
   02BA 00                  750 	.db #0x00	; 0
   02BB 00                  751 	.db #0x00	; 0
   02BC 00                  752 	.db #0x00	; 0
   02BD 00                  753 	.db #0x00	; 0
   02BE 16                  754 	.db #0x16	; 22
   02BF F8                  755 	.db #0xf8	; 248
   02C0 F0                  756 	.db #0xf0	; 240
   02C1 29                  757 	.db #0x29	; 41
   02C2 00                  758 	.db #0x00	; 0
   02C3 00                  759 	.db #0x00	; 0
   02C4 00                  760 	.db #0x00	; 0
   02C5 00                  761 	.db #0x00	; 0
   02C6 00                  762 	.db #0x00	; 0
   02C7 01                  763 	.db #0x01	; 1
   02C8 67                  764 	.db #0x67	; 103	'g'
   02C9 56                  765 	.db #0x56	; 86	'V'
   02CA F0                  766 	.db #0xf0	; 240
   02CB B4                  767 	.db #0xb4	; 180
   02CC 02                  768 	.db #0x02	; 2
   02CD 00                  769 	.db #0x00	; 0
   02CE 00                  770 	.db #0x00	; 0
   02CF 00                  771 	.db #0x00	; 0
   02D0 00                  772 	.db #0x00	; 0
   02D1 01                  773 	.db #0x01	; 1
   02D2 28                  774 	.db #0x28	; 40
   02D3 8B                  775 	.db #0x8b	; 139
   02D4 F0                  776 	.db #0xf0	; 240
   02D5 14                  777 	.db #0x14	; 20
   02D6 02                  778 	.db #0x02	; 2
   02D7 00                  779 	.db #0x00	; 0
   02D8 00                  780 	.db #0x00	; 0
   02D9 00                  781 	.db #0x00	; 0
   02DA 00                  782 	.db #0x00	; 0
   02DB 16                  783 	.db #0x16	; 22
   02DC 8A                  784 	.db #0x8a	; 138
   02DD 45                  785 	.db #0x45	; 69	'E'
   02DE A8                  786 	.db #0xa8	; 168
   02DF 50                  787 	.db #0x50	; 80	'P'
   02E0 29                  788 	.db #0x29	; 41
   02E1 00                  789 	.db #0x00	; 0
   02E2 00                  790 	.db #0x00	; 0
   02E3 00                  791 	.db #0x00	; 0
   02E4 00                  792 	.db #0x00	; 0
   02E5 13                  793 	.db #0x13	; 19
   02E6 CF                  794 	.db #0xcf	; 207
   02E7 CF                  795 	.db #0xcf	; 207
   02E8 52                  796 	.db #0x52	; 82	'R'
   02E9 F0                  797 	.db #0xf0	; 240
   02EA 29                  798 	.db #0x29	; 41
   02EB 00                  799 	.db #0x00	; 0
   02EC 00                  800 	.db #0x00	; 0
   02ED 00                  801 	.db #0x00	; 0
   02EE 00                  802 	.db #0x00	; 0
   02EF 16                  803 	.db #0x16	; 22
   02F0 9A                  804 	.db #0x9a	; 154
   02F1 45                  805 	.db #0x45	; 69	'E'
   02F2 B8                  806 	.db #0xb8	; 184
   02F3 50                  807 	.db #0x50	; 80	'P'
   02F4 29                  808 	.db #0x29	; 41
   02F5 00                  809 	.db #0x00	; 0
   02F6 00                  810 	.db #0x00	; 0
   02F7 00                  811 	.db #0x00	; 0
   02F8 00                  812 	.db #0x00	; 0
   02F9 16                  813 	.db #0x16	; 22
   02FA 8A                  814 	.db #0x8a	; 138
   02FB 45                  815 	.db #0x45	; 69	'E'
   02FC 02                  816 	.db #0x02	; 2
   02FD 50                  817 	.db #0x50	; 80	'P'
   02FE 29                  818 	.db #0x29	; 41
   02FF 00                  819 	.db #0x00	; 0
   0300 00                  820 	.db #0x00	; 0
   0301 00                  821 	.db #0x00	; 0
   0302 00                  822 	.db #0x00	; 0
   0303 16                  823 	.db #0x16	; 22
   0304 CF                  824 	.db #0xcf	; 207
   0305 CF                  825 	.db #0xcf	; 207
   0306 F8                  826 	.db #0xf8	; 248
   0307 F0                  827 	.db #0xf0	; 240
   0308 29                  828 	.db #0x29	; 41
   0309 00                  829 	.db #0x00	; 0
   030A 00                  830 	.db #0x00	; 0
   030B 00                  831 	.db #0x00	; 0
   030C 00                  832 	.db #0x00	; 0
   030D 16                  833 	.db #0x16	; 22
   030E 6D                  834 	.db #0x6d	; 109	'm'
   030F 8B                  835 	.db #0x8b	; 139
   0310 F0                  836 	.db #0xf0	; 240
   0311 B4                  837 	.db #0xb4	; 180
   0312 29                  838 	.db #0x29	; 41
   0313 00                  839 	.db #0x00	; 0
   0314 00                  840 	.db #0x00	; 0
   0315 00                  841 	.db #0x00	; 0
   0316 00                  842 	.db #0x00	; 0
   0317 16                  843 	.db #0x16	; 22
   0318 6D                  844 	.db #0x6d	; 109	'm'
   0319 8A                  845 	.db #0x8a	; 138
   031A 50                  846 	.db #0x50	; 80	'P'
   031B B4                  847 	.db #0xb4	; 180
   031C 29                  848 	.db #0x29	; 41
   031D 00                  849 	.db #0x00	; 0
   031E 00                  850 	.db #0x00	; 0
   031F 00                  851 	.db #0x00	; 0
   0320 00                  852 	.db #0x00	; 0
   0321 13                  853 	.db #0x13	; 19
   0322 6D                  854 	.db #0x6d	; 109	'm'
   0323 54                  855 	.db #0x54	; 84	'T'
   0324 A0                  856 	.db #0xa0	; 160
   0325 B4                  857 	.db #0xb4	; 180
   0326 29                  858 	.db #0x29	; 41
   0327 00                  859 	.db #0x00	; 0
   0328 00                  860 	.db #0x00	; 0
   0329 00                  861 	.db #0x00	; 0
   032A 01                  862 	.db #0x01	; 1
   032B 36                  863 	.db #0x36	; 54	'6'
   032C 6D                  864 	.db #0x6d	; 109	'm'
   032D 8B                  865 	.db #0x8b	; 139
   032E F0                  866 	.db #0xf0	; 240
   032F B4                  867 	.db #0xb4	; 180
   0330 3C                  868 	.db #0x3c	; 60
   0331 02                  869 	.db #0x02	; 2
   0332 00                  870 	.db #0x00	; 0
   0333 00                  871 	.db #0x00	; 0
   0334 44                  872 	.db #0x44	; 68	'D'
   0335 03                  873 	.db #0x03	; 3
   0336 3C                  874 	.db #0x3c	; 60
   0337 52                  875 	.db #0x52	; 82	'R'
   0338 F0                  876 	.db #0xf0	; 240
   0339 3C                  877 	.db #0x3c	; 60
   033A 03                  878 	.db #0x03	; 3
   033B 88                  879 	.db #0x88	; 136
   033C 00                  880 	.db #0x00	; 0
   033D 00                  881 	.db #0x00	; 0
   033E 10                  882 	.db #0x10	; 16
   033F 89                  883 	.db #0x89	; 137
   0340 03                  884 	.db #0x03	; 3
   0341 03                  885 	.db #0x03	; 3
   0342 03                  886 	.db #0x03	; 3
   0343 03                  887 	.db #0x03	; 3
   0344 46                  888 	.db #0x46	; 70	'F'
   0345 20                  889 	.db #0x20	; 32
   0346 00                  890 	.db #0x00	; 0
   0347 00                  891 	.db #0x00	; 0
   0348 41                  892 	.db #0x41	; 65	'A'
   0349 21                  893 	.db #0x21	; 33
   034A 06                  894 	.db #0x06	; 6
   034B 09                  895 	.db #0x09	; 9
   034C 06                  896 	.db #0x06	; 6
   034D 09                  897 	.db #0x09	; 9
   034E 12                  898 	.db #0x12	; 18
   034F 82                  899 	.db #0x82	; 130
   0350 00                  900 	.db #0x00	; 0
   0351 00                  901 	.db #0x00	; 0
   0352 51                  902 	.db #0x51	; 81	'Q'
   0353 83                  903 	.db #0x83	; 131
   0354 03                  904 	.db #0x03	; 3
   0355 09                  905 	.db #0x09	; 9
   0356 06                  906 	.db #0x06	; 6
   0357 03                  907 	.db #0x03	; 3
   0358 43                  908 	.db #0x43	; 67	'C'
   0359 A2                  909 	.db #0xa2	; 162
   035A 00                  910 	.db #0x00	; 0
   035B 00                  911 	.db #0x00	; 0
   035C 51                  912 	.db #0x51	; 81	'Q'
   035D A2                  913 	.db #0xa2	; 162
   035E CC                  914 	.db #0xcc	; 204
   035F 03                  915 	.db #0x03	; 3
   0360 03                  916 	.db #0x03	; 3
   0361 CC                  917 	.db #0xcc	; 204
   0362 41                  918 	.db #0x41	; 65	'A'
   0363 00                  919 	.db #0x00	; 0
   0364 00                  920 	.db #0x00	; 0
   0365 00                  921 	.db #0x00	; 0
   0366 00                  922 	.db #0x00	; 0
   0367 82                  923 	.db #0x82	; 130
   0368 30                  924 	.db #0x30	; 48	'0'
   0369 03                  925 	.db #0x03	; 3
   036A 03                  926 	.db #0x03	; 3
   036B 30                  927 	.db #0x30	; 48	'0'
   036C 51                  928 	.db #0x51	; 81	'Q'
   036D 00                  929 	.db #0x00	; 0
   036E 00                  930 	.db #0x00	; 0
   036F 00                  931 	.db #0x00	; 0
   0370 00                  932 	.db #0x00	; 0
   0371 00                  933 	.db #0x00	; 0
   0372 61                  934 	.db #0x61	; 97	'a'
   0373 00                  935 	.db #0x00	; 0
   0374 00                  936 	.db #0x00	; 0
   0375 C3                  937 	.db #0xc3	; 195
   0376 00                  938 	.db #0x00	; 0
   0377 00                  939 	.db #0x00	; 0
   0378 00                  940 	.db #0x00	; 0
   0379 00                  941 	.db #0x00	; 0
   037A 00                  942 	.db #0x00	; 0
   037B A2                  943 	.db #0xa2	; 162
   037C D3                  944 	.db #0xd3	; 211
   037D 00                  945 	.db #0x00	; 0
   037E 00                  946 	.db #0x00	; 0
   037F 92                  947 	.db #0x92	; 146
   0380 00                  948 	.db #0x00	; 0
   0381 A2                  949 	.db #0xa2	; 162
   0382 00                  950 	.db #0x00	; 0
   0383 00                  951 	.db #0x00	; 0
   0384 51                  952 	.db #0x51	; 81	'Q'
   0385 00                  953 	.db #0x00	; 0
   0386 A2                  954 	.db #0xa2	; 162
   0387 00                  955 	.db #0x00	; 0
   0388 00                  956 	.db #0x00	; 0
   0389 E3                  957 	.db #0xe3	; 227
   038A 00                  958 	.db #0x00	; 0
   038B A2                  959 	.db #0xa2	; 162
   038C 00                  960 	.db #0x00	; 0
   038D 00                  961 	.db #0x00	; 0
   038E 00                  962 	.db #0x00	; 0
   038F 00                  963 	.db #0x00	; 0
   0390 41                  964 	.db #0x41	; 65	'A'
   0391 00                  965 	.db #0x00	; 0
   0392 00                  966 	.db #0x00	; 0
   0393 00                  967 	.db #0x00	; 0
   0394 00                  968 	.db #0x00	; 0
   0395 00                  969 	.db #0x00	; 0
   0396 00                  970 	.db #0x00	; 0
   0397 00                  971 	.db #0x00	; 0
   0398 00                  972 	.db #0x00	; 0
   0399 00                  973 	.db #0x00	; 0
   039A 51                  974 	.db #0x51	; 81	'Q'
   039B 00                  975 	.db #0x00	; 0
   039C 00                  976 	.db #0x00	; 0
   039D 82                  977 	.db #0x82	; 130
   039E 00                  978 	.db #0x00	; 0
   039F 00                  979 	.db #0x00	; 0
   03A0 00                  980 	.db #0x00	; 0
   03A1 00                  981 	.db #0x00	; 0
   03A2 00                  982 	.db #0x00	; 0
   03A3 00                  983 	.db #0x00	; 0
   03A4 A2                  984 	.db #0xa2	; 162
   03A5 00                  985 	.db #0x00	; 0
   03A6 00                  986 	.db #0x00	; 0
   03A7 F3                  987 	.db #0xf3	; 243
   03A8 00                  988 	.db #0x00	; 0
   03A9 00                  989 	.db #0x00	; 0
   03AA 00                  990 	.db #0x00	; 0
   03AB 00                  991 	.db #0x00	; 0
   03AC 00                  992 	.db #0x00	; 0
   03AD 00                  993 	.db #0x00	; 0
   03AE 00                  994 	.db #0x00	; 0
   03AF 00                  995 	.db #0x00	; 0
   03B0 00                  996 	.db #0x00	; 0
   03B1 51                  997 	.db #0x51	; 81	'Q'
   03B2 00                  998 	.db #0x00	; 0
   03B3 00                  999 	.db #0x00	; 0
   03B4 00                 1000 	.db #0x00	; 0
   03B5 00                 1001 	.db #0x00	; 0
   03B6 00                 1002 	.db #0x00	; 0
   03B7 00                 1003 	.db #0x00	; 0
   03B8 51                 1004 	.db #0x51	; 81	'Q'
   03B9 00                 1005 	.db #0x00	; 0
   03BA 00                 1006 	.db #0x00	; 0
   03BB 00                 1007 	.db #0x00	; 0
   03BC 00                 1008 	.db #0x00	; 0
   03BD 00                 1009 	.db #0x00	; 0
   03BE 00                 1010 	.db #0x00	; 0
   03BF 00                 1011 	.db #0x00	; 0
   03C0                    1012 _spr_alien_void_3:
   03C0 00                 1013 	.db #0x00	; 0
   03C1 00                 1014 	.db #0x00	; 0
   03C2 00                 1015 	.db #0x00	; 0
   03C3 00                 1016 	.db #0x00	; 0
   03C4 00                 1017 	.db #0x00	; 0
   03C5 00                 1018 	.db #0x00	; 0
   03C6 00                 1019 	.db #0x00	; 0
   03C7 00                 1020 	.db #0x00	; 0
   03C8 00                 1021 	.db #0x00	; 0
   03C9 00                 1022 	.db #0x00	; 0
   03CA 00                 1023 	.db #0x00	; 0
   03CB 00                 1024 	.db #0x00	; 0
   03CC 00                 1025 	.db #0x00	; 0
   03CD 00                 1026 	.db #0x00	; 0
   03CE 00                 1027 	.db #0x00	; 0
   03CF 00                 1028 	.db #0x00	; 0
   03D0 00                 1029 	.db #0x00	; 0
   03D1 00                 1030 	.db #0x00	; 0
   03D2 00                 1031 	.db #0x00	; 0
   03D3 00                 1032 	.db #0x00	; 0
   03D4 00                 1033 	.db #0x00	; 0
   03D5 00                 1034 	.db #0x00	; 0
   03D6 00                 1035 	.db #0x00	; 0
   03D7 00                 1036 	.db #0x00	; 0
   03D8 00                 1037 	.db #0x00	; 0
   03D9 00                 1038 	.db #0x00	; 0
   03DA 00                 1039 	.db #0x00	; 0
   03DB 00                 1040 	.db #0x00	; 0
   03DC 00                 1041 	.db #0x00	; 0
   03DD 00                 1042 	.db #0x00	; 0
   03DE 00                 1043 	.db #0x00	; 0
   03DF 00                 1044 	.db #0x00	; 0
   03E0 00                 1045 	.db #0x00	; 0
   03E1 00                 1046 	.db #0x00	; 0
   03E2 00                 1047 	.db #0x00	; 0
   03E3 00                 1048 	.db #0x00	; 0
   03E4 00                 1049 	.db #0x00	; 0
   03E5 00                 1050 	.db #0x00	; 0
   03E6 00                 1051 	.db #0x00	; 0
   03E7 00                 1052 	.db #0x00	; 0
   03E8 00                 1053 	.db #0x00	; 0
   03E9 00                 1054 	.db #0x00	; 0
   03EA 00                 1055 	.db #0x00	; 0
   03EB 00                 1056 	.db #0x00	; 0
   03EC 00                 1057 	.db #0x00	; 0
   03ED 00                 1058 	.db #0x00	; 0
   03EE 00                 1059 	.db #0x00	; 0
   03EF 00                 1060 	.db #0x00	; 0
   03F0 00                 1061 	.db #0x00	; 0
   03F1 00                 1062 	.db #0x00	; 0
   03F2 00                 1063 	.db #0x00	; 0
   03F3 00                 1064 	.db #0x00	; 0
   03F4 00                 1065 	.db #0x00	; 0
   03F5 03                 1066 	.db #0x03	; 3
   03F6 03                 1067 	.db #0x03	; 3
   03F7 00                 1068 	.db #0x00	; 0
   03F8 00                 1069 	.db #0x00	; 0
   03F9 00                 1070 	.db #0x00	; 0
   03FA 00                 1071 	.db #0x00	; 0
   03FB 00                 1072 	.db #0x00	; 0
   03FC 00                 1073 	.db #0x00	; 0
   03FD 00                 1074 	.db #0x00	; 0
   03FE 01                 1075 	.db #0x01	; 1
   03FF 13                 1076 	.db #0x13	; 19
   0400 23                 1077 	.db #0x23	; 35
   0401 02                 1078 	.db #0x02	; 2
   0402 00                 1079 	.db #0x00	; 0
   0403 00                 1080 	.db #0x00	; 0
   0404 00                 1081 	.db #0x00	; 0
   0405 00                 1082 	.db #0x00	; 0
   0406 00                 1083 	.db #0x00	; 0
   0407 00                 1084 	.db #0x00	; 0
   0408 16                 1085 	.db #0x16	; 22
   0409 73                 1086 	.db #0x73	; 115	's'
   040A B6                 1087 	.db #0xb6	; 182
   040B 29                 1088 	.db #0x29	; 41
   040C 00                 1089 	.db #0x00	; 0
   040D 00                 1090 	.db #0x00	; 0
   040E 00                 1091 	.db #0x00	; 0
   040F 00                 1092 	.db #0x00	; 0
   0410 00                 1093 	.db #0x00	; 0
   0411 00                 1094 	.db #0x00	; 0
   0412 13                 1095 	.db #0x13	; 19
   0413 DB                 1096 	.db #0xdb	; 219
   0414 F3                 1097 	.db #0xf3	; 243
   0415 29                 1098 	.db #0x29	; 41
   0416 00                 1099 	.db #0x00	; 0
   0417 00                 1100 	.db #0x00	; 0
   0418 00                 1101 	.db #0x00	; 0
   0419 00                 1102 	.db #0x00	; 0
   041A 00                 1103 	.db #0x00	; 0
   041B 01                 1104 	.db #0x01	; 1
   041C 6D                 1105 	.db #0x6d	; 109	'm'
   041D D3                 1106 	.db #0xd3	; 211
   041E F2                 1107 	.db #0xf2	; 242
   041F B4                 1108 	.db #0xb4	; 180
   0420 02                 1109 	.db #0x02	; 2
   0421 00                 1110 	.db #0x00	; 0
   0422 00                 1111 	.db #0x00	; 0
   0423 00                 1112 	.db #0x00	; 0
   0424 00                 1113 	.db #0x00	; 0
   0425 01                 1114 	.db #0x01	; 1
   0426 69                 1115 	.db #0x69	; 105	'i'
   0427 F3                 1116 	.db #0xf3	; 243
   0428 C3                 1117 	.db #0xc3	; 195
   0429 F3                 1118 	.db #0xf3	; 243
   042A 02                 1119 	.db #0x02	; 2
   042B 00                 1120 	.db #0x00	; 0
   042C 00                 1121 	.db #0x00	; 0
   042D 00                 1122 	.db #0x00	; 0
   042E 00                 1123 	.db #0x00	; 0
   042F 13                 1124 	.db #0x13	; 19
   0430 CB                 1125 	.db #0xcb	; 203
   0431 92                 1126 	.db #0x92	; 146
   0432 61                 1127 	.db #0x61	; 97	'a'
   0433 D3                 1128 	.db #0xd3	; 211
   0434 29                 1129 	.db #0x29	; 41
   0435 00                 1130 	.db #0x00	; 0
   0436 00                 1131 	.db #0x00	; 0
   0437 00                 1132 	.db #0x00	; 0
   0438 00                 1133 	.db #0x00	; 0
   0439 43                 1134 	.db #0x43	; 67	'C'
   043A D3                 1135 	.db #0xd3	; 211
   043B B2                 1136 	.db #0xb2	; 178
   043C 92                 1137 	.db #0x92	; 146
   043D D2                 1138 	.db #0xd2	; 210
   043E A3                 1139 	.db #0xa3	; 163
   043F 00                 1140 	.db #0x00	; 0
   0440 00                 1141 	.db #0x00	; 0
   0441 00                 1142 	.db #0x00	; 0
   0442 00                 1143 	.db #0x00	; 0
   0443 43                 1144 	.db #0x43	; 67	'C'
   0444 92                 1145 	.db #0x92	; 146
   0445 61                 1146 	.db #0x61	; 97	'a'
   0446 61                 1147 	.db #0x61	; 97	'a'
   0447 61                 1148 	.db #0x61	; 97	'a'
   0448 83                 1149 	.db #0x83	; 131
   0449 00                 1150 	.db #0x00	; 0
   044A 00                 1151 	.db #0x00	; 0
   044B 00                 1152 	.db #0x00	; 0
   044C 00                 1153 	.db #0x00	; 0
   044D 43                 1154 	.db #0x43	; 67	'C'
   044E 61                 1155 	.db #0x61	; 97	'a'
   044F 92                 1156 	.db #0x92	; 146
   0450 30                 1157 	.db #0x30	; 48	'0'
   0451 61                 1158 	.db #0x61	; 97	'a'
   0452 83                 1159 	.db #0x83	; 131
   0453 00                 1160 	.db #0x00	; 0
   0454 00                 1161 	.db #0x00	; 0
   0455 00                 1162 	.db #0x00	; 0
   0456 00                 1163 	.db #0x00	; 0
   0457 16                 1164 	.db #0x16	; 22
   0458 30                 1165 	.db #0x30	; 48	'0'
   0459 30                 1166 	.db #0x30	; 48	'0'
   045A 71                 1167 	.db #0x71	; 113	'q'
   045B 30                 1168 	.db #0x30	; 48	'0'
   045C 21                 1169 	.db #0x21	; 33
   045D 00                 1170 	.db #0x00	; 0
   045E 00                 1171 	.db #0x00	; 0
   045F 00                 1172 	.db #0x00	; 0
   0460 00                 1173 	.db #0x00	; 0
   0461 53                 1174 	.db #0x53	; 83	'S'
   0462 92                 1175 	.db #0x92	; 146
   0463 61                 1176 	.db #0x61	; 97	'a'
   0464 B2                 1177 	.db #0xb2	; 178
   0465 61                 1178 	.db #0x61	; 97	'a'
   0466 21                 1179 	.db #0x21	; 33
   0467 00                 1180 	.db #0x00	; 0
   0468 00                 1181 	.db #0x00	; 0
   0469 00                 1182 	.db #0x00	; 0
   046A 00                 1183 	.db #0x00	; 0
   046B 13                 1184 	.db #0x13	; 19
   046C 92                 1185 	.db #0x92	; 146
   046D 30                 1186 	.db #0x30	; 48	'0'
   046E 30                 1187 	.db #0x30	; 48	'0'
   046F D3                 1188 	.db #0xd3	; 211
   0470 21                 1189 	.db #0x21	; 33
   0471 00                 1190 	.db #0x00	; 0
   0472 00                 1191 	.db #0x00	; 0
   0473 00                 1192 	.db #0x00	; 0
   0474 00                 1193 	.db #0x00	; 0
   0475 13                 1194 	.db #0x13	; 19
   0476 30                 1195 	.db #0x30	; 48	'0'
   0477 B2                 1196 	.db #0xb2	; 178
   0478 30                 1197 	.db #0x30	; 48	'0'
   0479 30                 1198 	.db #0x30	; 48	'0'
   047A 83                 1199 	.db #0x83	; 131
   047B 00                 1200 	.db #0x00	; 0
   047C 00                 1201 	.db #0x00	; 0
   047D 00                 1202 	.db #0x00	; 0
   047E 01                 1203 	.db #0x01	; 1
   047F 36                 1204 	.db #0x36	; 54	'6'
   0480 C3                 1205 	.db #0xc3	; 195
   0481 30                 1206 	.db #0x30	; 48	'0'
   0482 30                 1207 	.db #0x30	; 48	'0'
   0483 30                 1208 	.db #0x30	; 48	'0'
   0484 96                 1209 	.db #0x96	; 150
   0485 02                 1210 	.db #0x02	; 2
   0486 00                 1211 	.db #0x00	; 0
   0487 00                 1212 	.db #0x00	; 0
   0488 44                 1213 	.db #0x44	; 68	'D'
   0489 03                 1214 	.db #0x03	; 3
   048A 69                 1215 	.db #0x69	; 105	'i'
   048B 30                 1216 	.db #0x30	; 48	'0'
   048C 30                 1217 	.db #0x30	; 48	'0'
   048D 30                 1218 	.db #0x30	; 48	'0'
   048E 03                 1219 	.db #0x03	; 3
   048F 88                 1220 	.db #0x88	; 136
   0490 00                 1221 	.db #0x00	; 0
   0491 00                 1222 	.db #0x00	; 0
   0492 00                 1223 	.db #0x00	; 0
   0493 89                 1224 	.db #0x89	; 137
   0494 03                 1225 	.db #0x03	; 3
   0495 03                 1226 	.db #0x03	; 3
   0496 03                 1227 	.db #0x03	; 3
   0497 03                 1228 	.db #0x03	; 3
   0498 46                 1229 	.db #0x46	; 70	'F'
   0499 00                 1230 	.db #0x00	; 0
   049A 00                 1231 	.db #0x00	; 0
   049B 00                 1232 	.db #0x00	; 0
   049C 00                 1233 	.db #0x00	; 0
   049D 01                 1234 	.db #0x01	; 1
   049E 06                 1235 	.db #0x06	; 6
   049F 09                 1236 	.db #0x09	; 9
   04A0 06                 1237 	.db #0x06	; 6
   04A1 09                 1238 	.db #0x09	; 9
   04A2 02                 1239 	.db #0x02	; 2
   04A3 00                 1240 	.db #0x00	; 0
   04A4 00                 1241 	.db #0x00	; 0
   04A5 00                 1242 	.db #0x00	; 0
   04A6 10                 1243 	.db #0x10	; 16
   04A7 01                 1244 	.db #0x01	; 1
   04A8 03                 1245 	.db #0x03	; 3
   04A9 09                 1246 	.db #0x09	; 9
   04AA 06                 1247 	.db #0x06	; 6
   04AB 03                 1248 	.db #0x03	; 3
   04AC 43                 1249 	.db #0x43	; 67	'C'
   04AD 00                 1250 	.db #0x00	; 0
   04AE 00                 1251 	.db #0x00	; 0
   04AF 00                 1252 	.db #0x00	; 0
   04B0 00                 1253 	.db #0x00	; 0
   04B1 A2                 1254 	.db #0xa2	; 162
   04B2 CC                 1255 	.db #0xcc	; 204
   04B3 03                 1256 	.db #0x03	; 3
   04B4 03                 1257 	.db #0x03	; 3
   04B5 CC                 1258 	.db #0xcc	; 204
   04B6 51                 1259 	.db #0x51	; 81	'Q'
   04B7 00                 1260 	.db #0x00	; 0
   04B8 00                 1261 	.db #0x00	; 0
   04B9 00                 1262 	.db #0x00	; 0
   04BA 00                 1263 	.db #0x00	; 0
   04BB 00                 1264 	.db #0x00	; 0
   04BC 00                 1265 	.db #0x00	; 0
   04BD 03                 1266 	.db #0x03	; 3
   04BE 03                 1267 	.db #0x03	; 3
   04BF 00                 1268 	.db #0x00	; 0
   04C0 00                 1269 	.db #0x00	; 0
   04C1 82                 1270 	.db #0x82	; 130
   04C2 00                 1271 	.db #0x00	; 0
   04C3 00                 1272 	.db #0x00	; 0
   04C4 51                 1273 	.db #0x51	; 81	'Q'
   04C5 00                 1274 	.db #0x00	; 0
   04C6 10                 1275 	.db #0x10	; 16
   04C7 00                 1276 	.db #0x00	; 0
   04C8 00                 1277 	.db #0x00	; 0
   04C9 82                 1278 	.db #0x82	; 130
   04CA 00                 1279 	.db #0x00	; 0
   04CB 00                 1280 	.db #0x00	; 0
   04CC 00                 1281 	.db #0x00	; 0
   04CD 00                 1282 	.db #0x00	; 0
   04CE 00                 1283 	.db #0x00	; 0
   04CF 00                 1284 	.db #0x00	; 0
   04D0 00                 1285 	.db #0x00	; 0
   04D1 00                 1286 	.db #0x00	; 0
   04D2 00                 1287 	.db #0x00	; 0
   04D3 00                 1288 	.db #0x00	; 0
   04D4 00                 1289 	.db #0x00	; 0
   04D5 A2                 1290 	.db #0xa2	; 162
   04D6 00                 1291 	.db #0x00	; 0
   04D7 00                 1292 	.db #0x00	; 0
   04D8 00                 1293 	.db #0x00	; 0
   04D9 00                 1294 	.db #0x00	; 0
   04DA 00                 1295 	.db #0x00	; 0
   04DB 00                 1296 	.db #0x00	; 0
   04DC 00                 1297 	.db #0x00	; 0
   04DD 51                 1298 	.db #0x51	; 81	'Q'
   04DE 00                 1299 	.db #0x00	; 0
   04DF 00                 1300 	.db #0x00	; 0
   04E0 00                 1301 	.db #0x00	; 0
   04E1 00                 1302 	.db #0x00	; 0
   04E2 00                 1303 	.db #0x00	; 0
   04E3 00                 1304 	.db #0x00	; 0
   04E4 A2                 1305 	.db #0xa2	; 162
   04E5 00                 1306 	.db #0x00	; 0
   04E6 00                 1307 	.db #0x00	; 0
   04E7 A2                 1308 	.db #0xa2	; 162
   04E8 00                 1309 	.db #0x00	; 0
   04E9 00                 1310 	.db #0x00	; 0
   04EA 00                 1311 	.db #0x00	; 0
   04EB 00                 1312 	.db #0x00	; 0
   04EC 00                 1313 	.db #0x00	; 0
   04ED 00                 1314 	.db #0x00	; 0
   04EE 51                 1315 	.db #0x51	; 81	'Q'
   04EF 00                 1316 	.db #0x00	; 0
   04F0 00                 1317 	.db #0x00	; 0
   04F1 00                 1318 	.db #0x00	; 0
   04F2 00                 1319 	.db #0x00	; 0
   04F3 00                 1320 	.db #0x00	; 0
   04F4 00                 1321 	.db #0x00	; 0
   04F5 00                 1322 	.db #0x00	; 0
   04F6 00                 1323 	.db #0x00	; 0
   04F7 00                 1324 	.db #0x00	; 0
   04F8 00                 1325 	.db #0x00	; 0
   04F9 00                 1326 	.db #0x00	; 0
   04FA 00                 1327 	.db #0x00	; 0
   04FB 51                 1328 	.db #0x51	; 81	'Q'
   04FC 00                 1329 	.db #0x00	; 0
   04FD 00                 1330 	.db #0x00	; 0
   04FE 00                 1331 	.db #0x00	; 0
   04FF 00                 1332 	.db #0x00	; 0
   0500                    1333 _spr_alien_void_4:
   0500 00                 1334 	.db #0x00	; 0
   0501 00                 1335 	.db #0x00	; 0
   0502 00                 1336 	.db #0x00	; 0
   0503 00                 1337 	.db #0x00	; 0
   0504 00                 1338 	.db #0x00	; 0
   0505 00                 1339 	.db #0x00	; 0
   0506 00                 1340 	.db #0x00	; 0
   0507 00                 1341 	.db #0x00	; 0
   0508 00                 1342 	.db #0x00	; 0
   0509 00                 1343 	.db #0x00	; 0
   050A 01                 1344 	.db #0x01	; 1
   050B 01                 1345 	.db #0x01	; 1
   050C 00                 1346 	.db #0x00	; 0
   050D A2                 1347 	.db #0xa2	; 162
   050E A2                 1348 	.db #0xa2	; 162
   050F 00                 1349 	.db #0x00	; 0
   0510 00                 1350 	.db #0x00	; 0
   0511 02                 1351 	.db #0x02	; 2
   0512 00                 1352 	.db #0x00	; 0
   0513 00                 1353 	.db #0x00	; 0
   0514 00                 1354 	.db #0x00	; 0
   0515 00                 1355 	.db #0x00	; 0
   0516 41                 1356 	.db #0x41	; 65	'A'
   0517 C3                 1357 	.db #0xc3	; 195
   0518 C3                 1358 	.db #0xc3	; 195
   0519 41                 1359 	.db #0x41	; 65	'A'
   051A 02                 1360 	.db #0x02	; 2
   051B 00                 1361 	.db #0x00	; 0
   051C 00                 1362 	.db #0x00	; 0
   051D 00                 1363 	.db #0x00	; 0
   051E 00                 1364 	.db #0x00	; 0
   051F 00                 1365 	.db #0x00	; 0
   0520 41                 1366 	.db #0x41	; 65	'A'
   0521 92                 1367 	.db #0x92	; 146
   0522 61                 1368 	.db #0x61	; 97	'a'
   0523 E3                 1369 	.db #0xe3	; 227
   0524 01                 1370 	.db #0x01	; 1
   0525 00                 1371 	.db #0x00	; 0
   0526 00                 1372 	.db #0x00	; 0
   0527 00                 1373 	.db #0x00	; 0
   0528 00                 1374 	.db #0x00	; 0
   0529 02                 1375 	.db #0x02	; 2
   052A E3                 1376 	.db #0xe3	; 227
   052B 30                 1377 	.db #0x30	; 48	'0'
   052C 30                 1378 	.db #0x30	; 48	'0'
   052D C3                 1379 	.db #0xc3	; 195
   052E C3                 1380 	.db #0xc3	; 195
   052F 00                 1381 	.db #0x00	; 0
   0530 00                 1382 	.db #0x00	; 0
   0531 00                 1383 	.db #0x00	; 0
   0532 01                 1384 	.db #0x01	; 1
   0533 41                 1385 	.db #0x41	; 65	'A'
   0534 92                 1386 	.db #0x92	; 146
   0535 30                 1387 	.db #0x30	; 48	'0'
   0536 B2                 1388 	.db #0xb2	; 178
   0537 61                 1389 	.db #0x61	; 97	'a'
   0538 F3                 1390 	.db #0xf3	; 243
   0539 00                 1391 	.db #0x00	; 0
   053A 00                 1392 	.db #0x00	; 0
   053B 00                 1393 	.db #0x00	; 0
   053C 00                 1394 	.db #0x00	; 0
   053D C3                 1395 	.db #0xc3	; 195
   053E F3                 1396 	.db #0xf3	; 243
   053F 30                 1397 	.db #0x30	; 48	'0'
   0540 30                 1398 	.db #0x30	; 48	'0'
   0541 61                 1399 	.db #0x61	; 97	'a'
   0542 71                 1400 	.db #0x71	; 113	'q'
   0543 00                 1401 	.db #0x00	; 0
   0544 00                 1402 	.db #0x00	; 0
   0545 00                 1403 	.db #0x00	; 0
   0546 00                 1404 	.db #0x00	; 0
   0547 C3                 1405 	.db #0xc3	; 195
   0548 92                 1406 	.db #0x92	; 146
   0549 C3                 1407 	.db #0xc3	; 195
   054A 71                 1408 	.db #0x71	; 113	'q'
   054B B2                 1409 	.db #0xb2	; 178
   054C 61                 1410 	.db #0x61	; 97	'a'
   054D 00                 1411 	.db #0x00	; 0
   054E 00                 1412 	.db #0x00	; 0
   054F 00                 1413 	.db #0x00	; 0
   0550 00                 1414 	.db #0x00	; 0
   0551 F3                 1415 	.db #0xf3	; 243
   0552 92                 1416 	.db #0x92	; 146
   0553 30                 1417 	.db #0x30	; 48	'0'
   0554 30                 1418 	.db #0x30	; 48	'0'
   0555 30                 1419 	.db #0x30	; 48	'0'
   0556 61                 1420 	.db #0x61	; 97	'a'
   0557 82                 1421 	.db #0x82	; 130
   0558 00                 1422 	.db #0x00	; 0
   0559 00                 1423 	.db #0x00	; 0
   055A 10                 1424 	.db #0x10	; 16
   055B C3                 1425 	.db #0xc3	; 195
   055C 30                 1426 	.db #0x30	; 48	'0'
   055D B2                 1427 	.db #0xb2	; 178
   055E 92                 1428 	.db #0x92	; 146
   055F 30                 1429 	.db #0x30	; 48	'0'
   0560 61                 1430 	.db #0x61	; 97	'a'
   0561 A2                 1431 	.db #0xa2	; 162
   0562 00                 1432 	.db #0x00	; 0
   0563 00                 1433 	.db #0x00	; 0
   0564 41                 1434 	.db #0x41	; 65	'A'
   0565 61                 1435 	.db #0x61	; 97	'a'
   0566 30                 1436 	.db #0x30	; 48	'0'
   0567 30                 1437 	.db #0x30	; 48	'0'
   0568 92                 1438 	.db #0x92	; 146
   0569 B2                 1439 	.db #0xb2	; 178
   056A 30                 1440 	.db #0x30	; 48	'0'
   056B 82                 1441 	.db #0x82	; 130
   056C 00                 1442 	.db #0x00	; 0
   056D 00                 1443 	.db #0x00	; 0
   056E 41                 1444 	.db #0x41	; 65	'A'
   056F 30                 1445 	.db #0x30	; 48	'0'
   0570 30                 1446 	.db #0x30	; 48	'0'
   0571 30                 1447 	.db #0x30	; 48	'0'
   0572 30                 1448 	.db #0x30	; 48	'0'
   0573 30                 1449 	.db #0x30	; 48	'0'
   0574 30                 1450 	.db #0x30	; 48	'0'
   0575 A2                 1451 	.db #0xa2	; 162
   0576 00                 1452 	.db #0x00	; 0
   0577 00                 1453 	.db #0x00	; 0
   0578 51                 1454 	.db #0x51	; 81	'Q'
   0579 30                 1455 	.db #0x30	; 48	'0'
   057A 92                 1456 	.db #0x92	; 146
   057B 61                 1457 	.db #0x61	; 97	'a'
   057C 61                 1458 	.db #0x61	; 97	'a'
   057D 30                 1459 	.db #0x30	; 48	'0'
   057E 61                 1460 	.db #0x61	; 97	'a'
   057F A2                 1461 	.db #0xa2	; 162
   0580 00                 1462 	.db #0x00	; 0
   0581 00                 1463 	.db #0x00	; 0
   0582 41                 1464 	.db #0x41	; 65	'A'
   0583 61                 1465 	.db #0x61	; 97	'a'
   0584 30                 1466 	.db #0x30	; 48	'0'
   0585 30                 1467 	.db #0x30	; 48	'0'
   0586 30                 1468 	.db #0x30	; 48	'0'
   0587 30                 1469 	.db #0x30	; 48	'0'
   0588 B2                 1470 	.db #0xb2	; 178
   0589 82                 1471 	.db #0x82	; 130
   058A 00                 1472 	.db #0x00	; 0
   058B 00                 1473 	.db #0x00	; 0
   058C 41                 1474 	.db #0x41	; 65	'A'
   058D 92                 1475 	.db #0x92	; 146
   058E 30                 1476 	.db #0x30	; 48	'0'
   058F 92                 1477 	.db #0x92	; 146
   0590 30                 1478 	.db #0x30	; 48	'0'
   0591 30                 1479 	.db #0x30	; 48	'0'
   0592 30                 1480 	.db #0x30	; 48	'0'
   0593 A2                 1481 	.db #0xa2	; 162
   0594 00                 1482 	.db #0x00	; 0
   0595 00                 1483 	.db #0x00	; 0
   0596 51                 1484 	.db #0x51	; 81	'Q'
   0597 30                 1485 	.db #0x30	; 48	'0'
   0598 30                 1486 	.db #0x30	; 48	'0'
   0599 92                 1487 	.db #0x92	; 146
   059A 30                 1488 	.db #0x30	; 48	'0'
   059B 30                 1489 	.db #0x30	; 48	'0'
   059C 61                 1490 	.db #0x61	; 97	'a'
   059D 82                 1491 	.db #0x82	; 130
   059E 00                 1492 	.db #0x00	; 0
   059F 00                 1493 	.db #0x00	; 0
   05A0 41                 1494 	.db #0x41	; 65	'A'
   05A1 71                 1495 	.db #0x71	; 113	'q'
   05A2 30                 1496 	.db #0x30	; 48	'0'
   05A3 30                 1497 	.db #0x30	; 48	'0'
   05A4 30                 1498 	.db #0x30	; 48	'0'
   05A5 30                 1499 	.db #0x30	; 48	'0'
   05A6 D3                 1500 	.db #0xd3	; 211
   05A7 C3                 1501 	.db #0xc3	; 195
   05A8 00                 1502 	.db #0x00	; 0
   05A9 00                 1503 	.db #0x00	; 0
   05AA 41                 1504 	.db #0x41	; 65	'A'
   05AB 30                 1505 	.db #0x30	; 48	'0'
   05AC 61                 1506 	.db #0x61	; 97	'a'
   05AD 30                 1507 	.db #0x30	; 48	'0'
   05AE 71                 1508 	.db #0x71	; 113	'q'
   05AF 30                 1509 	.db #0x30	; 48	'0'
   05B0 71                 1510 	.db #0x71	; 113	'q'
   05B1 C3                 1511 	.db #0xc3	; 195
   05B2 00                 1512 	.db #0x00	; 0
   05B3 00                 1513 	.db #0x00	; 0
   05B4 E3                 1514 	.db #0xe3	; 227
   05B5 30                 1515 	.db #0x30	; 48	'0'
   05B6 30                 1516 	.db #0x30	; 48	'0'
   05B7 30                 1517 	.db #0x30	; 48	'0'
   05B8 30                 1518 	.db #0x30	; 48	'0'
   05B9 71                 1519 	.db #0x71	; 113	'q'
   05BA 71                 1520 	.db #0x71	; 113	'q'
   05BB 82                 1521 	.db #0x82	; 130
   05BC 00                 1522 	.db #0x00	; 0
   05BD 00                 1523 	.db #0x00	; 0
   05BE 41                 1524 	.db #0x41	; 65	'A'
   05BF 61                 1525 	.db #0x61	; 97	'a'
   05C0 B2                 1526 	.db #0xb2	; 178
   05C1 30                 1527 	.db #0x30	; 48	'0'
   05C2 92                 1528 	.db #0x92	; 146
   05C3 92                 1529 	.db #0x92	; 146
   05C4 30                 1530 	.db #0x30	; 48	'0'
   05C5 82                 1531 	.db #0x82	; 130
   05C6 00                 1532 	.db #0x00	; 0
   05C7 00                 1533 	.db #0x00	; 0
   05C8 51                 1534 	.db #0x51	; 81	'Q'
   05C9 D3                 1535 	.db #0xd3	; 211
   05CA 92                 1536 	.db #0x92	; 146
   05CB 71                 1537 	.db #0x71	; 113	'q'
   05CC 30                 1538 	.db #0x30	; 48	'0'
   05CD 30                 1539 	.db #0x30	; 48	'0'
   05CE 61                 1540 	.db #0x61	; 97	'a'
   05CF 00                 1541 	.db #0x00	; 0
   05D0 00                 1542 	.db #0x00	; 0
   05D1 00                 1543 	.db #0x00	; 0
   05D2 00                 1544 	.db #0x00	; 0
   05D3 D3                 1545 	.db #0xd3	; 211
   05D4 92                 1546 	.db #0x92	; 146
   05D5 92                 1547 	.db #0x92	; 146
   05D6 30                 1548 	.db #0x30	; 48	'0'
   05D7 71                 1549 	.db #0x71	; 113	'q'
   05D8 C3                 1550 	.db #0xc3	; 195
   05D9 A2                 1551 	.db #0xa2	; 162
   05DA 00                 1552 	.db #0x00	; 0
   05DB 00                 1553 	.db #0x00	; 0
   05DC 51                 1554 	.db #0x51	; 81	'Q'
   05DD 71                 1555 	.db #0x71	; 113	'q'
   05DE B2                 1556 	.db #0xb2	; 178
   05DF D3                 1557 	.db #0xd3	; 211
   05E0 61                 1558 	.db #0x61	; 97	'a'
   05E1 71                 1559 	.db #0x71	; 113	'q'
   05E2 D3                 1560 	.db #0xd3	; 211
   05E3 00                 1561 	.db #0x00	; 0
   05E4 00                 1562 	.db #0x00	; 0
   05E5 00                 1563 	.db #0x00	; 0
   05E6 00                 1564 	.db #0x00	; 0
   05E7 A2                 1565 	.db #0xa2	; 162
   05E8 41                 1566 	.db #0x41	; 65	'A'
   05E9 C3                 1567 	.db #0xc3	; 195
   05EA 71                 1568 	.db #0x71	; 113	'q'
   05EB C3                 1569 	.db #0xc3	; 195
   05EC A2                 1570 	.db #0xa2	; 162
   05ED A2                 1571 	.db #0xa2	; 162
   05EE 00                 1572 	.db #0x00	; 0
   05EF 00                 1573 	.db #0x00	; 0
   05F0 01                 1574 	.db #0x01	; 1
   05F1 00                 1575 	.db #0x00	; 0
   05F2 00                 1576 	.db #0x00	; 0
   05F3 C3                 1577 	.db #0xc3	; 195
   05F4 D3                 1578 	.db #0xd3	; 211
   05F5 D3                 1579 	.db #0xd3	; 211
   05F6 51                 1580 	.db #0x51	; 81	'Q'
   05F7 A2                 1581 	.db #0xa2	; 162
   05F8 00                 1582 	.db #0x00	; 0
   05F9 00                 1583 	.db #0x00	; 0
   05FA 00                 1584 	.db #0x00	; 0
   05FB 03                 1585 	.db #0x03	; 3
   05FC 00                 1586 	.db #0x00	; 0
   05FD D3                 1587 	.db #0xd3	; 211
   05FE 00                 1588 	.db #0x00	; 0
   05FF 51                 1589 	.db #0x51	; 81	'Q'
   0600 F3                 1590 	.db #0xf3	; 243
   0601 02                 1591 	.db #0x02	; 2
   0602 00                 1592 	.db #0x00	; 0
   0603 00                 1593 	.db #0x00	; 0
   0604 00                 1594 	.db #0x00	; 0
   0605 00                 1595 	.db #0x00	; 0
   0606 00                 1596 	.db #0x00	; 0
   0607 F3                 1597 	.db #0xf3	; 243
   0608 00                 1598 	.db #0x00	; 0
   0609 51                 1599 	.db #0x51	; 81	'Q'
   060A A2                 1600 	.db #0xa2	; 162
   060B 00                 1601 	.db #0x00	; 0
   060C 00                 1602 	.db #0x00	; 0
   060D 00                 1603 	.db #0x00	; 0
   060E 00                 1604 	.db #0x00	; 0
   060F 00                 1605 	.db #0x00	; 0
   0610 00                 1606 	.db #0x00	; 0
   0611 01                 1607 	.db #0x01	; 1
   0612 00                 1608 	.db #0x00	; 0
   0613 00                 1609 	.db #0x00	; 0
   0614 01                 1610 	.db #0x01	; 1
   0615 00                 1611 	.db #0x00	; 0
   0616 00                 1612 	.db #0x00	; 0
   0617 00                 1613 	.db #0x00	; 0
   0618 00                 1614 	.db #0x00	; 0
   0619 02                 1615 	.db #0x02	; 2
   061A 00                 1616 	.db #0x00	; 0
   061B 01                 1617 	.db #0x01	; 1
   061C 01                 1618 	.db #0x01	; 1
   061D 00                 1619 	.db #0x00	; 0
   061E 00                 1620 	.db #0x00	; 0
   061F 03                 1621 	.db #0x03	; 3
   0620 00                 1622 	.db #0x00	; 0
   0621 00                 1623 	.db #0x00	; 0
   0622 00                 1624 	.db #0x00	; 0
   0623 00                 1625 	.db #0x00	; 0
   0624 00                 1626 	.db #0x00	; 0
   0625 00                 1627 	.db #0x00	; 0
   0626 00                 1628 	.db #0x00	; 0
   0627 00                 1629 	.db #0x00	; 0
   0628 00                 1630 	.db #0x00	; 0
   0629 00                 1631 	.db #0x00	; 0
   062A 00                 1632 	.db #0x00	; 0
   062B 00                 1633 	.db #0x00	; 0
   062C 00                 1634 	.db #0x00	; 0
   062D 00                 1635 	.db #0x00	; 0
   062E 00                 1636 	.db #0x00	; 0
   062F 00                 1637 	.db #0x00	; 0
   0630 00                 1638 	.db #0x00	; 0
   0631 00                 1639 	.db #0x00	; 0
   0632 00                 1640 	.db #0x00	; 0
   0633 00                 1641 	.db #0x00	; 0
   0634 00                 1642 	.db #0x00	; 0
   0635 00                 1643 	.db #0x00	; 0
   0636 00                 1644 	.db #0x00	; 0
   0637 00                 1645 	.db #0x00	; 0
   0638 00                 1646 	.db #0x00	; 0
   0639 00                 1647 	.db #0x00	; 0
   063A 00                 1648 	.db #0x00	; 0
   063B 00                 1649 	.db #0x00	; 0
   063C 00                 1650 	.db #0x00	; 0
   063D 00                 1651 	.db #0x00	; 0
   063E 00                 1652 	.db #0x00	; 0
   063F 00                 1653 	.db #0x00	; 0
   0640                    1654 _spr_alien_void_5:
   0640 00                 1655 	.db #0x00	; 0
   0641 00                 1656 	.db #0x00	; 0
   0642 00                 1657 	.db #0x00	; 0
   0643 00                 1658 	.db #0x00	; 0
   0644 00                 1659 	.db #0x00	; 0
   0645 00                 1660 	.db #0x00	; 0
   0646 00                 1661 	.db #0x00	; 0
   0647 00                 1662 	.db #0x00	; 0
   0648 00                 1663 	.db #0x00	; 0
   0649 00                 1664 	.db #0x00	; 0
   064A 00                 1665 	.db #0x00	; 0
   064B 00                 1666 	.db #0x00	; 0
   064C 00                 1667 	.db #0x00	; 0
   064D 00                 1668 	.db #0x00	; 0
   064E 00                 1669 	.db #0x00	; 0
   064F 00                 1670 	.db #0x00	; 0
   0650 00                 1671 	.db #0x00	; 0
   0651 00                 1672 	.db #0x00	; 0
   0652 00                 1673 	.db #0x00	; 0
   0653 00                 1674 	.db #0x00	; 0
   0654 00                 1675 	.db #0x00	; 0
   0655 00                 1676 	.db #0x00	; 0
   0656 00                 1677 	.db #0x00	; 0
   0657 00                 1678 	.db #0x00	; 0
   0658 00                 1679 	.db #0x00	; 0
   0659 00                 1680 	.db #0x00	; 0
   065A 00                 1681 	.db #0x00	; 0
   065B 00                 1682 	.db #0x00	; 0
   065C 00                 1683 	.db #0x00	; 0
   065D 00                 1684 	.db #0x00	; 0
   065E 00                 1685 	.db #0x00	; 0
   065F 00                 1686 	.db #0x00	; 0
   0660 00                 1687 	.db #0x00	; 0
   0661 00                 1688 	.db #0x00	; 0
   0662 00                 1689 	.db #0x00	; 0
   0663 00                 1690 	.db #0x00	; 0
   0664 00                 1691 	.db #0x00	; 0
   0665 00                 1692 	.db #0x00	; 0
   0666 00                 1693 	.db #0x00	; 0
   0667 00                 1694 	.db #0x00	; 0
   0668 00                 1695 	.db #0x00	; 0
   0669 00                 1696 	.db #0x00	; 0
   066A 00                 1697 	.db #0x00	; 0
   066B 00                 1698 	.db #0x00	; 0
   066C 00                 1699 	.db #0x00	; 0
   066D 00                 1700 	.db #0x00	; 0
   066E 00                 1701 	.db #0x00	; 0
   066F 00                 1702 	.db #0x00	; 0
   0670 00                 1703 	.db #0x00	; 0
   0671 00                 1704 	.db #0x00	; 0
   0672 00                 1705 	.db #0x00	; 0
   0673 00                 1706 	.db #0x00	; 0
   0674 00                 1707 	.db #0x00	; 0
   0675 00                 1708 	.db #0x00	; 0
   0676 00                 1709 	.db #0x00	; 0
   0677 00                 1710 	.db #0x00	; 0
   0678 00                 1711 	.db #0x00	; 0
   0679 00                 1712 	.db #0x00	; 0
   067A 00                 1713 	.db #0x00	; 0
   067B 00                 1714 	.db #0x00	; 0
   067C 00                 1715 	.db #0x00	; 0
   067D 00                 1716 	.db #0x00	; 0
   067E 00                 1717 	.db #0x00	; 0
   067F 00                 1718 	.db #0x00	; 0
   0680 00                 1719 	.db #0x00	; 0
   0681 00                 1720 	.db #0x00	; 0
   0682 00                 1721 	.db #0x00	; 0
   0683 00                 1722 	.db #0x00	; 0
   0684 00                 1723 	.db #0x00	; 0
   0685 00                 1724 	.db #0x00	; 0
   0686 00                 1725 	.db #0x00	; 0
   0687 00                 1726 	.db #0x00	; 0
   0688 00                 1727 	.db #0x00	; 0
   0689 00                 1728 	.db #0x00	; 0
   068A 00                 1729 	.db #0x00	; 0
   068B 00                 1730 	.db #0x00	; 0
   068C 00                 1731 	.db #0x00	; 0
   068D 00                 1732 	.db #0x00	; 0
   068E 00                 1733 	.db #0x00	; 0
   068F 00                 1734 	.db #0x00	; 0
   0690 00                 1735 	.db #0x00	; 0
   0691 00                 1736 	.db #0x00	; 0
   0692 00                 1737 	.db #0x00	; 0
   0693 00                 1738 	.db #0x00	; 0
   0694 00                 1739 	.db #0x00	; 0
   0695 00                 1740 	.db #0x00	; 0
   0696 00                 1741 	.db #0x00	; 0
   0697 00                 1742 	.db #0x00	; 0
   0698 00                 1743 	.db #0x00	; 0
   0699 00                 1744 	.db #0x00	; 0
   069A 00                 1745 	.db #0x00	; 0
   069B 00                 1746 	.db #0x00	; 0
   069C 00                 1747 	.db #0x00	; 0
   069D 00                 1748 	.db #0x00	; 0
   069E 00                 1749 	.db #0x00	; 0
   069F 00                 1750 	.db #0x00	; 0
   06A0 00                 1751 	.db #0x00	; 0
   06A1 00                 1752 	.db #0x00	; 0
   06A2 00                 1753 	.db #0x00	; 0
   06A3 00                 1754 	.db #0x00	; 0
   06A4 00                 1755 	.db #0x00	; 0
   06A5 00                 1756 	.db #0x00	; 0
   06A6 00                 1757 	.db #0x00	; 0
   06A7 00                 1758 	.db #0x00	; 0
   06A8 00                 1759 	.db #0x00	; 0
   06A9 00                 1760 	.db #0x00	; 0
   06AA 00                 1761 	.db #0x00	; 0
   06AB 00                 1762 	.db #0x00	; 0
   06AC 00                 1763 	.db #0x00	; 0
   06AD 00                 1764 	.db #0x00	; 0
   06AE 00                 1765 	.db #0x00	; 0
   06AF 00                 1766 	.db #0x00	; 0
   06B0 00                 1767 	.db #0x00	; 0
   06B1 00                 1768 	.db #0x00	; 0
   06B2 00                 1769 	.db #0x00	; 0
   06B3 00                 1770 	.db #0x00	; 0
   06B4 00                 1771 	.db #0x00	; 0
   06B5 00                 1772 	.db #0x00	; 0
   06B6 00                 1773 	.db #0x00	; 0
   06B7 00                 1774 	.db #0x00	; 0
   06B8 00                 1775 	.db #0x00	; 0
   06B9 00                 1776 	.db #0x00	; 0
   06BA 00                 1777 	.db #0x00	; 0
   06BB 00                 1778 	.db #0x00	; 0
   06BC 00                 1779 	.db #0x00	; 0
   06BD 00                 1780 	.db #0x00	; 0
   06BE 00                 1781 	.db #0x00	; 0
   06BF 00                 1782 	.db #0x00	; 0
   06C0 00                 1783 	.db #0x00	; 0
   06C1 00                 1784 	.db #0x00	; 0
   06C2 00                 1785 	.db #0x00	; 0
   06C3 00                 1786 	.db #0x00	; 0
   06C4 00                 1787 	.db #0x00	; 0
   06C5 00                 1788 	.db #0x00	; 0
   06C6 00                 1789 	.db #0x00	; 0
   06C7 00                 1790 	.db #0x00	; 0
   06C8 00                 1791 	.db #0x00	; 0
   06C9 00                 1792 	.db #0x00	; 0
   06CA 00                 1793 	.db #0x00	; 0
   06CB 00                 1794 	.db #0x00	; 0
   06CC 00                 1795 	.db #0x00	; 0
   06CD 00                 1796 	.db #0x00	; 0
   06CE 00                 1797 	.db #0x00	; 0
   06CF 00                 1798 	.db #0x00	; 0
   06D0 00                 1799 	.db #0x00	; 0
   06D1 00                 1800 	.db #0x00	; 0
   06D2 00                 1801 	.db #0x00	; 0
   06D3 00                 1802 	.db #0x00	; 0
   06D4 00                 1803 	.db #0x00	; 0
   06D5 00                 1804 	.db #0x00	; 0
   06D6 00                 1805 	.db #0x00	; 0
   06D7 00                 1806 	.db #0x00	; 0
   06D8 00                 1807 	.db #0x00	; 0
   06D9 00                 1808 	.db #0x00	; 0
   06DA 00                 1809 	.db #0x00	; 0
   06DB 00                 1810 	.db #0x00	; 0
   06DC 00                 1811 	.db #0x00	; 0
   06DD 00                 1812 	.db #0x00	; 0
   06DE 00                 1813 	.db #0x00	; 0
   06DF 00                 1814 	.db #0x00	; 0
   06E0 00                 1815 	.db #0x00	; 0
   06E1 00                 1816 	.db #0x00	; 0
   06E2 00                 1817 	.db #0x00	; 0
   06E3 00                 1818 	.db #0x00	; 0
   06E4 00                 1819 	.db #0x00	; 0
   06E5 00                 1820 	.db #0x00	; 0
   06E6 00                 1821 	.db #0x00	; 0
   06E7 00                 1822 	.db #0x00	; 0
   06E8 00                 1823 	.db #0x00	; 0
   06E9 00                 1824 	.db #0x00	; 0
   06EA 00                 1825 	.db #0x00	; 0
   06EB 00                 1826 	.db #0x00	; 0
   06EC 00                 1827 	.db #0x00	; 0
   06ED 00                 1828 	.db #0x00	; 0
   06EE 00                 1829 	.db #0x00	; 0
   06EF 00                 1830 	.db #0x00	; 0
   06F0 00                 1831 	.db #0x00	; 0
   06F1 00                 1832 	.db #0x00	; 0
   06F2 00                 1833 	.db #0x00	; 0
   06F3 00                 1834 	.db #0x00	; 0
   06F4 00                 1835 	.db #0x00	; 0
   06F5 00                 1836 	.db #0x00	; 0
   06F6 00                 1837 	.db #0x00	; 0
   06F7 00                 1838 	.db #0x00	; 0
   06F8 00                 1839 	.db #0x00	; 0
   06F9 00                 1840 	.db #0x00	; 0
   06FA 00                 1841 	.db #0x00	; 0
   06FB 00                 1842 	.db #0x00	; 0
   06FC 00                 1843 	.db #0x00	; 0
   06FD 00                 1844 	.db #0x00	; 0
   06FE 00                 1845 	.db #0x00	; 0
   06FF 00                 1846 	.db #0x00	; 0
   0700 00                 1847 	.db #0x00	; 0
   0701 00                 1848 	.db #0x00	; 0
   0702 00                 1849 	.db #0x00	; 0
   0703 00                 1850 	.db #0x00	; 0
   0704 00                 1851 	.db #0x00	; 0
   0705 00                 1852 	.db #0x00	; 0
   0706 00                 1853 	.db #0x00	; 0
   0707 00                 1854 	.db #0x00	; 0
   0708 00                 1855 	.db #0x00	; 0
   0709 00                 1856 	.db #0x00	; 0
   070A 00                 1857 	.db #0x00	; 0
   070B 00                 1858 	.db #0x00	; 0
   070C 00                 1859 	.db #0x00	; 0
   070D 00                 1860 	.db #0x00	; 0
   070E 00                 1861 	.db #0x00	; 0
   070F 00                 1862 	.db #0x00	; 0
   0710 00                 1863 	.db #0x00	; 0
   0711 00                 1864 	.db #0x00	; 0
   0712 00                 1865 	.db #0x00	; 0
   0713 00                 1866 	.db #0x00	; 0
   0714 00                 1867 	.db #0x00	; 0
   0715 00                 1868 	.db #0x00	; 0
   0716 00                 1869 	.db #0x00	; 0
   0717 00                 1870 	.db #0x00	; 0
   0718 00                 1871 	.db #0x00	; 0
   0719 00                 1872 	.db #0x00	; 0
   071A 00                 1873 	.db #0x00	; 0
   071B 00                 1874 	.db #0x00	; 0
   071C 00                 1875 	.db #0x00	; 0
   071D 00                 1876 	.db #0x00	; 0
   071E 00                 1877 	.db #0x00	; 0
   071F 00                 1878 	.db #0x00	; 0
   0720 00                 1879 	.db #0x00	; 0
   0721 00                 1880 	.db #0x00	; 0
   0722 00                 1881 	.db #0x00	; 0
   0723 00                 1882 	.db #0x00	; 0
   0724 00                 1883 	.db #0x00	; 0
   0725 00                 1884 	.db #0x00	; 0
   0726 00                 1885 	.db #0x00	; 0
   0727 00                 1886 	.db #0x00	; 0
   0728 00                 1887 	.db #0x00	; 0
   0729 00                 1888 	.db #0x00	; 0
   072A 00                 1889 	.db #0x00	; 0
   072B 00                 1890 	.db #0x00	; 0
   072C 00                 1891 	.db #0x00	; 0
   072D 00                 1892 	.db #0x00	; 0
   072E 00                 1893 	.db #0x00	; 0
   072F 00                 1894 	.db #0x00	; 0
   0730 00                 1895 	.db #0x00	; 0
   0731 00                 1896 	.db #0x00	; 0
   0732 00                 1897 	.db #0x00	; 0
   0733 00                 1898 	.db #0x00	; 0
   0734 00                 1899 	.db #0x00	; 0
   0735 00                 1900 	.db #0x00	; 0
   0736 00                 1901 	.db #0x00	; 0
   0737 00                 1902 	.db #0x00	; 0
   0738 00                 1903 	.db #0x00	; 0
   0739 00                 1904 	.db #0x00	; 0
   073A 00                 1905 	.db #0x00	; 0
   073B 00                 1906 	.db #0x00	; 0
   073C 00                 1907 	.db #0x00	; 0
   073D 00                 1908 	.db #0x00	; 0
   073E 00                 1909 	.db #0x00	; 0
   073F 00                 1910 	.db #0x00	; 0
   0740 00                 1911 	.db #0x00	; 0
   0741 00                 1912 	.db #0x00	; 0
   0742 00                 1913 	.db #0x00	; 0
   0743 00                 1914 	.db #0x00	; 0
   0744 00                 1915 	.db #0x00	; 0
   0745 00                 1916 	.db #0x00	; 0
   0746 00                 1917 	.db #0x00	; 0
   0747 00                 1918 	.db #0x00	; 0
   0748 00                 1919 	.db #0x00	; 0
   0749 00                 1920 	.db #0x00	; 0
   074A 00                 1921 	.db #0x00	; 0
   074B 00                 1922 	.db #0x00	; 0
   074C 00                 1923 	.db #0x00	; 0
   074D 00                 1924 	.db #0x00	; 0
   074E 00                 1925 	.db #0x00	; 0
   074F 00                 1926 	.db #0x00	; 0
   0750 00                 1927 	.db #0x00	; 0
   0751 00                 1928 	.db #0x00	; 0
   0752 00                 1929 	.db #0x00	; 0
   0753 00                 1930 	.db #0x00	; 0
   0754 00                 1931 	.db #0x00	; 0
   0755 00                 1932 	.db #0x00	; 0
   0756 00                 1933 	.db #0x00	; 0
   0757 00                 1934 	.db #0x00	; 0
   0758 00                 1935 	.db #0x00	; 0
   0759 00                 1936 	.db #0x00	; 0
   075A 00                 1937 	.db #0x00	; 0
   075B 00                 1938 	.db #0x00	; 0
   075C 00                 1939 	.db #0x00	; 0
   075D 00                 1940 	.db #0x00	; 0
   075E 00                 1941 	.db #0x00	; 0
   075F 00                 1942 	.db #0x00	; 0
   0760 00                 1943 	.db #0x00	; 0
   0761 00                 1944 	.db #0x00	; 0
   0762 00                 1945 	.db #0x00	; 0
   0763 00                 1946 	.db #0x00	; 0
   0764 00                 1947 	.db #0x00	; 0
   0765 00                 1948 	.db #0x00	; 0
   0766 00                 1949 	.db #0x00	; 0
   0767 00                 1950 	.db #0x00	; 0
   0768 00                 1951 	.db #0x00	; 0
   0769 00                 1952 	.db #0x00	; 0
   076A 00                 1953 	.db #0x00	; 0
   076B 00                 1954 	.db #0x00	; 0
   076C 00                 1955 	.db #0x00	; 0
   076D 00                 1956 	.db #0x00	; 0
   076E 00                 1957 	.db #0x00	; 0
   076F 00                 1958 	.db #0x00	; 0
   0770 00                 1959 	.db #0x00	; 0
   0771 00                 1960 	.db #0x00	; 0
   0772 00                 1961 	.db #0x00	; 0
   0773 00                 1962 	.db #0x00	; 0
   0774 00                 1963 	.db #0x00	; 0
   0775 00                 1964 	.db #0x00	; 0
   0776 00                 1965 	.db #0x00	; 0
   0777 00                 1966 	.db #0x00	; 0
   0778 00                 1967 	.db #0x00	; 0
   0779 00                 1968 	.db #0x00	; 0
   077A 00                 1969 	.db #0x00	; 0
   077B 00                 1970 	.db #0x00	; 0
   077C 00                 1971 	.db #0x00	; 0
   077D 00                 1972 	.db #0x00	; 0
   077E 00                 1973 	.db #0x00	; 0
   077F 00                 1974 	.db #0x00	; 0
                           1975 	.area _INITIALIZER
                           1976 	.area _CABS (ABS)
