                              1 ;--------------------------------------------------------
                              2 ; File Created by SDCC : free open source ANSI-C Compiler
                              3 ; Version 3.6.8 #9946 (Linux)
                              4 ;--------------------------------------------------------
                              5 	.module Aliens
                              6 	.optsdcc -mz80
                              7 	
                              8 ;--------------------------------------------------------
                              9 ; Public variables in this module
                             10 ;--------------------------------------------------------
                             11 	.globl _spr_aliens_5
                             12 	.globl _spr_aliens_4
                             13 	.globl _spr_aliens_3
                             14 	.globl _spr_aliens_2
                             15 	.globl _spr_aliens_1
                             16 	.globl _spr_aliens_0
                             17 ;--------------------------------------------------------
                             18 ; special function registers
                             19 ;--------------------------------------------------------
                             20 ;--------------------------------------------------------
                             21 ; ram data
                             22 ;--------------------------------------------------------
                             23 	.area _DATA
                             24 ;--------------------------------------------------------
                             25 ; ram data
                             26 ;--------------------------------------------------------
                             27 	.area _INITIALIZED
                             28 ;--------------------------------------------------------
                             29 ; absolute external ram data
                             30 ;--------------------------------------------------------
                             31 	.area _DABS (ABS)
                             32 ;--------------------------------------------------------
                             33 ; global & static initialisations
                             34 ;--------------------------------------------------------
                             35 	.area _HOME
                             36 	.area _GSINIT
                             37 	.area _GSFINAL
                             38 	.area _GSINIT
                             39 ;--------------------------------------------------------
                             40 ; Home
                             41 ;--------------------------------------------------------
                             42 	.area _HOME
                             43 	.area _HOME
                             44 ;--------------------------------------------------------
                             45 ; code
                             46 ;--------------------------------------------------------
                             47 	.area _CODE
                             48 	.area _CODE
   0000                      49 _spr_aliens_0:
   0000 00                   50 	.db #0x00	; 0
   0001 00                   51 	.db #0x00	; 0
   0002 00                   52 	.db #0x00	; 0
   0003 00                   53 	.db #0x00	; 0
   0004 00                   54 	.db #0x00	; 0
   0005 00                   55 	.db #0x00	; 0
   0006 00                   56 	.db #0x00	; 0
   0007 00                   57 	.db #0x00	; 0
   0008 00                   58 	.db #0x00	; 0
   0009 00                   59 	.db #0x00	; 0
   000A 00                   60 	.db #0x00	; 0
   000B 00                   61 	.db #0x00	; 0
   000C 00                   62 	.db #0x00	; 0
   000D 00                   63 	.db #0x00	; 0
   000E 00                   64 	.db #0x00	; 0
   000F 00                   65 	.db #0x00	; 0
   0010 00                   66 	.db #0x00	; 0
   0011 00                   67 	.db #0x00	; 0
   0012 44                   68 	.db #0x44	; 68	'D'
   0013 CC                   69 	.db #0xcc	; 204
   0014 CC                   70 	.db #0xcc	; 204
   0015 88                   71 	.db #0x88	; 136
   0016 00                   72 	.db #0x00	; 0
   0017 00                   73 	.db #0x00	; 0
   0018 00                   74 	.db #0x00	; 0
   0019 00                   75 	.db #0x00	; 0
   001A DD                   76 	.db #0xdd	; 221
   001B CC                   77 	.db #0xcc	; 204
   001C CC                   78 	.db #0xcc	; 204
   001D EE                   79 	.db #0xee	; 238
   001E 00                   80 	.db #0x00	; 0
   001F 00                   81 	.db #0x00	; 0
   0020 00                   82 	.db #0x00	; 0
   0021 00                   83 	.db #0x00	; 0
   0022 CC                   84 	.db #0xcc	; 204
   0023 CC                   85 	.db #0xcc	; 204
   0024 CC                   86 	.db #0xcc	; 204
   0025 CC                   87 	.db #0xcc	; 204
   0026 00                   88 	.db #0x00	; 0
   0027 00                   89 	.db #0x00	; 0
   0028 00                   90 	.db #0x00	; 0
   0029 00                   91 	.db #0x00	; 0
   002A DD                   92 	.db #0xdd	; 221
   002B CC                   93 	.db #0xcc	; 204
   002C CC                   94 	.db #0xcc	; 204
   002D EE                   95 	.db #0xee	; 238
   002E 00                   96 	.db #0x00	; 0
   002F 00                   97 	.db #0x00	; 0
   0030 00                   98 	.db #0x00	; 0
   0031 00                   99 	.db #0x00	; 0
   0032 CC                  100 	.db #0xcc	; 204
   0033 CC                  101 	.db #0xcc	; 204
   0034 CC                  102 	.db #0xcc	; 204
   0035 CC                  103 	.db #0xcc	; 204
   0036 00                  104 	.db #0x00	; 0
   0037 00                  105 	.db #0x00	; 0
   0038 00                  106 	.db #0x00	; 0
   0039 00                  107 	.db #0x00	; 0
   003A DD                  108 	.db #0xdd	; 221
   003B CC                  109 	.db #0xcc	; 204
   003C CC                  110 	.db #0xcc	; 204
   003D EE                  111 	.db #0xee	; 238
   003E 00                  112 	.db #0x00	; 0
   003F 00                  113 	.db #0x00	; 0
   0040 00                  114 	.db #0x00	; 0
   0041 00                  115 	.db #0x00	; 0
   0042 CC                  116 	.db #0xcc	; 204
   0043 CC                  117 	.db #0xcc	; 204
   0044 CC                  118 	.db #0xcc	; 204
   0045 CC                  119 	.db #0xcc	; 204
   0046 00                  120 	.db #0x00	; 0
   0047 00                  121 	.db #0x00	; 0
   0048 00                  122 	.db #0x00	; 0
   0049 44                  123 	.db #0x44	; 68	'D'
   004A CC                  124 	.db #0xcc	; 204
   004B CC                  125 	.db #0xcc	; 204
   004C CC                  126 	.db #0xcc	; 204
   004D CC                  127 	.db #0xcc	; 204
   004E 88                  128 	.db #0x88	; 136
   004F 00                  129 	.db #0x00	; 0
   0050 00                  130 	.db #0x00	; 0
   0051 44                  131 	.db #0x44	; 68	'D'
   0052 44                  132 	.db #0x44	; 68	'D'
   0053 44                  133 	.db #0x44	; 68	'D'
   0054 44                  134 	.db #0x44	; 68	'D'
   0055 00                  135 	.db #0x00	; 0
   0056 88                  136 	.db #0x88	; 136
   0057 00                  137 	.db #0x00	; 0
   0058 00                  138 	.db #0x00	; 0
   0059 CC                  139 	.db #0xcc	; 204
   005A 44                  140 	.db #0x44	; 68	'D'
   005B 44                  141 	.db #0x44	; 68	'D'
   005C 44                  142 	.db #0x44	; 68	'D'
   005D 00                  143 	.db #0x00	; 0
   005E CC                  144 	.db #0xcc	; 204
   005F 00                  145 	.db #0x00	; 0
   0060 00                  146 	.db #0x00	; 0
   0061 88                  147 	.db #0x88	; 136
   0062 44                  148 	.db #0x44	; 68	'D'
   0063 44                  149 	.db #0x44	; 68	'D'
   0064 44                  150 	.db #0x44	; 68	'D'
   0065 00                  151 	.db #0x00	; 0
   0066 44                  152 	.db #0x44	; 68	'D'
   0067 00                  153 	.db #0x00	; 0
   0068 00                  154 	.db #0x00	; 0
   0069 88                  155 	.db #0x88	; 136
   006A CC                  156 	.db #0xcc	; 204
   006B 44                  157 	.db #0x44	; 68	'D'
   006C 44                  158 	.db #0x44	; 68	'D'
   006D 88                  159 	.db #0x88	; 136
   006E 44                  160 	.db #0x44	; 68	'D'
   006F 00                  161 	.db #0x00	; 0
   0070 00                  162 	.db #0x00	; 0
   0071 88                  163 	.db #0x88	; 136
   0072 88                  164 	.db #0x88	; 136
   0073 44                  165 	.db #0x44	; 68	'D'
   0074 00                  166 	.db #0x00	; 0
   0075 88                  167 	.db #0x88	; 136
   0076 44                  168 	.db #0x44	; 68	'D'
   0077 00                  169 	.db #0x00	; 0
   0078 00                  170 	.db #0x00	; 0
   0079 88                  171 	.db #0x88	; 136
   007A 88                  172 	.db #0x88	; 136
   007B CC                  173 	.db #0xcc	; 204
   007C 88                  174 	.db #0x88	; 136
   007D CC                  175 	.db #0xcc	; 204
   007E 44                  176 	.db #0x44	; 68	'D'
   007F 00                  177 	.db #0x00	; 0
   0080                     178 _spr_aliens_1:
   0080 00                  179 	.db #0x00	; 0
   0081 00                  180 	.db #0x00	; 0
   0082 00                  181 	.db #0x00	; 0
   0083 00                  182 	.db #0x00	; 0
   0084 00                  183 	.db #0x00	; 0
   0085 00                  184 	.db #0x00	; 0
   0086 00                  185 	.db #0x00	; 0
   0087 00                  186 	.db #0x00	; 0
   0088 00                  187 	.db #0x00	; 0
   0089 00                  188 	.db #0x00	; 0
   008A 00                  189 	.db #0x00	; 0
   008B 00                  190 	.db #0x00	; 0
   008C 00                  191 	.db #0x00	; 0
   008D 00                  192 	.db #0x00	; 0
   008E 00                  193 	.db #0x00	; 0
   008F 00                  194 	.db #0x00	; 0
   0090 00                  195 	.db #0x00	; 0
   0091 00                  196 	.db #0x00	; 0
   0092 00                  197 	.db #0x00	; 0
   0093 00                  198 	.db #0x00	; 0
   0094 00                  199 	.db #0x00	; 0
   0095 00                  200 	.db #0x00	; 0
   0096 00                  201 	.db #0x00	; 0
   0097 00                  202 	.db #0x00	; 0
   0098 00                  203 	.db #0x00	; 0
   0099 00                  204 	.db #0x00	; 0
   009A 00                  205 	.db #0x00	; 0
   009B 00                  206 	.db #0x00	; 0
   009C 00                  207 	.db #0x00	; 0
   009D 00                  208 	.db #0x00	; 0
   009E 00                  209 	.db #0x00	; 0
   009F 00                  210 	.db #0x00	; 0
   00A0 00                  211 	.db #0x00	; 0
   00A1 00                  212 	.db #0x00	; 0
   00A2 00                  213 	.db #0x00	; 0
   00A3 00                  214 	.db #0x00	; 0
   00A4 00                  215 	.db #0x00	; 0
   00A5 00                  216 	.db #0x00	; 0
   00A6 00                  217 	.db #0x00	; 0
   00A7 00                  218 	.db #0x00	; 0
   00A8 00                  219 	.db #0x00	; 0
   00A9 00                  220 	.db #0x00	; 0
   00AA 00                  221 	.db #0x00	; 0
   00AB 00                  222 	.db #0x00	; 0
   00AC 00                  223 	.db #0x00	; 0
   00AD 00                  224 	.db #0x00	; 0
   00AE 00                  225 	.db #0x00	; 0
   00AF 00                  226 	.db #0x00	; 0
   00B0 00                  227 	.db #0x00	; 0
   00B1 00                  228 	.db #0x00	; 0
   00B2 44                  229 	.db #0x44	; 68	'D'
   00B3 CC                  230 	.db #0xcc	; 204
   00B4 CC                  231 	.db #0xcc	; 204
   00B5 88                  232 	.db #0x88	; 136
   00B6 00                  233 	.db #0x00	; 0
   00B7 00                  234 	.db #0x00	; 0
   00B8 00                  235 	.db #0x00	; 0
   00B9 00                  236 	.db #0x00	; 0
   00BA DD                  237 	.db #0xdd	; 221
   00BB CC                  238 	.db #0xcc	; 204
   00BC CC                  239 	.db #0xcc	; 204
   00BD EE                  240 	.db #0xee	; 238
   00BE 00                  241 	.db #0x00	; 0
   00BF 00                  242 	.db #0x00	; 0
   00C0 00                  243 	.db #0x00	; 0
   00C1 00                  244 	.db #0x00	; 0
   00C2 CC                  245 	.db #0xcc	; 204
   00C3 CC                  246 	.db #0xcc	; 204
   00C4 CC                  247 	.db #0xcc	; 204
   00C5 CC                  248 	.db #0xcc	; 204
   00C6 00                  249 	.db #0x00	; 0
   00C7 00                  250 	.db #0x00	; 0
   00C8 00                  251 	.db #0x00	; 0
   00C9 00                  252 	.db #0x00	; 0
   00CA DD                  253 	.db #0xdd	; 221
   00CB CC                  254 	.db #0xcc	; 204
   00CC CC                  255 	.db #0xcc	; 204
   00CD EE                  256 	.db #0xee	; 238
   00CE 00                  257 	.db #0x00	; 0
   00CF 00                  258 	.db #0x00	; 0
   00D0 00                  259 	.db #0x00	; 0
   00D1 00                  260 	.db #0x00	; 0
   00D2 CC                  261 	.db #0xcc	; 204
   00D3 CC                  262 	.db #0xcc	; 204
   00D4 CC                  263 	.db #0xcc	; 204
   00D5 CC                  264 	.db #0xcc	; 204
   00D6 00                  265 	.db #0x00	; 0
   00D7 00                  266 	.db #0x00	; 0
   00D8 00                  267 	.db #0x00	; 0
   00D9 00                  268 	.db #0x00	; 0
   00DA DD                  269 	.db #0xdd	; 221
   00DB CC                  270 	.db #0xcc	; 204
   00DC CC                  271 	.db #0xcc	; 204
   00DD EE                  272 	.db #0xee	; 238
   00DE 00                  273 	.db #0x00	; 0
   00DF 00                  274 	.db #0x00	; 0
   00E0 00                  275 	.db #0x00	; 0
   00E1 00                  276 	.db #0x00	; 0
   00E2 CC                  277 	.db #0xcc	; 204
   00E3 CC                  278 	.db #0xcc	; 204
   00E4 CC                  279 	.db #0xcc	; 204
   00E5 CC                  280 	.db #0xcc	; 204
   00E6 00                  281 	.db #0x00	; 0
   00E7 00                  282 	.db #0x00	; 0
   00E8 00                  283 	.db #0x00	; 0
   00E9 44                  284 	.db #0x44	; 68	'D'
   00EA CC                  285 	.db #0xcc	; 204
   00EB CC                  286 	.db #0xcc	; 204
   00EC CC                  287 	.db #0xcc	; 204
   00ED CC                  288 	.db #0xcc	; 204
   00EE 88                  289 	.db #0x88	; 136
   00EF 00                  290 	.db #0x00	; 0
   00F0 00                  291 	.db #0x00	; 0
   00F1 CC                  292 	.db #0xcc	; 204
   00F2 44                  293 	.db #0x44	; 68	'D'
   00F3 44                  294 	.db #0x44	; 68	'D'
   00F4 44                  295 	.db #0x44	; 68	'D'
   00F5 88                  296 	.db #0x88	; 136
   00F6 88                  297 	.db #0x88	; 136
   00F7 00                  298 	.db #0x00	; 0
   00F8 00                  299 	.db #0x00	; 0
   00F9 88                  300 	.db #0x88	; 136
   00FA 44                  301 	.db #0x44	; 68	'D'
   00FB 44                  302 	.db #0x44	; 68	'D'
   00FC 00                  303 	.db #0x00	; 0
   00FD 88                  304 	.db #0x88	; 136
   00FE CC                  305 	.db #0xcc	; 204
   00FF 00                  306 	.db #0x00	; 0
   0100                     307 _spr_aliens_2:
   0100 00                  308 	.db #0x00	; 0
   0101 00                  309 	.db #0x00	; 0
   0102 00                  310 	.db #0x00	; 0
   0103 00                  311 	.db #0x00	; 0
   0104 00                  312 	.db #0x00	; 0
   0105 00                  313 	.db #0x00	; 0
   0106 00                  314 	.db #0x00	; 0
   0107 00                  315 	.db #0x00	; 0
   0108 00                  316 	.db #0x00	; 0
   0109 00                  317 	.db #0x00	; 0
   010A 00                  318 	.db #0x00	; 0
   010B 00                  319 	.db #0x00	; 0
   010C 00                  320 	.db #0x00	; 0
   010D 00                  321 	.db #0x00	; 0
   010E 00                  322 	.db #0x00	; 0
   010F 00                  323 	.db #0x00	; 0
   0110 00                  324 	.db #0x00	; 0
   0111 00                  325 	.db #0x00	; 0
   0112 44                  326 	.db #0x44	; 68	'D'
   0113 CC                  327 	.db #0xcc	; 204
   0114 CC                  328 	.db #0xcc	; 204
   0115 88                  329 	.db #0x88	; 136
   0116 00                  330 	.db #0x00	; 0
   0117 00                  331 	.db #0x00	; 0
   0118 00                  332 	.db #0x00	; 0
   0119 00                  333 	.db #0x00	; 0
   011A 98                  334 	.db #0x98	; 152
   011B 8C                  335 	.db #0x8c	; 140
   011C 4C                  336 	.db #0x4c	; 76	'L'
   011D 64                  337 	.db #0x64	; 100	'd'
   011E 00                  338 	.db #0x00	; 0
   011F 00                  339 	.db #0x00	; 0
   0120 00                  340 	.db #0x00	; 0
   0121 00                  341 	.db #0x00	; 0
   0122 CC                  342 	.db #0xcc	; 204
   0123 4C                  343 	.db #0x4c	; 76	'L'
   0124 8C                  344 	.db #0x8c	; 140
   0125 CC                  345 	.db #0xcc	; 204
   0126 00                  346 	.db #0x00	; 0
   0127 00                  347 	.db #0x00	; 0
   0128 00                  348 	.db #0x00	; 0
   0129 00                  349 	.db #0x00	; 0
   012A 98                  350 	.db #0x98	; 152
   012B 4C                  351 	.db #0x4c	; 76	'L'
   012C 8C                  352 	.db #0x8c	; 140
   012D 64                  353 	.db #0x64	; 100	'd'
   012E 00                  354 	.db #0x00	; 0
   012F 00                  355 	.db #0x00	; 0
   0130 00                  356 	.db #0x00	; 0
   0131 00                  357 	.db #0x00	; 0
   0132 CC                  358 	.db #0xcc	; 204
   0133 4C                  359 	.db #0x4c	; 76	'L'
   0134 8C                  360 	.db #0x8c	; 140
   0135 CC                  361 	.db #0xcc	; 204
   0136 00                  362 	.db #0x00	; 0
   0137 00                  363 	.db #0x00	; 0
   0138 00                  364 	.db #0x00	; 0
   0139 00                  365 	.db #0x00	; 0
   013A 98                  366 	.db #0x98	; 152
   013B 4C                  367 	.db #0x4c	; 76	'L'
   013C 8C                  368 	.db #0x8c	; 140
   013D 64                  369 	.db #0x64	; 100	'd'
   013E 00                  370 	.db #0x00	; 0
   013F 00                  371 	.db #0x00	; 0
   0140 00                  372 	.db #0x00	; 0
   0141 00                  373 	.db #0x00	; 0
   0142 CC                  374 	.db #0xcc	; 204
   0143 8C                  375 	.db #0x8c	; 140
   0144 4C                  376 	.db #0x4c	; 76	'L'
   0145 CC                  377 	.db #0xcc	; 204
   0146 00                  378 	.db #0x00	; 0
   0147 00                  379 	.db #0x00	; 0
   0148 00                  380 	.db #0x00	; 0
   0149 44                  381 	.db #0x44	; 68	'D'
   014A CC                  382 	.db #0xcc	; 204
   014B CC                  383 	.db #0xcc	; 204
   014C CC                  384 	.db #0xcc	; 204
   014D CC                  385 	.db #0xcc	; 204
   014E 88                  386 	.db #0x88	; 136
   014F 00                  387 	.db #0x00	; 0
   0150 00                  388 	.db #0x00	; 0
   0151 44                  389 	.db #0x44	; 68	'D'
   0152 44                  390 	.db #0x44	; 68	'D'
   0153 44                  391 	.db #0x44	; 68	'D'
   0154 44                  392 	.db #0x44	; 68	'D'
   0155 00                  393 	.db #0x00	; 0
   0156 88                  394 	.db #0x88	; 136
   0157 00                  395 	.db #0x00	; 0
   0158 00                  396 	.db #0x00	; 0
   0159 CC                  397 	.db #0xcc	; 204
   015A 44                  398 	.db #0x44	; 68	'D'
   015B 44                  399 	.db #0x44	; 68	'D'
   015C 44                  400 	.db #0x44	; 68	'D'
   015D 00                  401 	.db #0x00	; 0
   015E CC                  402 	.db #0xcc	; 204
   015F 00                  403 	.db #0x00	; 0
   0160 00                  404 	.db #0x00	; 0
   0161 88                  405 	.db #0x88	; 136
   0162 44                  406 	.db #0x44	; 68	'D'
   0163 44                  407 	.db #0x44	; 68	'D'
   0164 44                  408 	.db #0x44	; 68	'D'
   0165 00                  409 	.db #0x00	; 0
   0166 44                  410 	.db #0x44	; 68	'D'
   0167 00                  411 	.db #0x00	; 0
   0168 00                  412 	.db #0x00	; 0
   0169 88                  413 	.db #0x88	; 136
   016A CC                  414 	.db #0xcc	; 204
   016B 44                  415 	.db #0x44	; 68	'D'
   016C 44                  416 	.db #0x44	; 68	'D'
   016D 88                  417 	.db #0x88	; 136
   016E 44                  418 	.db #0x44	; 68	'D'
   016F 00                  419 	.db #0x00	; 0
   0170 00                  420 	.db #0x00	; 0
   0171 88                  421 	.db #0x88	; 136
   0172 88                  422 	.db #0x88	; 136
   0173 44                  423 	.db #0x44	; 68	'D'
   0174 00                  424 	.db #0x00	; 0
   0175 88                  425 	.db #0x88	; 136
   0176 44                  426 	.db #0x44	; 68	'D'
   0177 00                  427 	.db #0x00	; 0
   0178 00                  428 	.db #0x00	; 0
   0179 88                  429 	.db #0x88	; 136
   017A 88                  430 	.db #0x88	; 136
   017B CC                  431 	.db #0xcc	; 204
   017C 88                  432 	.db #0x88	; 136
   017D CC                  433 	.db #0xcc	; 204
   017E 44                  434 	.db #0x44	; 68	'D'
   017F 00                  435 	.db #0x00	; 0
   0180                     436 _spr_aliens_3:
   0180 00                  437 	.db #0x00	; 0
   0181 00                  438 	.db #0x00	; 0
   0182 00                  439 	.db #0x00	; 0
   0183 00                  440 	.db #0x00	; 0
   0184 00                  441 	.db #0x00	; 0
   0185 00                  442 	.db #0x00	; 0
   0186 00                  443 	.db #0x00	; 0
   0187 00                  444 	.db #0x00	; 0
   0188 00                  445 	.db #0x00	; 0
   0189 00                  446 	.db #0x00	; 0
   018A 00                  447 	.db #0x00	; 0
   018B 00                  448 	.db #0x00	; 0
   018C 00                  449 	.db #0x00	; 0
   018D 00                  450 	.db #0x00	; 0
   018E 00                  451 	.db #0x00	; 0
   018F 00                  452 	.db #0x00	; 0
   0190 00                  453 	.db #0x00	; 0
   0191 00                  454 	.db #0x00	; 0
   0192 00                  455 	.db #0x00	; 0
   0193 00                  456 	.db #0x00	; 0
   0194 00                  457 	.db #0x00	; 0
   0195 00                  458 	.db #0x00	; 0
   0196 00                  459 	.db #0x00	; 0
   0197 00                  460 	.db #0x00	; 0
   0198 00                  461 	.db #0x00	; 0
   0199 00                  462 	.db #0x00	; 0
   019A 00                  463 	.db #0x00	; 0
   019B 00                  464 	.db #0x00	; 0
   019C 00                  465 	.db #0x00	; 0
   019D 00                  466 	.db #0x00	; 0
   019E 00                  467 	.db #0x00	; 0
   019F 00                  468 	.db #0x00	; 0
   01A0 00                  469 	.db #0x00	; 0
   01A1 00                  470 	.db #0x00	; 0
   01A2 00                  471 	.db #0x00	; 0
   01A3 00                  472 	.db #0x00	; 0
   01A4 00                  473 	.db #0x00	; 0
   01A5 00                  474 	.db #0x00	; 0
   01A6 00                  475 	.db #0x00	; 0
   01A7 00                  476 	.db #0x00	; 0
   01A8 00                  477 	.db #0x00	; 0
   01A9 00                  478 	.db #0x00	; 0
   01AA 00                  479 	.db #0x00	; 0
   01AB 00                  480 	.db #0x00	; 0
   01AC 00                  481 	.db #0x00	; 0
   01AD 00                  482 	.db #0x00	; 0
   01AE 00                  483 	.db #0x00	; 0
   01AF 00                  484 	.db #0x00	; 0
   01B0 00                  485 	.db #0x00	; 0
   01B1 00                  486 	.db #0x00	; 0
   01B2 44                  487 	.db #0x44	; 68	'D'
   01B3 CC                  488 	.db #0xcc	; 204
   01B4 CC                  489 	.db #0xcc	; 204
   01B5 88                  490 	.db #0x88	; 136
   01B6 00                  491 	.db #0x00	; 0
   01B7 00                  492 	.db #0x00	; 0
   01B8 00                  493 	.db #0x00	; 0
   01B9 00                  494 	.db #0x00	; 0
   01BA 98                  495 	.db #0x98	; 152
   01BB 8C                  496 	.db #0x8c	; 140
   01BC 4C                  497 	.db #0x4c	; 76	'L'
   01BD 64                  498 	.db #0x64	; 100	'd'
   01BE 00                  499 	.db #0x00	; 0
   01BF 00                  500 	.db #0x00	; 0
   01C0 00                  501 	.db #0x00	; 0
   01C1 00                  502 	.db #0x00	; 0
   01C2 CC                  503 	.db #0xcc	; 204
   01C3 4C                  504 	.db #0x4c	; 76	'L'
   01C4 8C                  505 	.db #0x8c	; 140
   01C5 CC                  506 	.db #0xcc	; 204
   01C6 00                  507 	.db #0x00	; 0
   01C7 00                  508 	.db #0x00	; 0
   01C8 00                  509 	.db #0x00	; 0
   01C9 00                  510 	.db #0x00	; 0
   01CA 98                  511 	.db #0x98	; 152
   01CB 4C                  512 	.db #0x4c	; 76	'L'
   01CC 8C                  513 	.db #0x8c	; 140
   01CD 64                  514 	.db #0x64	; 100	'd'
   01CE 00                  515 	.db #0x00	; 0
   01CF 00                  516 	.db #0x00	; 0
   01D0 00                  517 	.db #0x00	; 0
   01D1 00                  518 	.db #0x00	; 0
   01D2 CC                  519 	.db #0xcc	; 204
   01D3 4C                  520 	.db #0x4c	; 76	'L'
   01D4 8C                  521 	.db #0x8c	; 140
   01D5 CC                  522 	.db #0xcc	; 204
   01D6 00                  523 	.db #0x00	; 0
   01D7 00                  524 	.db #0x00	; 0
   01D8 00                  525 	.db #0x00	; 0
   01D9 00                  526 	.db #0x00	; 0
   01DA 98                  527 	.db #0x98	; 152
   01DB 4C                  528 	.db #0x4c	; 76	'L'
   01DC 8C                  529 	.db #0x8c	; 140
   01DD 64                  530 	.db #0x64	; 100	'd'
   01DE 00                  531 	.db #0x00	; 0
   01DF 00                  532 	.db #0x00	; 0
   01E0 00                  533 	.db #0x00	; 0
   01E1 00                  534 	.db #0x00	; 0
   01E2 CC                  535 	.db #0xcc	; 204
   01E3 8C                  536 	.db #0x8c	; 140
   01E4 4C                  537 	.db #0x4c	; 76	'L'
   01E5 CC                  538 	.db #0xcc	; 204
   01E6 00                  539 	.db #0x00	; 0
   01E7 00                  540 	.db #0x00	; 0
   01E8 00                  541 	.db #0x00	; 0
   01E9 44                  542 	.db #0x44	; 68	'D'
   01EA CC                  543 	.db #0xcc	; 204
   01EB CC                  544 	.db #0xcc	; 204
   01EC CC                  545 	.db #0xcc	; 204
   01ED CC                  546 	.db #0xcc	; 204
   01EE 88                  547 	.db #0x88	; 136
   01EF 00                  548 	.db #0x00	; 0
   01F0 00                  549 	.db #0x00	; 0
   01F1 CC                  550 	.db #0xcc	; 204
   01F2 44                  551 	.db #0x44	; 68	'D'
   01F3 44                  552 	.db #0x44	; 68	'D'
   01F4 44                  553 	.db #0x44	; 68	'D'
   01F5 88                  554 	.db #0x88	; 136
   01F6 88                  555 	.db #0x88	; 136
   01F7 00                  556 	.db #0x00	; 0
   01F8 00                  557 	.db #0x00	; 0
   01F9 88                  558 	.db #0x88	; 136
   01FA 44                  559 	.db #0x44	; 68	'D'
   01FB 44                  560 	.db #0x44	; 68	'D'
   01FC 00                  561 	.db #0x00	; 0
   01FD 88                  562 	.db #0x88	; 136
   01FE CC                  563 	.db #0xcc	; 204
   01FF 00                  564 	.db #0x00	; 0
   0200                     565 _spr_aliens_4:
   0200 00                  566 	.db #0x00	; 0
   0201 00                  567 	.db #0x00	; 0
   0202 00                  568 	.db #0x00	; 0
   0203 00                  569 	.db #0x00	; 0
   0204 00                  570 	.db #0x00	; 0
   0205 00                  571 	.db #0x00	; 0
   0206 00                  572 	.db #0x00	; 0
   0207 00                  573 	.db #0x00	; 0
   0208 00                  574 	.db #0x00	; 0
   0209 00                  575 	.db #0x00	; 0
   020A 00                  576 	.db #0x00	; 0
   020B 00                  577 	.db #0x00	; 0
   020C 00                  578 	.db #0x00	; 0
   020D 00                  579 	.db #0x00	; 0
   020E 00                  580 	.db #0x00	; 0
   020F 00                  581 	.db #0x00	; 0
   0210 00                  582 	.db #0x00	; 0
   0211 00                  583 	.db #0x00	; 0
   0212 44                  584 	.db #0x44	; 68	'D'
   0213 CC                  585 	.db #0xcc	; 204
   0214 CC                  586 	.db #0xcc	; 204
   0215 88                  587 	.db #0x88	; 136
   0216 00                  588 	.db #0x00	; 0
   0217 00                  589 	.db #0x00	; 0
   0218 00                  590 	.db #0x00	; 0
   0219 00                  591 	.db #0x00	; 0
   021A 8C                  592 	.db #0x8c	; 140
   021B 30                  593 	.db #0x30	; 48	'0'
   021C 64                  594 	.db #0x64	; 100	'd'
   021D 4C                  595 	.db #0x4c	; 76	'L'
   021E 00                  596 	.db #0x00	; 0
   021F 00                  597 	.db #0x00	; 0
   0220 00                  598 	.db #0x00	; 0
   0221 00                  599 	.db #0x00	; 0
   0222 CC                  600 	.db #0xcc	; 204
   0223 64                  601 	.db #0x64	; 100	'd'
   0224 98                  602 	.db #0x98	; 152
   0225 CC                  603 	.db #0xcc	; 204
   0226 00                  604 	.db #0x00	; 0
   0227 00                  605 	.db #0x00	; 0
   0228 00                  606 	.db #0x00	; 0
   0229 00                  607 	.db #0x00	; 0
   022A 8C                  608 	.db #0x8c	; 140
   022B 64                  609 	.db #0x64	; 100	'd'
   022C 98                  610 	.db #0x98	; 152
   022D 4C                  611 	.db #0x4c	; 76	'L'
   022E 00                  612 	.db #0x00	; 0
   022F 00                  613 	.db #0x00	; 0
   0230 00                  614 	.db #0x00	; 0
   0231 00                  615 	.db #0x00	; 0
   0232 CC                  616 	.db #0xcc	; 204
   0233 30                  617 	.db #0x30	; 48	'0'
   0234 64                  618 	.db #0x64	; 100	'd'
   0235 CC                  619 	.db #0xcc	; 204
   0236 00                  620 	.db #0x00	; 0
   0237 00                  621 	.db #0x00	; 0
   0238 00                  622 	.db #0x00	; 0
   0239 00                  623 	.db #0x00	; 0
   023A 8C                  624 	.db #0x8c	; 140
   023B 64                  625 	.db #0x64	; 100	'd'
   023C CC                  626 	.db #0xcc	; 204
   023D 4C                  627 	.db #0x4c	; 76	'L'
   023E 00                  628 	.db #0x00	; 0
   023F 00                  629 	.db #0x00	; 0
   0240 00                  630 	.db #0x00	; 0
   0241 00                  631 	.db #0x00	; 0
   0242 CC                  632 	.db #0xcc	; 204
   0243 64                  633 	.db #0x64	; 100	'd'
   0244 CC                  634 	.db #0xcc	; 204
   0245 CC                  635 	.db #0xcc	; 204
   0246 00                  636 	.db #0x00	; 0
   0247 00                  637 	.db #0x00	; 0
   0248 00                  638 	.db #0x00	; 0
   0249 44                  639 	.db #0x44	; 68	'D'
   024A CC                  640 	.db #0xcc	; 204
   024B CC                  641 	.db #0xcc	; 204
   024C CC                  642 	.db #0xcc	; 204
   024D CC                  643 	.db #0xcc	; 204
   024E 88                  644 	.db #0x88	; 136
   024F 00                  645 	.db #0x00	; 0
   0250 00                  646 	.db #0x00	; 0
   0251 44                  647 	.db #0x44	; 68	'D'
   0252 44                  648 	.db #0x44	; 68	'D'
   0253 44                  649 	.db #0x44	; 68	'D'
   0254 44                  650 	.db #0x44	; 68	'D'
   0255 00                  651 	.db #0x00	; 0
   0256 88                  652 	.db #0x88	; 136
   0257 00                  653 	.db #0x00	; 0
   0258 00                  654 	.db #0x00	; 0
   0259 CC                  655 	.db #0xcc	; 204
   025A 44                  656 	.db #0x44	; 68	'D'
   025B 44                  657 	.db #0x44	; 68	'D'
   025C 44                  658 	.db #0x44	; 68	'D'
   025D 00                  659 	.db #0x00	; 0
   025E CC                  660 	.db #0xcc	; 204
   025F 00                  661 	.db #0x00	; 0
   0260 00                  662 	.db #0x00	; 0
   0261 88                  663 	.db #0x88	; 136
   0262 44                  664 	.db #0x44	; 68	'D'
   0263 44                  665 	.db #0x44	; 68	'D'
   0264 44                  666 	.db #0x44	; 68	'D'
   0265 00                  667 	.db #0x00	; 0
   0266 44                  668 	.db #0x44	; 68	'D'
   0267 00                  669 	.db #0x00	; 0
   0268 00                  670 	.db #0x00	; 0
   0269 88                  671 	.db #0x88	; 136
   026A CC                  672 	.db #0xcc	; 204
   026B 44                  673 	.db #0x44	; 68	'D'
   026C 44                  674 	.db #0x44	; 68	'D'
   026D 88                  675 	.db #0x88	; 136
   026E 44                  676 	.db #0x44	; 68	'D'
   026F 00                  677 	.db #0x00	; 0
   0270 00                  678 	.db #0x00	; 0
   0271 88                  679 	.db #0x88	; 136
   0272 88                  680 	.db #0x88	; 136
   0273 44                  681 	.db #0x44	; 68	'D'
   0274 00                  682 	.db #0x00	; 0
   0275 88                  683 	.db #0x88	; 136
   0276 44                  684 	.db #0x44	; 68	'D'
   0277 00                  685 	.db #0x00	; 0
   0278 00                  686 	.db #0x00	; 0
   0279 88                  687 	.db #0x88	; 136
   027A 88                  688 	.db #0x88	; 136
   027B CC                  689 	.db #0xcc	; 204
   027C 88                  690 	.db #0x88	; 136
   027D CC                  691 	.db #0xcc	; 204
   027E 44                  692 	.db #0x44	; 68	'D'
   027F 00                  693 	.db #0x00	; 0
   0280                     694 _spr_aliens_5:
   0280 00                  695 	.db #0x00	; 0
   0281 00                  696 	.db #0x00	; 0
   0282 00                  697 	.db #0x00	; 0
   0283 00                  698 	.db #0x00	; 0
   0284 00                  699 	.db #0x00	; 0
   0285 00                  700 	.db #0x00	; 0
   0286 00                  701 	.db #0x00	; 0
   0287 00                  702 	.db #0x00	; 0
   0288 00                  703 	.db #0x00	; 0
   0289 00                  704 	.db #0x00	; 0
   028A 00                  705 	.db #0x00	; 0
   028B 00                  706 	.db #0x00	; 0
   028C 00                  707 	.db #0x00	; 0
   028D 00                  708 	.db #0x00	; 0
   028E 00                  709 	.db #0x00	; 0
   028F 00                  710 	.db #0x00	; 0
   0290 00                  711 	.db #0x00	; 0
   0291 00                  712 	.db #0x00	; 0
   0292 00                  713 	.db #0x00	; 0
   0293 00                  714 	.db #0x00	; 0
   0294 00                  715 	.db #0x00	; 0
   0295 00                  716 	.db #0x00	; 0
   0296 00                  717 	.db #0x00	; 0
   0297 00                  718 	.db #0x00	; 0
   0298 00                  719 	.db #0x00	; 0
   0299 00                  720 	.db #0x00	; 0
   029A 00                  721 	.db #0x00	; 0
   029B 00                  722 	.db #0x00	; 0
   029C 00                  723 	.db #0x00	; 0
   029D 00                  724 	.db #0x00	; 0
   029E 00                  725 	.db #0x00	; 0
   029F 00                  726 	.db #0x00	; 0
   02A0 00                  727 	.db #0x00	; 0
   02A1 00                  728 	.db #0x00	; 0
   02A2 00                  729 	.db #0x00	; 0
   02A3 00                  730 	.db #0x00	; 0
   02A4 00                  731 	.db #0x00	; 0
   02A5 00                  732 	.db #0x00	; 0
   02A6 00                  733 	.db #0x00	; 0
   02A7 00                  734 	.db #0x00	; 0
   02A8 00                  735 	.db #0x00	; 0
   02A9 00                  736 	.db #0x00	; 0
   02AA 00                  737 	.db #0x00	; 0
   02AB 00                  738 	.db #0x00	; 0
   02AC 00                  739 	.db #0x00	; 0
   02AD 00                  740 	.db #0x00	; 0
   02AE 00                  741 	.db #0x00	; 0
   02AF 00                  742 	.db #0x00	; 0
   02B0 00                  743 	.db #0x00	; 0
   02B1 00                  744 	.db #0x00	; 0
   02B2 44                  745 	.db #0x44	; 68	'D'
   02B3 CC                  746 	.db #0xcc	; 204
   02B4 CC                  747 	.db #0xcc	; 204
   02B5 88                  748 	.db #0x88	; 136
   02B6 00                  749 	.db #0x00	; 0
   02B7 00                  750 	.db #0x00	; 0
   02B8 00                  751 	.db #0x00	; 0
   02B9 00                  752 	.db #0x00	; 0
   02BA 8C                  753 	.db #0x8c	; 140
   02BB 30                  754 	.db #0x30	; 48	'0'
   02BC 64                  755 	.db #0x64	; 100	'd'
   02BD 4C                  756 	.db #0x4c	; 76	'L'
   02BE 00                  757 	.db #0x00	; 0
   02BF 00                  758 	.db #0x00	; 0
   02C0 00                  759 	.db #0x00	; 0
   02C1 00                  760 	.db #0x00	; 0
   02C2 CC                  761 	.db #0xcc	; 204
   02C3 64                  762 	.db #0x64	; 100	'd'
   02C4 98                  763 	.db #0x98	; 152
   02C5 CC                  764 	.db #0xcc	; 204
   02C6 00                  765 	.db #0x00	; 0
   02C7 00                  766 	.db #0x00	; 0
   02C8 00                  767 	.db #0x00	; 0
   02C9 00                  768 	.db #0x00	; 0
   02CA 8C                  769 	.db #0x8c	; 140
   02CB 64                  770 	.db #0x64	; 100	'd'
   02CC 98                  771 	.db #0x98	; 152
   02CD 4C                  772 	.db #0x4c	; 76	'L'
   02CE 00                  773 	.db #0x00	; 0
   02CF 00                  774 	.db #0x00	; 0
   02D0 00                  775 	.db #0x00	; 0
   02D1 00                  776 	.db #0x00	; 0
   02D2 CC                  777 	.db #0xcc	; 204
   02D3 30                  778 	.db #0x30	; 48	'0'
   02D4 64                  779 	.db #0x64	; 100	'd'
   02D5 CC                  780 	.db #0xcc	; 204
   02D6 00                  781 	.db #0x00	; 0
   02D7 00                  782 	.db #0x00	; 0
   02D8 00                  783 	.db #0x00	; 0
   02D9 00                  784 	.db #0x00	; 0
   02DA 8C                  785 	.db #0x8c	; 140
   02DB 64                  786 	.db #0x64	; 100	'd'
   02DC CC                  787 	.db #0xcc	; 204
   02DD 4C                  788 	.db #0x4c	; 76	'L'
   02DE 00                  789 	.db #0x00	; 0
   02DF 00                  790 	.db #0x00	; 0
   02E0 00                  791 	.db #0x00	; 0
   02E1 00                  792 	.db #0x00	; 0
   02E2 CC                  793 	.db #0xcc	; 204
   02E3 64                  794 	.db #0x64	; 100	'd'
   02E4 CC                  795 	.db #0xcc	; 204
   02E5 CC                  796 	.db #0xcc	; 204
   02E6 00                  797 	.db #0x00	; 0
   02E7 00                  798 	.db #0x00	; 0
   02E8 00                  799 	.db #0x00	; 0
   02E9 44                  800 	.db #0x44	; 68	'D'
   02EA CC                  801 	.db #0xcc	; 204
   02EB CC                  802 	.db #0xcc	; 204
   02EC CC                  803 	.db #0xcc	; 204
   02ED CC                  804 	.db #0xcc	; 204
   02EE 88                  805 	.db #0x88	; 136
   02EF 00                  806 	.db #0x00	; 0
   02F0 00                  807 	.db #0x00	; 0
   02F1 CC                  808 	.db #0xcc	; 204
   02F2 44                  809 	.db #0x44	; 68	'D'
   02F3 44                  810 	.db #0x44	; 68	'D'
   02F4 44                  811 	.db #0x44	; 68	'D'
   02F5 88                  812 	.db #0x88	; 136
   02F6 88                  813 	.db #0x88	; 136
   02F7 00                  814 	.db #0x00	; 0
   02F8 00                  815 	.db #0x00	; 0
   02F9 88                  816 	.db #0x88	; 136
   02FA 44                  817 	.db #0x44	; 68	'D'
   02FB 44                  818 	.db #0x44	; 68	'D'
   02FC 00                  819 	.db #0x00	; 0
   02FD 88                  820 	.db #0x88	; 136
   02FE CC                  821 	.db #0xcc	; 204
   02FF 00                  822 	.db #0x00	; 0
                            823 	.area _INITIALIZER
                            824 	.area _CABS (ABS)
