                              1 ;--------------------------------------------------------
                              2 ; File Created by SDCC : free open source ANSI-C Compiler
                              3 ; Version 3.6.8 #9946 (Linux)
                              4 ;--------------------------------------------------------
                              5 	.module player
                              6 	.optsdcc -mz80
                              7 	
                              8 ;--------------------------------------------------------
                              9 ; Public variables in this module
                             10 ;--------------------------------------------------------
                             11 	.globl _spr_player_1
                             12 	.globl _spr_player_0
                             13 ;--------------------------------------------------------
                             14 ; special function registers
                             15 ;--------------------------------------------------------
                             16 ;--------------------------------------------------------
                             17 ; ram data
                             18 ;--------------------------------------------------------
                             19 	.area _DATA
                             20 ;--------------------------------------------------------
                             21 ; ram data
                             22 ;--------------------------------------------------------
                             23 	.area _INITIALIZED
                             24 ;--------------------------------------------------------
                             25 ; absolute external ram data
                             26 ;--------------------------------------------------------
                             27 	.area _DABS (ABS)
                             28 ;--------------------------------------------------------
                             29 ; global & static initialisations
                             30 ;--------------------------------------------------------
                             31 	.area _HOME
                             32 	.area _GSINIT
                             33 	.area _GSFINAL
                             34 	.area _GSINIT
                             35 ;--------------------------------------------------------
                             36 ; Home
                             37 ;--------------------------------------------------------
                             38 	.area _HOME
                             39 	.area _HOME
                             40 ;--------------------------------------------------------
                             41 ; code
                             42 ;--------------------------------------------------------
                             43 	.area _CODE
                             44 	.area _CODE
   0000                      45 _spr_player_0:
   0000 00                   46 	.db #0x00	; 0
   0001 00                   47 	.db #0x00	; 0
   0002 00                   48 	.db #0x00	; 0
   0003 00                   49 	.db #0x00	; 0
   0004 00                   50 	.db #0x00	; 0
   0005 00                   51 	.db #0x00	; 0
   0006 00                   52 	.db #0x00	; 0
   0007 00                   53 	.db #0x00	; 0
   0008 00                   54 	.db #0x00	; 0
   0009 00                   55 	.db #0x00	; 0
   000A 00                   56 	.db #0x00	; 0
   000B 00                   57 	.db #0x00	; 0
   000C 00                   58 	.db #0x00	; 0
   000D 00                   59 	.db #0x00	; 0
   000E 00                   60 	.db #0x00	; 0
   000F 00                   61 	.db #0x00	; 0
   0010 00                   62 	.db #0x00	; 0
   0011 00                   63 	.db #0x00	; 0
   0012 00                   64 	.db #0x00	; 0
   0013 00                   65 	.db #0x00	; 0
   0014 00                   66 	.db #0x00	; 0
   0015 00                   67 	.db #0x00	; 0
   0016 00                   68 	.db #0x00	; 0
   0017 00                   69 	.db #0x00	; 0
   0018 00                   70 	.db #0x00	; 0
   0019 00                   71 	.db #0x00	; 0
   001A 0C                   72 	.db #0x0c	; 12
   001B 0C                   73 	.db #0x0c	; 12
   001C 0C                   74 	.db #0x0c	; 12
   001D 08                   75 	.db #0x08	; 8
   001E 00                   76 	.db #0x00	; 0
   001F 00                   77 	.db #0x00	; 0
   0020 00                   78 	.db #0x00	; 0
   0021 04                   79 	.db #0x04	; 4
   0022 39                   80 	.db #0x39	; 57	'9'
   0023 33                   81 	.db #0x33	; 51	'3'
   0024 33                   82 	.db #0x33	; 51	'3'
   0025 26                   83 	.db #0x26	; 38
   0026 00                   84 	.db #0x00	; 0
   0027 00                   85 	.db #0x00	; 0
   0028 00                   86 	.db #0x00	; 0
   0029 1C                   87 	.db #0x1c	; 28
   002A 33                   88 	.db #0x33	; 51	'3'
   002B 26                   89 	.db #0x26	; 38
   002C 0C                   90 	.db #0x0c	; 12
   002D 19                   91 	.db #0x19	; 25
   002E 08                   92 	.db #0x08	; 8
   002F 00                   93 	.db #0x00	; 0
   0030 04                   94 	.db #0x04	; 4
   0031 39                   95 	.db #0x39	; 57	'9'
   0032 33                   96 	.db #0x33	; 51	'3'
   0033 49                   97 	.db #0x49	; 73	'I'
   0034 C3                   98 	.db #0xc3	; 195
   0035 86                   99 	.db #0x86	; 134
   0036 26                  100 	.db #0x26	; 38
   0037 00                  101 	.db #0x00	; 0
   0038 04                  102 	.db #0x04	; 4
   0039 39                  103 	.db #0x39	; 57	'9'
   003A 26                  104 	.db #0x26	; 38
   003B C3                  105 	.db #0xc3	; 195
   003C C3                  106 	.db #0xc3	; 195
   003D C3                  107 	.db #0xc3	; 195
   003E 19                  108 	.db #0x19	; 25
   003F 08                  109 	.db #0x08	; 8
   0040 1C                  110 	.db #0x1c	; 28
   0041 39                  111 	.db #0x39	; 57	'9'
   0042 26                  112 	.db #0x26	; 38
   0043 C3                  113 	.db #0xc3	; 195
   0044 C3                  114 	.db #0xc3	; 195
   0045 C3                  115 	.db #0xc3	; 195
   0046 19                  116 	.db #0x19	; 25
   0047 08                  117 	.db #0x08	; 8
   0048 1C                  118 	.db #0x1c	; 28
   0049 3C                  119 	.db #0x3c	; 60
   004A 26                  120 	.db #0x26	; 38
   004B CC                  121 	.db #0xcc	; 204
   004C C3                  122 	.db #0xc3	; 195
   004D CC                  123 	.db #0xcc	; 204
   004E 19                  124 	.db #0x19	; 25
   004F 08                  125 	.db #0x08	; 8
   0050 1C                  126 	.db #0x1c	; 28
   0051 1C                  127 	.db #0x1c	; 28
   0052 26                  128 	.db #0x26	; 38
   0053 C6                  129 	.db #0xc6	; 198
   0054 C3                  130 	.db #0xc3	; 195
   0055 C6                  131 	.db #0xc6	; 198
   0056 19                  132 	.db #0x19	; 25
   0057 08                  133 	.db #0x08	; 8
   0058 1C                  134 	.db #0x1c	; 28
   0059 1C                  135 	.db #0x1c	; 28
   005A 26                  136 	.db #0x26	; 38
   005B C3                  137 	.db #0xc3	; 195
   005C C3                  138 	.db #0xc3	; 195
   005D C3                  139 	.db #0xc3	; 195
   005E 19                  140 	.db #0x19	; 25
   005F 08                  141 	.db #0x08	; 8
   0060 04                  142 	.db #0x04	; 4
   0061 1C                  143 	.db #0x1c	; 28
   0062 39                  144 	.db #0x39	; 57	'9'
   0063 49                  145 	.db #0x49	; 73	'I'
   0064 C6                  146 	.db #0xc6	; 198
   0065 C3                  147 	.db #0xc3	; 195
   0066 1C                  148 	.db #0x1c	; 28
   0067 08                  149 	.db #0x08	; 8
   0068 00                  150 	.db #0x00	; 0
   0069 04                  151 	.db #0x04	; 4
   006A 3C                  152 	.db #0x3c	; 60
   006B 2C                  153 	.db #0x2c	; 44
   006C C3                  154 	.db #0xc3	; 195
   006D 86                  155 	.db #0x86	; 134
   006E 3C                  156 	.db #0x3c	; 60
   006F 08                  157 	.db #0x08	; 8
   0070 00                  158 	.db #0x00	; 0
   0071 00                  159 	.db #0x00	; 0
   0072 0C                  160 	.db #0x0c	; 12
   0073 3C                  161 	.db #0x3c	; 60
   0074 0C                  162 	.db #0x0c	; 12
   0075 1C                  163 	.db #0x1c	; 28
   0076 3C                  164 	.db #0x3c	; 60
   0077 08                  165 	.db #0x08	; 8
   0078 00                  166 	.db #0x00	; 0
   0079 04                  167 	.db #0x04	; 4
   007A 3C                  168 	.db #0x3c	; 60
   007B 39                  169 	.db #0x39	; 57	'9'
   007C 33                  170 	.db #0x33	; 51	'3'
   007D 33                  171 	.db #0x33	; 51	'3'
   007E 2C                  172 	.db #0x2c	; 44
   007F 00                  173 	.db #0x00	; 0
   0080 00                  174 	.db #0x00	; 0
   0081 1C                  175 	.db #0x1c	; 28
   0082 33                  176 	.db #0x33	; 51	'3'
   0083 33                  177 	.db #0x33	; 51	'3'
   0084 33                  178 	.db #0x33	; 51	'3'
   0085 33                  179 	.db #0x33	; 51	'3'
   0086 36                  180 	.db #0x36	; 54	'6'
   0087 08                  181 	.db #0x08	; 8
   0088 00                  182 	.db #0x00	; 0
   0089 1C                  183 	.db #0x1c	; 28
   008A 33                  184 	.db #0x33	; 51	'3'
   008B 33                  185 	.db #0x33	; 51	'3'
   008C 33                  186 	.db #0x33	; 51	'3'
   008D 33                  187 	.db #0x33	; 51	'3'
   008E 36                  188 	.db #0x36	; 54	'6'
   008F 08                  189 	.db #0x08	; 8
   0090 00                  190 	.db #0x00	; 0
   0091 19                  191 	.db #0x19	; 25
   0092 33                  192 	.db #0x33	; 51	'3'
   0093 33                  193 	.db #0x33	; 51	'3'
   0094 33                  194 	.db #0x33	; 51	'3'
   0095 33                  195 	.db #0x33	; 51	'3'
   0096 36                  196 	.db #0x36	; 54	'6'
   0097 08                  197 	.db #0x08	; 8
   0098 00                  198 	.db #0x00	; 0
   0099 19                  199 	.db #0x19	; 25
   009A 33                  200 	.db #0x33	; 51	'3'
   009B 33                  201 	.db #0x33	; 51	'3'
   009C 33                  202 	.db #0x33	; 51	'3'
   009D 33                  203 	.db #0x33	; 51	'3'
   009E 33                  204 	.db #0x33	; 51	'3'
   009F 08                  205 	.db #0x08	; 8
   00A0 04                  206 	.db #0x04	; 4
   00A1 39                  207 	.db #0x39	; 57	'9'
   00A2 33                  208 	.db #0x33	; 51	'3'
   00A3 33                  209 	.db #0x33	; 51	'3'
   00A4 33                  210 	.db #0x33	; 51	'3'
   00A5 33                  211 	.db #0x33	; 51	'3'
   00A6 33                  212 	.db #0x33	; 51	'3'
   00A7 08                  213 	.db #0x08	; 8
   00A8 04                  214 	.db #0x04	; 4
   00A9 39                  215 	.db #0x39	; 57	'9'
   00AA 33                  216 	.db #0x33	; 51	'3'
   00AB 33                  217 	.db #0x33	; 51	'3'
   00AC 36                  218 	.db #0x36	; 54	'6'
   00AD 33                  219 	.db #0x33	; 51	'3'
   00AE 33                  220 	.db #0x33	; 51	'3'
   00AF 2C                  221 	.db #0x2c	; 44
   00B0 04                  222 	.db #0x04	; 4
   00B1 39                  223 	.db #0x39	; 57	'9'
   00B2 33                  224 	.db #0x33	; 51	'3'
   00B3 33                  225 	.db #0x33	; 51	'3'
   00B4 36                  226 	.db #0x36	; 54	'6'
   00B5 33                  227 	.db #0x33	; 51	'3'
   00B6 33                  228 	.db #0x33	; 51	'3'
   00B7 2C                  229 	.db #0x2c	; 44
   00B8 04                  230 	.db #0x04	; 4
   00B9 39                  231 	.db #0x39	; 57	'9'
   00BA 33                  232 	.db #0x33	; 51	'3'
   00BB 33                  233 	.db #0x33	; 51	'3'
   00BC 2C                  234 	.db #0x2c	; 44
   00BD 39                  235 	.db #0x39	; 57	'9'
   00BE 36                  236 	.db #0x36	; 54	'6'
   00BF 2C                  237 	.db #0x2c	; 44
   00C0 1C                  238 	.db #0x1c	; 28
   00C1 3C                  239 	.db #0x3c	; 60
   00C2 36                  240 	.db #0x36	; 54	'6'
   00C3 36                  241 	.db #0x36	; 54	'6'
   00C4 2C                  242 	.db #0x2c	; 44
   00C5 3C                  243 	.db #0x3c	; 60
   00C6 36                  244 	.db #0x36	; 54	'6'
   00C7 2C                  245 	.db #0x2c	; 44
   00C8 1C                  246 	.db #0x1c	; 28
   00C9 3C                  247 	.db #0x3c	; 60
   00CA 39                  248 	.db #0x39	; 57	'9'
   00CB 3C                  249 	.db #0x3c	; 60
   00CC 2C                  250 	.db #0x2c	; 44
   00CD 1C                  251 	.db #0x1c	; 28
   00CE 3C                  252 	.db #0x3c	; 60
   00CF 2C                  253 	.db #0x2c	; 44
   00D0 1C                  254 	.db #0x1c	; 28
   00D1 1C                  255 	.db #0x1c	; 28
   00D2 3C                  256 	.db #0x3c	; 60
   00D3 3C                  257 	.db #0x3c	; 60
   00D4 08                  258 	.db #0x08	; 8
   00D5 1C                  259 	.db #0x1c	; 28
   00D6 2C                  260 	.db #0x2c	; 44
   00D7 2C                  261 	.db #0x2c	; 44
   00D8 04                  262 	.db #0x04	; 4
   00D9 1C                  263 	.db #0x1c	; 28
   00DA 1C                  264 	.db #0x1c	; 28
   00DB 2C                  265 	.db #0x2c	; 44
   00DC 08                  266 	.db #0x08	; 8
   00DD 04                  267 	.db #0x04	; 4
   00DE 3C                  268 	.db #0x3c	; 60
   00DF 08                  269 	.db #0x08	; 8
   00E0 00                  270 	.db #0x00	; 0
   00E1 0C                  271 	.db #0x0c	; 12
   00E2 04                  272 	.db #0x04	; 4
   00E3 0C                  273 	.db #0x0c	; 12
   00E4 00                  274 	.db #0x00	; 0
   00E5 04                  275 	.db #0x04	; 4
   00E6 0C                  276 	.db #0x0c	; 12
   00E7 00                  277 	.db #0x00	; 0
   00E8 00                  278 	.db #0x00	; 0
   00E9 00                  279 	.db #0x00	; 0
   00EA 41                  280 	.db #0x41	; 65	'A'
   00EB 82                  281 	.db #0x82	; 130
   00EC 00                  282 	.db #0x00	; 0
   00ED 00                  283 	.db #0x00	; 0
   00EE 82                  284 	.db #0x82	; 130
   00EF 00                  285 	.db #0x00	; 0
   00F0 00                  286 	.db #0x00	; 0
   00F1 00                  287 	.db #0x00	; 0
   00F2 00                  288 	.db #0x00	; 0
   00F3 82                  289 	.db #0x82	; 130
   00F4 00                  290 	.db #0x00	; 0
   00F5 00                  291 	.db #0x00	; 0
   00F6 82                  292 	.db #0x82	; 130
   00F7 00                  293 	.db #0x00	; 0
   00F8 00                  294 	.db #0x00	; 0
   00F9 00                  295 	.db #0x00	; 0
   00FA 00                  296 	.db #0x00	; 0
   00FB 82                  297 	.db #0x82	; 130
   00FC 00                  298 	.db #0x00	; 0
   00FD 00                  299 	.db #0x00	; 0
   00FE 82                  300 	.db #0x82	; 130
   00FF 00                  301 	.db #0x00	; 0
   0100                     302 _spr_player_1:
   0100 00                  303 	.db #0x00	; 0
   0101 00                  304 	.db #0x00	; 0
   0102 00                  305 	.db #0x00	; 0
   0103 00                  306 	.db #0x00	; 0
   0104 00                  307 	.db #0x00	; 0
   0105 00                  308 	.db #0x00	; 0
   0106 00                  309 	.db #0x00	; 0
   0107 00                  310 	.db #0x00	; 0
   0108 00                  311 	.db #0x00	; 0
   0109 00                  312 	.db #0x00	; 0
   010A 00                  313 	.db #0x00	; 0
   010B 00                  314 	.db #0x00	; 0
   010C 00                  315 	.db #0x00	; 0
   010D 00                  316 	.db #0x00	; 0
   010E 00                  317 	.db #0x00	; 0
   010F 00                  318 	.db #0x00	; 0
   0110 00                  319 	.db #0x00	; 0
   0111 00                  320 	.db #0x00	; 0
   0112 00                  321 	.db #0x00	; 0
   0113 00                  322 	.db #0x00	; 0
   0114 00                  323 	.db #0x00	; 0
   0115 00                  324 	.db #0x00	; 0
   0116 00                  325 	.db #0x00	; 0
   0117 00                  326 	.db #0x00	; 0
   0118 00                  327 	.db #0x00	; 0
   0119 00                  328 	.db #0x00	; 0
   011A 0C                  329 	.db #0x0c	; 12
   011B 0C                  330 	.db #0x0c	; 12
   011C 0C                  331 	.db #0x0c	; 12
   011D 08                  332 	.db #0x08	; 8
   011E 00                  333 	.db #0x00	; 0
   011F 00                  334 	.db #0x00	; 0
   0120 00                  335 	.db #0x00	; 0
   0121 04                  336 	.db #0x04	; 4
   0122 39                  337 	.db #0x39	; 57	'9'
   0123 33                  338 	.db #0x33	; 51	'3'
   0124 33                  339 	.db #0x33	; 51	'3'
   0125 26                  340 	.db #0x26	; 38
   0126 00                  341 	.db #0x00	; 0
   0127 00                  342 	.db #0x00	; 0
   0128 00                  343 	.db #0x00	; 0
   0129 1C                  344 	.db #0x1c	; 28
   012A 33                  345 	.db #0x33	; 51	'3'
   012B 26                  346 	.db #0x26	; 38
   012C 0C                  347 	.db #0x0c	; 12
   012D 19                  348 	.db #0x19	; 25
   012E 08                  349 	.db #0x08	; 8
   012F 00                  350 	.db #0x00	; 0
   0130 04                  351 	.db #0x04	; 4
   0131 39                  352 	.db #0x39	; 57	'9'
   0132 33                  353 	.db #0x33	; 51	'3'
   0133 49                  354 	.db #0x49	; 73	'I'
   0134 C3                  355 	.db #0xc3	; 195
   0135 86                  356 	.db #0x86	; 134
   0136 26                  357 	.db #0x26	; 38
   0137 00                  358 	.db #0x00	; 0
   0138 04                  359 	.db #0x04	; 4
   0139 39                  360 	.db #0x39	; 57	'9'
   013A 26                  361 	.db #0x26	; 38
   013B C3                  362 	.db #0xc3	; 195
   013C C3                  363 	.db #0xc3	; 195
   013D C3                  364 	.db #0xc3	; 195
   013E 19                  365 	.db #0x19	; 25
   013F 08                  366 	.db #0x08	; 8
   0140 1C                  367 	.db #0x1c	; 28
   0141 39                  368 	.db #0x39	; 57	'9'
   0142 26                  369 	.db #0x26	; 38
   0143 C3                  370 	.db #0xc3	; 195
   0144 C3                  371 	.db #0xc3	; 195
   0145 C3                  372 	.db #0xc3	; 195
   0146 19                  373 	.db #0x19	; 25
   0147 08                  374 	.db #0x08	; 8
   0148 1C                  375 	.db #0x1c	; 28
   0149 3C                  376 	.db #0x3c	; 60
   014A 26                  377 	.db #0x26	; 38
   014B C3                  378 	.db #0xc3	; 195
   014C C3                  379 	.db #0xc3	; 195
   014D C3                  380 	.db #0xc3	; 195
   014E 19                  381 	.db #0x19	; 25
   014F 08                  382 	.db #0x08	; 8
   0150 1C                  383 	.db #0x1c	; 28
   0151 1C                  384 	.db #0x1c	; 28
   0152 26                  385 	.db #0x26	; 38
   0153 C6                  386 	.db #0xc6	; 198
   0154 C3                  387 	.db #0xc3	; 195
   0155 C6                  388 	.db #0xc6	; 198
   0156 19                  389 	.db #0x19	; 25
   0157 08                  390 	.db #0x08	; 8
   0158 1C                  391 	.db #0x1c	; 28
   0159 1C                  392 	.db #0x1c	; 28
   015A 26                  393 	.db #0x26	; 38
   015B C3                  394 	.db #0xc3	; 195
   015C C3                  395 	.db #0xc3	; 195
   015D C3                  396 	.db #0xc3	; 195
   015E 19                  397 	.db #0x19	; 25
   015F 08                  398 	.db #0x08	; 8
   0160 04                  399 	.db #0x04	; 4
   0161 1C                  400 	.db #0x1c	; 28
   0162 39                  401 	.db #0x39	; 57	'9'
   0163 49                  402 	.db #0x49	; 73	'I'
   0164 C6                  403 	.db #0xc6	; 198
   0165 C3                  404 	.db #0xc3	; 195
   0166 1C                  405 	.db #0x1c	; 28
   0167 08                  406 	.db #0x08	; 8
   0168 00                  407 	.db #0x00	; 0
   0169 04                  408 	.db #0x04	; 4
   016A 3C                  409 	.db #0x3c	; 60
   016B 2C                  410 	.db #0x2c	; 44
   016C C3                  411 	.db #0xc3	; 195
   016D 86                  412 	.db #0x86	; 134
   016E 3C                  413 	.db #0x3c	; 60
   016F 08                  414 	.db #0x08	; 8
   0170 00                  415 	.db #0x00	; 0
   0171 00                  416 	.db #0x00	; 0
   0172 0C                  417 	.db #0x0c	; 12
   0173 3C                  418 	.db #0x3c	; 60
   0174 0C                  419 	.db #0x0c	; 12
   0175 1C                  420 	.db #0x1c	; 28
   0176 3C                  421 	.db #0x3c	; 60
   0177 08                  422 	.db #0x08	; 8
   0178 00                  423 	.db #0x00	; 0
   0179 04                  424 	.db #0x04	; 4
   017A 3C                  425 	.db #0x3c	; 60
   017B 39                  426 	.db #0x39	; 57	'9'
   017C 33                  427 	.db #0x33	; 51	'3'
   017D 33                  428 	.db #0x33	; 51	'3'
   017E 2C                  429 	.db #0x2c	; 44
   017F 00                  430 	.db #0x00	; 0
   0180 00                  431 	.db #0x00	; 0
   0181 1C                  432 	.db #0x1c	; 28
   0182 33                  433 	.db #0x33	; 51	'3'
   0183 33                  434 	.db #0x33	; 51	'3'
   0184 33                  435 	.db #0x33	; 51	'3'
   0185 33                  436 	.db #0x33	; 51	'3'
   0186 36                  437 	.db #0x36	; 54	'6'
   0187 08                  438 	.db #0x08	; 8
   0188 00                  439 	.db #0x00	; 0
   0189 1C                  440 	.db #0x1c	; 28
   018A 33                  441 	.db #0x33	; 51	'3'
   018B 33                  442 	.db #0x33	; 51	'3'
   018C 33                  443 	.db #0x33	; 51	'3'
   018D 33                  444 	.db #0x33	; 51	'3'
   018E 36                  445 	.db #0x36	; 54	'6'
   018F 08                  446 	.db #0x08	; 8
   0190 00                  447 	.db #0x00	; 0
   0191 19                  448 	.db #0x19	; 25
   0192 33                  449 	.db #0x33	; 51	'3'
   0193 33                  450 	.db #0x33	; 51	'3'
   0194 33                  451 	.db #0x33	; 51	'3'
   0195 33                  452 	.db #0x33	; 51	'3'
   0196 36                  453 	.db #0x36	; 54	'6'
   0197 08                  454 	.db #0x08	; 8
   0198 00                  455 	.db #0x00	; 0
   0199 19                  456 	.db #0x19	; 25
   019A 33                  457 	.db #0x33	; 51	'3'
   019B 33                  458 	.db #0x33	; 51	'3'
   019C 33                  459 	.db #0x33	; 51	'3'
   019D 33                  460 	.db #0x33	; 51	'3'
   019E 33                  461 	.db #0x33	; 51	'3'
   019F 08                  462 	.db #0x08	; 8
   01A0 04                  463 	.db #0x04	; 4
   01A1 39                  464 	.db #0x39	; 57	'9'
   01A2 33                  465 	.db #0x33	; 51	'3'
   01A3 33                  466 	.db #0x33	; 51	'3'
   01A4 33                  467 	.db #0x33	; 51	'3'
   01A5 33                  468 	.db #0x33	; 51	'3'
   01A6 33                  469 	.db #0x33	; 51	'3'
   01A7 08                  470 	.db #0x08	; 8
   01A8 04                  471 	.db #0x04	; 4
   01A9 39                  472 	.db #0x39	; 57	'9'
   01AA 33                  473 	.db #0x33	; 51	'3'
   01AB 33                  474 	.db #0x33	; 51	'3'
   01AC 36                  475 	.db #0x36	; 54	'6'
   01AD 33                  476 	.db #0x33	; 51	'3'
   01AE 33                  477 	.db #0x33	; 51	'3'
   01AF 2C                  478 	.db #0x2c	; 44
   01B0 04                  479 	.db #0x04	; 4
   01B1 39                  480 	.db #0x39	; 57	'9'
   01B2 33                  481 	.db #0x33	; 51	'3'
   01B3 33                  482 	.db #0x33	; 51	'3'
   01B4 36                  483 	.db #0x36	; 54	'6'
   01B5 33                  484 	.db #0x33	; 51	'3'
   01B6 33                  485 	.db #0x33	; 51	'3'
   01B7 2C                  486 	.db #0x2c	; 44
   01B8 04                  487 	.db #0x04	; 4
   01B9 39                  488 	.db #0x39	; 57	'9'
   01BA 33                  489 	.db #0x33	; 51	'3'
   01BB 33                  490 	.db #0x33	; 51	'3'
   01BC 2C                  491 	.db #0x2c	; 44
   01BD 39                  492 	.db #0x39	; 57	'9'
   01BE 36                  493 	.db #0x36	; 54	'6'
   01BF 2C                  494 	.db #0x2c	; 44
   01C0 1C                  495 	.db #0x1c	; 28
   01C1 3C                  496 	.db #0x3c	; 60
   01C2 36                  497 	.db #0x36	; 54	'6'
   01C3 36                  498 	.db #0x36	; 54	'6'
   01C4 2C                  499 	.db #0x2c	; 44
   01C5 3C                  500 	.db #0x3c	; 60
   01C6 36                  501 	.db #0x36	; 54	'6'
   01C7 2C                  502 	.db #0x2c	; 44
   01C8 1C                  503 	.db #0x1c	; 28
   01C9 3C                  504 	.db #0x3c	; 60
   01CA 39                  505 	.db #0x39	; 57	'9'
   01CB 3C                  506 	.db #0x3c	; 60
   01CC 2C                  507 	.db #0x2c	; 44
   01CD 1C                  508 	.db #0x1c	; 28
   01CE 3C                  509 	.db #0x3c	; 60
   01CF 2C                  510 	.db #0x2c	; 44
   01D0 1C                  511 	.db #0x1c	; 28
   01D1 1C                  512 	.db #0x1c	; 28
   01D2 3C                  513 	.db #0x3c	; 60
   01D3 3C                  514 	.db #0x3c	; 60
   01D4 08                  515 	.db #0x08	; 8
   01D5 1C                  516 	.db #0x1c	; 28
   01D6 2C                  517 	.db #0x2c	; 44
   01D7 2C                  518 	.db #0x2c	; 44
   01D8 04                  519 	.db #0x04	; 4
   01D9 1C                  520 	.db #0x1c	; 28
   01DA 1C                  521 	.db #0x1c	; 28
   01DB 2C                  522 	.db #0x2c	; 44
   01DC 08                  523 	.db #0x08	; 8
   01DD 04                  524 	.db #0x04	; 4
   01DE 3C                  525 	.db #0x3c	; 60
   01DF 08                  526 	.db #0x08	; 8
   01E0 00                  527 	.db #0x00	; 0
   01E1 0C                  528 	.db #0x0c	; 12
   01E2 04                  529 	.db #0x04	; 4
   01E3 0C                  530 	.db #0x0c	; 12
   01E4 00                  531 	.db #0x00	; 0
   01E5 04                  532 	.db #0x04	; 4
   01E6 0C                  533 	.db #0x0c	; 12
   01E7 00                  534 	.db #0x00	; 0
   01E8 00                  535 	.db #0x00	; 0
   01E9 00                  536 	.db #0x00	; 0
   01EA 00                  537 	.db #0x00	; 0
   01EB 41                  538 	.db #0x41	; 65	'A'
   01EC 00                  539 	.db #0x00	; 0
   01ED 00                  540 	.db #0x00	; 0
   01EE 82                  541 	.db #0x82	; 130
   01EF 00                  542 	.db #0x00	; 0
   01F0 00                  543 	.db #0x00	; 0
   01F1 00                  544 	.db #0x00	; 0
   01F2 00                  545 	.db #0x00	; 0
   01F3 41                  546 	.db #0x41	; 65	'A'
   01F4 00                  547 	.db #0x00	; 0
   01F5 00                  548 	.db #0x00	; 0
   01F6 82                  549 	.db #0x82	; 130
   01F7 00                  550 	.db #0x00	; 0
   01F8 00                  551 	.db #0x00	; 0
   01F9 00                  552 	.db #0x00	; 0
   01FA 00                  553 	.db #0x00	; 0
   01FB 82                  554 	.db #0x82	; 130
   01FC 00                  555 	.db #0x00	; 0
   01FD 41                  556 	.db #0x41	; 65	'A'
   01FE 00                  557 	.db #0x00	; 0
   01FF 00                  558 	.db #0x00	; 0
                            559 	.area _INITIALIZER
                            560 	.area _CABS (ABS)
