                              1 ;--------------------------------------------------------
                              2 ; File Created by SDCC : free open source ANSI-C Compiler
                              3 ; Version 3.6.8 #9946 (Linux)
                              4 ;--------------------------------------------------------
                              5 	.module player_tp
                              6 	.optsdcc -mz80
                              7 	
                              8 ;--------------------------------------------------------
                              9 ; Public variables in this module
                             10 ;--------------------------------------------------------
                             11 	.globl _spr_player_tp_5
                             12 	.globl _spr_player_tp_4
                             13 	.globl _spr_player_tp_3
                             14 	.globl _spr_player_tp_2
                             15 	.globl _spr_player_tp_1
                             16 	.globl _spr_player_tp_0
                             17 ;--------------------------------------------------------
                             18 ; special function registers
                             19 ;--------------------------------------------------------
                             20 ;--------------------------------------------------------
                             21 ; ram data
                             22 ;--------------------------------------------------------
                             23 	.area _DATA
                             24 ;--------------------------------------------------------
                             25 ; ram data
                             26 ;--------------------------------------------------------
                             27 	.area _INITIALIZED
                             28 ;--------------------------------------------------------
                             29 ; absolute external ram data
                             30 ;--------------------------------------------------------
                             31 	.area _DABS (ABS)
                             32 ;--------------------------------------------------------
                             33 ; global & static initialisations
                             34 ;--------------------------------------------------------
                             35 	.area _HOME
                             36 	.area _GSINIT
                             37 	.area _GSFINAL
                             38 	.area _GSINIT
                             39 ;--------------------------------------------------------
                             40 ; Home
                             41 ;--------------------------------------------------------
                             42 	.area _HOME
                             43 	.area _HOME
                             44 ;--------------------------------------------------------
                             45 ; code
                             46 ;--------------------------------------------------------
                             47 	.area _CODE
                             48 	.area _CODE
   0000                      49 _spr_player_tp_0:
   0000 00                   50 	.db #0x00	; 0
   0001 00                   51 	.db #0x00	; 0
   0002 00                   52 	.db #0x00	; 0
   0003 00                   53 	.db #0x00	; 0
   0004 00                   54 	.db #0x00	; 0
   0005 00                   55 	.db #0x00	; 0
   0006 00                   56 	.db #0x00	; 0
   0007 00                   57 	.db #0x00	; 0
   0008 00                   58 	.db #0x00	; 0
   0009 00                   59 	.db #0x00	; 0
   000A 00                   60 	.db #0x00	; 0
   000B 00                   61 	.db #0x00	; 0
   000C 00                   62 	.db #0x00	; 0
   000D 00                   63 	.db #0x00	; 0
   000E 00                   64 	.db #0x00	; 0
   000F 00                   65 	.db #0x00	; 0
   0010 00                   66 	.db #0x00	; 0
   0011 00                   67 	.db #0x00	; 0
   0012 00                   68 	.db #0x00	; 0
   0013 00                   69 	.db #0x00	; 0
   0014 00                   70 	.db #0x00	; 0
   0015 00                   71 	.db #0x00	; 0
   0016 00                   72 	.db #0x00	; 0
   0017 00                   73 	.db #0x00	; 0
   0018 00                   74 	.db #0x00	; 0
   0019 00                   75 	.db #0x00	; 0
   001A 0C                   76 	.db #0x0c	; 12
   001B 0C                   77 	.db #0x0c	; 12
   001C 0C                   78 	.db #0x0c	; 12
   001D 08                   79 	.db #0x08	; 8
   001E 00                   80 	.db #0x00	; 0
   001F 00                   81 	.db #0x00	; 0
   0020 00                   82 	.db #0x00	; 0
   0021 04                   83 	.db #0x04	; 4
   0022 39                   84 	.db #0x39	; 57	'9'
   0023 33                   85 	.db #0x33	; 51	'3'
   0024 33                   86 	.db #0x33	; 51	'3'
   0025 26                   87 	.db #0x26	; 38
   0026 00                   88 	.db #0x00	; 0
   0027 00                   89 	.db #0x00	; 0
   0028 00                   90 	.db #0x00	; 0
   0029 1C                   91 	.db #0x1c	; 28
   002A 33                   92 	.db #0x33	; 51	'3'
   002B 26                   93 	.db #0x26	; 38
   002C 0C                   94 	.db #0x0c	; 12
   002D 19                   95 	.db #0x19	; 25
   002E 08                   96 	.db #0x08	; 8
   002F 00                   97 	.db #0x00	; 0
   0030 04                   98 	.db #0x04	; 4
   0031 39                   99 	.db #0x39	; 57	'9'
   0032 33                  100 	.db #0x33	; 51	'3'
   0033 49                  101 	.db #0x49	; 73	'I'
   0034 C3                  102 	.db #0xc3	; 195
   0035 86                  103 	.db #0x86	; 134
   0036 26                  104 	.db #0x26	; 38
   0037 00                  105 	.db #0x00	; 0
   0038 04                  106 	.db #0x04	; 4
   0039 39                  107 	.db #0x39	; 57	'9'
   003A 26                  108 	.db #0x26	; 38
   003B C3                  109 	.db #0xc3	; 195
   003C C3                  110 	.db #0xc3	; 195
   003D C3                  111 	.db #0xc3	; 195
   003E 19                  112 	.db #0x19	; 25
   003F 08                  113 	.db #0x08	; 8
   0040 1C                  114 	.db #0x1c	; 28
   0041 39                  115 	.db #0x39	; 57	'9'
   0042 26                  116 	.db #0x26	; 38
   0043 C3                  117 	.db #0xc3	; 195
   0044 C3                  118 	.db #0xc3	; 195
   0045 C3                  119 	.db #0xc3	; 195
   0046 19                  120 	.db #0x19	; 25
   0047 08                  121 	.db #0x08	; 8
   0048 1C                  122 	.db #0x1c	; 28
   0049 3C                  123 	.db #0x3c	; 60
   004A 26                  124 	.db #0x26	; 38
   004B CC                  125 	.db #0xcc	; 204
   004C C3                  126 	.db #0xc3	; 195
   004D CC                  127 	.db #0xcc	; 204
   004E 19                  128 	.db #0x19	; 25
   004F 08                  129 	.db #0x08	; 8
   0050 1C                  130 	.db #0x1c	; 28
   0051 1C                  131 	.db #0x1c	; 28
   0052 26                  132 	.db #0x26	; 38
   0053 C6                  133 	.db #0xc6	; 198
   0054 C3                  134 	.db #0xc3	; 195
   0055 C6                  135 	.db #0xc6	; 198
   0056 19                  136 	.db #0x19	; 25
   0057 08                  137 	.db #0x08	; 8
   0058 1C                  138 	.db #0x1c	; 28
   0059 1C                  139 	.db #0x1c	; 28
   005A 26                  140 	.db #0x26	; 38
   005B C3                  141 	.db #0xc3	; 195
   005C C3                  142 	.db #0xc3	; 195
   005D C3                  143 	.db #0xc3	; 195
   005E 19                  144 	.db #0x19	; 25
   005F 08                  145 	.db #0x08	; 8
   0060 04                  146 	.db #0x04	; 4
   0061 1C                  147 	.db #0x1c	; 28
   0062 39                  148 	.db #0x39	; 57	'9'
   0063 49                  149 	.db #0x49	; 73	'I'
   0064 C6                  150 	.db #0xc6	; 198
   0065 C3                  151 	.db #0xc3	; 195
   0066 1C                  152 	.db #0x1c	; 28
   0067 08                  153 	.db #0x08	; 8
   0068 00                  154 	.db #0x00	; 0
   0069 04                  155 	.db #0x04	; 4
   006A 3C                  156 	.db #0x3c	; 60
   006B 2C                  157 	.db #0x2c	; 44
   006C C3                  158 	.db #0xc3	; 195
   006D 86                  159 	.db #0x86	; 134
   006E 3C                  160 	.db #0x3c	; 60
   006F 08                  161 	.db #0x08	; 8
   0070 00                  162 	.db #0x00	; 0
   0071 00                  163 	.db #0x00	; 0
   0072 0C                  164 	.db #0x0c	; 12
   0073 3C                  165 	.db #0x3c	; 60
   0074 0C                  166 	.db #0x0c	; 12
   0075 1C                  167 	.db #0x1c	; 28
   0076 3C                  168 	.db #0x3c	; 60
   0077 08                  169 	.db #0x08	; 8
   0078 00                  170 	.db #0x00	; 0
   0079 04                  171 	.db #0x04	; 4
   007A 3C                  172 	.db #0x3c	; 60
   007B 39                  173 	.db #0x39	; 57	'9'
   007C 33                  174 	.db #0x33	; 51	'3'
   007D 33                  175 	.db #0x33	; 51	'3'
   007E 2C                  176 	.db #0x2c	; 44
   007F 00                  177 	.db #0x00	; 0
   0080 00                  178 	.db #0x00	; 0
   0081 1C                  179 	.db #0x1c	; 28
   0082 33                  180 	.db #0x33	; 51	'3'
   0083 33                  181 	.db #0x33	; 51	'3'
   0084 33                  182 	.db #0x33	; 51	'3'
   0085 33                  183 	.db #0x33	; 51	'3'
   0086 36                  184 	.db #0x36	; 54	'6'
   0087 08                  185 	.db #0x08	; 8
   0088 00                  186 	.db #0x00	; 0
   0089 1C                  187 	.db #0x1c	; 28
   008A 33                  188 	.db #0x33	; 51	'3'
   008B 33                  189 	.db #0x33	; 51	'3'
   008C 33                  190 	.db #0x33	; 51	'3'
   008D 33                  191 	.db #0x33	; 51	'3'
   008E 36                  192 	.db #0x36	; 54	'6'
   008F 08                  193 	.db #0x08	; 8
   0090 00                  194 	.db #0x00	; 0
   0091 19                  195 	.db #0x19	; 25
   0092 33                  196 	.db #0x33	; 51	'3'
   0093 33                  197 	.db #0x33	; 51	'3'
   0094 33                  198 	.db #0x33	; 51	'3'
   0095 33                  199 	.db #0x33	; 51	'3'
   0096 36                  200 	.db #0x36	; 54	'6'
   0097 08                  201 	.db #0x08	; 8
   0098 00                  202 	.db #0x00	; 0
   0099 19                  203 	.db #0x19	; 25
   009A 33                  204 	.db #0x33	; 51	'3'
   009B 33                  205 	.db #0x33	; 51	'3'
   009C 33                  206 	.db #0x33	; 51	'3'
   009D 33                  207 	.db #0x33	; 51	'3'
   009E 33                  208 	.db #0x33	; 51	'3'
   009F 08                  209 	.db #0x08	; 8
   00A0 04                  210 	.db #0x04	; 4
   00A1 39                  211 	.db #0x39	; 57	'9'
   00A2 33                  212 	.db #0x33	; 51	'3'
   00A3 33                  213 	.db #0x33	; 51	'3'
   00A4 33                  214 	.db #0x33	; 51	'3'
   00A5 33                  215 	.db #0x33	; 51	'3'
   00A6 33                  216 	.db #0x33	; 51	'3'
   00A7 08                  217 	.db #0x08	; 8
   00A8 04                  218 	.db #0x04	; 4
   00A9 39                  219 	.db #0x39	; 57	'9'
   00AA 33                  220 	.db #0x33	; 51	'3'
   00AB 33                  221 	.db #0x33	; 51	'3'
   00AC 36                  222 	.db #0x36	; 54	'6'
   00AD 33                  223 	.db #0x33	; 51	'3'
   00AE 33                  224 	.db #0x33	; 51	'3'
   00AF 2C                  225 	.db #0x2c	; 44
   00B0 04                  226 	.db #0x04	; 4
   00B1 39                  227 	.db #0x39	; 57	'9'
   00B2 33                  228 	.db #0x33	; 51	'3'
   00B3 33                  229 	.db #0x33	; 51	'3'
   00B4 36                  230 	.db #0x36	; 54	'6'
   00B5 33                  231 	.db #0x33	; 51	'3'
   00B6 33                  232 	.db #0x33	; 51	'3'
   00B7 2C                  233 	.db #0x2c	; 44
   00B8 04                  234 	.db #0x04	; 4
   00B9 39                  235 	.db #0x39	; 57	'9'
   00BA 33                  236 	.db #0x33	; 51	'3'
   00BB 33                  237 	.db #0x33	; 51	'3'
   00BC 2C                  238 	.db #0x2c	; 44
   00BD 39                  239 	.db #0x39	; 57	'9'
   00BE 36                  240 	.db #0x36	; 54	'6'
   00BF 2C                  241 	.db #0x2c	; 44
   00C0 1C                  242 	.db #0x1c	; 28
   00C1 3C                  243 	.db #0x3c	; 60
   00C2 36                  244 	.db #0x36	; 54	'6'
   00C3 36                  245 	.db #0x36	; 54	'6'
   00C4 2C                  246 	.db #0x2c	; 44
   00C5 3C                  247 	.db #0x3c	; 60
   00C6 36                  248 	.db #0x36	; 54	'6'
   00C7 2C                  249 	.db #0x2c	; 44
   00C8 1C                  250 	.db #0x1c	; 28
   00C9 3C                  251 	.db #0x3c	; 60
   00CA 39                  252 	.db #0x39	; 57	'9'
   00CB 3C                  253 	.db #0x3c	; 60
   00CC 2C                  254 	.db #0x2c	; 44
   00CD 1C                  255 	.db #0x1c	; 28
   00CE 3C                  256 	.db #0x3c	; 60
   00CF 2C                  257 	.db #0x2c	; 44
   00D0 1C                  258 	.db #0x1c	; 28
   00D1 1C                  259 	.db #0x1c	; 28
   00D2 3C                  260 	.db #0x3c	; 60
   00D3 3C                  261 	.db #0x3c	; 60
   00D4 08                  262 	.db #0x08	; 8
   00D5 1C                  263 	.db #0x1c	; 28
   00D6 2C                  264 	.db #0x2c	; 44
   00D7 2C                  265 	.db #0x2c	; 44
   00D8 04                  266 	.db #0x04	; 4
   00D9 1C                  267 	.db #0x1c	; 28
   00DA 1C                  268 	.db #0x1c	; 28
   00DB 2C                  269 	.db #0x2c	; 44
   00DC 08                  270 	.db #0x08	; 8
   00DD 04                  271 	.db #0x04	; 4
   00DE 3C                  272 	.db #0x3c	; 60
   00DF 08                  273 	.db #0x08	; 8
   00E0 00                  274 	.db #0x00	; 0
   00E1 0C                  275 	.db #0x0c	; 12
   00E2 04                  276 	.db #0x04	; 4
   00E3 0C                  277 	.db #0x0c	; 12
   00E4 00                  278 	.db #0x00	; 0
   00E5 04                  279 	.db #0x04	; 4
   00E6 0C                  280 	.db #0x0c	; 12
   00E7 00                  281 	.db #0x00	; 0
   00E8 00                  282 	.db #0x00	; 0
   00E9 00                  283 	.db #0x00	; 0
   00EA 41                  284 	.db #0x41	; 65	'A'
   00EB 82                  285 	.db #0x82	; 130
   00EC 00                  286 	.db #0x00	; 0
   00ED 00                  287 	.db #0x00	; 0
   00EE 82                  288 	.db #0x82	; 130
   00EF 00                  289 	.db #0x00	; 0
   00F0 00                  290 	.db #0x00	; 0
   00F1 00                  291 	.db #0x00	; 0
   00F2 00                  292 	.db #0x00	; 0
   00F3 82                  293 	.db #0x82	; 130
   00F4 00                  294 	.db #0x00	; 0
   00F5 00                  295 	.db #0x00	; 0
   00F6 82                  296 	.db #0x82	; 130
   00F7 00                  297 	.db #0x00	; 0
   00F8 00                  298 	.db #0x00	; 0
   00F9 00                  299 	.db #0x00	; 0
   00FA 00                  300 	.db #0x00	; 0
   00FB 82                  301 	.db #0x82	; 130
   00FC 00                  302 	.db #0x00	; 0
   00FD 00                  303 	.db #0x00	; 0
   00FE 82                  304 	.db #0x82	; 130
   00FF 00                  305 	.db #0x00	; 0
   0100                     306 _spr_player_tp_1:
   0100 00                  307 	.db #0x00	; 0
   0101 00                  308 	.db #0x00	; 0
   0102 00                  309 	.db #0x00	; 0
   0103 00                  310 	.db #0x00	; 0
   0104 00                  311 	.db #0x00	; 0
   0105 00                  312 	.db #0x00	; 0
   0106 00                  313 	.db #0x00	; 0
   0107 00                  314 	.db #0x00	; 0
   0108 00                  315 	.db #0x00	; 0
   0109 00                  316 	.db #0x00	; 0
   010A 00                  317 	.db #0x00	; 0
   010B 00                  318 	.db #0x00	; 0
   010C 00                  319 	.db #0x00	; 0
   010D 00                  320 	.db #0x00	; 0
   010E 00                  321 	.db #0x00	; 0
   010F 00                  322 	.db #0x00	; 0
   0110 00                  323 	.db #0x00	; 0
   0111 00                  324 	.db #0x00	; 0
   0112 00                  325 	.db #0x00	; 0
   0113 00                  326 	.db #0x00	; 0
   0114 00                  327 	.db #0x00	; 0
   0115 00                  328 	.db #0x00	; 0
   0116 00                  329 	.db #0x00	; 0
   0117 00                  330 	.db #0x00	; 0
   0118 00                  331 	.db #0x00	; 0
   0119 00                  332 	.db #0x00	; 0
   011A 0C                  333 	.db #0x0c	; 12
   011B 0C                  334 	.db #0x0c	; 12
   011C 0C                  335 	.db #0x0c	; 12
   011D 08                  336 	.db #0x08	; 8
   011E 00                  337 	.db #0x00	; 0
   011F 00                  338 	.db #0x00	; 0
   0120 00                  339 	.db #0x00	; 0
   0121 04                  340 	.db #0x04	; 4
   0122 39                  341 	.db #0x39	; 57	'9'
   0123 33                  342 	.db #0x33	; 51	'3'
   0124 33                  343 	.db #0x33	; 51	'3'
   0125 26                  344 	.db #0x26	; 38
   0126 00                  345 	.db #0x00	; 0
   0127 00                  346 	.db #0x00	; 0
   0128 00                  347 	.db #0x00	; 0
   0129 1C                  348 	.db #0x1c	; 28
   012A 33                  349 	.db #0x33	; 51	'3'
   012B 26                  350 	.db #0x26	; 38
   012C 0C                  351 	.db #0x0c	; 12
   012D 19                  352 	.db #0x19	; 25
   012E 08                  353 	.db #0x08	; 8
   012F 00                  354 	.db #0x00	; 0
   0130 04                  355 	.db #0x04	; 4
   0131 39                  356 	.db #0x39	; 57	'9'
   0132 33                  357 	.db #0x33	; 51	'3'
   0133 49                  358 	.db #0x49	; 73	'I'
   0134 C3                  359 	.db #0xc3	; 195
   0135 86                  360 	.db #0x86	; 134
   0136 26                  361 	.db #0x26	; 38
   0137 00                  362 	.db #0x00	; 0
   0138 04                  363 	.db #0x04	; 4
   0139 39                  364 	.db #0x39	; 57	'9'
   013A 26                  365 	.db #0x26	; 38
   013B C3                  366 	.db #0xc3	; 195
   013C C3                  367 	.db #0xc3	; 195
   013D C3                  368 	.db #0xc3	; 195
   013E 19                  369 	.db #0x19	; 25
   013F 08                  370 	.db #0x08	; 8
   0140 1C                  371 	.db #0x1c	; 28
   0141 39                  372 	.db #0x39	; 57	'9'
   0142 26                  373 	.db #0x26	; 38
   0143 C3                  374 	.db #0xc3	; 195
   0144 C3                  375 	.db #0xc3	; 195
   0145 C3                  376 	.db #0xc3	; 195
   0146 19                  377 	.db #0x19	; 25
   0147 08                  378 	.db #0x08	; 8
   0148 1C                  379 	.db #0x1c	; 28
   0149 3C                  380 	.db #0x3c	; 60
   014A 26                  381 	.db #0x26	; 38
   014B CC                  382 	.db #0xcc	; 204
   014C C3                  383 	.db #0xc3	; 195
   014D CC                  384 	.db #0xcc	; 204
   014E 19                  385 	.db #0x19	; 25
   014F 08                  386 	.db #0x08	; 8
   0150 1C                  387 	.db #0x1c	; 28
   0151 1C                  388 	.db #0x1c	; 28
   0152 26                  389 	.db #0x26	; 38
   0153 C6                  390 	.db #0xc6	; 198
   0154 C3                  391 	.db #0xc3	; 195
   0155 C6                  392 	.db #0xc6	; 198
   0156 19                  393 	.db #0x19	; 25
   0157 08                  394 	.db #0x08	; 8
   0158 1C                  395 	.db #0x1c	; 28
   0159 1C                  396 	.db #0x1c	; 28
   015A 26                  397 	.db #0x26	; 38
   015B C3                  398 	.db #0xc3	; 195
   015C C3                  399 	.db #0xc3	; 195
   015D C3                  400 	.db #0xc3	; 195
   015E 19                  401 	.db #0x19	; 25
   015F 08                  402 	.db #0x08	; 8
   0160 04                  403 	.db #0x04	; 4
   0161 1C                  404 	.db #0x1c	; 28
   0162 39                  405 	.db #0x39	; 57	'9'
   0163 49                  406 	.db #0x49	; 73	'I'
   0164 C6                  407 	.db #0xc6	; 198
   0165 C3                  408 	.db #0xc3	; 195
   0166 1C                  409 	.db #0x1c	; 28
   0167 08                  410 	.db #0x08	; 8
   0168 00                  411 	.db #0x00	; 0
   0169 04                  412 	.db #0x04	; 4
   016A 3C                  413 	.db #0x3c	; 60
   016B 2C                  414 	.db #0x2c	; 44
   016C C3                  415 	.db #0xc3	; 195
   016D 86                  416 	.db #0x86	; 134
   016E 3C                  417 	.db #0x3c	; 60
   016F 08                  418 	.db #0x08	; 8
   0170 00                  419 	.db #0x00	; 0
   0171 00                  420 	.db #0x00	; 0
   0172 0C                  421 	.db #0x0c	; 12
   0173 3C                  422 	.db #0x3c	; 60
   0174 0C                  423 	.db #0x0c	; 12
   0175 1C                  424 	.db #0x1c	; 28
   0176 3C                  425 	.db #0x3c	; 60
   0177 08                  426 	.db #0x08	; 8
   0178 00                  427 	.db #0x00	; 0
   0179 04                  428 	.db #0x04	; 4
   017A 3C                  429 	.db #0x3c	; 60
   017B 39                  430 	.db #0x39	; 57	'9'
   017C 33                  431 	.db #0x33	; 51	'3'
   017D 33                  432 	.db #0x33	; 51	'3'
   017E 2C                  433 	.db #0x2c	; 44
   017F 00                  434 	.db #0x00	; 0
   0180 00                  435 	.db #0x00	; 0
   0181 1C                  436 	.db #0x1c	; 28
   0182 33                  437 	.db #0x33	; 51	'3'
   0183 33                  438 	.db #0x33	; 51	'3'
   0184 33                  439 	.db #0x33	; 51	'3'
   0185 33                  440 	.db #0x33	; 51	'3'
   0186 36                  441 	.db #0x36	; 54	'6'
   0187 08                  442 	.db #0x08	; 8
   0188 00                  443 	.db #0x00	; 0
   0189 1C                  444 	.db #0x1c	; 28
   018A 33                  445 	.db #0x33	; 51	'3'
   018B 33                  446 	.db #0x33	; 51	'3'
   018C 33                  447 	.db #0x33	; 51	'3'
   018D 33                  448 	.db #0x33	; 51	'3'
   018E 36                  449 	.db #0x36	; 54	'6'
   018F 08                  450 	.db #0x08	; 8
   0190 00                  451 	.db #0x00	; 0
   0191 19                  452 	.db #0x19	; 25
   0192 33                  453 	.db #0x33	; 51	'3'
   0193 33                  454 	.db #0x33	; 51	'3'
   0194 33                  455 	.db #0x33	; 51	'3'
   0195 33                  456 	.db #0x33	; 51	'3'
   0196 36                  457 	.db #0x36	; 54	'6'
   0197 08                  458 	.db #0x08	; 8
   0198 00                  459 	.db #0x00	; 0
   0199 19                  460 	.db #0x19	; 25
   019A 33                  461 	.db #0x33	; 51	'3'
   019B 33                  462 	.db #0x33	; 51	'3'
   019C 33                  463 	.db #0x33	; 51	'3'
   019D 33                  464 	.db #0x33	; 51	'3'
   019E 33                  465 	.db #0x33	; 51	'3'
   019F 08                  466 	.db #0x08	; 8
   01A0 04                  467 	.db #0x04	; 4
   01A1 39                  468 	.db #0x39	; 57	'9'
   01A2 33                  469 	.db #0x33	; 51	'3'
   01A3 33                  470 	.db #0x33	; 51	'3'
   01A4 33                  471 	.db #0x33	; 51	'3'
   01A5 33                  472 	.db #0x33	; 51	'3'
   01A6 33                  473 	.db #0x33	; 51	'3'
   01A7 08                  474 	.db #0x08	; 8
   01A8 04                  475 	.db #0x04	; 4
   01A9 28                  476 	.db #0x28	; 40
   01AA 33                  477 	.db #0x33	; 51	'3'
   01AB 33                  478 	.db #0x33	; 51	'3'
   01AC 36                  479 	.db #0x36	; 54	'6'
   01AD 33                  480 	.db #0x33	; 51	'3'
   01AE 33                  481 	.db #0x33	; 51	'3'
   01AF 2C                  482 	.db #0x2c	; 44
   01B0 04                  483 	.db #0x04	; 4
   01B1 39                  484 	.db #0x39	; 57	'9'
   01B2 11                  485 	.db #0x11	; 17
   01B3 22                  486 	.db #0x22	; 34
   01B4 36                  487 	.db #0x36	; 54	'6'
   01B5 22                  488 	.db #0x22	; 34
   01B6 33                  489 	.db #0x33	; 51	'3'
   01B7 2C                  490 	.db #0x2c	; 44
   01B8 04                  491 	.db #0x04	; 4
   01B9 39                  492 	.db #0x39	; 57	'9'
   01BA 33                  493 	.db #0x33	; 51	'3'
   01BB 33                  494 	.db #0x33	; 51	'3'
   01BC 2C                  495 	.db #0x2c	; 44
   01BD 39                  496 	.db #0x39	; 57	'9'
   01BE 36                  497 	.db #0x36	; 54	'6'
   01BF 2C                  498 	.db #0x2c	; 44
   01C0 08                  499 	.db #0x08	; 8
   01C1 28                  500 	.db #0x28	; 40
   01C2 22                  501 	.db #0x22	; 34
   01C3 00                  502 	.db #0x00	; 0
   01C4 04                  503 	.db #0x04	; 4
   01C5 28                  504 	.db #0x28	; 40
   01C6 14                  505 	.db #0x14	; 20
   01C7 04                  506 	.db #0x04	; 4
   01C8 1C                  507 	.db #0x1c	; 28
   01C9 28                  508 	.db #0x28	; 40
   01CA 28                  509 	.db #0x28	; 40
   01CB 3C                  510 	.db #0x3c	; 60
   01CC 28                  511 	.db #0x28	; 40
   01CD 1C                  512 	.db #0x1c	; 28
   01CE 14                  513 	.db #0x14	; 20
   01CF 28                  514 	.db #0x28	; 40
   01D0 1C                  515 	.db #0x1c	; 28
   01D1 1C                  516 	.db #0x1c	; 28
   01D2 3C                  517 	.db #0x3c	; 60
   01D3 3C                  518 	.db #0x3c	; 60
   01D4 08                  519 	.db #0x08	; 8
   01D5 1C                  520 	.db #0x1c	; 28
   01D6 2C                  521 	.db #0x2c	; 44
   01D7 2C                  522 	.db #0x2c	; 44
   01D8 04                  523 	.db #0x04	; 4
   01D9 14                  524 	.db #0x14	; 20
   01DA 14                  525 	.db #0x14	; 20
   01DB 28                  526 	.db #0x28	; 40
   01DC 08                  527 	.db #0x08	; 8
   01DD 04                  528 	.db #0x04	; 4
   01DE 14                  529 	.db #0x14	; 20
   01DF 00                  530 	.db #0x00	; 0
   01E0 00                  531 	.db #0x00	; 0
   01E1 04                  532 	.db #0x04	; 4
   01E2 04                  533 	.db #0x04	; 4
   01E3 04                  534 	.db #0x04	; 4
   01E4 00                  535 	.db #0x00	; 0
   01E5 04                  536 	.db #0x04	; 4
   01E6 0C                  537 	.db #0x0c	; 12
   01E7 00                  538 	.db #0x00	; 0
   01E8 00                  539 	.db #0x00	; 0
   01E9 00                  540 	.db #0x00	; 0
   01EA 41                  541 	.db #0x41	; 65	'A'
   01EB 82                  542 	.db #0x82	; 130
   01EC 00                  543 	.db #0x00	; 0
   01ED 00                  544 	.db #0x00	; 0
   01EE 82                  545 	.db #0x82	; 130
   01EF 00                  546 	.db #0x00	; 0
   01F0 00                  547 	.db #0x00	; 0
   01F1 00                  548 	.db #0x00	; 0
   01F2 00                  549 	.db #0x00	; 0
   01F3 82                  550 	.db #0x82	; 130
   01F4 00                  551 	.db #0x00	; 0
   01F5 00                  552 	.db #0x00	; 0
   01F6 82                  553 	.db #0x82	; 130
   01F7 00                  554 	.db #0x00	; 0
   01F8 00                  555 	.db #0x00	; 0
   01F9 00                  556 	.db #0x00	; 0
   01FA 00                  557 	.db #0x00	; 0
   01FB 82                  558 	.db #0x82	; 130
   01FC 00                  559 	.db #0x00	; 0
   01FD 00                  560 	.db #0x00	; 0
   01FE 82                  561 	.db #0x82	; 130
   01FF 00                  562 	.db #0x00	; 0
   0200                     563 _spr_player_tp_2:
   0200 00                  564 	.db #0x00	; 0
   0201 00                  565 	.db #0x00	; 0
   0202 00                  566 	.db #0x00	; 0
   0203 00                  567 	.db #0x00	; 0
   0204 00                  568 	.db #0x00	; 0
   0205 00                  569 	.db #0x00	; 0
   0206 00                  570 	.db #0x00	; 0
   0207 00                  571 	.db #0x00	; 0
   0208 00                  572 	.db #0x00	; 0
   0209 00                  573 	.db #0x00	; 0
   020A 00                  574 	.db #0x00	; 0
   020B 00                  575 	.db #0x00	; 0
   020C 00                  576 	.db #0x00	; 0
   020D 00                  577 	.db #0x00	; 0
   020E 00                  578 	.db #0x00	; 0
   020F 00                  579 	.db #0x00	; 0
   0210 00                  580 	.db #0x00	; 0
   0211 00                  581 	.db #0x00	; 0
   0212 00                  582 	.db #0x00	; 0
   0213 00                  583 	.db #0x00	; 0
   0214 00                  584 	.db #0x00	; 0
   0215 00                  585 	.db #0x00	; 0
   0216 00                  586 	.db #0x00	; 0
   0217 00                  587 	.db #0x00	; 0
   0218 00                  588 	.db #0x00	; 0
   0219 00                  589 	.db #0x00	; 0
   021A 0C                  590 	.db #0x0c	; 12
   021B 0C                  591 	.db #0x0c	; 12
   021C 0C                  592 	.db #0x0c	; 12
   021D 08                  593 	.db #0x08	; 8
   021E 00                  594 	.db #0x00	; 0
   021F 00                  595 	.db #0x00	; 0
   0220 00                  596 	.db #0x00	; 0
   0221 04                  597 	.db #0x04	; 4
   0222 28                  598 	.db #0x28	; 40
   0223 33                  599 	.db #0x33	; 51	'3'
   0224 33                  600 	.db #0x33	; 51	'3'
   0225 26                  601 	.db #0x26	; 38
   0226 00                  602 	.db #0x00	; 0
   0227 00                  603 	.db #0x00	; 0
   0228 00                  604 	.db #0x00	; 0
   0229 1C                  605 	.db #0x1c	; 28
   022A 33                  606 	.db #0x33	; 51	'3'
   022B 26                  607 	.db #0x26	; 38
   022C 0C                  608 	.db #0x0c	; 12
   022D 19                  609 	.db #0x19	; 25
   022E 08                  610 	.db #0x08	; 8
   022F 00                  611 	.db #0x00	; 0
   0230 04                  612 	.db #0x04	; 4
   0231 39                  613 	.db #0x39	; 57	'9'
   0232 33                  614 	.db #0x33	; 51	'3'
   0233 49                  615 	.db #0x49	; 73	'I'
   0234 C3                  616 	.db #0xc3	; 195
   0235 82                  617 	.db #0x82	; 130
   0236 26                  618 	.db #0x26	; 38
   0237 00                  619 	.db #0x00	; 0
   0238 04                  620 	.db #0x04	; 4
   0239 28                  621 	.db #0x28	; 40
   023A 04                  622 	.db #0x04	; 4
   023B C3                  623 	.db #0xc3	; 195
   023C C3                  624 	.db #0xc3	; 195
   023D C3                  625 	.db #0xc3	; 195
   023E 08                  626 	.db #0x08	; 8
   023F 08                  627 	.db #0x08	; 8
   0240 1C                  628 	.db #0x1c	; 28
   0241 11                  629 	.db #0x11	; 17
   0242 26                  630 	.db #0x26	; 38
   0243 C3                  631 	.db #0xc3	; 195
   0244 C3                  632 	.db #0xc3	; 195
   0245 C3                  633 	.db #0xc3	; 195
   0246 19                  634 	.db #0x19	; 25
   0247 08                  635 	.db #0x08	; 8
   0248 08                  636 	.db #0x08	; 8
   0249 00                  637 	.db #0x00	; 0
   024A 26                  638 	.db #0x26	; 38
   024B CC                  639 	.db #0xcc	; 204
   024C C3                  640 	.db #0xc3	; 195
   024D CC                  641 	.db #0xcc	; 204
   024E 19                  642 	.db #0x19	; 25
   024F 08                  643 	.db #0x08	; 8
   0250 08                  644 	.db #0x08	; 8
   0251 08                  645 	.db #0x08	; 8
   0252 04                  646 	.db #0x04	; 4
   0253 C6                  647 	.db #0xc6	; 198
   0254 C3                  648 	.db #0xc3	; 195
   0255 C6                  649 	.db #0xc6	; 198
   0256 19                  650 	.db #0x19	; 25
   0257 08                  651 	.db #0x08	; 8
   0258 14                  652 	.db #0x14	; 20
   0259 1C                  653 	.db #0x1c	; 28
   025A 04                  654 	.db #0x04	; 4
   025B C3                  655 	.db #0xc3	; 195
   025C C3                  656 	.db #0xc3	; 195
   025D C3                  657 	.db #0xc3	; 195
   025E 08                  658 	.db #0x08	; 8
   025F 08                  659 	.db #0x08	; 8
   0260 04                  660 	.db #0x04	; 4
   0261 1C                  661 	.db #0x1c	; 28
   0262 39                  662 	.db #0x39	; 57	'9'
   0263 49                  663 	.db #0x49	; 73	'I'
   0264 C6                  664 	.db #0xc6	; 198
   0265 C3                  665 	.db #0xc3	; 195
   0266 08                  666 	.db #0x08	; 8
   0267 08                  667 	.db #0x08	; 8
   0268 00                  668 	.db #0x00	; 0
   0269 04                  669 	.db #0x04	; 4
   026A 3C                  670 	.db #0x3c	; 60
   026B 2C                  671 	.db #0x2c	; 44
   026C C3                  672 	.db #0xc3	; 195
   026D 86                  673 	.db #0x86	; 134
   026E 3C                  674 	.db #0x3c	; 60
   026F 08                  675 	.db #0x08	; 8
   0270 00                  676 	.db #0x00	; 0
   0271 00                  677 	.db #0x00	; 0
   0272 0C                  678 	.db #0x0c	; 12
   0273 3C                  679 	.db #0x3c	; 60
   0274 0C                  680 	.db #0x0c	; 12
   0275 1C                  681 	.db #0x1c	; 28
   0276 3C                  682 	.db #0x3c	; 60
   0277 08                  683 	.db #0x08	; 8
   0278 00                  684 	.db #0x00	; 0
   0279 04                  685 	.db #0x04	; 4
   027A 3C                  686 	.db #0x3c	; 60
   027B 28                  687 	.db #0x28	; 40
   027C 33                  688 	.db #0x33	; 51	'3'
   027D 22                  689 	.db #0x22	; 34
   027E 04                  690 	.db #0x04	; 4
   027F 00                  691 	.db #0x00	; 0
   0280 00                  692 	.db #0x00	; 0
   0281 1C                  693 	.db #0x1c	; 28
   0282 00                  694 	.db #0x00	; 0
   0283 33                  695 	.db #0x33	; 51	'3'
   0284 11                  696 	.db #0x11	; 17
   0285 22                  697 	.db #0x22	; 34
   0286 36                  698 	.db #0x36	; 54	'6'
   0287 08                  699 	.db #0x08	; 8
   0288 00                  700 	.db #0x00	; 0
   0289 1C                  701 	.db #0x1c	; 28
   028A 22                  702 	.db #0x22	; 34
   028B 22                  703 	.db #0x22	; 34
   028C 22                  704 	.db #0x22	; 34
   028D 22                  705 	.db #0x22	; 34
   028E 14                  706 	.db #0x14	; 20
   028F 08                  707 	.db #0x08	; 8
   0290 00                  708 	.db #0x00	; 0
   0291 19                  709 	.db #0x19	; 25
   0292 33                  710 	.db #0x33	; 51	'3'
   0293 00                  711 	.db #0x00	; 0
   0294 22                  712 	.db #0x22	; 34
   0295 11                  713 	.db #0x11	; 17
   0296 00                  714 	.db #0x00	; 0
   0297 08                  715 	.db #0x08	; 8
   0298 00                  716 	.db #0x00	; 0
   0299 19                  717 	.db #0x19	; 25
   029A 11                  718 	.db #0x11	; 17
   029B 11                  719 	.db #0x11	; 17
   029C 33                  720 	.db #0x33	; 51	'3'
   029D 11                  721 	.db #0x11	; 17
   029E 22                  722 	.db #0x22	; 34
   029F 08                  723 	.db #0x08	; 8
   02A0 04                  724 	.db #0x04	; 4
   02A1 39                  725 	.db #0x39	; 57	'9'
   02A2 11                  726 	.db #0x11	; 17
   02A3 11                  727 	.db #0x11	; 17
   02A4 33                  728 	.db #0x33	; 51	'3'
   02A5 33                  729 	.db #0x33	; 51	'3'
   02A6 11                  730 	.db #0x11	; 17
   02A7 08                  731 	.db #0x08	; 8
   02A8 04                  732 	.db #0x04	; 4
   02A9 00                  733 	.db #0x00	; 0
   02AA 22                  734 	.db #0x22	; 34
   02AB 11                  735 	.db #0x11	; 17
   02AC 14                  736 	.db #0x14	; 20
   02AD 22                  737 	.db #0x22	; 34
   02AE 33                  738 	.db #0x33	; 51	'3'
   02AF 2C                  739 	.db #0x2c	; 44
   02B0 00                  740 	.db #0x00	; 0
   02B1 11                  741 	.db #0x11	; 17
   02B2 00                  742 	.db #0x00	; 0
   02B3 22                  743 	.db #0x22	; 34
   02B4 22                  744 	.db #0x22	; 34
   02B5 22                  745 	.db #0x22	; 34
   02B6 11                  746 	.db #0x11	; 17
   02B7 04                  747 	.db #0x04	; 4
   02B8 00                  748 	.db #0x00	; 0
   02B9 39                  749 	.db #0x39	; 57	'9'
   02BA 22                  750 	.db #0x22	; 34
   02BB 33                  751 	.db #0x33	; 51	'3'
   02BC 2C                  752 	.db #0x2c	; 44
   02BD 39                  753 	.db #0x39	; 57	'9'
   02BE 36                  754 	.db #0x36	; 54	'6'
   02BF 2C                  755 	.db #0x2c	; 44
   02C0 08                  756 	.db #0x08	; 8
   02C1 28                  757 	.db #0x28	; 40
   02C2 22                  758 	.db #0x22	; 34
   02C3 00                  759 	.db #0x00	; 0
   02C4 04                  760 	.db #0x04	; 4
   02C5 28                  761 	.db #0x28	; 40
   02C6 14                  762 	.db #0x14	; 20
   02C7 04                  763 	.db #0x04	; 4
   02C8 1C                  764 	.db #0x1c	; 28
   02C9 28                  765 	.db #0x28	; 40
   02CA 28                  766 	.db #0x28	; 40
   02CB 3C                  767 	.db #0x3c	; 60
   02CC 28                  768 	.db #0x28	; 40
   02CD 1C                  769 	.db #0x1c	; 28
   02CE 14                  770 	.db #0x14	; 20
   02CF 28                  771 	.db #0x28	; 40
   02D0 08                  772 	.db #0x08	; 8
   02D1 1C                  773 	.db #0x1c	; 28
   02D2 3C                  774 	.db #0x3c	; 60
   02D3 3C                  775 	.db #0x3c	; 60
   02D4 08                  776 	.db #0x08	; 8
   02D5 1C                  777 	.db #0x1c	; 28
   02D6 2C                  778 	.db #0x2c	; 44
   02D7 2C                  779 	.db #0x2c	; 44
   02D8 04                  780 	.db #0x04	; 4
   02D9 14                  781 	.db #0x14	; 20
   02DA 14                  782 	.db #0x14	; 20
   02DB 28                  783 	.db #0x28	; 40
   02DC 08                  784 	.db #0x08	; 8
   02DD 04                  785 	.db #0x04	; 4
   02DE 14                  786 	.db #0x14	; 20
   02DF 00                  787 	.db #0x00	; 0
   02E0 00                  788 	.db #0x00	; 0
   02E1 04                  789 	.db #0x04	; 4
   02E2 00                  790 	.db #0x00	; 0
   02E3 04                  791 	.db #0x04	; 4
   02E4 00                  792 	.db #0x00	; 0
   02E5 04                  793 	.db #0x04	; 4
   02E6 0C                  794 	.db #0x0c	; 12
   02E7 00                  795 	.db #0x00	; 0
   02E8 00                  796 	.db #0x00	; 0
   02E9 00                  797 	.db #0x00	; 0
   02EA 00                  798 	.db #0x00	; 0
   02EB 00                  799 	.db #0x00	; 0
   02EC 00                  800 	.db #0x00	; 0
   02ED 00                  801 	.db #0x00	; 0
   02EE 00                  802 	.db #0x00	; 0
   02EF 00                  803 	.db #0x00	; 0
   02F0 00                  804 	.db #0x00	; 0
   02F1 00                  805 	.db #0x00	; 0
   02F2 00                  806 	.db #0x00	; 0
   02F3 00                  807 	.db #0x00	; 0
   02F4 00                  808 	.db #0x00	; 0
   02F5 00                  809 	.db #0x00	; 0
   02F6 00                  810 	.db #0x00	; 0
   02F7 00                  811 	.db #0x00	; 0
   02F8 00                  812 	.db #0x00	; 0
   02F9 00                  813 	.db #0x00	; 0
   02FA 00                  814 	.db #0x00	; 0
   02FB 00                  815 	.db #0x00	; 0
   02FC 00                  816 	.db #0x00	; 0
   02FD 00                  817 	.db #0x00	; 0
   02FE 00                  818 	.db #0x00	; 0
   02FF 00                  819 	.db #0x00	; 0
   0300                     820 _spr_player_tp_3:
   0300 00                  821 	.db #0x00	; 0
   0301 00                  822 	.db #0x00	; 0
   0302 00                  823 	.db #0x00	; 0
   0303 00                  824 	.db #0x00	; 0
   0304 00                  825 	.db #0x00	; 0
   0305 00                  826 	.db #0x00	; 0
   0306 00                  827 	.db #0x00	; 0
   0307 00                  828 	.db #0x00	; 0
   0308 00                  829 	.db #0x00	; 0
   0309 00                  830 	.db #0x00	; 0
   030A 00                  831 	.db #0x00	; 0
   030B 00                  832 	.db #0x00	; 0
   030C 00                  833 	.db #0x00	; 0
   030D 00                  834 	.db #0x00	; 0
   030E 00                  835 	.db #0x00	; 0
   030F 00                  836 	.db #0x00	; 0
   0310 00                  837 	.db #0x00	; 0
   0311 00                  838 	.db #0x00	; 0
   0312 00                  839 	.db #0x00	; 0
   0313 00                  840 	.db #0x00	; 0
   0314 00                  841 	.db #0x00	; 0
   0315 00                  842 	.db #0x00	; 0
   0316 00                  843 	.db #0x00	; 0
   0317 00                  844 	.db #0x00	; 0
   0318 00                  845 	.db #0x00	; 0
   0319 00                  846 	.db #0x00	; 0
   031A 04                  847 	.db #0x04	; 4
   031B 04                  848 	.db #0x04	; 4
   031C 08                  849 	.db #0x08	; 8
   031D 00                  850 	.db #0x00	; 0
   031E 00                  851 	.db #0x00	; 0
   031F 00                  852 	.db #0x00	; 0
   0320 00                  853 	.db #0x00	; 0
   0321 00                  854 	.db #0x00	; 0
   0322 00                  855 	.db #0x00	; 0
   0323 11                  856 	.db #0x11	; 17
   0324 22                  857 	.db #0x22	; 34
   0325 00                  858 	.db #0x00	; 0
   0326 00                  859 	.db #0x00	; 0
   0327 00                  860 	.db #0x00	; 0
   0328 00                  861 	.db #0x00	; 0
   0329 00                  862 	.db #0x00	; 0
   032A 00                  863 	.db #0x00	; 0
   032B 04                  864 	.db #0x04	; 4
   032C 08                  865 	.db #0x08	; 8
   032D 00                  866 	.db #0x00	; 0
   032E 00                  867 	.db #0x00	; 0
   032F 00                  868 	.db #0x00	; 0
   0330 00                  869 	.db #0x00	; 0
   0331 00                  870 	.db #0x00	; 0
   0332 11                  871 	.db #0x11	; 17
   0333 00                  872 	.db #0x00	; 0
   0334 82                  873 	.db #0x82	; 130
   0335 00                  874 	.db #0x00	; 0
   0336 00                  875 	.db #0x00	; 0
   0337 00                  876 	.db #0x00	; 0
   0338 00                  877 	.db #0x00	; 0
   0339 00                  878 	.db #0x00	; 0
   033A 04                  879 	.db #0x04	; 4
   033B 41                  880 	.db #0x41	; 65	'A'
   033C 82                  881 	.db #0x82	; 130
   033D C3                  882 	.db #0xc3	; 195
   033E 00                  883 	.db #0x00	; 0
   033F 00                  884 	.db #0x00	; 0
   0340 00                  885 	.db #0x00	; 0
   0341 11                  886 	.db #0x11	; 17
   0342 22                  887 	.db #0x22	; 34
   0343 C3                  888 	.db #0xc3	; 195
   0344 C3                  889 	.db #0xc3	; 195
   0345 C3                  890 	.db #0xc3	; 195
   0346 08                  891 	.db #0x08	; 8
   0347 00                  892 	.db #0x00	; 0
   0348 00                  893 	.db #0x00	; 0
   0349 00                  894 	.db #0x00	; 0
   034A 22                  895 	.db #0x22	; 34
   034B CC                  896 	.db #0xcc	; 204
   034C C3                  897 	.db #0xc3	; 195
   034D CC                  898 	.db #0xcc	; 204
   034E 19                  899 	.db #0x19	; 25
   034F 00                  900 	.db #0x00	; 0
   0350 00                  901 	.db #0x00	; 0
   0351 00                  902 	.db #0x00	; 0
   0352 04                  903 	.db #0x04	; 4
   0353 C6                  904 	.db #0xc6	; 198
   0354 C3                  905 	.db #0xc3	; 195
   0355 C6                  906 	.db #0xc6	; 198
   0356 11                  907 	.db #0x11	; 17
   0357 00                  908 	.db #0x00	; 0
   0358 00                  909 	.db #0x00	; 0
   0359 14                  910 	.db #0x14	; 20
   035A 04                  911 	.db #0x04	; 4
   035B C3                  912 	.db #0xc3	; 195
   035C 41                  913 	.db #0x41	; 65	'A'
   035D 82                  914 	.db #0x82	; 130
   035E 00                  915 	.db #0x00	; 0
   035F 00                  916 	.db #0x00	; 0
   0360 00                  917 	.db #0x00	; 0
   0361 14                  918 	.db #0x14	; 20
   0362 11                  919 	.db #0x11	; 17
   0363 49                  920 	.db #0x49	; 73	'I'
   0364 44                  921 	.db #0x44	; 68	'D'
   0365 00                  922 	.db #0x00	; 0
   0366 00                  923 	.db #0x00	; 0
   0367 00                  924 	.db #0x00	; 0
   0368 00                  925 	.db #0x00	; 0
   0369 04                  926 	.db #0x04	; 4
   036A 14                  927 	.db #0x14	; 20
   036B 2C                  928 	.db #0x2c	; 44
   036C 41                  929 	.db #0x41	; 65	'A'
   036D 00                  930 	.db #0x00	; 0
   036E 00                  931 	.db #0x00	; 0
   036F 00                  932 	.db #0x00	; 0
   0370 00                  933 	.db #0x00	; 0
   0371 00                  934 	.db #0x00	; 0
   0372 00                  935 	.db #0x00	; 0
   0373 00                  936 	.db #0x00	; 0
   0374 00                  937 	.db #0x00	; 0
   0375 1C                  938 	.db #0x1c	; 28
   0376 00                  939 	.db #0x00	; 0
   0377 00                  940 	.db #0x00	; 0
   0378 00                  941 	.db #0x00	; 0
   0379 04                  942 	.db #0x04	; 4
   037A 00                  943 	.db #0x00	; 0
   037B 00                  944 	.db #0x00	; 0
   037C 33                  945 	.db #0x33	; 51	'3'
   037D 00                  946 	.db #0x00	; 0
   037E 00                  947 	.db #0x00	; 0
   037F 00                  948 	.db #0x00	; 0
   0380 00                  949 	.db #0x00	; 0
   0381 00                  950 	.db #0x00	; 0
   0382 00                  951 	.db #0x00	; 0
   0383 11                  952 	.db #0x11	; 17
   0384 11                  953 	.db #0x11	; 17
   0385 00                  954 	.db #0x00	; 0
   0386 00                  955 	.db #0x00	; 0
   0387 00                  956 	.db #0x00	; 0
   0388 00                  957 	.db #0x00	; 0
   0389 14                  958 	.db #0x14	; 20
   038A 00                  959 	.db #0x00	; 0
   038B 22                  960 	.db #0x22	; 34
   038C 22                  961 	.db #0x22	; 34
   038D 22                  962 	.db #0x22	; 34
   038E 00                  963 	.db #0x00	; 0
   038F 00                  964 	.db #0x00	; 0
   0390 00                  965 	.db #0x00	; 0
   0391 00                  966 	.db #0x00	; 0
   0392 00                  967 	.db #0x00	; 0
   0393 00                  968 	.db #0x00	; 0
   0394 00                  969 	.db #0x00	; 0
   0395 00                  970 	.db #0x00	; 0
   0396 00                  971 	.db #0x00	; 0
   0397 08                  972 	.db #0x08	; 8
   0398 00                  973 	.db #0x00	; 0
   0399 00                  974 	.db #0x00	; 0
   039A 00                  975 	.db #0x00	; 0
   039B 11                  976 	.db #0x11	; 17
   039C 22                  977 	.db #0x22	; 34
   039D 00                  978 	.db #0x00	; 0
   039E 00                  979 	.db #0x00	; 0
   039F 00                  980 	.db #0x00	; 0
   03A0 04                  981 	.db #0x04	; 4
   03A1 00                  982 	.db #0x00	; 0
   03A2 00                  983 	.db #0x00	; 0
   03A3 11                  984 	.db #0x11	; 17
   03A4 00                  985 	.db #0x00	; 0
   03A5 00                  986 	.db #0x00	; 0
   03A6 00                  987 	.db #0x00	; 0
   03A7 00                  988 	.db #0x00	; 0
   03A8 00                  989 	.db #0x00	; 0
   03A9 00                  990 	.db #0x00	; 0
   03AA 22                  991 	.db #0x22	; 34
   03AB 00                  992 	.db #0x00	; 0
   03AC 14                  993 	.db #0x14	; 20
   03AD 22                  994 	.db #0x22	; 34
   03AE 00                  995 	.db #0x00	; 0
   03AF 00                  996 	.db #0x00	; 0
   03B0 00                  997 	.db #0x00	; 0
   03B1 00                  998 	.db #0x00	; 0
   03B2 00                  999 	.db #0x00	; 0
   03B3 22                 1000 	.db #0x22	; 34
   03B4 00                 1001 	.db #0x00	; 0
   03B5 22                 1002 	.db #0x22	; 34
   03B6 11                 1003 	.db #0x11	; 17
   03B7 00                 1004 	.db #0x00	; 0
   03B8 00                 1005 	.db #0x00	; 0
   03B9 00                 1006 	.db #0x00	; 0
   03BA 22                 1007 	.db #0x22	; 34
   03BB 33                 1008 	.db #0x33	; 51	'3'
   03BC 00                 1009 	.db #0x00	; 0
   03BD 11                 1010 	.db #0x11	; 17
   03BE 00                 1011 	.db #0x00	; 0
   03BF 00                 1012 	.db #0x00	; 0
   03C0 00                 1013 	.db #0x00	; 0
   03C1 00                 1014 	.db #0x00	; 0
   03C2 00                 1015 	.db #0x00	; 0
   03C3 00                 1016 	.db #0x00	; 0
   03C4 00                 1017 	.db #0x00	; 0
   03C5 28                 1018 	.db #0x28	; 40
   03C6 00                 1019 	.db #0x00	; 0
   03C7 00                 1020 	.db #0x00	; 0
   03C8 00                 1021 	.db #0x00	; 0
   03C9 28                 1022 	.db #0x28	; 40
   03CA 00                 1023 	.db #0x00	; 0
   03CB 3C                 1024 	.db #0x3c	; 60
   03CC 28                 1025 	.db #0x28	; 40
   03CD 1C                 1026 	.db #0x1c	; 28
   03CE 00                 1027 	.db #0x00	; 0
   03CF 00                 1028 	.db #0x00	; 0
   03D0 00                 1029 	.db #0x00	; 0
   03D1 08                 1030 	.db #0x08	; 8
   03D2 28                 1031 	.db #0x28	; 40
   03D3 3C                 1032 	.db #0x3c	; 60
   03D4 00                 1033 	.db #0x00	; 0
   03D5 08                 1034 	.db #0x08	; 8
   03D6 00                 1035 	.db #0x00	; 0
   03D7 00                 1036 	.db #0x00	; 0
   03D8 04                 1037 	.db #0x04	; 4
   03D9 00                 1038 	.db #0x00	; 0
   03DA 00                 1039 	.db #0x00	; 0
   03DB 28                 1040 	.db #0x28	; 40
   03DC 00                 1041 	.db #0x00	; 0
   03DD 04                 1042 	.db #0x04	; 4
   03DE 00                 1043 	.db #0x00	; 0
   03DF 00                 1044 	.db #0x00	; 0
   03E0 00                 1045 	.db #0x00	; 0
   03E1 04                 1046 	.db #0x04	; 4
   03E2 00                 1047 	.db #0x00	; 0
   03E3 00                 1048 	.db #0x00	; 0
   03E4 00                 1049 	.db #0x00	; 0
   03E5 04                 1050 	.db #0x04	; 4
   03E6 00                 1051 	.db #0x00	; 0
   03E7 00                 1052 	.db #0x00	; 0
   03E8 00                 1053 	.db #0x00	; 0
   03E9 00                 1054 	.db #0x00	; 0
   03EA 00                 1055 	.db #0x00	; 0
   03EB 00                 1056 	.db #0x00	; 0
   03EC 00                 1057 	.db #0x00	; 0
   03ED 00                 1058 	.db #0x00	; 0
   03EE 00                 1059 	.db #0x00	; 0
   03EF 00                 1060 	.db #0x00	; 0
   03F0 00                 1061 	.db #0x00	; 0
   03F1 00                 1062 	.db #0x00	; 0
   03F2 00                 1063 	.db #0x00	; 0
   03F3 00                 1064 	.db #0x00	; 0
   03F4 00                 1065 	.db #0x00	; 0
   03F5 00                 1066 	.db #0x00	; 0
   03F6 00                 1067 	.db #0x00	; 0
   03F7 00                 1068 	.db #0x00	; 0
   03F8 00                 1069 	.db #0x00	; 0
   03F9 00                 1070 	.db #0x00	; 0
   03FA 00                 1071 	.db #0x00	; 0
   03FB 00                 1072 	.db #0x00	; 0
   03FC 00                 1073 	.db #0x00	; 0
   03FD 00                 1074 	.db #0x00	; 0
   03FE 00                 1075 	.db #0x00	; 0
   03FF 00                 1076 	.db #0x00	; 0
   0400                    1077 _spr_player_tp_4:
   0400 00                 1078 	.db #0x00	; 0
   0401 00                 1079 	.db #0x00	; 0
   0402 00                 1080 	.db #0x00	; 0
   0403 00                 1081 	.db #0x00	; 0
   0404 00                 1082 	.db #0x00	; 0
   0405 00                 1083 	.db #0x00	; 0
   0406 00                 1084 	.db #0x00	; 0
   0407 00                 1085 	.db #0x00	; 0
   0408 00                 1086 	.db #0x00	; 0
   0409 00                 1087 	.db #0x00	; 0
   040A 00                 1088 	.db #0x00	; 0
   040B 00                 1089 	.db #0x00	; 0
   040C 00                 1090 	.db #0x00	; 0
   040D 00                 1091 	.db #0x00	; 0
   040E 00                 1092 	.db #0x00	; 0
   040F 00                 1093 	.db #0x00	; 0
   0410 00                 1094 	.db #0x00	; 0
   0411 00                 1095 	.db #0x00	; 0
   0412 00                 1096 	.db #0x00	; 0
   0413 00                 1097 	.db #0x00	; 0
   0414 00                 1098 	.db #0x00	; 0
   0415 00                 1099 	.db #0x00	; 0
   0416 00                 1100 	.db #0x00	; 0
   0417 00                 1101 	.db #0x00	; 0
   0418 00                 1102 	.db #0x00	; 0
   0419 00                 1103 	.db #0x00	; 0
   041A 00                 1104 	.db #0x00	; 0
   041B 00                 1105 	.db #0x00	; 0
   041C 00                 1106 	.db #0x00	; 0
   041D 00                 1107 	.db #0x00	; 0
   041E 00                 1108 	.db #0x00	; 0
   041F 00                 1109 	.db #0x00	; 0
   0420 00                 1110 	.db #0x00	; 0
   0421 00                 1111 	.db #0x00	; 0
   0422 00                 1112 	.db #0x00	; 0
   0423 00                 1113 	.db #0x00	; 0
   0424 00                 1114 	.db #0x00	; 0
   0425 00                 1115 	.db #0x00	; 0
   0426 00                 1116 	.db #0x00	; 0
   0427 00                 1117 	.db #0x00	; 0
   0428 00                 1118 	.db #0x00	; 0
   0429 00                 1119 	.db #0x00	; 0
   042A 00                 1120 	.db #0x00	; 0
   042B 04                 1121 	.db #0x04	; 4
   042C 00                 1122 	.db #0x00	; 0
   042D 00                 1123 	.db #0x00	; 0
   042E 00                 1124 	.db #0x00	; 0
   042F 00                 1125 	.db #0x00	; 0
   0430 00                 1126 	.db #0x00	; 0
   0431 00                 1127 	.db #0x00	; 0
   0432 00                 1128 	.db #0x00	; 0
   0433 00                 1129 	.db #0x00	; 0
   0434 00                 1130 	.db #0x00	; 0
   0435 00                 1131 	.db #0x00	; 0
   0436 00                 1132 	.db #0x00	; 0
   0437 00                 1133 	.db #0x00	; 0
   0438 00                 1134 	.db #0x00	; 0
   0439 00                 1135 	.db #0x00	; 0
   043A 04                 1136 	.db #0x04	; 4
   043B 00                 1137 	.db #0x00	; 0
   043C 00                 1138 	.db #0x00	; 0
   043D 82                 1139 	.db #0x82	; 130
   043E 00                 1140 	.db #0x00	; 0
   043F 00                 1141 	.db #0x00	; 0
   0440 00                 1142 	.db #0x00	; 0
   0441 00                 1143 	.db #0x00	; 0
   0442 00                 1144 	.db #0x00	; 0
   0443 41                 1145 	.db #0x41	; 65	'A'
   0444 82                 1146 	.db #0x82	; 130
   0445 41                 1147 	.db #0x41	; 65	'A'
   0446 08                 1148 	.db #0x08	; 8
   0447 00                 1149 	.db #0x00	; 0
   0448 00                 1150 	.db #0x00	; 0
   0449 00                 1151 	.db #0x00	; 0
   044A 00                 1152 	.db #0x00	; 0
   044B C3                 1153 	.db #0xc3	; 195
   044C 82                 1154 	.db #0x82	; 130
   044D C3                 1155 	.db #0xc3	; 195
   044E 08                 1156 	.db #0x08	; 8
   044F 00                 1157 	.db #0x00	; 0
   0450 00                 1158 	.db #0x00	; 0
   0451 00                 1159 	.db #0x00	; 0
   0452 00                 1160 	.db #0x00	; 0
   0453 C6                 1161 	.db #0xc6	; 198
   0454 C3                 1162 	.db #0xc3	; 195
   0455 C6                 1163 	.db #0xc6	; 198
   0456 00                 1164 	.db #0x00	; 0
   0457 00                 1165 	.db #0x00	; 0
   0458 00                 1166 	.db #0x00	; 0
   0459 00                 1167 	.db #0x00	; 0
   045A 00                 1168 	.db #0x00	; 0
   045B 41                 1169 	.db #0x41	; 65	'A'
   045C 41                 1170 	.db #0x41	; 65	'A'
   045D 82                 1171 	.db #0x82	; 130
   045E 00                 1172 	.db #0x00	; 0
   045F 00                 1173 	.db #0x00	; 0
   0460 00                 1174 	.db #0x00	; 0
   0461 00                 1175 	.db #0x00	; 0
   0462 00                 1176 	.db #0x00	; 0
   0463 49                 1177 	.db #0x49	; 73	'I'
   0464 44                 1178 	.db #0x44	; 68	'D'
   0465 00                 1179 	.db #0x00	; 0
   0466 00                 1180 	.db #0x00	; 0
   0467 00                 1181 	.db #0x00	; 0
   0468 00                 1182 	.db #0x00	; 0
   0469 00                 1183 	.db #0x00	; 0
   046A 00                 1184 	.db #0x00	; 0
   046B 2C                 1185 	.db #0x2c	; 44
   046C 41                 1186 	.db #0x41	; 65	'A'
   046D 00                 1187 	.db #0x00	; 0
   046E 00                 1188 	.db #0x00	; 0
   046F 00                 1189 	.db #0x00	; 0
   0470 00                 1190 	.db #0x00	; 0
   0471 00                 1191 	.db #0x00	; 0
   0472 00                 1192 	.db #0x00	; 0
   0473 00                 1193 	.db #0x00	; 0
   0474 00                 1194 	.db #0x00	; 0
   0475 1C                 1195 	.db #0x1c	; 28
   0476 00                 1196 	.db #0x00	; 0
   0477 00                 1197 	.db #0x00	; 0
   0478 00                 1198 	.db #0x00	; 0
   0479 00                 1199 	.db #0x00	; 0
   047A 00                 1200 	.db #0x00	; 0
   047B 00                 1201 	.db #0x00	; 0
   047C 11                 1202 	.db #0x11	; 17
   047D 00                 1203 	.db #0x00	; 0
   047E 00                 1204 	.db #0x00	; 0
   047F 00                 1205 	.db #0x00	; 0
   0480 00                 1206 	.db #0x00	; 0
   0481 00                 1207 	.db #0x00	; 0
   0482 00                 1208 	.db #0x00	; 0
   0483 00                 1209 	.db #0x00	; 0
   0484 00                 1210 	.db #0x00	; 0
   0485 00                 1211 	.db #0x00	; 0
   0486 00                 1212 	.db #0x00	; 0
   0487 00                 1213 	.db #0x00	; 0
   0488 00                 1214 	.db #0x00	; 0
   0489 14                 1215 	.db #0x14	; 20
   048A 00                 1216 	.db #0x00	; 0
   048B 22                 1217 	.db #0x22	; 34
   048C 00                 1218 	.db #0x00	; 0
   048D 22                 1219 	.db #0x22	; 34
   048E 00                 1220 	.db #0x00	; 0
   048F 00                 1221 	.db #0x00	; 0
   0490 00                 1222 	.db #0x00	; 0
   0491 00                 1223 	.db #0x00	; 0
   0492 00                 1224 	.db #0x00	; 0
   0493 00                 1225 	.db #0x00	; 0
   0494 00                 1226 	.db #0x00	; 0
   0495 00                 1227 	.db #0x00	; 0
   0496 00                 1228 	.db #0x00	; 0
   0497 00                 1229 	.db #0x00	; 0
   0498 00                 1230 	.db #0x00	; 0
   0499 00                 1231 	.db #0x00	; 0
   049A 00                 1232 	.db #0x00	; 0
   049B 00                 1233 	.db #0x00	; 0
   049C 22                 1234 	.db #0x22	; 34
   049D 00                 1235 	.db #0x00	; 0
   049E 00                 1236 	.db #0x00	; 0
   049F 00                 1237 	.db #0x00	; 0
   04A0 00                 1238 	.db #0x00	; 0
   04A1 00                 1239 	.db #0x00	; 0
   04A2 00                 1240 	.db #0x00	; 0
   04A3 00                 1241 	.db #0x00	; 0
   04A4 00                 1242 	.db #0x00	; 0
   04A5 00                 1243 	.db #0x00	; 0
   04A6 00                 1244 	.db #0x00	; 0
   04A7 00                 1245 	.db #0x00	; 0
   04A8 00                 1246 	.db #0x00	; 0
   04A9 00                 1247 	.db #0x00	; 0
   04AA 00                 1248 	.db #0x00	; 0
   04AB 00                 1249 	.db #0x00	; 0
   04AC 00                 1250 	.db #0x00	; 0
   04AD 22                 1251 	.db #0x22	; 34
   04AE 00                 1252 	.db #0x00	; 0
   04AF 00                 1253 	.db #0x00	; 0
   04B0 00                 1254 	.db #0x00	; 0
   04B1 00                 1255 	.db #0x00	; 0
   04B2 00                 1256 	.db #0x00	; 0
   04B3 00                 1257 	.db #0x00	; 0
   04B4 00                 1258 	.db #0x00	; 0
   04B5 00                 1259 	.db #0x00	; 0
   04B6 00                 1260 	.db #0x00	; 0
   04B7 00                 1261 	.db #0x00	; 0
   04B8 00                 1262 	.db #0x00	; 0
   04B9 00                 1263 	.db #0x00	; 0
   04BA 00                 1264 	.db #0x00	; 0
   04BB 00                 1265 	.db #0x00	; 0
   04BC 00                 1266 	.db #0x00	; 0
   04BD 00                 1267 	.db #0x00	; 0
   04BE 00                 1268 	.db #0x00	; 0
   04BF 00                 1269 	.db #0x00	; 0
   04C0 00                 1270 	.db #0x00	; 0
   04C1 00                 1271 	.db #0x00	; 0
   04C2 00                 1272 	.db #0x00	; 0
   04C3 00                 1273 	.db #0x00	; 0
   04C4 00                 1274 	.db #0x00	; 0
   04C5 00                 1275 	.db #0x00	; 0
   04C6 00                 1276 	.db #0x00	; 0
   04C7 00                 1277 	.db #0x00	; 0
   04C8 00                 1278 	.db #0x00	; 0
   04C9 00                 1279 	.db #0x00	; 0
   04CA 00                 1280 	.db #0x00	; 0
   04CB 00                 1281 	.db #0x00	; 0
   04CC 00                 1282 	.db #0x00	; 0
   04CD 00                 1283 	.db #0x00	; 0
   04CE 00                 1284 	.db #0x00	; 0
   04CF 00                 1285 	.db #0x00	; 0
   04D0 00                 1286 	.db #0x00	; 0
   04D1 00                 1287 	.db #0x00	; 0
   04D2 00                 1288 	.db #0x00	; 0
   04D3 00                 1289 	.db #0x00	; 0
   04D4 00                 1290 	.db #0x00	; 0
   04D5 00                 1291 	.db #0x00	; 0
   04D6 00                 1292 	.db #0x00	; 0
   04D7 00                 1293 	.db #0x00	; 0
   04D8 00                 1294 	.db #0x00	; 0
   04D9 00                 1295 	.db #0x00	; 0
   04DA 00                 1296 	.db #0x00	; 0
   04DB 00                 1297 	.db #0x00	; 0
   04DC 00                 1298 	.db #0x00	; 0
   04DD 00                 1299 	.db #0x00	; 0
   04DE 00                 1300 	.db #0x00	; 0
   04DF 00                 1301 	.db #0x00	; 0
   04E0 00                 1302 	.db #0x00	; 0
   04E1 00                 1303 	.db #0x00	; 0
   04E2 00                 1304 	.db #0x00	; 0
   04E3 00                 1305 	.db #0x00	; 0
   04E4 00                 1306 	.db #0x00	; 0
   04E5 00                 1307 	.db #0x00	; 0
   04E6 00                 1308 	.db #0x00	; 0
   04E7 00                 1309 	.db #0x00	; 0
   04E8 00                 1310 	.db #0x00	; 0
   04E9 00                 1311 	.db #0x00	; 0
   04EA 00                 1312 	.db #0x00	; 0
   04EB 00                 1313 	.db #0x00	; 0
   04EC 00                 1314 	.db #0x00	; 0
   04ED 00                 1315 	.db #0x00	; 0
   04EE 00                 1316 	.db #0x00	; 0
   04EF 00                 1317 	.db #0x00	; 0
   04F0 00                 1318 	.db #0x00	; 0
   04F1 00                 1319 	.db #0x00	; 0
   04F2 00                 1320 	.db #0x00	; 0
   04F3 00                 1321 	.db #0x00	; 0
   04F4 00                 1322 	.db #0x00	; 0
   04F5 00                 1323 	.db #0x00	; 0
   04F6 00                 1324 	.db #0x00	; 0
   04F7 00                 1325 	.db #0x00	; 0
   04F8 00                 1326 	.db #0x00	; 0
   04F9 00                 1327 	.db #0x00	; 0
   04FA 00                 1328 	.db #0x00	; 0
   04FB 00                 1329 	.db #0x00	; 0
   04FC 00                 1330 	.db #0x00	; 0
   04FD 00                 1331 	.db #0x00	; 0
   04FE 00                 1332 	.db #0x00	; 0
   04FF 00                 1333 	.db #0x00	; 0
   0500                    1334 _spr_player_tp_5:
   0500 00                 1335 	.db #0x00	; 0
   0501 00                 1336 	.db #0x00	; 0
   0502 00                 1337 	.db #0x00	; 0
   0503 00                 1338 	.db #0x00	; 0
   0504 00                 1339 	.db #0x00	; 0
   0505 00                 1340 	.db #0x00	; 0
   0506 00                 1341 	.db #0x00	; 0
   0507 00                 1342 	.db #0x00	; 0
   0508 00                 1343 	.db #0x00	; 0
   0509 00                 1344 	.db #0x00	; 0
   050A 00                 1345 	.db #0x00	; 0
   050B 00                 1346 	.db #0x00	; 0
   050C 00                 1347 	.db #0x00	; 0
   050D 00                 1348 	.db #0x00	; 0
   050E 00                 1349 	.db #0x00	; 0
   050F 00                 1350 	.db #0x00	; 0
   0510 00                 1351 	.db #0x00	; 0
   0511 00                 1352 	.db #0x00	; 0
   0512 00                 1353 	.db #0x00	; 0
   0513 00                 1354 	.db #0x00	; 0
   0514 00                 1355 	.db #0x00	; 0
   0515 00                 1356 	.db #0x00	; 0
   0516 00                 1357 	.db #0x00	; 0
   0517 00                 1358 	.db #0x00	; 0
   0518 00                 1359 	.db #0x00	; 0
   0519 00                 1360 	.db #0x00	; 0
   051A 00                 1361 	.db #0x00	; 0
   051B 00                 1362 	.db #0x00	; 0
   051C 00                 1363 	.db #0x00	; 0
   051D 00                 1364 	.db #0x00	; 0
   051E 00                 1365 	.db #0x00	; 0
   051F 00                 1366 	.db #0x00	; 0
   0520 00                 1367 	.db #0x00	; 0
   0521 00                 1368 	.db #0x00	; 0
   0522 00                 1369 	.db #0x00	; 0
   0523 00                 1370 	.db #0x00	; 0
   0524 00                 1371 	.db #0x00	; 0
   0525 00                 1372 	.db #0x00	; 0
   0526 00                 1373 	.db #0x00	; 0
   0527 00                 1374 	.db #0x00	; 0
   0528 00                 1375 	.db #0x00	; 0
   0529 00                 1376 	.db #0x00	; 0
   052A 00                 1377 	.db #0x00	; 0
   052B 00                 1378 	.db #0x00	; 0
   052C 00                 1379 	.db #0x00	; 0
   052D 00                 1380 	.db #0x00	; 0
   052E 00                 1381 	.db #0x00	; 0
   052F 00                 1382 	.db #0x00	; 0
   0530 00                 1383 	.db #0x00	; 0
   0531 00                 1384 	.db #0x00	; 0
   0532 00                 1385 	.db #0x00	; 0
   0533 00                 1386 	.db #0x00	; 0
   0534 00                 1387 	.db #0x00	; 0
   0535 00                 1388 	.db #0x00	; 0
   0536 00                 1389 	.db #0x00	; 0
   0537 00                 1390 	.db #0x00	; 0
   0538 00                 1391 	.db #0x00	; 0
   0539 00                 1392 	.db #0x00	; 0
   053A 00                 1393 	.db #0x00	; 0
   053B 00                 1394 	.db #0x00	; 0
   053C 00                 1395 	.db #0x00	; 0
   053D 00                 1396 	.db #0x00	; 0
   053E 00                 1397 	.db #0x00	; 0
   053F 00                 1398 	.db #0x00	; 0
   0540 00                 1399 	.db #0x00	; 0
   0541 00                 1400 	.db #0x00	; 0
   0542 00                 1401 	.db #0x00	; 0
   0543 00                 1402 	.db #0x00	; 0
   0544 00                 1403 	.db #0x00	; 0
   0545 00                 1404 	.db #0x00	; 0
   0546 00                 1405 	.db #0x00	; 0
   0547 00                 1406 	.db #0x00	; 0
   0548 00                 1407 	.db #0x00	; 0
   0549 00                 1408 	.db #0x00	; 0
   054A 00                 1409 	.db #0x00	; 0
   054B 00                 1410 	.db #0x00	; 0
   054C 00                 1411 	.db #0x00	; 0
   054D 00                 1412 	.db #0x00	; 0
   054E 00                 1413 	.db #0x00	; 0
   054F 00                 1414 	.db #0x00	; 0
   0550 00                 1415 	.db #0x00	; 0
   0551 00                 1416 	.db #0x00	; 0
   0552 00                 1417 	.db #0x00	; 0
   0553 00                 1418 	.db #0x00	; 0
   0554 00                 1419 	.db #0x00	; 0
   0555 00                 1420 	.db #0x00	; 0
   0556 00                 1421 	.db #0x00	; 0
   0557 00                 1422 	.db #0x00	; 0
   0558 00                 1423 	.db #0x00	; 0
   0559 00                 1424 	.db #0x00	; 0
   055A 00                 1425 	.db #0x00	; 0
   055B 00                 1426 	.db #0x00	; 0
   055C 00                 1427 	.db #0x00	; 0
   055D 00                 1428 	.db #0x00	; 0
   055E 00                 1429 	.db #0x00	; 0
   055F 00                 1430 	.db #0x00	; 0
   0560 00                 1431 	.db #0x00	; 0
   0561 00                 1432 	.db #0x00	; 0
   0562 00                 1433 	.db #0x00	; 0
   0563 00                 1434 	.db #0x00	; 0
   0564 00                 1435 	.db #0x00	; 0
   0565 00                 1436 	.db #0x00	; 0
   0566 00                 1437 	.db #0x00	; 0
   0567 00                 1438 	.db #0x00	; 0
   0568 00                 1439 	.db #0x00	; 0
   0569 00                 1440 	.db #0x00	; 0
   056A 00                 1441 	.db #0x00	; 0
   056B 00                 1442 	.db #0x00	; 0
   056C 00                 1443 	.db #0x00	; 0
   056D 00                 1444 	.db #0x00	; 0
   056E 00                 1445 	.db #0x00	; 0
   056F 00                 1446 	.db #0x00	; 0
   0570 00                 1447 	.db #0x00	; 0
   0571 00                 1448 	.db #0x00	; 0
   0572 00                 1449 	.db #0x00	; 0
   0573 00                 1450 	.db #0x00	; 0
   0574 00                 1451 	.db #0x00	; 0
   0575 00                 1452 	.db #0x00	; 0
   0576 00                 1453 	.db #0x00	; 0
   0577 00                 1454 	.db #0x00	; 0
   0578 00                 1455 	.db #0x00	; 0
   0579 00                 1456 	.db #0x00	; 0
   057A 00                 1457 	.db #0x00	; 0
   057B 00                 1458 	.db #0x00	; 0
   057C 00                 1459 	.db #0x00	; 0
   057D 00                 1460 	.db #0x00	; 0
   057E 00                 1461 	.db #0x00	; 0
   057F 00                 1462 	.db #0x00	; 0
   0580 00                 1463 	.db #0x00	; 0
   0581 00                 1464 	.db #0x00	; 0
   0582 00                 1465 	.db #0x00	; 0
   0583 00                 1466 	.db #0x00	; 0
   0584 00                 1467 	.db #0x00	; 0
   0585 00                 1468 	.db #0x00	; 0
   0586 00                 1469 	.db #0x00	; 0
   0587 00                 1470 	.db #0x00	; 0
   0588 00                 1471 	.db #0x00	; 0
   0589 00                 1472 	.db #0x00	; 0
   058A 00                 1473 	.db #0x00	; 0
   058B 00                 1474 	.db #0x00	; 0
   058C 00                 1475 	.db #0x00	; 0
   058D 00                 1476 	.db #0x00	; 0
   058E 00                 1477 	.db #0x00	; 0
   058F 00                 1478 	.db #0x00	; 0
   0590 00                 1479 	.db #0x00	; 0
   0591 00                 1480 	.db #0x00	; 0
   0592 00                 1481 	.db #0x00	; 0
   0593 00                 1482 	.db #0x00	; 0
   0594 00                 1483 	.db #0x00	; 0
   0595 00                 1484 	.db #0x00	; 0
   0596 00                 1485 	.db #0x00	; 0
   0597 00                 1486 	.db #0x00	; 0
   0598 00                 1487 	.db #0x00	; 0
   0599 00                 1488 	.db #0x00	; 0
   059A 00                 1489 	.db #0x00	; 0
   059B 00                 1490 	.db #0x00	; 0
   059C 00                 1491 	.db #0x00	; 0
   059D 00                 1492 	.db #0x00	; 0
   059E 00                 1493 	.db #0x00	; 0
   059F 00                 1494 	.db #0x00	; 0
   05A0 00                 1495 	.db #0x00	; 0
   05A1 00                 1496 	.db #0x00	; 0
   05A2 00                 1497 	.db #0x00	; 0
   05A3 00                 1498 	.db #0x00	; 0
   05A4 00                 1499 	.db #0x00	; 0
   05A5 00                 1500 	.db #0x00	; 0
   05A6 00                 1501 	.db #0x00	; 0
   05A7 00                 1502 	.db #0x00	; 0
   05A8 00                 1503 	.db #0x00	; 0
   05A9 00                 1504 	.db #0x00	; 0
   05AA 00                 1505 	.db #0x00	; 0
   05AB 00                 1506 	.db #0x00	; 0
   05AC 00                 1507 	.db #0x00	; 0
   05AD 00                 1508 	.db #0x00	; 0
   05AE 00                 1509 	.db #0x00	; 0
   05AF 00                 1510 	.db #0x00	; 0
   05B0 00                 1511 	.db #0x00	; 0
   05B1 00                 1512 	.db #0x00	; 0
   05B2 00                 1513 	.db #0x00	; 0
   05B3 00                 1514 	.db #0x00	; 0
   05B4 00                 1515 	.db #0x00	; 0
   05B5 00                 1516 	.db #0x00	; 0
   05B6 00                 1517 	.db #0x00	; 0
   05B7 00                 1518 	.db #0x00	; 0
   05B8 00                 1519 	.db #0x00	; 0
   05B9 00                 1520 	.db #0x00	; 0
   05BA 00                 1521 	.db #0x00	; 0
   05BB 00                 1522 	.db #0x00	; 0
   05BC 00                 1523 	.db #0x00	; 0
   05BD 00                 1524 	.db #0x00	; 0
   05BE 00                 1525 	.db #0x00	; 0
   05BF 00                 1526 	.db #0x00	; 0
   05C0 00                 1527 	.db #0x00	; 0
   05C1 00                 1528 	.db #0x00	; 0
   05C2 00                 1529 	.db #0x00	; 0
   05C3 00                 1530 	.db #0x00	; 0
   05C4 00                 1531 	.db #0x00	; 0
   05C5 00                 1532 	.db #0x00	; 0
   05C6 00                 1533 	.db #0x00	; 0
   05C7 00                 1534 	.db #0x00	; 0
   05C8 00                 1535 	.db #0x00	; 0
   05C9 00                 1536 	.db #0x00	; 0
   05CA 00                 1537 	.db #0x00	; 0
   05CB 00                 1538 	.db #0x00	; 0
   05CC 00                 1539 	.db #0x00	; 0
   05CD 00                 1540 	.db #0x00	; 0
   05CE 00                 1541 	.db #0x00	; 0
   05CF 00                 1542 	.db #0x00	; 0
   05D0 00                 1543 	.db #0x00	; 0
   05D1 00                 1544 	.db #0x00	; 0
   05D2 00                 1545 	.db #0x00	; 0
   05D3 00                 1546 	.db #0x00	; 0
   05D4 00                 1547 	.db #0x00	; 0
   05D5 00                 1548 	.db #0x00	; 0
   05D6 00                 1549 	.db #0x00	; 0
   05D7 00                 1550 	.db #0x00	; 0
   05D8 00                 1551 	.db #0x00	; 0
   05D9 00                 1552 	.db #0x00	; 0
   05DA 00                 1553 	.db #0x00	; 0
   05DB 00                 1554 	.db #0x00	; 0
   05DC 00                 1555 	.db #0x00	; 0
   05DD 00                 1556 	.db #0x00	; 0
   05DE 00                 1557 	.db #0x00	; 0
   05DF 00                 1558 	.db #0x00	; 0
   05E0 00                 1559 	.db #0x00	; 0
   05E1 00                 1560 	.db #0x00	; 0
   05E2 00                 1561 	.db #0x00	; 0
   05E3 00                 1562 	.db #0x00	; 0
   05E4 00                 1563 	.db #0x00	; 0
   05E5 00                 1564 	.db #0x00	; 0
   05E6 00                 1565 	.db #0x00	; 0
   05E7 00                 1566 	.db #0x00	; 0
   05E8 00                 1567 	.db #0x00	; 0
   05E9 00                 1568 	.db #0x00	; 0
   05EA 00                 1569 	.db #0x00	; 0
   05EB 00                 1570 	.db #0x00	; 0
   05EC 00                 1571 	.db #0x00	; 0
   05ED 00                 1572 	.db #0x00	; 0
   05EE 00                 1573 	.db #0x00	; 0
   05EF 00                 1574 	.db #0x00	; 0
   05F0 00                 1575 	.db #0x00	; 0
   05F1 00                 1576 	.db #0x00	; 0
   05F2 00                 1577 	.db #0x00	; 0
   05F3 00                 1578 	.db #0x00	; 0
   05F4 00                 1579 	.db #0x00	; 0
   05F5 00                 1580 	.db #0x00	; 0
   05F6 00                 1581 	.db #0x00	; 0
   05F7 00                 1582 	.db #0x00	; 0
   05F8 00                 1583 	.db #0x00	; 0
   05F9 00                 1584 	.db #0x00	; 0
   05FA 00                 1585 	.db #0x00	; 0
   05FB 00                 1586 	.db #0x00	; 0
   05FC 00                 1587 	.db #0x00	; 0
   05FD 00                 1588 	.db #0x00	; 0
   05FE 00                 1589 	.db #0x00	; 0
   05FF 00                 1590 	.db #0x00	; 0
                           1591 	.area _INITIALIZER
                           1592 	.area _CABS (ABS)
