ASxxxx Assembler V02.00 + NoICE + SDCC mods  (Zilog Z80 / Hitachi HD64180), page 1.
Hexadecimal [16-Bits]



                              1 .include "animations.h.s"
                              1 .globl _spr_aliens_0
                              2 .globl _spr_aliens_1
                              3 .globl _spr_aliens_2
                              4 .globl _spr_aliens_3
                              5 .globl _spr_aliens_4
                              6 .globl _spr_aliens_5
                              7 
                              8 
ASxxxx Assembler V02.00 + NoICE + SDCC mods  (Zilog Z80 / Hitachi HD64180), page 2.
Hexadecimal [16-Bits]



                              2 
   0000                       3 enemy_void_anim::
   0000 00 00                 4     .dw _spr_aliens_0
   0002 00 00                 5     .dw _spr_aliens_1
   0004 00 00                 6     .dw 0x0000
   0006 00 00                 7     .dw enemy_void_anim
                              8 
                              9 
