ASxxxx Assembler V02.00 + NoICE + SDCC mods  (Zilog Z80 / Hitachi HD64180), page 1.
Hexadecimal [16-Bits]



                              1 .include "animations.h.s"
                              1 .globl _spr_alien_void_0
                              2 .globl _spr_alien_void_1
                              3 .globl _spr_alien_void_2
                              4 .globl _spr_alien_void_3
                              5 .globl _spr_alien_void_4
                              6 .globl _spr_alien_void_5
                              7 
                              8 .globl _spr_alien_o_0
                              9 .globl _spr_alien_o_1
                             10 .globl _spr_alien_o_2
                             11 .globl _spr_alien_o_3
                             12 .globl _spr_alien_o_4
                             13 .globl _spr_alien_o_5
                             14 
                             15 .globl _spr_alien_p_0
                             16 .globl _spr_alien_p_1
                             17 .globl _spr_alien_p_2
                             18 .globl _spr_alien_p_3
                             19 .globl _spr_alien_p_4
                             20 .globl _spr_alien_p_5
                             21 
                             22 
                             23 .globl _spr_player_0
                             24 .globl _spr_player_1
                             25 .globl _spr_player_tp_0
                             26 .globl _spr_player_tp_1
                             27 .globl _spr_player_tp_2
                             28 .globl _spr_player_tp_3
                             29 .globl _spr_player_tp_4
                             30 .globl _spr_player_tp_5
                             31 
                             32 
                             33 .globl enemy_void_anim
                             34 .globl enemy_o_anim
                             35 .globl enemy_p_anim
                             36 .globl player_standby_anim
                             37 .globl player_tp_anim
                             38 .globl player_tp_mirror_anim
                             39 .globl enemy_death_anim
                             40 
                             41 .globl sys_animation_update
                             42 
                             43 .globl target_player_position
ASxxxx Assembler V02.00 + NoICE + SDCC mods  (Zilog Z80 / Hitachi HD64180), page 2.
Hexadecimal [16-Bits]



                              2 .include "man/entities.h.s"
                              1 
                              2 .globl man_entity_init
                              3 .globl man_enemy_create
                              4 .globl man_player_create
                              5 .globl man_enemy_set4destruction
                              6 .globl man_enemy_set4dead
                              7 .globl man_enemy_destroy
                              8 .globl man_enemy_forall
                              9 .globl man_enemy_update
                             10 .globl man_entity_forall
                             11 
                             12 .globl enemies_array
                             13 .globl player
                             14 .globl first_enemy
                             15 
                     0000    16 type_invalid    =   0
                     0001    17 type_enemy_o    =   1
                     0002    18 type_enemy_p    =   2
                     0003    19 type_enemy_void =   3
                     0004    20 type_player     =   4
                     0005    21 type_trigger    =   5
                             22 
                     0000    23 e_cmp_default   =   0x00
                     0001    24 e_cmp_ia        =   0x01
                     0002    25 e_cmp_movable   =   0x02
                     0004    26 e_cmp_render    =   0x04
                     0008    27 e_cmp_collider  =   0x08
                     0010    28 e_cmp_animated  =   0x10
                     0020    29 e_cmp_input     =   0x20
                     0040    30 e_cmp_set4dead  =   0x40
                     0080    31 e_cmp_dead      =   0x80
                             32 
                             33 
                     0032    34 LANE1_Y = 50
                     0078    35 LANE2_Y = 120
                             36 
                     0032    37 LANE1_Y_PLAYER = LANE1_Y ;; / 16x16 enemy sprites -> LANE1_Y-8
                     0078    38 LANE2_Y_PLAYER = LANE2_Y ;; \ 16x32 enemy sprites -> LANE1_Y
                             39 
                     0006    40 POS_X_PLAYER = 6
                     0045    41 INIT_X_ENEMY = 69 ;; 79 (end of screen) - 10 (width of sprite)
                             42 
                     0014    43 TRIGGER_LENGTH = 20 ;; TODO: hay que hacer pruebas a ver cuál es la mejor distancia
                     001A    44 KILLING_ENEMIES_POS = POS_X_PLAYER + TRIGGER_LENGTH
                             45 
                     0002    46 default_enemies_points_value = 2
                             47 
                     000A    48 max_enemies = 10
                             49 
                     0000    50 e_type = 0
                     0001    51 e_comp = 1
                     0002    52 e_x = 2
                     0003    53 e_y = 3
                     0004    54 e_sprite = 4
ASxxxx Assembler V02.00 + NoICE + SDCC mods  (Zilog Z80 / Hitachi HD64180), page 3.
Hexadecimal [16-Bits]



                     0006    55 e_ia = 6
                     0008    56 e_anim = 8
                     000A    57 e_anim_counter = 10
                     000B    58 e_collides = 11
                             59 
                     000C    60 e_h = 12
                     000D    61 e_w = 13
                             62 
ASxxxx Assembler V02.00 + NoICE + SDCC mods  (Zilog Z80 / Hitachi HD64180), page 4.
Hexadecimal [16-Bits]



                              3 .include "man/game.h.s"
                              1 .globl frame_counter
                              2 .globl sys_game_init
                              3 .globl sys_game_play
                              4 
                              5 .globl sys_game_inc_frames_counter
                              6 .globl sys_game_inc_points
                              7 .globl sys_game_dec_points
ASxxxx Assembler V02.00 + NoICE + SDCC mods  (Zilog Z80 / Hitachi HD64180), page 5.
Hexadecimal [16-Bits]



                              4 
                     000F     5 animation_speed = 15
                              6 
   0000                       7 target_player_position::
   0000 32                    8     .db #LANE1_Y_PLAYER
                              9 
   0001                      10 enemy_death_anim::
   0001 00 00                11     .dw _spr_alien_void_5 ;;TODO: se muestra otro sprite
   0003 01 00                12     .dw 0x0001
   0005 00 00                13     .dw man_enemy_set4destruction
   0007 09 00                14     .dw enemy_void_anim
                             15 
   0009                      16 enemy_void_anim::
   0009 00 00                17     .dw _spr_alien_void_0
   000B 00 00                18     .dw _spr_alien_void_1
   000D 00 00                19     .dw _spr_alien_void_2
   000F 00 00                20     .dw 0x0000
   0011 09 00                21     .dw enemy_void_anim
                             22 
   0013                      23 enemy_o_anim::
   0013 00 00                24     .dw _spr_alien_o_0
   0015 00 00                25     .dw _spr_alien_o_1
   0017 00 00                26     .dw _spr_alien_o_2
   0019 00 00                27     .dw 0x0000
   001B 13 00                28     .dw enemy_o_anim
                             29 
   001D                      30 enemy_p_anim::
   001D 00 00                31     .dw _spr_alien_p_0
   001F 00 00                32     .dw _spr_alien_p_1
   0021 00 00                33     .dw _spr_alien_p_2
   0023 00 00                34     .dw 0x0000
   0025 1D 00                35     .dw enemy_p_anim
                             36 
   0027                      37 player_standby_anim::
   0027 00 00                38     .dw _spr_player_0
   0029 00 00                39     .dw _spr_player_1
   002B 00 00                40     .dw 0x0000
   002D 27 00                41     .dw player_standby_anim
                             42 
   002F                      43 player_tp_anim::
   002F 00 00                44     .dw _spr_player_tp_0
   0031 00 00                45     .dw _spr_player_tp_1
                             46     ;.dw _spr_player_tp_2
   0033 00 00                47     .dw _spr_player_tp_3
                             48     ;.dw _spr_player_tp_4
   0035 00 00                49     .dw _spr_player_tp_5
   0037 01 00                50     .dw 0x0001
   0039 9D 00                51     .dw move_player
   003B 3D 00                52     .dw player_tp_mirror_anim
                             53 
   003D                      54 player_tp_mirror_anim::
   003D 00 00                55     .dw _spr_player_tp_5
                             56     ;.dw _spr_player_tp_4
   003F 00 00                57     .dw _spr_player_tp_3
                             58     ;.dw _spr_player_tp_2
ASxxxx Assembler V02.00 + NoICE + SDCC mods  (Zilog Z80 / Hitachi HD64180), page 6.
Hexadecimal [16-Bits]



   0041 00 00                59     .dw _spr_player_tp_1
   0043 00 00                60     .dw _spr_player_tp_0
   0045 00 00                61     .dw 0x0000
   0047 27 00                62     .dw player_standby_anim
                             63 
                             64 
                             65 ;; ----------------------------- :D
                             66 ;; Input:
                             67 ;;      IX = entity to update its animation
   0049                      68 sys_animation_update::
                             69 
   0049 3A 00 00      [13]   70     ld      a, (frame_counter)
   004C E6 0F         [ 7]   71     and     #animation_speed
   004E C0            [11]   72     ret nz
                             73 
                             74     ; ld ix, #player
                             75 
                             76     ;; Increments anim_counter
   004F DD 7E 0A      [19]   77     ld a, e_anim_counter(ix)
   0052 3C            [ 4]   78     inc a
   0053 DD 77 0A      [19]   79     ld e_anim_counter(ix), a
                             80 
                             81     ;; Saves animation in hl
   0056 DD 6E 08      [19]   82     ld l, e_anim(ix)
   0059 DD 66 09      [19]   83     ld h, e_anim+1(ix)
   005C 87            [ 4]   84     add a
   005D 85            [ 4]   85     add l
   005E 30 01         [12]   86     jr nc, _no_carry
   0060 24            [ 4]   87     inc h
   0061                      88  _no_carry:
   0061 6F            [ 4]   89     ld l, a
                             90     ;; Saves the next sprite in DE
   0062 5E            [ 7]   91     ld e, (hl)
   0063 23            [ 6]   92     inc hl
   0064 56            [ 7]   93     ld d, (hl)
                             94 
                             95     ;; --Checks end of animation--
   0065 7A            [ 4]   96     ld a, d
   0066 FE 00         [ 7]   97     cp #0
   0068 20 14         [12]   98     jr nz, _next_sprite
                             99 
                            100     ;; checks type of animation
                            101     ;; execute function or not
   006A 7B            [ 4]  102     ld a, e
   006B FE 00         [ 7]  103     cp #0
   006D 28 16         [12]  104     jr z, _end_of_animation
   006F 7B            [ 4]  105     ld a, e
   0070 FE 01         [ 7]  106     cp #1
   0072 28 1B         [12]  107     jr z, _execute_function
                            108 
   0074                     109  _next_anim:
                            110     ;; de -> next anim pointer
   0074 DD 73 08      [19]  111     ld e_anim  (ix), e
   0077 DD 72 09      [19]  112     ld e_anim+1(ix), d
   007A EB            [ 4]  113     ex de, hl
ASxxxx Assembler V02.00 + NoICE + SDCC mods  (Zilog Z80 / Hitachi HD64180), page 7.
Hexadecimal [16-Bits]



   007B 5E            [ 7]  114     ld e, (hl)
   007C 23            [ 6]  115     inc hl
   007D 56            [ 7]  116     ld d, (hl)
                            117     ;; de -> next sprite
   007E                     118  _next_sprite:
   007E DD 73 04      [19]  119     ld e_sprite  (ix), e
   0081 DD 72 05      [19]  120     ld e_sprite+1(ix), d
   0084 C9            [10]  121     ret
                            122 
   0085                     123  _end_of_animation:
   0085 DD 36 0A 00   [19]  124     ld e_anim_counter(ix), #0
   0089 23            [ 6]  125     inc hl
                            126 
                            127     ;; hl -> next anim pointer
   008A 5E            [ 7]  128     ld e, (hl)
   008B 23            [ 6]  129     inc hl
   008C 56            [ 7]  130     ld d, (hl)
                            131 
                            132     ; ex de, hl
                            133 
                            134     ; ;; hl -> next anim
                            135     ; ld e, (hl)
                            136     ; inc hl
                            137     ; ld d, (hl)
                            138 
   008D 18 E5         [12]  139     jr _next_anim
                            140 
   008F                     141  _execute_function:
   008F 23            [ 6]  142     inc hl
   0090 5E            [ 7]  143     ld e, (hl)
   0091 23            [ 6]  144     inc hl
   0092 56            [ 7]  145     ld d, (hl)
   0093 EB            [ 4]  146     ex de, hl
                            147     
   0094 22 98 00      [16]  148     ld (_func), hl
                     0098   149     _func = .+1
   0097 CD 98 00      [17]  150     call (_func)
                            151 
   009A EB            [ 4]  152     ex  de, hl ;;; TODO: comprobar estado de HL y DE
                            153 
   009B 18 E8         [12]  154     jr _end_of_animation
                            155 
                            156 
                            157 
                            158 ;; ------------------------------
                            159 
   009D                     160 move_player::
                            161     
   009D 3A 00 00      [13]  162     ld a, (target_player_position)
   00A0 DD 77 03      [19]  163     ld e_y(ix), a
   00A3 C9            [10]  164     ret 
                            165 
