ASxxxx Assembler V02.00 + NoICE + SDCC mods  (Zilog Z80 / Hitachi HD64180), page 1.
Hexadecimal [16-Bits]



                              1 .globl _spr_alien_void_0
                              2 .globl _spr_alien_void_1
                              3 .globl _spr_alien_void_2
                              4 .globl _spr_alien_void_3
                              5 .globl _spr_alien_void_4
                              6 .globl _spr_alien_void_5
                              7 
                              8 .globl _spr_alien_o_0
                              9 .globl _spr_alien_o_1
                             10 .globl _spr_alien_o_2
                             11 .globl _spr_alien_o_3
                             12 .globl _spr_alien_o_4
                             13 .globl _spr_alien_o_5
                             14 
                             15 .globl _spr_alien_p_0
                             16 .globl _spr_alien_p_1
                             17 .globl _spr_alien_p_2
                             18 .globl _spr_alien_p_3
                             19 .globl _spr_alien_p_4
                             20 .globl _spr_alien_p_5
                             21 
                             22 .globl _spr_player_0
                             23 .globl _spr_player_1
                             24 .globl _spr_player_tp_0
                             25 .globl _spr_player_tp_1
                             26 .globl _spr_player_tp_2
                             27 .globl _spr_player_tp_3
                             28 .globl _spr_player_tp_4
                             29 .globl _spr_player_tp_5
                             30 
                             31 .globl _spr_player_attack_05
                             32 .globl _spr_player_attack_06
                             33 .globl _spr_player_attack_07
                             34 .globl _spr_player_attack_08
                             35 .globl _spr_player_attack_09
                             36 .globl _spr_player_attack_10
                             37 .globl _spr_player_attack_11
                             38 .globl _spr_player_attack_12
                             39 .globl _spr_player_attack_13
                             40 .globl _spr_player_attack_14
                             41 
                             42 .globl _spr_caldero_0
                             43 .globl _spr_caldero_1
                             44 .globl _spr_caldero_2
                             45 .globl _spr_caldero_3
                             46 
                             47 .globl _spr_icono_caldero_0
                             48 .globl _spr_icono_caldero_1
                             49 
                             50 
                             51 .globl enemy_void_death_anim
                             52 .globl enemy_o_death_anim
                             53 .globl enemy_p_death_anim
                             54 
                             55 .globl enemy_void_anim
ASxxxx Assembler V02.00 + NoICE + SDCC mods  (Zilog Z80 / Hitachi HD64180), page 2.
Hexadecimal [16-Bits]



                             56 .globl enemy_o_anim
                             57 .globl enemy_p_anim
                             58 
                             59 .globl player_standby_anim
                             60 .globl player_tp_anim
                             61 .globl player_tp_mirror_anim
                             62 .globl player_attack_null
                             63 .globl player_attack_o
                             64 .globl player_attack_p
                             65 
                             66 .globl sys_animation_update
                             67 .globl sys_animation_update_fast
                             68 .globl sys_animation_update_custom_speed
                             69 .globl target_player_position
